{"/Users/asimsinanyuksel/Desktop/WhiteBoard/src/cli/whiteboard-cli.ts": {"path":"/Users/asimsinanyuksel/Desktop/WhiteBoard/src/cli/whiteboard-cli.ts","statementMap":{"0":{"start":{"line":10,"column":24},"end":{"line":10,"column":null}},"1":{"start":{"line":11,"column":29},"end":{"line":11,"column":null}},"2":{"start":{"line":19,"column":20},"end":{"line":19,"column":null}},"3":{"start":{"line":20,"column":20},"end":{"line":20,"column":null}},"4":{"start":{"line":21,"column":17},"end":{"line":21,"column":null}},"5":{"start":{"line":23,"column":16},"end":{"line":23,"column":null}},"6":{"start":{"line":25,"column":0},"end":{"line":28,"column":null}},"7":{"start":{"line":31,"column":22},"end":{"line":33,"column":null}},"8":{"start":{"line":35,"column":0},"end":{"line":72,"column":null}},"9":{"start":{"line":43,"column":4},"end":{"line":71,"column":null}},"10":{"start":{"line":44,"column":6},"end":{"line":44,"column":null}},"11":{"start":{"line":46,"column":77},"end":{"line":53,"column":null}},"12":{"start":{"line":55,"column":30},"end":{"line":59,"column":null}},"13":{"start":{"line":61,"column":6},"end":{"line":61,"column":null}},"14":{"start":{"line":61,"column":17},"end":{"line":61,"column":null}},"15":{"start":{"line":63,"column":6},"end":{"line":63,"column":null}},"16":{"start":{"line":64,"column":6},"end":{"line":64,"column":null}},"17":{"start":{"line":65,"column":6},"end":{"line":65,"column":null}},"18":{"start":{"line":66,"column":6},"end":{"line":66,"column":null}},"19":{"start":{"line":67,"column":6},"end":{"line":67,"column":null}},"20":{"start":{"line":69,"column":6},"end":{"line":69,"column":null}},"21":{"start":{"line":70,"column":6},"end":{"line":70,"column":null}},"22":{"start":{"line":74,"column":0},"end":{"line":107,"column":null}},"23":{"start":{"line":79,"column":4},"end":{"line":106,"column":null}},"24":{"start":{"line":80,"column":6},"end":{"line":80,"column":null}},"25":{"start":{"line":82,"column":30},"end":{"line":86,"column":null}},"26":{"start":{"line":88,"column":6},"end":{"line":88,"column":null}},"27":{"start":{"line":88,"column":17},"end":{"line":88,"column":null}},"28":{"start":{"line":90,"column":6},"end":{"line":93,"column":null}},"29":{"start":{"line":91,"column":8},"end":{"line":91,"column":null}},"30":{"start":{"line":92,"column":8},"end":{"line":92,"column":null}},"31":{"start":{"line":95,"column":6},"end":{"line":95,"column":null}},"32":{"start":{"line":96,"column":6},"end":{"line":102,"column":null}},"33":{"start":{"line":97,"column":8},"end":{"line":97,"column":null}},"34":{"start":{"line":98,"column":8},"end":{"line":98,"column":null}},"35":{"start":{"line":99,"column":8},"end":{"line":99,"column":null}},"36":{"start":{"line":100,"column":8},"end":{"line":100,"column":null}},"37":{"start":{"line":101,"column":8},"end":{"line":101,"column":null}},"38":{"start":{"line":104,"column":6},"end":{"line":104,"column":null}},"39":{"start":{"line":105,"column":6},"end":{"line":105,"column":null}},"40":{"start":{"line":109,"column":0},"end":{"line":140,"column":null}},"41":{"start":{"line":113,"column":4},"end":{"line":139,"column":null}},"42":{"start":{"line":114,"column":6},"end":{"line":114,"column":null}},"43":{"start":{"line":116,"column":30},"end":{"line":124,"column":null}},"44":{"start":{"line":126,"column":6},"end":{"line":126,"column":null}},"45":{"start":{"line":126,"column":17},"end":{"line":126,"column":null}},"46":{"start":{"line":128,"column":6},"end":{"line":128,"column":null}},"47":{"start":{"line":129,"column":6},"end":{"line":129,"column":null}},"48":{"start":{"line":130,"column":6},"end":{"line":130,"column":null}},"49":{"start":{"line":131,"column":6},"end":{"line":131,"column":null}},"50":{"start":{"line":132,"column":6},"end":{"line":132,"column":null}},"51":{"start":{"line":133,"column":6},"end":{"line":133,"column":null}},"52":{"start":{"line":134,"column":6},"end":{"line":134,"column":null}},"53":{"start":{"line":135,"column":6},"end":{"line":135,"column":null}},"54":{"start":{"line":137,"column":6},"end":{"line":137,"column":null}},"55":{"start":{"line":138,"column":6},"end":{"line":138,"column":null}},"56":{"start":{"line":142,"column":0},"end":{"line":169,"column":null}},"57":{"start":{"line":147,"column":4},"end":{"line":168,"column":null}},"58":{"start":{"line":148,"column":6},"end":{"line":153,"column":null}},"59":{"start":{"line":149,"column":8},"end":{"line":149,"column":null}},"60":{"start":{"line":150,"column":8},"end":{"line":150,"column":null}},"61":{"start":{"line":151,"column":8},"end":{"line":151,"column":null}},"62":{"start":{"line":152,"column":8},"end":{"line":152,"column":null}},"63":{"start":{"line":155,"column":6},"end":{"line":155,"column":null}},"64":{"start":{"line":157,"column":24},"end":{"line":160,"column":null}},"65":{"start":{"line":162,"column":6},"end":{"line":162,"column":null}},"66":{"start":{"line":162,"column":17},"end":{"line":162,"column":null}},"67":{"start":{"line":164,"column":6},"end":{"line":164,"column":null}},"68":{"start":{"line":166,"column":6},"end":{"line":166,"column":null}},"69":{"start":{"line":167,"column":6},"end":{"line":167,"column":null}},"70":{"start":{"line":172,"column":19},"end":{"line":174,"column":null}},"71":{"start":{"line":176,"column":0},"end":{"line":220,"column":null}},"72":{"start":{"line":185,"column":4},"end":{"line":219,"column":null}},"73":{"start":{"line":186,"column":6},"end":{"line":186,"column":null}},"74":{"start":{"line":188,"column":21},"end":{"line":188,"column":null}},"75":{"start":{"line":189,"column":6},"end":{"line":191,"column":null}},"76":{"start":{"line":190,"column":8},"end":{"line":190,"column":null}},"77":{"start":{"line":193,"column":71},"end":{"line":200,"column":null}},"78":{"start":{"line":202,"column":30},"end":{"line":206,"column":null}},"79":{"start":{"line":208,"column":6},"end":{"line":208,"column":null}},"80":{"start":{"line":208,"column":17},"end":{"line":208,"column":null}},"81":{"start":{"line":210,"column":6},"end":{"line":210,"column":null}},"82":{"start":{"line":211,"column":6},"end":{"line":211,"column":null}},"83":{"start":{"line":212,"column":6},"end":{"line":212,"column":null}},"84":{"start":{"line":213,"column":6},"end":{"line":213,"column":null}},"85":{"start":{"line":214,"column":6},"end":{"line":214,"column":null}},"86":{"start":{"line":215,"column":6},"end":{"line":215,"column":null}},"87":{"start":{"line":217,"column":6},"end":{"line":217,"column":null}},"88":{"start":{"line":218,"column":6},"end":{"line":218,"column":null}},"89":{"start":{"line":223,"column":22},"end":{"line":225,"column":null}},"90":{"start":{"line":227,"column":0},"end":{"line":267,"column":null}},"91":{"start":{"line":236,"column":4},"end":{"line":266,"column":null}},"92":{"start":{"line":237,"column":6},"end":{"line":237,"column":null}},"93":{"start":{"line":239,"column":77},"end":{"line":248,"column":null}},"94":{"start":{"line":250,"column":30},"end":{"line":254,"column":null}},"95":{"start":{"line":256,"column":6},"end":{"line":256,"column":null}},"96":{"start":{"line":256,"column":17},"end":{"line":256,"column":null}},"97":{"start":{"line":258,"column":6},"end":{"line":258,"column":null}},"98":{"start":{"line":259,"column":6},"end":{"line":259,"column":null}},"99":{"start":{"line":260,"column":6},"end":{"line":260,"column":null}},"100":{"start":{"line":261,"column":6},"end":{"line":261,"column":null}},"101":{"start":{"line":262,"column":6},"end":{"line":262,"column":null}},"102":{"start":{"line":264,"column":6},"end":{"line":264,"column":null}},"103":{"start":{"line":265,"column":6},"end":{"line":265,"column":null}},"104":{"start":{"line":270,"column":18},"end":{"line":272,"column":null}},"105":{"start":{"line":274,"column":0},"end":{"line":305,"column":null}},"106":{"start":{"line":279,"column":4},"end":{"line":304,"column":null}},"107":{"start":{"line":280,"column":6},"end":{"line":280,"column":null}},"108":{"start":{"line":282,"column":30},"end":{"line":290,"column":null}},"109":{"start":{"line":292,"column":6},"end":{"line":292,"column":null}},"110":{"start":{"line":292,"column":17},"end":{"line":292,"column":null}},"111":{"start":{"line":294,"column":17},"end":{"line":294,"column":null}},"112":{"start":{"line":295,"column":6},"end":{"line":295,"column":null}},"113":{"start":{"line":297,"column":6},"end":{"line":297,"column":null}},"114":{"start":{"line":298,"column":6},"end":{"line":298,"column":null}},"115":{"start":{"line":299,"column":6},"end":{"line":299,"column":null}},"116":{"start":{"line":300,"column":6},"end":{"line":300,"column":null}},"117":{"start":{"line":302,"column":6},"end":{"line":302,"column":null}},"118":{"start":{"line":303,"column":6},"end":{"line":303,"column":null}},"119":{"start":{"line":308,"column":17},"end":{"line":310,"column":null}},"120":{"start":{"line":312,"column":0},"end":{"line":359,"column":null}},"121":{"start":{"line":316,"column":4},"end":{"line":358,"column":null}},"122":{"start":{"line":317,"column":6},"end":{"line":317,"column":null}},"123":{"start":{"line":319,"column":30},"end":{"line":327,"column":null}},"124":{"start":{"line":329,"column":6},"end":{"line":329,"column":null}},"125":{"start":{"line":329,"column":17},"end":{"line":329,"column":null}},"126":{"start":{"line":331,"column":23},"end":{"line":331,"column":42}},"127":{"start":{"line":332,"column":26},"end":{"line":332,"column":49}},"128":{"start":{"line":335,"column":26},"end":{"line":335,"column":null}},"129":{"start":{"line":335,"column":60},"end":{"line":335,"column":87}},"130":{"start":{"line":336,"column":34},"end":{"line":336,"column":null}},"131":{"start":{"line":337,"column":33},"end":{"line":337,"column":null}},"132":{"start":{"line":337,"column":67},"end":{"line":337,"column":92}},"133":{"start":{"line":338,"column":31},"end":{"line":338,"column":null}},"134":{"start":{"line":340,"column":6},"end":{"line":340,"column":null}},"135":{"start":{"line":341,"column":6},"end":{"line":341,"column":null}},"136":{"start":{"line":342,"column":6},"end":{"line":342,"column":null}},"137":{"start":{"line":343,"column":6},"end":{"line":343,"column":null}},"138":{"start":{"line":344,"column":6},"end":{"line":344,"column":null}},"139":{"start":{"line":345,"column":6},"end":{"line":345,"column":null}},"140":{"start":{"line":346,"column":6},"end":{"line":346,"column":null}},"141":{"start":{"line":347,"column":6},"end":{"line":347,"column":null}},"142":{"start":{"line":348,"column":6},"end":{"line":348,"column":null}},"143":{"start":{"line":349,"column":6},"end":{"line":349,"column":null}},"144":{"start":{"line":350,"column":6},"end":{"line":350,"column":null}},"145":{"start":{"line":351,"column":6},"end":{"line":351,"column":null}},"146":{"start":{"line":352,"column":6},"end":{"line":352,"column":null}},"147":{"start":{"line":353,"column":6},"end":{"line":353,"column":null}},"148":{"start":{"line":354,"column":6},"end":{"line":354,"column":null}},"149":{"start":{"line":356,"column":6},"end":{"line":356,"column":null}},"150":{"start":{"line":357,"column":6},"end":{"line":357,"column":null}},"151":{"start":{"line":362,"column":0},"end":{"line":362,"column":null}},"152":{"start":{"line":365,"column":0},"end":{"line":367,"column":null}},"153":{"start":{"line":366,"column":2},"end":{"line":366,"column":null}}},"fnMap":{"0":{"name":"(anonymous_0)","decl":{"start":{"line":42,"column":10},"end":{"line":42,"column":17}},"loc":{"start":{"line":42,"column":17},"end":{"line":72,"column":null}}},"1":{"name":"(anonymous_1)","decl":{"start":{"line":78,"column":10},"end":{"line":78,"column":17}},"loc":{"start":{"line":78,"column":17},"end":{"line":107,"column":null}}},"2":{"name":"(anonymous_2)","decl":{"start":{"line":96,"column":19},"end":{"line":96,"column":20}},"loc":{"start":{"line":96,"column":24},"end":{"line":102,"column":null}}},"3":{"name":"(anonymous_3)","decl":{"start":{"line":112,"column":10},"end":{"line":112,"column":17}},"loc":{"start":{"line":112,"column":17},"end":{"line":140,"column":null}}},"4":{"name":"(anonymous_4)","decl":{"start":{"line":146,"column":10},"end":{"line":146,"column":17}},"loc":{"start":{"line":146,"column":21},"end":{"line":169,"column":null}}},"5":{"name":"(anonymous_5)","decl":{"start":{"line":184,"column":10},"end":{"line":184,"column":17}},"loc":{"start":{"line":184,"column":31},"end":{"line":220,"column":null}}},"6":{"name":"(anonymous_6)","decl":{"start":{"line":235,"column":10},"end":{"line":235,"column":17}},"loc":{"start":{"line":235,"column":31},"end":{"line":267,"column":null}}},"7":{"name":"(anonymous_7)","decl":{"start":{"line":278,"column":10},"end":{"line":278,"column":17}},"loc":{"start":{"line":278,"column":21},"end":{"line":305,"column":null}}},"8":{"name":"(anonymous_8)","decl":{"start":{"line":315,"column":10},"end":{"line":315,"column":17}},"loc":{"start":{"line":315,"column":17},"end":{"line":359,"column":null}}},"9":{"name":"(anonymous_9)","decl":{"start":{"line":335,"column":42},"end":{"line":335,"column":43}},"loc":{"start":{"line":335,"column":60},"end":{"line":335,"column":87}}},"10":{"name":"(anonymous_10)","decl":{"start":{"line":337,"column":52},"end":{"line":337,"column":53}},"loc":{"start":{"line":337,"column":67},"end":{"line":337,"column":92}}}},"branchMap":{"0":{"loc":{"start":{"line":19,"column":20},"end":{"line":19,"column":null}},"type":"binary-expr","locations":[{"start":{"line":19,"column":20},"end":{"line":19,"column":56}},{"start":{"line":19,"column":60},"end":{"line":19,"column":null}}]},"1":{"loc":{"start":{"line":20,"column":20},"end":{"line":20,"column":null}},"type":"binary-expr","locations":[{"start":{"line":20,"column":20},"end":{"line":20,"column":57}},{"start":{"line":20,"column":61},"end":{"line":20,"column":null}}]},"2":{"loc":{"start":{"line":61,"column":6},"end":{"line":61,"column":null}},"type":"if","locations":[{"start":{"line":61,"column":6},"end":{"line":61,"column":null}}]},"3":{"loc":{"start":{"line":88,"column":6},"end":{"line":88,"column":null}},"type":"if","locations":[{"start":{"line":88,"column":6},"end":{"line":88,"column":null}}]},"4":{"loc":{"start":{"line":90,"column":6},"end":{"line":93,"column":null}},"type":"if","locations":[{"start":{"line":90,"column":6},"end":{"line":93,"column":null}}]},"5":{"loc":{"start":{"line":126,"column":6},"end":{"line":126,"column":null}},"type":"if","locations":[{"start":{"line":126,"column":6},"end":{"line":126,"column":null}}]},"6":{"loc":{"start":{"line":148,"column":6},"end":{"line":153,"column":null}},"type":"if","locations":[{"start":{"line":148,"column":6},"end":{"line":153,"column":null}}]},"7":{"loc":{"start":{"line":162,"column":6},"end":{"line":162,"column":null}},"type":"if","locations":[{"start":{"line":162,"column":6},"end":{"line":162,"column":null}}]},"8":{"loc":{"start":{"line":189,"column":6},"end":{"line":191,"column":null}},"type":"if","locations":[{"start":{"line":189,"column":6},"end":{"line":191,"column":null}}]},"9":{"loc":{"start":{"line":208,"column":6},"end":{"line":208,"column":null}},"type":"if","locations":[{"start":{"line":208,"column":6},"end":{"line":208,"column":null}}]},"10":{"loc":{"start":{"line":256,"column":6},"end":{"line":256,"column":null}},"type":"if","locations":[{"start":{"line":256,"column":6},"end":{"line":256,"column":null}}]},"11":{"loc":{"start":{"line":292,"column":6},"end":{"line":292,"column":null}},"type":"if","locations":[{"start":{"line":292,"column":6},"end":{"line":292,"column":null}}]},"12":{"loc":{"start":{"line":329,"column":6},"end":{"line":329,"column":null}},"type":"if","locations":[{"start":{"line":329,"column":6},"end":{"line":329,"column":null}}]},"13":{"loc":{"start":{"line":331,"column":23},"end":{"line":331,"column":42}},"type":"binary-expr","locations":[{"start":{"line":331,"column":23},"end":{"line":331,"column":36}},{"start":{"line":331,"column":40},"end":{"line":331,"column":42}}]},"14":{"loc":{"start":{"line":332,"column":26},"end":{"line":332,"column":49}},"type":"binary-expr","locations":[{"start":{"line":332,"column":26},"end":{"line":332,"column":43}},{"start":{"line":332,"column":47},"end":{"line":332,"column":49}}]},"15":{"loc":{"start":{"line":336,"column":34},"end":{"line":336,"column":null}},"type":"cond-expr","locations":[{"start":{"line":336,"column":56},"end":{"line":336,"column":85}},{"start":{"line":336,"column":88},"end":{"line":336,"column":null}}]},"16":{"loc":{"start":{"line":338,"column":31},"end":{"line":338,"column":null}},"type":"cond-expr","locations":[{"start":{"line":338,"column":56},"end":{"line":338,"column":95}},{"start":{"line":338,"column":98},"end":{"line":338,"column":null}}]},"17":{"loc":{"start":{"line":365,"column":0},"end":{"line":367,"column":null}},"type":"if","locations":[{"start":{"line":365,"column":0},"end":{"line":367,"column":null}}]}},"s":{"0":0,"1":0,"2":0,"3":0,"4":0,"5":0,"6":0,"7":0,"8":0,"9":0,"10":0,"11":0,"12":0,"13":0,"14":0,"15":0,"16":0,"17":0,"18":0,"19":0,"20":0,"21":0,"22":0,"23":0,"24":0,"25":0,"26":0,"27":0,"28":0,"29":0,"30":0,"31":0,"32":0,"33":0,"34":0,"35":0,"36":0,"37":0,"38":0,"39":0,"40":0,"41":0,"42":0,"43":0,"44":0,"45":0,"46":0,"47":0,"48":0,"49":0,"50":0,"51":0,"52":0,"53":0,"54":0,"55":0,"56":0,"57":0,"58":0,"59":0,"60":0,"61":0,"62":0,"63":0,"64":0,"65":0,"66":0,"67":0,"68":0,"69":0,"70":0,"71":0,"72":0,"73":0,"74":0,"75":0,"76":0,"77":0,"78":0,"79":0,"80":0,"81":0,"82":0,"83":0,"84":0,"85":0,"86":0,"87":0,"88":0,"89":0,"90":0,"91":0,"92":0,"93":0,"94":0,"95":0,"96":0,"97":0,"98":0,"99":0,"100":0,"101":0,"102":0,"103":0,"104":0,"105":0,"106":0,"107":0,"108":0,"109":0,"110":0,"111":0,"112":0,"113":0,"114":0,"115":0,"116":0,"117":0,"118":0,"119":0,"120":0,"121":0,"122":0,"123":0,"124":0,"125":0,"126":0,"127":0,"128":0,"129":0,"130":0,"131":0,"132":0,"133":0,"134":0,"135":0,"136":0,"137":0,"138":0,"139":0,"140":0,"141":0,"142":0,"143":0,"144":0,"145":0,"146":0,"147":0,"148":0,"149":0,"150":0,"151":0,"152":0,"153":0},"f":{"0":0,"1":0,"2":0,"3":0,"4":0,"5":0,"6":0,"7":0,"8":0,"9":0,"10":0},"b":{"0":[0,0],"1":[0,0],"2":[0],"3":[0],"4":[0],"5":[0],"6":[0],"7":[0],"8":[0],"9":[0],"10":[0],"11":[0],"12":[0],"13":[0,0],"14":[0,0],"15":[0,0],"16":[0,0],"17":[0]}}
,"/Users/asimsinanyuksel/Desktop/WhiteBoard/src/components/ErrorBoundary.tsx": {"path":"/Users/asimsinanyuksel/Desktop/WhiteBoard/src/components/ErrorBoundary.tsx","statementMap":{"0":{"start":{"line":24,"column":21},"end":{"line":24,"column":43}},"1":{"start":{"line":3,"column":55},"end":{"line":3,"column":null}},"2":{"start":{"line":26,"column":4},"end":{"line":26,"column":null}},"3":{"start":{"line":27,"column":4},"end":{"line":27,"column":null}},"4":{"start":{"line":31,"column":4},"end":{"line":31,"column":null}},"5":{"start":{"line":35,"column":4},"end":{"line":35,"column":null}},"6":{"start":{"line":39,"column":4},"end":{"line":79,"column":null}},"7":{"start":{"line":40,"column":6},"end":{"line":42,"column":null}},"8":{"start":{"line":41,"column":8},"end":{"line":41,"column":null}},"9":{"start":{"line":54,"column":31},"end":{"line":54,"column":null}},"10":{"start":{"line":60,"column":31},"end":{"line":60,"column":null}},"11":{"start":{"line":81,"column":4},"end":{"line":81,"column":null}}},"fnMap":{"0":{"name":"(anonymous_4)","decl":{"start":{"line":25,"column":2},"end":{"line":25,"column":14}},"loc":{"start":{"line":25,"column":28},"end":{"line":28,"column":null}}},"1":{"name":"(anonymous_5)","decl":{"start":{"line":30,"column":2},"end":{"line":30,"column":9}},"loc":{"start":{"line":30,"column":55},"end":{"line":32,"column":null}}},"2":{"name":"(anonymous_6)","decl":{"start":{"line":34,"column":2},"end":{"line":34,"column":20}},"loc":{"start":{"line":34,"column":56},"end":{"line":36,"column":null}}},"3":{"name":"(anonymous_7)","decl":{"start":{"line":38,"column":2},"end":{"line":38,"column":11}},"loc":{"start":{"line":38,"column":11},"end":{"line":82,"column":null}}},"4":{"name":"(anonymous_8)","decl":{"start":{"line":54,"column":25},"end":{"line":54,"column":31}},"loc":{"start":{"line":54,"column":31},"end":{"line":54,"column":null}}},"5":{"name":"(anonymous_9)","decl":{"start":{"line":60,"column":25},"end":{"line":60,"column":31}},"loc":{"start":{"line":60,"column":31},"end":{"line":60,"column":null}}}},"branchMap":{"0":{"loc":{"start":{"line":39,"column":4},"end":{"line":79,"column":null}},"type":"if","locations":[{"start":{"line":39,"column":4},"end":{"line":79,"column":null}}]},"1":{"loc":{"start":{"line":40,"column":6},"end":{"line":42,"column":null}},"type":"if","locations":[{"start":{"line":40,"column":6},"end":{"line":42,"column":null}}]},"2":{"loc":{"start":{"line":66,"column":13},"end":{"line":66,"column":55}},"type":"binary-expr","locations":[{"start":{"line":66,"column":13},"end":{"line":66,"column":55}},{"start":{"line":66,"column":55},"end":{"line":66,"column":71}}]}},"s":{"0":0,"1":0,"2":0,"3":0,"4":0,"5":0,"6":0,"7":0,"8":0,"9":0,"10":0,"11":0},"f":{"0":0,"1":0,"2":0,"3":0,"4":0,"5":0},"b":{"0":[0],"1":[0],"2":[0,0]}}
,"/Users/asimsinanyuksel/Desktop/WhiteBoard/src/components/LoadingSpinner.tsx": {"path":"/Users/asimsinanyuksel/Desktop/WhiteBoard/src/components/LoadingSpinner.tsx","statementMap":{"0":{"start":{"line":18,"column":24},"end":{"line":18,"column":39}},"1":{"start":{"line":3,"column":18},"end":{"line":3,"column":null}},"2":{"start":{"line":19,"column":22},"end":{"line":23,"column":null}}},"fnMap":{"0":{"name":"LoadingSpinner","decl":{"start":{"line":18,"column":24},"end":{"line":18,"column":39}},"loc":{"start":{"line":18,"column":91},"end":{"line":30,"column":null}}}},"branchMap":{"0":{"loc":{"start":{"line":18,"column":41},"end":{"line":18,"column":52}},"type":"default-arg","locations":[{"start":{"line":18,"column":48},"end":{"line":18,"column":52}}]},"1":{"loc":{"start":{"line":18,"column":54},"end":{"line":18,"column":68}},"type":"default-arg","locations":[{"start":{"line":18,"column":66},"end":{"line":18,"column":68}}]}},"s":{"0":0,"1":0,"2":0},"f":{"0":0},"b":{"0":[0],"1":[0]}}
,"/Users/asimsinanyuksel/Desktop/WhiteBoard/src/components/PerformanceMonitor.tsx": {"path":"/Users/asimsinanyuksel/Desktop/WhiteBoard/src/components/PerformanceMonitor.tsx","statementMap":{"0":{"start":{"line":19,"column":24},"end":{"line":19,"column":null}},"1":{"start":{"line":3,"column":43},"end":{"line":3,"column":null}},"2":{"start":{"line":20,"column":32},"end":{"line":26,"column":null}},"3":{"start":{"line":27,"column":36},"end":{"line":27,"column":null}},"4":{"start":{"line":29,"column":2},"end":{"line":90,"column":null}},"5":{"start":{"line":31,"column":21},"end":{"line":31,"column":null}},"6":{"start":{"line":32,"column":4},"end":{"line":32,"column":null}},"7":{"start":{"line":32,"column":24},"end":{"line":32,"column":null}},"8":{"start":{"line":35,"column":30},"end":{"line":41,"column":null}},"9":{"start":{"line":36,"column":6},"end":{"line":40,"column":null}},"10":{"start":{"line":37,"column":23},"end":{"line":37,"column":50}},"11":{"start":{"line":38,"column":28},"end":{"line":38,"column":74}},"12":{"start":{"line":39,"column":8},"end":{"line":39,"column":null}},"13":{"start":{"line":39,"column":28},"end":{"line":39,"column":null}},"14":{"start":{"line":44,"column":36},"end":{"line":58,"column":null}},"15":{"start":{"line":45,"column":6},"end":{"line":57,"column":null}},"16":{"start":{"line":46,"column":27},"end":{"line":46,"column":56}},"17":{"start":{"line":47,"column":30},"end":{"line":47,"column":54}},"18":{"start":{"line":49,"column":48},"end":{"line":49,"column":null}},"19":{"start":{"line":50,"column":8},"end":{"line":54,"column":null}},"20":{"start":{"line":51,"column":10},"end":{"line":51,"column":null}},"21":{"start":{"line":52,"column":15},"end":{"line":54,"column":null}},"22":{"start":{"line":53,"column":10},"end":{"line":53,"column":null}},"23":{"start":{"line":56,"column":8},"end":{"line":56,"column":null}},"24":{"start":{"line":56,"column":28},"end":{"line":56,"column":null}},"25":{"start":{"line":61,"column":21},"end":{"line":65,"column":null}},"26":{"start":{"line":62,"column":6},"end":{"line":62,"column":null}},"27":{"start":{"line":63,"column":6},"end":{"line":63,"column":null}},"28":{"start":{"line":64,"column":6},"end":{"line":64,"column":null}},"29":{"start":{"line":64,"column":26},"end":{"line":64,"column":null}},"30":{"start":{"line":68,"column":31},"end":{"line":77,"column":null}},"31":{"start":{"line":69,"column":20},"end":{"line":69,"column":null}},"32":{"start":{"line":72,"column":6},"end":{"line":76,"column":null}},"33":{"start":{"line":73,"column":20},"end":{"line":73,"column":null}},"34":{"start":{"line":74,"column":32},"end":{"line":74,"column":null}},"35":{"start":{"line":75,"column":8},"end":{"line":75,"column":null}},"36":{"start":{"line":75,"column":28},"end":{"line":75,"column":null}},"37":{"start":{"line":80,"column":4},"end":{"line":80,"column":null}},"38":{"start":{"line":81,"column":4},"end":{"line":81,"column":null}},"39":{"start":{"line":82,"column":4},"end":{"line":82,"column":null}},"40":{"start":{"line":84,"column":4},"end":{"line":89,"column":null}},"41":{"start":{"line":85,"column":6},"end":{"line":85,"column":null}},"42":{"start":{"line":86,"column":6},"end":{"line":86,"column":null}},"43":{"start":{"line":87,"column":6},"end":{"line":87,"column":null}},"44":{"start":{"line":88,"column":6},"end":{"line":88,"column":null}},"45":{"start":{"line":92,"column":22},"end":{"line":98,"column":null}},"46":{"start":{"line":93,"column":4},"end":{"line":93,"column":null}},"47":{"start":{"line":93,"column":21},"end":{"line":93,"column":null}},"48":{"start":{"line":94,"column":14},"end":{"line":94,"column":null}},"49":{"start":{"line":95,"column":18},"end":{"line":95,"column":null}},"50":{"start":{"line":96,"column":14},"end":{"line":96,"column":null}},"51":{"start":{"line":97,"column":4},"end":{"line":97,"column":null}},"52":{"start":{"line":100,"column":36},"end":{"line":107,"column":null}},"53":{"start":{"line":101,"column":4},"end":{"line":106,"column":null}},"54":{"start":{"line":102,"column":19},"end":{"line":102,"column":null}},"55":{"start":{"line":103,"column":19},"end":{"line":103,"column":null}},"56":{"start":{"line":104,"column":19},"end":{"line":104,"column":null}},"57":{"start":{"line":105,"column":15},"end":{"line":105,"column":null}},"58":{"start":{"line":109,"column":35},"end":{"line":116,"column":null}},"59":{"start":{"line":110,"column":4},"end":{"line":115,"column":null}},"60":{"start":{"line":111,"column":19},"end":{"line":111,"column":null}},"61":{"start":{"line":112,"column":19},"end":{"line":112,"column":null}},"62":{"start":{"line":113,"column":19},"end":{"line":113,"column":null}},"63":{"start":{"line":114,"column":15},"end":{"line":114,"column":null}},"64":{"start":{"line":118,"column":2},"end":{"line":128,"column":null}},"65":{"start":{"line":121,"column":23},"end":{"line":121,"column":null}},"66":{"start":{"line":135,"column":25},"end":{"line":135,"column":null}}},"fnMap":{"0":{"name":"PerformanceMonitor","decl":{"start":{"line":19,"column":24},"end":{"line":19,"column":null}},"loc":{"start":{"line":19,"column":24},"end":{"line":199,"column":null}}},"1":{"name":"(anonymous_5)","decl":{"start":{"line":29,"column":12},"end":{"line":29,"column":null}},"loc":{"start":{"line":29,"column":12},"end":{"line":90,"column":5}}},"2":{"name":"(anonymous_6)","decl":{"start":{"line":32,"column":15},"end":{"line":32,"column":24}},"loc":{"start":{"line":32,"column":24},"end":{"line":32,"column":null}}},"3":{"name":"(anonymous_7)","decl":{"start":{"line":35,"column":30},"end":{"line":35,"column":null}},"loc":{"start":{"line":35,"column":30},"end":{"line":41,"column":null}}},"4":{"name":"(anonymous_8)","decl":{"start":{"line":39,"column":19},"end":{"line":39,"column":28}},"loc":{"start":{"line":39,"column":28},"end":{"line":39,"column":null}}},"5":{"name":"(anonymous_9)","decl":{"start":{"line":44,"column":36},"end":{"line":44,"column":null}},"loc":{"start":{"line":44,"column":36},"end":{"line":58,"column":null}}},"6":{"name":"(anonymous_10)","decl":{"start":{"line":56,"column":19},"end":{"line":56,"column":28}},"loc":{"start":{"line":56,"column":28},"end":{"line":56,"column":null}}},"7":{"name":"(anonymous_11)","decl":{"start":{"line":61,"column":33},"end":{"line":61,"column":null}},"loc":{"start":{"line":61,"column":33},"end":{"line":65,"column":7}}},"8":{"name":"(anonymous_12)","decl":{"start":{"line":64,"column":17},"end":{"line":64,"column":26}},"loc":{"start":{"line":64,"column":26},"end":{"line":64,"column":null}}},"9":{"name":"(anonymous_13)","decl":{"start":{"line":68,"column":31},"end":{"line":68,"column":32}},"loc":{"start":{"line":68,"column":32},"end":{"line":77,"column":null}}},"10":{"name":"(anonymous_14)","decl":{"start":{"line":72,"column":28},"end":{"line":72,"column":null}},"loc":{"start":{"line":72,"column":28},"end":{"line":76,"column":null}}},"11":{"name":"(anonymous_15)","decl":{"start":{"line":75,"column":19},"end":{"line":75,"column":28}},"loc":{"start":{"line":75,"column":28},"end":{"line":75,"column":null}}},"12":{"name":"(anonymous_16)","decl":{"start":{"line":84,"column":11},"end":{"line":84,"column":null}},"loc":{"start":{"line":84,"column":11},"end":{"line":89,"column":null}}},"13":{"name":"(anonymous_17)","decl":{"start":{"line":92,"column":22},"end":{"line":92,"column":23}},"loc":{"start":{"line":92,"column":23},"end":{"line":98,"column":null}}},"14":{"name":"(anonymous_18)","decl":{"start":{"line":100,"column":36},"end":{"line":100,"column":37}},"loc":{"start":{"line":100,"column":37},"end":{"line":107,"column":null}}},"15":{"name":"(anonymous_19)","decl":{"start":{"line":109,"column":35},"end":{"line":109,"column":36}},"loc":{"start":{"line":109,"column":36},"end":{"line":116,"column":null}}},"16":{"name":"(anonymous_20)","decl":{"start":{"line":121,"column":17},"end":{"line":121,"column":23}},"loc":{"start":{"line":121,"column":23},"end":{"line":121,"column":null}}},"17":{"name":"(anonymous_21)","decl":{"start":{"line":135,"column":19},"end":{"line":135,"column":25}},"loc":{"start":{"line":135,"column":25},"end":{"line":135,"column":null}}}},"branchMap":{"0":{"loc":{"start":{"line":36,"column":6},"end":{"line":40,"column":null}},"type":"if","locations":[{"start":{"line":36,"column":6},"end":{"line":40,"column":null}}]},"1":{"loc":{"start":{"line":45,"column":6},"end":{"line":57,"column":null}},"type":"if","locations":[{"start":{"line":45,"column":6},"end":{"line":57,"column":null}}]},"2":{"loc":{"start":{"line":50,"column":8},"end":{"line":54,"column":null}},"type":"if","locations":[{"start":{"line":50,"column":8},"end":{"line":54,"column":null}},{"start":{"line":52,"column":15},"end":{"line":54,"column":null}}]},"3":{"loc":{"start":{"line":50,"column":12},"end":{"line":50,"column":67}},"type":"binary-expr","locations":[{"start":{"line":50,"column":12},"end":{"line":50,"column":43}},{"start":{"line":50,"column":43},"end":{"line":50,"column":67}}]},"4":{"loc":{"start":{"line":52,"column":15},"end":{"line":54,"column":null}},"type":"if","locations":[{"start":{"line":52,"column":15},"end":{"line":54,"column":null}}]},"5":{"loc":{"start":{"line":93,"column":4},"end":{"line":93,"column":null}},"type":"if","locations":[{"start":{"line":93,"column":4},"end":{"line":93,"column":null}}]},"6":{"loc":{"start":{"line":101,"column":4},"end":{"line":106,"column":null}},"type":"switch","locations":[{"start":{"line":102,"column":6},"end":{"line":102,"column":null}},{"start":{"line":103,"column":6},"end":{"line":103,"column":null}},{"start":{"line":104,"column":6},"end":{"line":104,"column":null}},{"start":{"line":105,"column":6},"end":{"line":105,"column":null}}]},"7":{"loc":{"start":{"line":110,"column":4},"end":{"line":115,"column":null}},"type":"switch","locations":[{"start":{"line":111,"column":6},"end":{"line":111,"column":null}},{"start":{"line":112,"column":6},"end":{"line":112,"column":null}},{"start":{"line":113,"column":6},"end":{"line":113,"column":null}},{"start":{"line":114,"column":6},"end":{"line":114,"column":null}}]},"8":{"loc":{"start":{"line":118,"column":2},"end":{"line":128,"column":null}},"type":"if","locations":[{"start":{"line":118,"column":2},"end":{"line":128,"column":null}}]},"9":{"loc":{"start":{"line":174,"column":7},"end":{"line":174,"column":null}},"type":"binary-expr","locations":[{"start":{"line":174,"column":7},"end":{"line":174,"column":null}}]},"10":{"loc":{"start":{"line":180,"column":7},"end":{"line":180,"column":null}},"type":"binary-expr","locations":[{"start":{"line":180,"column":7},"end":{"line":180,"column":null}}]},"11":{"loc":{"start":{"line":186,"column":7},"end":{"line":186,"column":null}},"type":"binary-expr","locations":[{"start":{"line":186,"column":7},"end":{"line":186,"column":null}}]},"12":{"loc":{"start":{"line":192,"column":7},"end":{"line":192,"column":null}},"type":"binary-expr","locations":[{"start":{"line":192,"column":7},"end":{"line":192,"column":null}}]}},"s":{"0":0,"1":0,"2":0,"3":0,"4":0,"5":0,"6":0,"7":0,"8":0,"9":0,"10":0,"11":0,"12":0,"13":0,"14":0,"15":0,"16":0,"17":0,"18":0,"19":0,"20":0,"21":0,"22":0,"23":0,"24":0,"25":0,"26":0,"27":0,"28":0,"29":0,"30":0,"31":0,"32":0,"33":0,"34":0,"35":0,"36":0,"37":0,"38":0,"39":0,"40":0,"41":0,"42":0,"43":0,"44":0,"45":0,"46":0,"47":0,"48":0,"49":0,"50":0,"51":0,"52":0,"53":0,"54":0,"55":0,"56":0,"57":0,"58":0,"59":0,"60":0,"61":0,"62":0,"63":0,"64":0,"65":0,"66":0},"f":{"0":0,"1":0,"2":0,"3":0,"4":0,"5":0,"6":0,"7":0,"8":0,"9":0,"10":0,"11":0,"12":0,"13":0,"14":0,"15":0,"16":0,"17":0},"b":{"0":[0],"1":[0],"2":[0,0],"3":[0,0],"4":[0],"5":[0],"6":[0,0,0,0],"7":[0,0,0,0],"8":[0],"9":[0],"10":[0],"11":[0],"12":[0]}}
,"/Users/asimsinanyuksel/Desktop/WhiteBoard/src/components/UserPresence.tsx": {"path":"/Users/asimsinanyuksel/Desktop/WhiteBoard/src/components/UserPresence.tsx","statementMap":{"0":{"start":{"line":20,"column":24},"end":{"line":20,"column":37}},"1":{"start":{"line":3,"column":18},"end":{"line":3,"column":null}},"2":{"start":{"line":4,"column":54},"end":{"line":4,"column":null}}},"fnMap":{"0":{"name":"UserPresence","decl":{"start":{"line":20,"column":24},"end":{"line":20,"column":37}},"loc":{"start":{"line":20,"column":87},"end":{"line":28,"column":null}}}},"branchMap":{},"s":{"0":0,"1":0,"2":0},"f":{"0":0},"b":{}}
,"/Users/asimsinanyuksel/Desktop/WhiteBoard/src/components/WhiteboardCanvas.tsx": {"path":"/Users/asimsinanyuksel/Desktop/WhiteBoard/src/components/WhiteboardCanvas.tsx","statementMap":{"0":{"start":{"line":23,"column":24},"end":{"line":23,"column":41}},"1":{"start":{"line":3,"column":51},"end":{"line":3,"column":null}},"2":{"start":{"line":4,"column":30},"end":{"line":4,"column":null}},"3":{"start":{"line":5,"column":30},"end":{"line":5,"column":null}},"4":{"start":{"line":6,"column":27},"end":{"line":6,"column":null}},"5":{"start":{"line":32,"column":6},"end":{"line":32,"column":null}},"6":{"start":{"line":34,"column":54},"end":{"line":34,"column":null}},"7":{"start":{"line":35,"column":52},"end":{"line":35,"column":null}},"8":{"start":{"line":36,"column":20},"end":{"line":36,"column":null}},"9":{"start":{"line":39,"column":28},"end":{"line":50,"column":null}},"10":{"start":{"line":40,"column":4},"end":{"line":40,"column":null}},"11":{"start":{"line":40,"column":29},"end":{"line":40,"column":null}},"12":{"start":{"line":42,"column":17},"end":{"line":42,"column":null}},"13":{"start":{"line":43,"column":4},"end":{"line":43,"column":null}},"14":{"start":{"line":43,"column":15},"end":{"line":43,"column":null}},"15":{"start":{"line":45,"column":14},"end":{"line":45,"column":39}},"16":{"start":{"line":46,"column":14},"end":{"line":46,"column":38}},"17":{"start":{"line":48,"column":4},"end":{"line":48,"column":null}},"18":{"start":{"line":49,"column":4},"end":{"line":49,"column":null}},"19":{"start":{"line":53,"column":30},"end":{"line":70,"column":null}},"20":{"start":{"line":54,"column":4},"end":{"line":54,"column":null}},"21":{"start":{"line":54,"column":28},"end":{"line":54,"column":null}},"22":{"start":{"line":56,"column":4},"end":{"line":69,"column":null}},"23":{"start":{"line":57,"column":82},"end":{"line":63,"column":null}},"24":{"start":{"line":65,"column":6},"end":{"line":65,"column":null}},"25":{"start":{"line":66,"column":6},"end":{"line":66,"column":null}},"26":{"start":{"line":68,"column":6},"end":{"line":68,"column":null}},"27":{"start":{"line":73,"column":2},"end":{"line":122,"column":null}},"28":{"start":{"line":74,"column":26},"end":{"line":118,"column":null}},"29":{"start":{"line":75,"column":6},"end":{"line":102,"column":null}},"30":{"start":{"line":76,"column":8},"end":{"line":101,"column":null}},"31":{"start":{"line":78,"column":12},"end":{"line":78,"column":null}},"32":{"start":{"line":79,"column":12},"end":{"line":79,"column":null}},"33":{"start":{"line":80,"column":12},"end":{"line":80,"column":null}},"34":{"start":{"line":82,"column":12},"end":{"line":82,"column":null}},"35":{"start":{"line":83,"column":12},"end":{"line":87,"column":null}},"36":{"start":{"line":88,"column":12},"end":{"line":88,"column":null}},"37":{"start":{"line":90,"column":12},"end":{"line":90,"column":null}},"38":{"start":{"line":92,"column":12},"end":{"line":92,"column":null}},"39":{"start":{"line":94,"column":12},"end":{"line":94,"column":null}},"40":{"start":{"line":96,"column":12},"end":{"line":96,"column":null}},"41":{"start":{"line":98,"column":12},"end":{"line":98,"column":null}},"42":{"start":{"line":100,"column":12},"end":{"line":100,"column":null}},"43":{"start":{"line":105,"column":6},"end":{"line":117,"column":null}},"44":{"start":{"line":107,"column":10},"end":{"line":107,"column":null}},"45":{"start":{"line":108,"column":10},"end":{"line":108,"column":null}},"46":{"start":{"line":110,"column":10},"end":{"line":110,"column":null}},"47":{"start":{"line":111,"column":10},"end":{"line":111,"column":null}},"48":{"start":{"line":113,"column":10},"end":{"line":115,"column":null}},"49":{"start":{"line":114,"column":12},"end":{"line":114,"column":null}},"50":{"start":{"line":116,"column":10},"end":{"line":116,"column":null}},"51":{"start":{"line":120,"column":4},"end":{"line":120,"column":null}},"52":{"start":{"line":121,"column":4},"end":{"line":121,"column":null}},"53":{"start":{"line":121,"column":17},"end":{"line":121,"column":null}},"54":{"start":{"line":125,"column":2},"end":{"line":135,"column":null}},"55":{"start":{"line":126,"column":25},"end":{"line":131,"column":null}},"56":{"start":{"line":127,"column":6},"end":{"line":130,"column":null}},"57":{"start":{"line":128,"column":8},"end":{"line":128,"column":null}},"58":{"start":{"line":129,"column":8},"end":{"line":129,"column":null}},"59":{"start":{"line":133,"column":4},"end":{"line":133,"column":null}},"60":{"start":{"line":134,"column":4},"end":{"line":134,"column":null}},"61":{"start":{"line":134,"column":17},"end":{"line":134,"column":null}},"62":{"start":{"line":153,"column":10},"end":{"line":154,"column":null}},"63":{"start":{"line":168,"column":41},"end":{"line":168,"column":null}},"64":{"start":{"line":169,"column":32},"end":{"line":169,"column":null}},"65":{"start":{"line":191,"column":16},"end":{"line":195,"column":null}},"66":{"start":{"line":192,"column":18},"end":{"line":192,"column":null}},"67":{"start":{"line":193,"column":23},"end":{"line":195,"column":null}},"68":{"start":{"line":194,"column":18},"end":{"line":194,"column":null}},"69":{"start":{"line":198,"column":16},"end":{"line":202,"column":null}},"70":{"start":{"line":199,"column":18},"end":{"line":199,"column":null}},"71":{"start":{"line":201,"column":18},"end":{"line":201,"column":null}},"72":{"start":{"line":235,"column":29},"end":{"line":235,"column":null}}},"fnMap":{"0":{"name":"WhiteboardCanvas","decl":{"start":{"line":23,"column":24},"end":{"line":23,"column":41}},"loc":{"start":{"line":23,"column":88},"end":{"line":275,"column":null}}},"1":{"name":"(anonymous_5)","decl":{"start":{"line":39,"column":28},"end":{"line":39,"column":29}},"loc":{"start":{"line":39,"column":29},"end":{"line":50,"column":null}}},"2":{"name":"(anonymous_6)","decl":{"start":{"line":53,"column":30},"end":{"line":53,"column":37}},"loc":{"start":{"line":53,"column":37},"end":{"line":70,"column":null}}},"3":{"name":"(anonymous_7)","decl":{"start":{"line":73,"column":12},"end":{"line":73,"column":null}},"loc":{"start":{"line":73,"column":12},"end":{"line":122,"column":5}}},"4":{"name":"(anonymous_8)","decl":{"start":{"line":74,"column":26},"end":{"line":74,"column":27}},"loc":{"start":{"line":74,"column":27},"end":{"line":118,"column":null}}},"5":{"name":"(anonymous_9)","decl":{"start":{"line":121,"column":11},"end":{"line":121,"column":17}},"loc":{"start":{"line":121,"column":17},"end":{"line":121,"column":null}}},"6":{"name":"(anonymous_10)","decl":{"start":{"line":125,"column":12},"end":{"line":125,"column":null}},"loc":{"start":{"line":125,"column":12},"end":{"line":135,"column":5}}},"7":{"name":"(anonymous_11)","decl":{"start":{"line":126,"column":25},"end":{"line":126,"column":26}},"loc":{"start":{"line":126,"column":26},"end":{"line":131,"column":null}}},"8":{"name":"(anonymous_12)","decl":{"start":{"line":134,"column":11},"end":{"line":134,"column":17}},"loc":{"start":{"line":134,"column":17},"end":{"line":134,"column":null}}},"9":{"name":"(anonymous_13)","decl":{"start":{"line":152,"column":31},"end":{"line":152,"column":32}},"loc":{"start":{"line":153,"column":10},"end":{"line":154,"column":null}}},"10":{"name":"(anonymous_14)","decl":{"start":{"line":168,"column":24},"end":{"line":168,"column":25}},"loc":{"start":{"line":168,"column":41},"end":{"line":168,"column":null}}},"11":{"name":"(anonymous_15)","decl":{"start":{"line":169,"column":24},"end":{"line":169,"column":25}},"loc":{"start":{"line":169,"column":32},"end":{"line":169,"column":null}}},"12":{"name":"(anonymous_16)","decl":{"start":{"line":190,"column":25},"end":{"line":190,"column":26}},"loc":{"start":{"line":190,"column":26},"end":{"line":196,"column":null}}},"13":{"name":"(anonymous_17)","decl":{"start":{"line":197,"column":22},"end":{"line":197,"column":23}},"loc":{"start":{"line":197,"column":23},"end":{"line":203,"column":null}}},"14":{"name":"(anonymous_18)","decl":{"start":{"line":235,"column":23},"end":{"line":235,"column":29}},"loc":{"start":{"line":235,"column":29},"end":{"line":235,"column":null}}}},"branchMap":{"0":{"loc":{"start":{"line":40,"column":4},"end":{"line":40,"column":null}},"type":"if","locations":[{"start":{"line":40,"column":4},"end":{"line":40,"column":null}}]},"1":{"loc":{"start":{"line":43,"column":4},"end":{"line":43,"column":null}},"type":"if","locations":[{"start":{"line":43,"column":4},"end":{"line":43,"column":null}}]},"2":{"loc":{"start":{"line":54,"column":4},"end":{"line":54,"column":null}},"type":"if","locations":[{"start":{"line":54,"column":4},"end":{"line":54,"column":null}}]},"3":{"loc":{"start":{"line":75,"column":6},"end":{"line":102,"column":null}},"type":"if","locations":[{"start":{"line":75,"column":6},"end":{"line":102,"column":null}}]},"4":{"loc":{"start":{"line":75,"column":10},"end":{"line":75,"column":40}},"type":"binary-expr","locations":[{"start":{"line":75,"column":10},"end":{"line":75,"column":23}},{"start":{"line":75,"column":27},"end":{"line":75,"column":40}}]},"5":{"loc":{"start":{"line":76,"column":8},"end":{"line":101,"column":null}},"type":"switch","locations":[{"start":{"line":77,"column":10},"end":{"line":80,"column":null}},{"start":{"line":81,"column":10},"end":{"line":88,"column":null}},{"start":{"line":89,"column":10},"end":{"line":92,"column":null}},{"start":{"line":93,"column":10},"end":{"line":96,"column":null}},{"start":{"line":97,"column":10},"end":{"line":100,"column":null}}]},"6":{"loc":{"start":{"line":83,"column":12},"end":{"line":87,"column":null}},"type":"if","locations":[{"start":{"line":83,"column":12},"end":{"line":87,"column":null}},{"start":{"line":85,"column":19},"end":{"line":87,"column":null}}]},"7":{"loc":{"start":{"line":105,"column":6},"end":{"line":117,"column":null}},"type":"switch","locations":[{"start":{"line":106,"column":8},"end":{"line":108,"column":null}},{"start":{"line":109,"column":8},"end":{"line":111,"column":null}},{"start":{"line":112,"column":8},"end":{"line":116,"column":null}}]},"8":{"loc":{"start":{"line":113,"column":10},"end":{"line":115,"column":null}},"type":"if","locations":[{"start":{"line":113,"column":10},"end":{"line":115,"column":null}}]},"9":{"loc":{"start":{"line":113,"column":14},"end":{"line":113,"column":46}},"type":"binary-expr","locations":[{"start":{"line":113,"column":14},"end":{"line":113,"column":28}},{"start":{"line":113,"column":32},"end":{"line":113,"column":46}}]},"10":{"loc":{"start":{"line":127,"column":6},"end":{"line":130,"column":null}},"type":"if","locations":[{"start":{"line":127,"column":6},"end":{"line":130,"column":null}}]},"11":{"loc":{"start":{"line":176,"column":7},"end":{"line":176,"column":null}},"type":"binary-expr","locations":[{"start":{"line":176,"column":7},"end":{"line":176,"column":null}}]},"12":{"loc":{"start":{"line":191,"column":16},"end":{"line":195,"column":null}},"type":"if","locations":[{"start":{"line":191,"column":16},"end":{"line":195,"column":null}},{"start":{"line":193,"column":23},"end":{"line":195,"column":null}}]},"13":{"loc":{"start":{"line":193,"column":23},"end":{"line":195,"column":null}},"type":"if","locations":[{"start":{"line":193,"column":23},"end":{"line":195,"column":null}}]},"14":{"loc":{"start":{"line":198,"column":16},"end":{"line":202,"column":null}},"type":"if","locations":[{"start":{"line":198,"column":16},"end":{"line":202,"column":null}},{"start":{"line":200,"column":23},"end":{"line":202,"column":null}}]},"15":{"loc":{"start":{"line":210,"column":7},"end":{"line":210,"column":null}},"type":"binary-expr","locations":[{"start":{"line":210,"column":7},"end":{"line":210,"column":null}}]},"16":{"loc":{"start":{"line":219,"column":7},"end":{"line":219,"column":22}},"type":"binary-expr","locations":[{"start":{"line":219,"column":7},"end":{"line":219,"column":22}}]},"17":{"loc":{"start":{"line":229,"column":7},"end":{"line":229,"column":18}},"type":"binary-expr","locations":[{"start":{"line":229,"column":7},"end":{"line":229,"column":18}}]},"18":{"loc":{"start":{"line":247,"column":10},"end":{"line":249,"column":null}},"type":"cond-expr","locations":[{"start":{"line":248,"column":14},"end":{"line":248,"column":null}},{"start":{"line":249,"column":14},"end":{"line":249,"column":null}}]},"19":{"loc":{"start":{"line":251,"column":11},"end":{"line":251,"column":null}},"type":"cond-expr","locations":[{"start":{"line":251,"column":31},"end":{"line":251,"column":48}},{"start":{"line":251,"column":48},"end":{"line":251,"column":null}}]}},"s":{"0":0,"1":0,"2":0,"3":0,"4":0,"5":0,"6":0,"7":0,"8":0,"9":0,"10":0,"11":0,"12":0,"13":0,"14":0,"15":0,"16":0,"17":0,"18":0,"19":0,"20":0,"21":0,"22":0,"23":0,"24":0,"25":0,"26":0,"27":0,"28":0,"29":0,"30":0,"31":0,"32":0,"33":0,"34":0,"35":0,"36":0,"37":0,"38":0,"39":0,"40":0,"41":0,"42":0,"43":0,"44":0,"45":0,"46":0,"47":0,"48":0,"49":0,"50":0,"51":0,"52":0,"53":0,"54":0,"55":0,"56":0,"57":0,"58":0,"59":0,"60":0,"61":0,"62":0,"63":0,"64":0,"65":0,"66":0,"67":0,"68":0,"69":0,"70":0,"71":0,"72":0},"f":{"0":0,"1":0,"2":0,"3":0,"4":0,"5":0,"6":0,"7":0,"8":0,"9":0,"10":0,"11":0,"12":0,"13":0,"14":0},"b":{"0":[0],"1":[0],"2":[0],"3":[0],"4":[0,0],"5":[0,0,0,0,0],"6":[0,0],"7":[0,0,0],"8":[0],"9":[0,0],"10":[0],"11":[0],"12":[0,0],"13":[0],"14":[0,0],"15":[0],"16":[0],"17":[0],"18":[0,0],"19":[0,0]}}
,"/Users/asimsinanyuksel/Desktop/WhiteBoard/src/components/WhiteboardControls.tsx": {"path":"/Users/asimsinanyuksel/Desktop/WhiteBoard/src/components/WhiteboardControls.tsx","statementMap":{"0":{"start":{"line":13,"column":24},"end":{"line":13,"column":null}},"1":{"start":{"line":3,"column":18},"end":{"line":3,"column":null}},"2":{"start":{"line":4,"column":30},"end":{"line":4,"column":null}},"3":{"start":{"line":5,"column":66},"end":{"line":5,"column":null}},"4":{"start":{"line":21,"column":6},"end":{"line":21,"column":null}},"5":{"start":{"line":24,"column":32},"end":{"line":32,"column":null}},"6":{"start":{"line":25,"column":4},"end":{"line":31,"column":null}},"7":{"start":{"line":26,"column":6},"end":{"line":30,"column":null}},"8":{"start":{"line":27,"column":8},"end":{"line":27,"column":null}},"9":{"start":{"line":29,"column":8},"end":{"line":29,"column":null}},"10":{"start":{"line":35,"column":31},"end":{"line":41,"column":null}},"11":{"start":{"line":36,"column":4},"end":{"line":40,"column":null}},"12":{"start":{"line":37,"column":6},"end":{"line":37,"column":null}},"13":{"start":{"line":39,"column":6},"end":{"line":39,"column":null}},"14":{"start":{"line":44,"column":33},"end":{"line":50,"column":null}},"15":{"start":{"line":45,"column":4},"end":{"line":49,"column":null}},"16":{"start":{"line":46,"column":6},"end":{"line":46,"column":null}},"17":{"start":{"line":48,"column":6},"end":{"line":48,"column":null}},"18":{"start":{"line":53,"column":33},"end":{"line":74,"column":null}},"19":{"start":{"line":54,"column":18},"end":{"line":54,"column":null}},"20":{"start":{"line":55,"column":4},"end":{"line":55,"column":null}},"21":{"start":{"line":56,"column":4},"end":{"line":56,"column":null}},"22":{"start":{"line":57,"column":4},"end":{"line":72,"column":null}},"23":{"start":{"line":58,"column":19},"end":{"line":58,"column":64}},"24":{"start":{"line":59,"column":6},"end":{"line":71,"column":null}},"25":{"start":{"line":60,"column":23},"end":{"line":60,"column":null}},"26":{"start":{"line":61,"column":8},"end":{"line":69,"column":null}},"27":{"start":{"line":62,"column":10},"end":{"line":68,"column":null}},"28":{"start":{"line":63,"column":25},"end":{"line":63,"column":null}},"29":{"start":{"line":64,"column":12},"end":{"line":64,"column":null}},"30":{"start":{"line":67,"column":12},"end":{"line":67,"column":null}},"31":{"start":{"line":70,"column":8},"end":{"line":70,"column":null}},"32":{"start":{"line":73,"column":4},"end":{"line":73,"column":null}}},"fnMap":{"0":{"name":"WhiteboardControls","decl":{"start":{"line":13,"column":24},"end":{"line":13,"column":null}},"loc":{"start":{"line":13,"column":24},"end":{"line":90,"column":null}}},"1":{"name":"(anonymous_3)","decl":{"start":{"line":24,"column":32},"end":{"line":24,"column":null}},"loc":{"start":{"line":24,"column":32},"end":{"line":32,"column":null}}},"2":{"name":"(anonymous_4)","decl":{"start":{"line":35,"column":31},"end":{"line":35,"column":null}},"loc":{"start":{"line":35,"column":31},"end":{"line":41,"column":null}}},"3":{"name":"(anonymous_5)","decl":{"start":{"line":44,"column":33},"end":{"line":44,"column":null}},"loc":{"start":{"line":44,"column":33},"end":{"line":50,"column":null}}},"4":{"name":"(anonymous_6)","decl":{"start":{"line":53,"column":33},"end":{"line":53,"column":null}},"loc":{"start":{"line":53,"column":33},"end":{"line":74,"column":null}}},"5":{"name":"(anonymous_7)","decl":{"start":{"line":57,"column":21},"end":{"line":57,"column":22}},"loc":{"start":{"line":57,"column":22},"end":{"line":72,"column":null}}},"6":{"name":"(anonymous_8)","decl":{"start":{"line":61,"column":24},"end":{"line":61,"column":25}},"loc":{"start":{"line":61,"column":25},"end":{"line":69,"column":null}}}},"branchMap":{"0":{"loc":{"start":{"line":25,"column":4},"end":{"line":31,"column":null}},"type":"if","locations":[{"start":{"line":25,"column":4},"end":{"line":31,"column":null}}]},"1":{"loc":{"start":{"line":59,"column":6},"end":{"line":71,"column":null}},"type":"if","locations":[{"start":{"line":59,"column":6},"end":{"line":71,"column":null}}]}},"s":{"0":0,"1":0,"2":0,"3":0,"4":0,"5":0,"6":0,"7":0,"8":0,"9":0,"10":0,"11":0,"12":0,"13":0,"14":0,"15":0,"16":0,"17":0,"18":0,"19":0,"20":0,"21":0,"22":0,"23":0,"24":0,"25":0,"26":0,"27":0,"28":0,"29":0,"30":0,"31":0,"32":0},"f":{"0":0,"1":0,"2":0,"3":0,"4":0,"5":0,"6":0},"b":{"0":[0],"1":[0]}}
,"/Users/asimsinanyuksel/Desktop/WhiteBoard/src/components/WhiteboardToolbar.tsx": {"path":"/Users/asimsinanyuksel/Desktop/WhiteBoard/src/components/WhiteboardToolbar.tsx","statementMap":{"0":{"start":{"line":13,"column":24},"end":{"line":13,"column":null}},"1":{"start":{"line":3,"column":18},"end":{"line":3,"column":null}},"2":{"start":{"line":4,"column":30},"end":{"line":4,"column":null}},"3":{"start":{"line":5,"column":24},"end":{"line":5,"column":null}},"4":{"start":{"line":25,"column":6},"end":{"line":25,"column":null}},"5":{"start":{"line":28,"column":30},"end":{"line":42,"column":null}},"6":{"start":{"line":29,"column":4},"end":{"line":41,"column":null}},"7":{"start":{"line":30,"column":25},"end":{"line":36,"column":null}},"8":{"start":{"line":38,"column":6},"end":{"line":38,"column":null}},"9":{"start":{"line":40,"column":6},"end":{"line":40,"column":null}},"10":{"start":{"line":45,"column":32},"end":{"line":53,"column":null}},"11":{"start":{"line":46,"column":4},"end":{"line":52,"column":null}},"12":{"start":{"line":47,"column":6},"end":{"line":51,"column":null}},"13":{"start":{"line":48,"column":8},"end":{"line":48,"column":null}},"14":{"start":{"line":50,"column":8},"end":{"line":50,"column":null}},"15":{"start":{"line":56,"column":31},"end":{"line":62,"column":null}},"16":{"start":{"line":57,"column":4},"end":{"line":61,"column":null}},"17":{"start":{"line":58,"column":6},"end":{"line":58,"column":null}},"18":{"start":{"line":60,"column":6},"end":{"line":60,"column":null}},"19":{"start":{"line":65,"column":33},"end":{"line":71,"column":null}},"20":{"start":{"line":66,"column":4},"end":{"line":70,"column":null}},"21":{"start":{"line":67,"column":6},"end":{"line":67,"column":null}},"22":{"start":{"line":69,"column":6},"end":{"line":69,"column":null}}},"fnMap":{"0":{"name":"WhiteboardToolbar","decl":{"start":{"line":13,"column":24},"end":{"line":13,"column":null}},"loc":{"start":{"line":13,"column":24},"end":{"line":90,"column":null}}},"1":{"name":"(anonymous_3)","decl":{"start":{"line":28,"column":30},"end":{"line":28,"column":null}},"loc":{"start":{"line":28,"column":30},"end":{"line":42,"column":null}}},"2":{"name":"(anonymous_4)","decl":{"start":{"line":45,"column":32},"end":{"line":45,"column":null}},"loc":{"start":{"line":45,"column":32},"end":{"line":53,"column":null}}},"3":{"name":"(anonymous_5)","decl":{"start":{"line":56,"column":31},"end":{"line":56,"column":null}},"loc":{"start":{"line":56,"column":31},"end":{"line":62,"column":null}}},"4":{"name":"(anonymous_6)","decl":{"start":{"line":65,"column":33},"end":{"line":65,"column":null}},"loc":{"start":{"line":65,"column":33},"end":{"line":71,"column":null}}}},"branchMap":{"0":{"loc":{"start":{"line":31,"column":22},"end":{"line":31,"column":null}},"type":"binary-expr","locations":[{"start":{"line":31,"column":22},"end":{"line":31,"column":53}},{"start":{"line":31,"column":53},"end":{"line":31,"column":null}}]},"1":{"loc":{"start":{"line":46,"column":4},"end":{"line":52,"column":null}},"type":"if","locations":[{"start":{"line":46,"column":4},"end":{"line":52,"column":null}}]}},"s":{"0":0,"1":0,"2":0,"3":0,"4":0,"5":0,"6":0,"7":0,"8":0,"9":0,"10":0,"11":0,"12":0,"13":0,"14":0,"15":0,"16":0,"17":0,"18":0,"19":0,"20":0,"21":0,"22":0},"f":{"0":0,"1":0,"2":0,"3":0,"4":0},"b":{"0":[0,0],"1":[0]}}
,"/Users/asimsinanyuksel/Desktop/WhiteBoard/src/contracts/types/api.ts": {"path":"/Users/asimsinanyuksel/Desktop/WhiteBoard/src/contracts/types/api.ts","statementMap":{"0":{"start":{"line":209,"column":13},"end":{"line":209,"column":31}},"1":{"start":{"line":204,"column":13},"end":{"line":204,"column":28}},"2":{"start":{"line":199,"column":13},"end":{"line":199,"column":24}},"3":{"start":{"line":169,"column":12},"end":{"line":169,"column":null}},"4":{"start":{"line":185,"column":12},"end":{"line":185,"column":null}},"5":{"start":{"line":199,"column":27},"end":{"line":202,"column":null}},"6":{"start":{"line":200,"column":20},"end":{"line":200,"column":null}},"7":{"start":{"line":201,"column":2},"end":{"line":201,"column":null}},"8":{"start":{"line":204,"column":31},"end":{"line":207,"column":null}},"9":{"start":{"line":205,"column":24},"end":{"line":205,"column":null}},"10":{"start":{"line":206,"column":2},"end":{"line":206,"column":null}},"11":{"start":{"line":209,"column":34},"end":{"line":211,"column":null}},"12":{"start":{"line":210,"column":2},"end":{"line":210,"column":null}}},"fnMap":{"0":{"name":"(anonymous_6)","decl":{"start":{"line":169,"column":12},"end":{"line":169,"column":null}},"loc":{"start":{"line":169,"column":12},"end":{"line":169,"column":null}}},"1":{"name":"(anonymous_7)","decl":{"start":{"line":185,"column":12},"end":{"line":185,"column":null}},"loc":{"start":{"line":185,"column":12},"end":{"line":185,"column":null}}},"2":{"name":"(anonymous_8)","decl":{"start":{"line":199,"column":27},"end":{"line":199,"column":28}},"loc":{"start":{"line":199,"column":28},"end":{"line":202,"column":null}}},"3":{"name":"(anonymous_9)","decl":{"start":{"line":204,"column":31},"end":{"line":204,"column":32}},"loc":{"start":{"line":204,"column":32},"end":{"line":207,"column":null}}},"4":{"name":"(anonymous_10)","decl":{"start":{"line":209,"column":34},"end":{"line":209,"column":35}},"loc":{"start":{"line":209,"column":35},"end":{"line":211,"column":null}}}},"branchMap":{"0":{"loc":{"start":{"line":169,"column":12},"end":{"line":169,"column":null}},"type":"binary-expr","locations":[{"start":{"line":169,"column":12},"end":{"line":169,"column":null}},{"start":{"line":169,"column":12},"end":{"line":169,"column":null}}]},"1":{"loc":{"start":{"line":185,"column":12},"end":{"line":185,"column":null}},"type":"binary-expr","locations":[{"start":{"line":185,"column":12},"end":{"line":185,"column":null}},{"start":{"line":185,"column":12},"end":{"line":185,"column":null}}]}},"s":{"0":4,"1":4,"2":8,"3":1,"4":1,"5":1,"6":8,"7":8,"8":1,"9":4,"10":4,"11":1,"12":4},"f":{"0":1,"1":1,"2":8,"3":4,"4":4},"b":{"0":[1,1],"1":[1,1]}}
,"/Users/asimsinanyuksel/Desktop/WhiteBoard/src/lib/api/client.ts": {"path":"/Users/asimsinanyuksel/Desktop/WhiteBoard/src/lib/api/client.ts","statementMap":{"0":{"start":{"line":46,"column":13},"end":{"line":46,"column":22}},"1":{"start":{"line":226,"column":13},"end":{"line":226,"column":21}},"2":{"start":{"line":243,"column":13},"end":{"line":243,"column":22}},"3":{"start":{"line":11,"column":25},"end":{"line":11,"column":null}},"4":{"start":{"line":14,"column":21},"end":{"line":14,"column":null}},"5":{"start":{"line":15,"column":20},"end":{"line":15,"column":26}},"6":{"start":{"line":16,"column":20},"end":{"line":16,"column":null}},"7":{"start":{"line":17,"column":20},"end":{"line":17,"column":25}},"8":{"start":{"line":54,"column":4},"end":{"line":54,"column":null}},"9":{"start":{"line":55,"column":4},"end":{"line":55,"column":null}},"10":{"start":{"line":56,"column":4},"end":{"line":56,"column":null}},"11":{"start":{"line":57,"column":4},"end":{"line":57,"column":null}},"12":{"start":{"line":58,"column":4},"end":{"line":58,"column":null}},"13":{"start":{"line":65,"column":4},"end":{"line":83,"column":null}},"14":{"start":{"line":66,"column":36},"end":{"line":66,"column":null}},"15":{"start":{"line":68,"column":6},"end":{"line":73,"column":null}},"16":{"start":{"line":69,"column":8},"end":{"line":72,"column":null}},"17":{"start":{"line":75,"column":6},"end":{"line":77,"column":null}},"18":{"start":{"line":79,"column":6},"end":{"line":79,"column":null}},"19":{"start":{"line":80,"column":6},"end":{"line":82,"column":null}},"20":{"start":{"line":90,"column":85},"end":{"line":90,"column":null}},"21":{"start":{"line":92,"column":4},"end":{"line":147,"column":null}},"22":{"start":{"line":93,"column":26},"end":{"line":93,"column":null}},"23":{"start":{"line":94,"column":22},"end":{"line":94,"column":76}},"24":{"start":{"line":96,"column":25},"end":{"line":96,"column":null}},"25":{"start":{"line":97,"column":24},"end":{"line":97,"column":null}},"26":{"start":{"line":97,"column":41},"end":{"line":97,"column":61}},"27":{"start":{"line":99,"column":23},"end":{"line":107,"column":null}},"28":{"start":{"line":109,"column":6},"end":{"line":109,"column":null}},"29":{"start":{"line":111,"column":27},"end":{"line":111,"column":null}},"30":{"start":{"line":113,"column":6},"end":{"line":121,"column":null}},"31":{"start":{"line":114,"column":8},"end":{"line":119,"column":null}},"32":{"start":{"line":123,"column":6},"end":{"line":128,"column":null}},"33":{"start":{"line":130,"column":6},"end":{"line":132,"column":null}},"34":{"start":{"line":131,"column":8},"end":{"line":131,"column":null}},"35":{"start":{"line":135,"column":6},"end":{"line":138,"column":null}},"36":{"start":{"line":136,"column":8},"end":{"line":136,"column":null}},"37":{"start":{"line":137,"column":8},"end":{"line":137,"column":null}},"38":{"start":{"line":140,"column":6},"end":{"line":145,"column":null}},"39":{"start":{"line":154,"column":4},"end":{"line":154,"column":null}},"40":{"start":{"line":154,"column":37},"end":{"line":154,"column":null}},"41":{"start":{"line":155,"column":4},"end":{"line":155,"column":null}},"42":{"start":{"line":155,"column":51},"end":{"line":155,"column":null}},"43":{"start":{"line":156,"column":4},"end":{"line":156,"column":null}},"44":{"start":{"line":163,"column":4},"end":{"line":163,"column":null}},"45":{"start":{"line":163,"column":34},"end":{"line":163,"column":null}},"46":{"start":{"line":170,"column":4},"end":{"line":174,"column":null}},"47":{"start":{"line":181,"column":4},"end":{"line":186,"column":null}},"48":{"start":{"line":193,"column":4},"end":{"line":198,"column":null}},"49":{"start":{"line":205,"column":4},"end":{"line":209,"column":null}},"50":{"start":{"line":216,"column":4},"end":{"line":221,"column":null}},"51":{"start":{"line":233,"column":4},"end":{"line":233,"column":null}},"52":{"start":{"line":234,"column":4},"end":{"line":234,"column":null}},"53":{"start":{"line":235,"column":4},"end":{"line":235,"column":null}},"54":{"start":{"line":236,"column":4},"end":{"line":236,"column":null}},"55":{"start":{"line":237,"column":4},"end":{"line":237,"column":null}},"56":{"start":{"line":238,"column":4},"end":{"line":238,"column":null}},"57":{"start":{"line":243,"column":25},"end":{"line":243,"column":null}}},"fnMap":{"0":{"name":"(anonymous_4)","decl":{"start":{"line":53,"column":2},"end":{"line":53,"column":16}},"loc":{"start":{"line":53,"column":16},"end":{"line":59,"column":null}}},"1":{"name":"(anonymous_5)","decl":{"start":{"line":64,"column":2},"end":{"line":64,"column":16}},"loc":{"start":{"line":64,"column":66},"end":{"line":84,"column":null}}},"2":{"name":"(anonymous_6)","decl":{"start":{"line":89,"column":2},"end":{"line":89,"column":16}},"loc":{"start":{"line":89,"column":77},"end":{"line":148,"column":null}}},"3":{"name":"(anonymous_7)","decl":{"start":{"line":97,"column":35},"end":{"line":97,"column":41}},"loc":{"start":{"line":97,"column":41},"end":{"line":97,"column":61}}},"4":{"name":"(anonymous_8)","decl":{"start":{"line":153,"column":2},"end":{"line":153,"column":21}},"loc":{"start":{"line":153,"column":43},"end":{"line":157,"column":null}}},"5":{"name":"(anonymous_9)","decl":{"start":{"line":162,"column":2},"end":{"line":162,"column":15}},"loc":{"start":{"line":162,"column":43},"end":{"line":164,"column":null}}},"6":{"name":"(anonymous_10)","decl":{"start":{"line":163,"column":23},"end":{"line":163,"column":34}},"loc":{"start":{"line":163,"column":34},"end":{"line":163,"column":null}}},"7":{"name":"(anonymous_11)","decl":{"start":{"line":169,"column":2},"end":{"line":169,"column":8}},"loc":{"start":{"line":169,"column":87},"end":{"line":175,"column":null}}},"8":{"name":"(anonymous_12)","decl":{"start":{"line":180,"column":2},"end":{"line":180,"column":8}},"loc":{"start":{"line":180,"column":100},"end":{"line":187,"column":null}}},"9":{"name":"(anonymous_13)","decl":{"start":{"line":192,"column":2},"end":{"line":192,"column":8}},"loc":{"start":{"line":192,"column":99},"end":{"line":199,"column":null}}},"10":{"name":"(anonymous_14)","decl":{"start":{"line":204,"column":2},"end":{"line":204,"column":8}},"loc":{"start":{"line":204,"column":90},"end":{"line":210,"column":null}}},"11":{"name":"(anonymous_15)","decl":{"start":{"line":215,"column":2},"end":{"line":215,"column":8}},"loc":{"start":{"line":215,"column":101},"end":{"line":222,"column":null}}},"12":{"name":"(anonymous_16)","decl":{"start":{"line":232,"column":2},"end":{"line":232,"column":14}},"loc":{"start":{"line":232,"column":97},"end":{"line":239,"column":null}}}},"branchMap":{"0":{"loc":{"start":{"line":14,"column":21},"end":{"line":14,"column":null}},"type":"binary-expr","locations":[{"start":{"line":14,"column":21},"end":{"line":14,"column":52}},{"start":{"line":14,"column":56},"end":{"line":14,"column":null}}]},"1":{"loc":{"start":{"line":68,"column":6},"end":{"line":73,"column":null}},"type":"if","locations":[{"start":{"line":68,"column":6},"end":{"line":73,"column":null}}]},"2":{"loc":{"start":{"line":90,"column":31},"end":{"line":90,"column":43}},"type":"default-arg","locations":[{"start":{"line":90,"column":41},"end":{"line":90,"column":43}}]},"3":{"loc":{"start":{"line":90,"column":45},"end":{"line":90,"column":67}},"type":"default-arg","locations":[{"start":{"line":90,"column":55},"end":{"line":90,"column":67}}]},"4":{"loc":{"start":{"line":90,"column":69},"end":{"line":90,"column":80}},"type":"default-arg","locations":[{"start":{"line":90,"column":79},"end":{"line":90,"column":80}}]},"5":{"loc":{"start":{"line":94,"column":22},"end":{"line":94,"column":76}},"type":"cond-expr","locations":[{"start":{"line":94,"column":47},"end":{"line":94,"column":53}},{"start":{"line":94,"column":53},"end":{"line":94,"column":76}}]},"6":{"loc":{"start":{"line":105,"column":14},"end":{"line":105,"column":null}},"type":"cond-expr","locations":[{"start":{"line":105,"column":21},"end":{"line":105,"column":44}},{"start":{"line":105,"column":44},"end":{"line":105,"column":null}}]},"7":{"loc":{"start":{"line":113,"column":6},"end":{"line":121,"column":null}},"type":"if","locations":[{"start":{"line":113,"column":6},"end":{"line":121,"column":null}}]},"8":{"loc":{"start":{"line":115,"column":10},"end":{"line":115,"column":null}},"type":"binary-expr","locations":[{"start":{"line":115,"column":10},"end":{"line":115,"column":28}},{"start":{"line":115,"column":32},"end":{"line":115,"column":null}}]},"9":{"loc":{"start":{"line":116,"column":10},"end":{"line":116,"column":null}},"type":"binary-expr","locations":[{"start":{"line":116,"column":10},"end":{"line":116,"column":27}},{"start":{"line":116,"column":31},"end":{"line":116,"column":null}}]},"10":{"loc":{"start":{"line":125,"column":14},"end":{"line":125,"column":null}},"type":"binary-expr","locations":[{"start":{"line":125,"column":14},"end":{"line":125,"column":31}},{"start":{"line":125,"column":35},"end":{"line":125,"column":null}}]},"11":{"loc":{"start":{"line":130,"column":6},"end":{"line":132,"column":null}},"type":"if","locations":[{"start":{"line":130,"column":6},"end":{"line":132,"column":null}}]},"12":{"loc":{"start":{"line":135,"column":6},"end":{"line":138,"column":null}},"type":"if","locations":[{"start":{"line":135,"column":6},"end":{"line":138,"column":null}}]},"13":{"loc":{"start":{"line":135,"column":10},"end":{"line":135,"column":64}},"type":"binary-expr","locations":[{"start":{"line":135,"column":10},"end":{"line":135,"column":35}},{"start":{"line":135,"column":39},"end":{"line":135,"column":64}}]},"14":{"loc":{"start":{"line":141,"column":8},"end":{"line":141,"column":null}},"type":"cond-expr","locations":[{"start":{"line":141,"column":33},"end":{"line":141,"column":46}},{"start":{"line":141,"column":49},"end":{"line":141,"column":null}}]},"15":{"loc":{"start":{"line":154,"column":4},"end":{"line":154,"column":null}},"type":"if","locations":[{"start":{"line":154,"column":4},"end":{"line":154,"column":null}}]},"16":{"loc":{"start":{"line":155,"column":4},"end":{"line":155,"column":null}},"type":"if","locations":[{"start":{"line":155,"column":4},"end":{"line":155,"column":null}}]},"17":{"loc":{"start":{"line":155,"column":8},"end":{"line":155,"column":51}},"type":"binary-expr","locations":[{"start":{"line":155,"column":8},"end":{"line":155,"column":31}},{"start":{"line":155,"column":31},"end":{"line":155,"column":51}}]},"18":{"loc":{"start":{"line":237,"column":21},"end":{"line":237,"column":null}},"type":"binary-expr","locations":[{"start":{"line":237,"column":21},"end":{"line":237,"column":34}},{"start":{"line":237,"column":34},"end":{"line":237,"column":null}}]},"19":{"loc":{"start":{"line":238,"column":18},"end":{"line":238,"column":null}},"type":"binary-expr","locations":[{"start":{"line":238,"column":18},"end":{"line":238,"column":28}},{"start":{"line":238,"column":28},"end":{"line":238,"column":null}}]}},"s":{"0":0,"1":3,"2":12,"3":2,"4":2,"5":2,"6":2,"7":2,"8":2,"9":2,"10":2,"11":2,"12":2,"13":36,"14":36,"15":0,"16":0,"17":0,"18":36,"19":36,"20":36,"21":36,"22":36,"23":36,"24":36,"25":36,"26":0,"27":36,"28":33,"29":33,"30":26,"31":7,"32":19,"33":17,"34":7,"35":10,"36":8,"37":8,"38":2,"39":8,"40":0,"41":8,"42":0,"43":8,"44":8,"45":8,"46":20,"47":8,"48":0,"49":0,"50":0,"51":9,"52":9,"53":9,"54":9,"55":9,"56":9,"57":2},"f":{"0":2,"1":36,"2":36,"3":0,"4":8,"5":8,"6":8,"7":20,"8":8,"9":0,"10":0,"11":0,"12":9},"b":{"0":[2,2],"1":[0],"2":[36],"3":[36],"4":[28],"5":[0,36],"6":[8,28],"7":[7],"8":[7,0],"9":[7,6],"10":[19,0],"11":[7],"12":[8],"13":[10,8],"14":[2,0],"15":[0],"16":[0],"17":[8,0],"18":[9,0],"19":[9,2]}}
,"/Users/asimsinanyuksel/Desktop/WhiteBoard/src/lib/api/realtimeApi.ts": {"path":"/Users/asimsinanyuksel/Desktop/WhiteBoard/src/lib/api/realtimeApi.ts","statementMap":{"0":{"start":{"line":57,"column":13},"end":{"line":57,"column":31}},"1":{"start":{"line":423,"column":13},"end":{"line":423,"column":24}},"2":{"start":{"line":11,"column":25},"end":{"line":11,"column":null}},"3":{"start":{"line":59,"column":10},"end":{"line":59,"column":null}},"4":{"start":{"line":60,"column":10},"end":{"line":60,"column":null}},"5":{"start":{"line":61,"column":10},"end":{"line":61,"column":null}},"6":{"start":{"line":62,"column":10},"end":{"line":62,"column":null}},"7":{"start":{"line":63,"column":10},"end":{"line":63,"column":null}},"8":{"start":{"line":66,"column":4},"end":{"line":66,"column":null}},"9":{"start":{"line":67,"column":4},"end":{"line":67,"column":null}},"10":{"start":{"line":75,"column":4},"end":{"line":79,"column":null}},"11":{"start":{"line":76,"column":6},"end":{"line":76,"column":null}},"12":{"start":{"line":77,"column":6},"end":{"line":77,"column":null}},"13":{"start":{"line":78,"column":6},"end":{"line":78,"column":null}},"14":{"start":{"line":81,"column":4},"end":{"line":85,"column":null}},"15":{"start":{"line":82,"column":6},"end":{"line":82,"column":null}},"16":{"start":{"line":83,"column":6},"end":{"line":83,"column":null}},"17":{"start":{"line":84,"column":6},"end":{"line":84,"column":null}},"18":{"start":{"line":87,"column":4},"end":{"line":91,"column":null}},"19":{"start":{"line":88,"column":6},"end":{"line":88,"column":null}},"20":{"start":{"line":89,"column":6},"end":{"line":89,"column":null}},"21":{"start":{"line":90,"column":6},"end":{"line":90,"column":null}},"22":{"start":{"line":98,"column":4},"end":{"line":108,"column":null}},"23":{"start":{"line":99,"column":6},"end":{"line":99,"column":null}},"24":{"start":{"line":100,"column":20},"end":{"line":100,"column":null}},"25":{"start":{"line":102,"column":6},"end":{"line":105,"column":null}},"26":{"start":{"line":103,"column":8},"end":{"line":103,"column":null}},"27":{"start":{"line":104,"column":8},"end":{"line":104,"column":null}},"28":{"start":{"line":107,"column":6},"end":{"line":107,"column":null}},"29":{"start":{"line":115,"column":4},"end":{"line":119,"column":null}},"30":{"start":{"line":116,"column":6},"end":{"line":116,"column":null}},"31":{"start":{"line":118,"column":6},"end":{"line":118,"column":null}},"32":{"start":{"line":134,"column":4},"end":{"line":271,"column":null}},"33":{"start":{"line":136,"column":6},"end":{"line":166,"column":null}},"34":{"start":{"line":137,"column":32},"end":{"line":158,"column":null}},"35":{"start":{"line":148,"column":42},"end":{"line":154,"column":null}},"36":{"start":{"line":155,"column":14},"end":{"line":155,"column":null}},"37":{"start":{"line":160,"column":8},"end":{"line":165,"column":null}},"38":{"start":{"line":169,"column":6},"end":{"line":199,"column":null}},"39":{"start":{"line":170,"column":35},"end":{"line":191,"column":null}},"40":{"start":{"line":181,"column":45},"end":{"line":187,"column":null}},"41":{"start":{"line":188,"column":14},"end":{"line":188,"column":null}},"42":{"start":{"line":193,"column":8},"end":{"line":198,"column":null}},"43":{"start":{"line":202,"column":6},"end":{"line":232,"column":null}},"44":{"start":{"line":203,"column":29},"end":{"line":224,"column":null}},"45":{"start":{"line":214,"column":39},"end":{"line":220,"column":null}},"46":{"start":{"line":221,"column":14},"end":{"line":221,"column":null}},"47":{"start":{"line":226,"column":8},"end":{"line":231,"column":null}},"48":{"start":{"line":235,"column":6},"end":{"line":265,"column":null}},"49":{"start":{"line":236,"column":34},"end":{"line":257,"column":null}},"50":{"start":{"line":247,"column":45},"end":{"line":253,"column":null}},"51":{"start":{"line":254,"column":14},"end":{"line":254,"column":null}},"52":{"start":{"line":259,"column":8},"end":{"line":264,"column":null}},"53":{"start":{"line":267,"column":6},"end":{"line":267,"column":null}},"54":{"start":{"line":269,"column":6},"end":{"line":269,"column":null}},"55":{"start":{"line":270,"column":6},"end":{"line":270,"column":null}},"56":{"start":{"line":278,"column":29},"end":{"line":283,"column":null}},"57":{"start":{"line":285,"column":4},"end":{"line":296,"column":null}},"58":{"start":{"line":286,"column":27},"end":{"line":286,"column":null}},"59":{"start":{"line":287,"column":6},"end":{"line":295,"column":null}},"60":{"start":{"line":288,"column":8},"end":{"line":294,"column":null}},"61":{"start":{"line":289,"column":10},"end":{"line":289,"column":null}},"62":{"start":{"line":290,"column":10},"end":{"line":290,"column":null}},"63":{"start":{"line":291,"column":10},"end":{"line":291,"column":null}},"64":{"start":{"line":293,"column":10},"end":{"line":293,"column":null}},"65":{"start":{"line":298,"column":4},"end":{"line":298,"column":null}},"66":{"start":{"line":305,"column":4},"end":{"line":318,"column":null}},"67":{"start":{"line":306,"column":22},"end":{"line":306,"column":null}},"68":{"start":{"line":307,"column":6},"end":{"line":315,"column":null}},"69":{"start":{"line":317,"column":6},"end":{"line":317,"column":null}},"70":{"start":{"line":325,"column":4},"end":{"line":338,"column":null}},"71":{"start":{"line":326,"column":22},"end":{"line":326,"column":null}},"72":{"start":{"line":327,"column":6},"end":{"line":335,"column":null}},"73":{"start":{"line":337,"column":6},"end":{"line":337,"column":null}},"74":{"start":{"line":345,"column":4},"end":{"line":358,"column":null}},"75":{"start":{"line":346,"column":22},"end":{"line":346,"column":null}},"76":{"start":{"line":347,"column":6},"end":{"line":355,"column":null}},"77":{"start":{"line":357,"column":6},"end":{"line":357,"column":null}},"78":{"start":{"line":365,"column":4},"end":{"line":365,"column":null}},"79":{"start":{"line":372,"column":4},"end":{"line":372,"column":null}},"80":{"start":{"line":372,"column":65},"end":{"line":372,"column":77}},"81":{"start":{"line":379,"column":4},"end":{"line":388,"column":null}},"82":{"start":{"line":380,"column":6},"end":{"line":387,"column":null}},"83":{"start":{"line":381,"column":8},"end":{"line":386,"column":null}},"84":{"start":{"line":382,"column":10},"end":{"line":382,"column":null}},"85":{"start":{"line":383,"column":10},"end":{"line":383,"column":null}},"86":{"start":{"line":385,"column":10},"end":{"line":385,"column":null}},"87":{"start":{"line":389,"column":4},"end":{"line":389,"column":null}},"88":{"start":{"line":390,"column":4},"end":{"line":390,"column":null}},"89":{"start":{"line":397,"column":61},"end":{"line":416,"column":null}},"90":{"start":{"line":418,"column":4},"end":{"line":418,"column":null}},"91":{"start":{"line":423,"column":27},"end":{"line":423,"column":null}}},"fnMap":{"0":{"name":"(anonymous_3)","decl":{"start":{"line":65,"column":2},"end":{"line":65,"column":16}},"loc":{"start":{"line":65,"column":16},"end":{"line":68,"column":null}}},"1":{"name":"(anonymous_4)","decl":{"start":{"line":73,"column":2},"end":{"line":73,"column":41}},"loc":{"start":{"line":73,"column":42},"end":{"line":92,"column":null}}},"2":{"name":"(anonymous_5)","decl":{"start":{"line":75,"column":34},"end":{"line":75,"column":null}},"loc":{"start":{"line":75,"column":34},"end":{"line":79,"column":null}}},"3":{"name":"(anonymous_6)","decl":{"start":{"line":81,"column":35},"end":{"line":81,"column":null}},"loc":{"start":{"line":81,"column":35},"end":{"line":85,"column":null}}},"4":{"name":"(anonymous_7)","decl":{"start":{"line":87,"column":35},"end":{"line":87,"column":36}},"loc":{"start":{"line":87,"column":36},"end":{"line":91,"column":null}}},"5":{"name":"(anonymous_8)","decl":{"start":{"line":97,"column":2},"end":{"line":97,"column":36}},"loc":{"start":{"line":97,"column":37},"end":{"line":109,"column":null}}},"6":{"name":"(anonymous_9)","decl":{"start":{"line":102,"column":17},"end":{"line":102,"column":null}},"loc":{"start":{"line":102,"column":17},"end":{"line":105,"column":9}}},"7":{"name":"(anonymous_10)","decl":{"start":{"line":114,"column":2},"end":{"line":114,"column":16}},"loc":{"start":{"line":114,"column":43},"end":{"line":120,"column":null}}},"8":{"name":"(anonymous_11)","decl":{"start":{"line":125,"column":2},"end":{"line":125,"column":8}},"loc":{"start":{"line":133,"column":19},"end":{"line":272,"column":null}}},"9":{"name":"(anonymous_12)","decl":{"start":{"line":147,"column":12},"end":{"line":147,"column":13}},"loc":{"start":{"line":147,"column":13},"end":{"line":156,"column":null}}},"10":{"name":"(anonymous_13)","decl":{"start":{"line":180,"column":12},"end":{"line":180,"column":13}},"loc":{"start":{"line":180,"column":13},"end":{"line":189,"column":null}}},"11":{"name":"(anonymous_14)","decl":{"start":{"line":213,"column":12},"end":{"line":213,"column":13}},"loc":{"start":{"line":213,"column":13},"end":{"line":222,"column":null}}},"12":{"name":"(anonymous_15)","decl":{"start":{"line":246,"column":12},"end":{"line":246,"column":13}},"loc":{"start":{"line":246,"column":13},"end":{"line":255,"column":null}}},"13":{"name":"(anonymous_16)","decl":{"start":{"line":277,"column":2},"end":{"line":277,"column":8}},"loc":{"start":{"line":277,"column":71},"end":{"line":299,"column":null}}},"14":{"name":"(anonymous_17)","decl":{"start":{"line":304,"column":2},"end":{"line":304,"column":8}},"loc":{"start":{"line":304,"column":85},"end":{"line":319,"column":null}}},"15":{"name":"(anonymous_18)","decl":{"start":{"line":324,"column":2},"end":{"line":324,"column":8}},"loc":{"start":{"line":324,"column":94},"end":{"line":339,"column":null}}},"16":{"name":"(anonymous_19)","decl":{"start":{"line":344,"column":2},"end":{"line":344,"column":8}},"loc":{"start":{"line":344,"column":84},"end":{"line":359,"column":null}}},"17":{"name":"(anonymous_20)","decl":{"start":{"line":364,"column":2},"end":{"line":364,"column":33}},"loc":{"start":{"line":364,"column":33},"end":{"line":366,"column":null}}},"18":{"name":"(anonymous_21)","decl":{"start":{"line":371,"column":2},"end":{"line":371,"column":40}},"loc":{"start":{"line":371,"column":40},"end":{"line":373,"column":null}}},"19":{"name":"(anonymous_22)","decl":{"start":{"line":372,"column":58},"end":{"line":372,"column":65}},"loc":{"start":{"line":372,"column":65},"end":{"line":372,"column":77}}},"20":{"name":"(anonymous_23)","decl":{"start":{"line":378,"column":2},"end":{"line":378,"column":8}},"loc":{"start":{"line":378,"column":33},"end":{"line":391,"column":null}}},"21":{"name":"(anonymous_24)","decl":{"start":{"line":396,"column":2},"end":{"line":396,"column":22}},"loc":{"start":{"line":396,"column":72},"end":{"line":419,"column":null}}}},"branchMap":{"0":{"loc":{"start":{"line":98,"column":4},"end":{"line":108,"co
[...]
line":112,"column":2},"end":{"line":114,"column":null}}]},"16":{"loc":{"start":{"line":112,"column":6},"end":{"line":112,"column":73}},"type":"binary-expr","locations":[{"start":{"line":112,"column":6},"end":{"line":112,"column":23}},{"start":{"line":112,"column":27},"end":{"line":112,"column":73}}]},"17":{"loc":{"start":{"line":116,"column":2},"end":{"line":118,"column":null}},"type":"if","locations":[{"start":{"line":116,"column":2},"end":{"line":118,"column":null}}]},"18":{"loc":{"start":{"line":116,"column":6},"end":{"line":116,"column":73}},"type":"binary-expr","locations":[{"start":{"line":116,"column":6},"end":{"line":116,"column":23}},{"start":{"line":116,"column":27},"end":{"line":116,"column":73}}]},"19":{"loc":{"start":{"line":138,"column":2},"end":{"line":142,"column":null}},"type":"if","locations":[{"start":{"line":138,"column":2},"end":{"line":142,"column":null}},{"start":{"line":140,"column":9},"end":{"line":142,"column":null}}]},"20":{"loc":{"start":{"line":138,"column":6},"end":{"line":138,"column":104}},"type":"binary-expr","locations":[{"start":{"line":138,"column":6},"end":{"line":138,"column":25}},{"start":{"line":138,"column":29},"end":{"line":138,"column":104}}]},"21":{"loc":{"start":{"line":140,"column":9},"end":{"line":142,"column":null}},"type":"if","locations":[{"start":{"line":140,"column":9},"end":{"line":142,"column":null}}]},"22":{"loc":{"start":{"line":145,"column":2},"end":{"line":147,"column":null}},"type":"if","locations":[{"start":{"line":145,"column":2},"end":{"line":147,"column":null}}]},"23":{"loc":{"start":{"line":150,"column":2},"end":{"line":159,"column":null}},"type":"if","locations":[{"start":{"line":150,"column":2},"end":{"line":159,"column":null}},{"start":{"line":152,"column":9},"end":{"line":159,"column":null}}]},"24":{"loc":{"start":{"line":150,"column":6},"end":{"line":150,"column":118}},"type":"binary-expr","locations":[{"start":{"line":150,"column":6},"end":{"line":150,"column":26}},{"start":{"line":150,"column":30},"end":{"line":150,"column":75}},{"start":{"line":150,"column":75},"end":{"line":150,"column":118}}]},"25":{"loc":{"start":{"line":153,"column":4},"end":{"line":155,"column":null}},"type":"if","locations":[{"start":{"line":153,"column":4},"end":{"line":155,"column":null}}]},"26":{"loc":{"start":{"line":153,"column":8},"end":{"line":153,"column":142}},"type":"binary-expr","locations":[{"start":{"line":153,"column":8},"end":{"line":153,"column":73}},{"start":{"line":153,"column":77},"end":{"line":153,"column":142}}]},"27":{"loc":{"start":{"line":156,"column":4},"end":{"line":158,"column":null}},"type":"if","locations":[{"start":{"line":156,"column":4},"end":{"line":158,"column":null}}]},"28":{"loc":{"start":{"line":156,"column":8},"end":{"line":156,"column":142}},"type":"binary-expr","locations":[{"start":{"line":156,"column":8},"end":{"line":156,"column":73}},{"start":{"line":156,"column":77},"end":{"line":156,"column":142}}]},"29":{"loc":{"start":{"line":162,"column":2},"end":{"line":164,"column":null}},"type":"if","locations":[{"start":{"line":162,"column":2},"end":{"line":164,"column":null}}]},"30":{"loc":{"start":{"line":166,"column":2},"end":{"line":168,"column":null}},"type":"if","locations":[{"start":{"line":166,"column":2},"end":{"line":168,"column":null}}]},"31":{"loc":{"start":{"line":171,"column":2},"end":{"line":173,"column":null}},"type":"if","locations":[{"start":{"line":171,"column":2},"end":{"line":173,"column":null}}]},"32":{"loc":{"start":{"line":171,"column":6},"end":{"line":171,"column":79}},"type":"binary-expr","locations":[{"start":{"line":171,"column":6},"end":{"line":171,"column":26}},{"start":{"line":171,"column":30},"end":{"line":171,"column":79}}]},"33":{"loc":{"start":{"line":175,"column":2},"end":{"line":177,"column":null}},"type":"if","locations":[{"start":{"line":175,"column":2},"end":{"line":177,"column":null}}]},"34":{"loc":{"start":{"line":175,"column":6},"end":{"line":175,"column":79}},"type":"binary-expr","locations":[{"start":{"line":175,"column":6},"end":{"line":175,"column":26}},{"start":{"line":175,"column":30},"end":{"line":175,"column":79}}]},"35":{"loc":{"start":{"line":197,"column":2},"end":{"line":201,"column":null}},"type":"if","locations":[{"start":{"line":197,"column":2},"end":{"line":201,"column":null}},{"start":{"line":199,"column":9},"end":{"line":201,"column":null}}]},"36":{"loc":{"start":{"line":197,"column":6},"end":{"line":197,"column":94}},"type":"binary-expr","locations":[{"start":{"line":197,"column":6},"end":{"line":197,"column":22}},{"start":{"line":197,"column":26},"end":{"line":197,"column":94}}]},"37":{"loc":{"start":{"line":199,"column":9},"end":{"line":201,"column":null}},"type":"if","locations":[{"start":{"line":199,"column":9},"end":{"line":201,"column":null}}]},"38":{"loc":{"start":{"line":204,"column":2},"end":{"line":222,"column":null}},"type":"if","locations":[{"start":{"line":204,"column":2},"end":{"line":222,"column":null}}]},"39":{"loc":{"start":{"line":207,"column":4},"end":{"line":211,"column":null}},"type":"if","locations":[{"start":{"line":207,"column":4},"end":{"line":211,"column":null}}]},"40":{"loc":{"start":{"line":208,"column":6},"end":{"line":210,"column":null}},"type":"if","locations":[{"start":{"line":208,"column":6},"end":{"line":210,"column":null}}]},"41":{"loc":{"start":{"line":208,"column":10},"end":{"line":208,"column":104}},"type":"binary-expr","locations":[{"start":{"line":208,"column":10},"end":{"line":208,"column":55}},{"start":{"line":208,"column":59},"end":{"line":208,"column":104}}]},"42":{"loc":{"start":{"line":213,"column":4},"end":{"line":217,"column":null}},"type":"if","locations":[{"start":{"line":213,"column":4},"end":{"line":217,"column":null}}]},"43":{"loc":{"start":{"line":214,"column":6},"end":{"line":216,"column":null}},"type":"if","locations":[{"start":{"line":214,"column":6},"end":{"line":216,"column":null}}]},"44":{"loc":{"start":{"line":214,"column":10},"end":{"line":214,"column":108}},"type":"binary-expr","locations":[{"start":{"line":214,"column":10},"end":{"line":214,"column":57}},{"start":{"line":214,"column":61},"end":{"line":214,"column":108}}]},"45":{"loc":{"start":{"line":219,"column":4},"end":{"line":221,"column":null}},"type":"if","locations":[{"start":{"line":219,"column":4},"end":{"line":221,"column":null}}]},"46":{"loc":{"start":{"line":219,"column":8},"end":{"line":219,"column":90}},"type":"binary-expr","locations":[{"start":{"line":219,"column":8},"end":{"line":219,"column":27}},{"start":{"line":219,"column":27},"end":{"line":219,"column":90}}]},"47":{"loc":{"start":{"line":225,"column":2},"end":{"line":227,"column":null}},"type":"if","locations":[{"start":{"line":225,"column":2},"end":{"line":227,"column":null}}]},"48":{"loc":{"start":{"line":225,"column":6},"end":{"line":225,"column":79}},"type":"binary-expr","locations":[{"start":{"line":225,"column":6},"end":{"line":225,"column":26}},{"start":{"line":225,"column":30},"end":{"line":225,"column":79}}]},"49":{"loc":{"start":{"line":229,"column":2},"end":{"line":231,"column":null}},"type":"if","locations":[{"start":{"line":229,"column":2},"end":{"line":231,"column":null}}]},"50":{"loc":{"start":{"line":229,"column":6},"end":{"line":229,"column":79}},"type":"binary-expr","locations":[{"start":{"line":229,"column":6},"end":{"line":229,"column":26}},{"start":{"line":229,"column":30},"end":{"line":229,"column":79}}]},"51":{"loc":{"start":{"line":251,"column":2},"end":{"line":255,"column":null}},"type":"if","locations":[{"start":{"line":251,"column":2},"end":{"line":255,"column":null}},{"start":{"line":253,"column":9},"end":{"line":255,"column":null}}]},"52":{"loc":{"start":{"line":251,"column":6},"end":{"line":251,"column":98}},"type":"binary-expr","locations":[{"start":{"line":251,"column":6},"end":{"line":251,"column":23}},{"start":{"line":251,"column":27},"end":{"line":251,"column":98}}]},"53":{"loc":{"start":{"line":253,"column":9},"end":{"line":255,"column":null}},"type":"if","locations":[{"start":{"line":253,"column":9},"end":{"line":255,"column":null}}]},"54":{"loc":{"start":{"line":258,"column":2},"end":{"line":270,"column":null}},"type":"if","locations":[{"start":{"line":258,"column":2},"end":{"line":270,"column":null}}]},"55":{"loc":{"start":{"line":260,"column":4},"end":{"line":269,"column":null}},"type":"if","locations":[{"start":{"line":260,"column":4},"end":{"line":269,"column":null}},{"start":{"line":262,"column":11},"end":{"line":269,"column":null}}]},"56":{"loc":{"start":{"line":260,"column":8},"end":{"line":260,"column":56}},"type":"binary-expr","locations":[{"start":{"line":260,"column":8},"end":{"line":260,"column":33}},{"start":{"line":260,"column":33},"end":{"line":260,"column":56}}]},"57":{"loc":{"start":{"line":263,"column":6},"end":{"line":265,"column":null}},"type":"if","locations":[{"start":{"line":263,"column":6},"end":{"line":265,"column":null}}]},"58":{"loc":{"start":{"line":263,"column":10},"end":{"line":263,"column":104}},"type":"binary-expr","locations":[{"start":{"line":263,"column":10},"end":{"line":263,"column":55}},{"start":{"line":263,"column":59},"end":{"line":263,"column":104}}]},"59":{"loc":{"start":{"line":266,"column":6},"end":{"line":268,"column":null}},"type":"if","locations":[{"start":{"line":266,"column":6},"end":{"line":268,"column":null}}]},"60":{"loc":{"start":{"line":266,"column":10},"end":{"line":266,"column":104}},"type":"binary-expr","locations":[{"start":{"line":266,"column":10},"end":{"line":266,"column":55}},{"start":{"line":266,"column":59},"end":{"line":266,"column":104}}]},"61":{"loc":{"start":{"line":273,"column":2},"end":{"line":275,"column":null}},"type":"if","locations":[{"start":{"line":273,"column":2},"end":{"line":275,"column":null}}]},"62":{"loc":{"start":{"line":278,"column":2},"end":{"line":280,"column":null}},"type":"if","locations":[{"start":{"line":278,"column":2},"end":{"line":280,"column":null}}]},"63":{"loc":{"start":{"line":278,"column":6},"end":{"line":278,"column":65}},"type":"binary-expr","locations":[{"start":{"line":278,"column":6},"end":{"line":278,"column":19}},{"start":{"line":278,"column":23},"end":{"line":278,"column":65}}]},"64":{"loc":{"start":{"line":282,"column":2},"end":{"line":284,"column":null}},"type":"if","locations":[{"start":{"line":282,"column":2},"end":{"line":284,"column":null}}]},"65":{"loc":{"start":{"line":282,"column":6},"end":{"line":282,"column":67}},"type":"binary-expr","locations":[{"start":{"line":282,"column":6},"end":{"line":282,"column":20}},{"start":{"line":282,"column":24},"end":{"line":282,"column":67}}]},"66":{"loc":{"start":{"line":286,"column":2},"end":{"line":288,"column":null}},"type":"if","locations":[{"start":{"line":286,"column":2},"end":{"line":288,"column":null}}]},"67":{"loc":{"start":{"line":286,"column":6},"end":{"line":286,"column":67}},"type":"binary-expr","locations":[{"start":{"line":286,"column":6},"end":{"line":286,"column":20}},{"start":{"line":286,"column":24},"end":{"line":286,"column":67}}]},"68":{"loc":{"start":{"line":306,"column":10},"end":{"line":306,"column":null}},"type":"cond-expr","locations":[{"start":{"line":306,"column":65},"end":{"line":306,"column":77}},{"start":{"line":306,"column":80},"end":{"line":306,"column":null}}]},"69":{"loc":{"start":{"line":307,"column":11},"end":{"line":307,"column":null}},"type":"cond-expr","locations":[{"start":{"line":307,"column":72},"end":{"line":307,"column":85}},{"start":{"line":307,"column":88},"end":{"line":307,"column":null}}]},"70":{"loc":{"start":{"line":309,"column":12},"end":{"line":314,"column":11}},"type":"binary-expr","locations":[{"start":{"line":309,"column":12},"end":{"line":313,"column":null}},{"start":{"line":314,"column":9},"end":{"line":314,"column":11}}]},"71":{"loc":{"start":{"line":310,"column":6},"end":{"line":313,"column":null}},"type":"binary-expr","locations":[{"start":{"line":310,"column":6},"end":{"line":310,"column":null}},{"start":{"line":311,"column":6},"end":{"line":311,"column":null}},{"start":{"line":312,"column":6},"end":{"line":312,"column":null}},{"start":{"line":313,"column":6},"end":{"line":313,"column":null}}]},"72":{"loc":{"start":{"line":315,"column":18},"end":{"line":315,"column":null}},"type":"binary-expr","locations":[{"start":{"line":315,"column":18},"end":{"line":315,"column":38}},{"start":{"line":315,"column":42},"end":{"line":315,"column":null}}]},"73":{"loc":{"start":{"line":316,"column":12},"end":{"line":316,"column":null}},"type":"binary-expr","locations":[{"start":{"line":316,"column":12},"end":{"line":316,"column":26}},{"start":{"line":316,"column":30},"end":{"line":316,"column":null}}]},"74":{"loc":{"start":{"line":317,"column":15},"end":{"line":317,"column":null}},"type":"binary-expr","locations":[{"start":{"line":317,"column":15},"end":{"line":317,"column":32}},{"start":{"line":317,"column":36},"end":{"line":317,"column":null}}]},"75":{"loc":{"start":{"line":318,"column":15},"end":{"line":318,"column":null}},"type":"binary-expr","locations":[{"start":{"line":318,"column":15},"end":{"line":318,"column":32}},{"start":{"line":318,"column":36},"end":{"line":318,"column":null}}]},"76":{"loc":{"start":{"line":331,"column":14},"end":{"line":331,"column":37}},"type":"binary-expr","locations":[{"start":{"line":331,"column":14},"end":{"line":331,"column":32}},{"start":{"line":331,"column":36},"end":{"line":331,"column":37}}]},"77":{"loc":{"start":{"line":332,"column":11},"end":{"line":332,"column":null}},"type":"cond-expr","locations":[{"start":{"line":332,"column":79},"end":{"line":332,"column":95}},{"start":{"line":332,"column":98},"end":{"line":332,"column":null}}]},"78":{"loc":{"start":{"line":334,"column":70},"end":{"line":334,"column":99}},"type":"binary-expr","locations":[{"start":{"line":334,"column":70},"end":{"line":334,"column":96}},{"start":{"line":334,"column":96},"end":{"line":334,"column":99}}]},"79":{"loc":{"start":{"line":335,"column":70},"end":{"line":335,"column":99}},"type":"binary-expr","locations":[{"start":{"line":335,"column":70},"end":{"line":335,"column":96}},{"start":{"line":335,"column":96},"end":{"line":335,"column":99}}]},"80":{"loc":{"start":{"line":337,"column":18},"end":{"line":337,"column":null}},"type":"binary-expr","locations":[{"start":{"line":337,"column":18},"end":{"line":337,"column":41}},{"start":{"line":337,"column":45},"end":{"line":337,"column":null}}]},"81":{"loc":{"start":{"line":338,"column":12},"end":{"line":338,"column":null}},"type":"binary-expr","locations":[{"start":{"line":338,"column":12},"end":{"line":338,"column":29}},{"start":{"line":338,"column":33},"end":{"line":338,"column":null}}]},"82":{"loc":{"start":{"line":339,"column":15},"end":{"line":339,"column":null}},"type":"binary-expr","locations":[{"start":{"line":339,"column":15},"end":{"line":339,"column":35}},{"start":{"line":339,"column":39},"end":{"line":339,"column":null}}]},"83":{"loc":{"start":{"line":340,"column":15},"end":{"line":340,"column":null}},"type":"binary-expr","locations":[{"start":{"line":340,"column":15},"end":{"line":340,"column":35}},{"start":{"line":340,"column":39},"end":{"line":340,"column":null}}]},"84":{"loc":{"start":{"line":353,"column":11},"end":{"line":353,"column":31}},"type":"binary-expr","locations":[{"start":{"line":353,"column":11},"end":{"line":353,"column":26}},{"start":{"line":353,"column":30},"end":{"line":353,"column":31}}]},"85":{"loc":{"start":{"line":355,"column":70},"end":{"line":355,"column":105}},"type":"binary-expr","locations":[{"start":{"line":355,"column":70},"end":{"line":355,"column":100}},{"start":{"line":355,"column":100},"end":{"line":355,"column":105}}]},"86":{"loc":{"start":{"line":356,"column":72},"end":{"line":356,"column":108}},"type":"binary-expr","locations":[{"start":{"line":356,"column":72},"end":{"line":356,"column":103}},{"start":{"line":356,"column":103},"end":{"line":356,"column":108}}]},"87":{"loc":{"start":{"line":357,"column":23},"end":{"line":357,"column":null}},"type":"cond-expr","locations":[{"start":{"line":357,"column":113},"end":{"line":357,"column":148}},{"start":{"line":357,"column":151},"end":{"line":357,"column":null}}]},"88":{"loc":{"start":{"line":357,"column":67},"end":{"line":357,"column":113}},"type":"binary-expr","locations":[{"start":{"line":357,"column":67},"end":{"line":357,"column":107}},{"start":{"line":357,"column":107},"end":{"line":357,"column":113}}]},"89":{"loc":{"start":{"line":359,"column":15},"end":{"line":359,"column":null}},"type":"binary-expr","locations":[{"start":{"line":359,"column":15},"end":{"line":359,"column":35}},{"start":{"line":359,"column":39},"end":{"line":359,"column":null}}]},"90":{"loc":{"start":{"line":360,"column":15},"end":{"line":360,"column":null}},"type":"binary-expr","locations":[{"start":{"line":360,"column":15},"end":{"line":360,"column":35}},{"start":{"line":360,"column":39},"end":{"line":360,"column":null}}]},"91":{"loc":{"start":{"line":373,"column":18},"end":{"line":373,"column":39}},"type":"binary-expr","locations":[{"start":{"line":373,"column":18},"end":{"line":373,"column":34}},{"start":{"line":373,"column":38},"end":{"line":373,"column":39}}]},"92":{"loc":{"start":{"line":374,"column":20},"end":{"line":377,"column":null}},"type":"cond-expr","locations":[{"start":{"line":374,"column":42},"end":{"line":377,"column":8}},{"start":{"line":377,"column":8},"end":{"line":377,"column":null}}]},"93":{"loc":{"start":{"line":378,"column":14},"end":{"line":378,"column":null}},"type":"binary-expr","locations":[{"start":{"line":378,"column":14},"end":{"line":378,"column":27}},{"start":{"line":378,"column":31},"end":{"line":378,"column":null}}]},"94":{"loc":{"start":{"line":379,"column":15},"end":{"line":379,"column":null}},"type":"binary-expr","locations":[{"start":{"line":379,"column":15},"end":{"line":379,"column":29}},{"start":{"line":379,"column":33},"end":{"line":379,"column":null}}]},"95":{"loc":{"start":{"line":380,"column":15},"end":{"line":380,"column":null}},"type":"binary-expr","locations":[{"start":{"line":380,"column":15},"end":{"line":380,"column":29}},{"start":{"line":380,"column":33},"end":{"line":380,"column":null}}]}},"s":{"0":0,"1":0,"2":0,"3":0,"4":0,"5":0,"6":0,"7":0,"8":0,"9":0,"10":0,"11":0,"12":0,"13":0,"14":0,"15":0,"16":0,"17":0,"18":0,"19":0,"20":0,"21":0,"22":0,"23":0,"24":0,"25":0,"26":0,"27":0,"28":0,"29":0,"30":0,"31":0,"32":0,"33":0,"34":0,"35":0,"36":0,"37":0,"38":0,"39":0,"40":0,"41":0,"42":0,"43":0,"44":0,"45":0,"46":0,"47":0,"48":0,"49":0,"50":0,"51":0,"52":0,"53":0,"54":0,"55":0,"56":0,"57":0,"58":0,"59":0,"60":0,"61":0,"62":0,"63":0,"64":0,"65":0,"66":0,"67":0,"68":0,"69":0,"70":0,"71":0,"72":0,"73":0,"74":0,"75":0,"76":0,"77":0,"78":0,"79":0,"80":0,"81":0,"82":0,"83":0,"84":0,"85":0,"86":0,"87":0,"88":0,"89":0,"90":0,"91":0,"92":0,"93":0,"94":0,"95":0,"96":0,"97":0,"98":0,"99":0,"100":0,"101":0,"102":0,"103":0,"104":0,"105":0,"106":0,"107":0,"108":0,"109":0,"110":0,"111":0,"112":0,"113":0,"114":0,"115":0,"116":0,"117":0,"118":0,"119":0,"120":0,"121":0},"f":{"0":0,"1":0,"2":0,"3":0,"4":0,"5":0,"6":0,"7":0,"8":0},"b":{"0":[0],"1":[0],"2":[0],"3":[0,0],"4":[0,0],"5":[0,0],"6":[0,0],"7":[0,0],"8":[0,0],"9":[0,0],"10":[0,0],"11":[0],"12":[0,0],"13":[0],"14":[0],"15":[0],"16":[0,0],"17":[0],"18":[0,0],"19":[0,0],"20":[0,0],"21":[0],"22":[0],"23":[0,0],"24":[0,0,0],"25":[0],"26":[0,0],"27":[0],"28":[0,0],"29":[0],"30":[0],"31":[0],"32":[0,0],"33":[0],"34":[0,0],"35":[0,0],"36":[0,0],"37":[0],"38":[0],"39":[0],"40":[0],"41":[0,0],"42":[0],"43":[0],"44":[0,0],"45":[0],"46":[0,0],"47":[0],"48":[0,0],"49":[0],"50":[0,0],"51":[0,0],"52":[0,0],"53":[0],"54":[0],"55":[0,0],"56":[0,0],"57":[0],"58":[0,0],"59":[0],"60":[0,0],"61":[0],"62":[0],"63":[0,0],"64":[0],"65":[0,0],"66":[0],"67":[0,0],"68":[0,0],"69":[0,0],"70":[0,0],"71":[0,0,0,0],"72":[0,0],"73":[0,0],"74":[0,0],"75":[0,0],"76":[0,0],"77":[0,0],"78":[0,0],"79":[0,0],"80":[0,0],"81":[0,0],"82":[0,0],"83":[0,0],"84":[0,0],"85":[0,0],"86":[0,0],"87":[0,0],"88":[0,0],"89":[0,0],"90":[0,0],"91":[0,0],"92":[0,0],"93":[0,0],"94":[0,0],"95":[0,0]}}
}
