TN:
SF:src/cli/whiteboard-cli.ts
FN:42,(anonymous_0)
FN:78,(anonymous_1)
FN:96,(anonymous_2)
FN:112,(anonymous_3)
FN:146,(anonymous_4)
FN:184,(anonymous_5)
FN:235,(anonymous_6)
FN:278,(anonymous_7)
FN:315,(anonymous_8)
FN:335,(anonymous_9)
FN:337,(anonymous_10)
FNF:11
FNH:0
FNDA:0,(anonymous_0)
FNDA:0,(anonymous_1)
FNDA:0,(anonymous_2)
FNDA:0,(anonymous_3)
FNDA:0,(anonymous_4)
FNDA:0,(anonymous_5)
FNDA:0,(anonymous_6)
FNDA:0,(anonymous_7)
FNDA:0,(anonymous_8)
FNDA:0,(anonymous_9)
FNDA:0,(anonymous_10)
DA:10,0
DA:11,0
DA:19,0
DA:20,0
DA:21,0
DA:23,0
DA:25,0
DA:31,0
DA:35,0
DA:43,0
DA:44,0
DA:46,0
DA:55,0
DA:61,0
DA:63,0
DA:64,0
DA:65,0
DA:66,0
DA:67,0
DA:69,0
DA:70,0
DA:74,0
DA:79,0
DA:80,0
DA:82,0
DA:88,0
DA:90,0
DA:91,0
DA:92,0
DA:95,0
DA:96,0
DA:97,0
DA:98,0
DA:99,0
DA:100,0
DA:101,0
DA:104,0
DA:105,0
DA:109,0
DA:113,0
DA:114,0
DA:116,0
DA:126,0
DA:128,0
DA:129,0
DA:130,0
DA:131,0
DA:132,0
DA:133,0
DA:134,0
DA:135,0
DA:137,0
DA:138,0
DA:142,0
DA:147,0
DA:148,0
DA:149,0
DA:150,0
DA:151,0
DA:152,0
DA:155,0
DA:157,0
DA:162,0
DA:164,0
DA:166,0
DA:167,0
DA:172,0
DA:176,0
DA:185,0
DA:186,0
DA:188,0
DA:189,0
DA:190,0
DA:193,0
DA:202,0
DA:208,0
DA:210,0
DA:211,0
DA:212,0
DA:213,0
DA:214,0
DA:215,0
DA:217,0
DA:218,0
DA:223,0
DA:227,0
DA:236,0
DA:237,0
DA:239,0
DA:250,0
DA:256,0
DA:258,0
DA:259,0
DA:260,0
DA:261,0
DA:262,0
DA:264,0
DA:265,0
DA:270,0
DA:274,0
DA:279,0
DA:280,0
DA:282,0
DA:292,0
DA:294,0
DA:295,0
DA:297,0
DA:298,0
DA:299,0
DA:300,0
DA:302,0
DA:303,0
DA:308,0
DA:312,0
DA:316,0
DA:317,0
DA:319,0
DA:329,0
DA:331,0
DA:332,0
DA:335,0
DA:336,0
DA:337,0
DA:338,0
DA:340,0
DA:341,0
DA:342,0
DA:343,0
DA:344,0
DA:345,0
DA:346,0
DA:347,0
DA:348,0
DA:349,0
DA:350,0
DA:351,0
DA:352,0
DA:353,0
DA:354,0
DA:356,0
DA:357,0
DA:362,0
DA:365,0
DA:366,0
LF:144
LH:0
BRDA:19,0,0,0
BRDA:19,0,1,0
BRDA:20,1,0,0
BRDA:20,1,1,0
BRDA:61,2,0,0
BRDA:88,3,0,0
BRDA:90,4,0,0
BRDA:126,5,0,0
BRDA:148,6,0,0
BRDA:162,7,0,0
BRDA:189,8,0,0
BRDA:208,9,0,0
BRDA:256,10,0,0
BRDA:292,11,0,0
BRDA:329,12,0,0
BRDA:331,13,0,0
BRDA:331,13,1,0
BRDA:332,14,0,0
BRDA:332,14,1,0
BRDA:336,15,0,0
BRDA:336,15,1,0
BRDA:338,16,0,0
BRDA:338,16,1,0
BRDA:365,17,0,0
BRF:24
BRH:0
end_of_record
TN:
SF:src/components/ErrorBoundary.tsx
FN:25,(anonymous_4)
FN:30,(anonymous_5)
FN:34,(anonymous_6)
FN:38,(anonymous_7)
FN:54,(anonymous_8)
FN:60,(anonymous_9)
FNF:6
FNH:0
FNDA:0,(anonymous_4)
FNDA:0,(anonymous_5)
FNDA:0,(anonymous_6)
FNDA:0,(anonymous_7)
FNDA:0,(anonymous_8)
FNDA:0,(anonymous_9)
DA:3,0
DA:24,0
DA:26,0
DA:27,0
DA:31,0
DA:35,0
DA:39,0
DA:40,0
DA:41,0
DA:54,0
DA:60,0
DA:81,0
LF:12
LH:0
BRDA:39,0,0,0
BRDA:40,1,0,0
BRDA:66,2,0,0
BRDA:66,2,1,0
BRF:4
BRH:0
end_of_record
TN:
SF:src/components/LoadingSpinner.tsx
FN:18,LoadingSpinner
FNF:1
FNH:0
FNDA:0,LoadingSpinner
DA:3,0
DA:18,0
DA:19,0
LF:3
LH:0
BRDA:18,0,0,0
BRDA:18,1,0,0
BRF:2
BRH:0
end_of_record
TN:
SF:src/components/PerformanceMonitor.tsx
FN:19,PerformanceMonitor
FN:29,(anonymous_5)
FN:32,(anonymous_6)
FN:35,(anonymous_7)
FN:39,(anonymous_8)
FN:44,(anonymous_9)
FN:56,(anonymous_10)
FN:61,(anonymous_11)
FN:64,(anonymous_12)
FN:68,(anonymous_13)
FN:72,(anonymous_14)
FN:75,(anonymous_15)
FN:84,(anonymous_16)
FN:92,(anonymous_17)
FN:100,(anonymous_18)
FN:109,(anonymous_19)
FN:121,(anonymous_20)
FN:135,(anonymous_21)
FNF:18
FNH:0
FNDA:0,PerformanceMonitor
FNDA:0,(anonymous_5)
FNDA:0,(anonymous_6)
FNDA:0,(anonymous_7)
FNDA:0,(anonymous_8)
FNDA:0,(anonymous_9)
FNDA:0,(anonymous_10)
FNDA:0,(anonymous_11)
FNDA:0,(anonymous_12)
FNDA:0,(anonymous_13)
FNDA:0,(anonymous_14)
FNDA:0,(anonymous_15)
FNDA:0,(anonymous_16)
FNDA:0,(anonymous_17)
FNDA:0,(anonymous_18)
FNDA:0,(anonymous_19)
FNDA:0,(anonymous_20)
FNDA:0,(anonymous_21)
DA:3,0
DA:19,0
DA:20,0
DA:27,0
DA:29,0
DA:31,0
DA:32,0
DA:35,0
DA:36,0
DA:37,0
DA:38,0
DA:39,0
DA:44,0
DA:45,0
DA:46,0
DA:47,0
DA:49,0
DA:50,0
DA:51,0
DA:52,0
DA:53,0
DA:56,0
DA:61,0
DA:62,0
DA:63,0
DA:64,0
DA:68,0
DA:69,0
DA:72,0
DA:73,0
DA:74,0
DA:75,0
DA:80,0
DA:81,0
DA:82,0
DA:84,0
DA:85,0
DA:86,0
DA:87,0
DA:88,0
DA:92,0
DA:93,0
DA:94,0
DA:95,0
DA:96,0
DA:97,0
DA:100,0
DA:101,0
DA:102,0
DA:103,0
DA:104,0
DA:105,0
DA:109,0
DA:110,0
DA:111,0
DA:112,0
DA:113,0
DA:114,0
DA:118,0
DA:121,0
DA:135,0
LF:61
LH:0
BRDA:36,0,0,0
BRDA:45,1,0,0
BRDA:50,2,0,0
BRDA:50,2,1,0
BRDA:50,3,0,0
BRDA:50,3,1,0
BRDA:52,4,0,0
BRDA:93,5,0,0
BRDA:101,6,0,0
BRDA:101,6,1,0
BRDA:101,6,2,0
BRDA:101,6,3,0
BRDA:110,7,0,0
BRDA:110,7,1,0
BRDA:110,7,2,0
BRDA:110,7,3,0
BRDA:118,8,0,0
BRDA:174,9,0,0
BRDA:180,10,0,0
BRDA:186,11,0,0
BRDA:192,12,0,0
BRF:21
BRH:0
end_of_record
TN:
SF:src/components/UserPresence.tsx
FN:20,UserPresence
FNF:1
FNH:0
FNDA:0,UserPresence
DA:3,0
DA:4,0
DA:20,0
LF:3
LH:0
BRF:0
BRH:0
end_of_record
TN:
SF:src/components/WhiteboardCanvas.tsx
FN:23,WhiteboardCanvas
FN:39,(anonymous_5)
FN:53,(anonymous_6)
FN:73,(anonymous_7)
FN:74,(anonymous_8)
FN:121,(anonymous_9)
FN:125,(anonymous_10)
FN:126,(anonymous_11)
FN:134,(anonymous_12)
FN:152,(anonymous_13)
FN:168,(anonymous_14)
FN:169,(anonymous_15)
FN:190,(anonymous_16)
FN:197,(anonymous_17)
FN:235,(anonymous_18)
FNF:15
FNH:0
FNDA:0,WhiteboardCanvas
FNDA:0,(anonymous_5)
FNDA:0,(anonymous_6)
FNDA:0,(anonymous_7)
FNDA:0,(anonymous_8)
FNDA:0,(anonymous_9)
FNDA:0,(anonymous_10)
FNDA:0,(anonymous_11)
FNDA:0,(anonymous_12)
FNDA:0,(anonymous_13)
FNDA:0,(anonymous_14)
FNDA:0,(anonymous_15)
FNDA:0,(anonymous_16)
FNDA:0,(anonymous_17)
FNDA:0,(anonymous_18)
DA:3,0
DA:4,0
DA:5,0
DA:6,0
DA:23,0
DA:32,0
DA:34,0
DA:35,0
DA:36,0
DA:39,0
DA:40,0
DA:42,0
DA:43,0
DA:45,0
DA:46,0
DA:48,0
DA:49,0
DA:53,0
DA:54,0
DA:56,0
DA:57,0
DA:65,0
DA:66,0
DA:68,0
DA:73,0
DA:74,0
DA:75,0
DA:76,0
DA:78,0
DA:79,0
DA:80,0
DA:82,0
DA:83,0
DA:88,0
DA:90,0
DA:92,0
DA:94,0
DA:96,0
DA:98,0
DA:100,0
DA:105,0
DA:107,0
DA:108,0
DA:110,0
DA:111,0
DA:113,0
DA:114,0
DA:116,0
DA:120,0
DA:121,0
DA:125,0
DA:126,0
DA:127,0
DA:128,0
DA:129,0
DA:133,0
DA:134,0
DA:153,0
DA:168,0
DA:169,0
DA:191,0
DA:192,0
DA:193,0
DA:194,0
DA:198,0
DA:199,0
DA:201,0
DA:235,0
LF:68
LH:0
BRDA:40,0,0,0
BRDA:43,1,0,0
BRDA:54,2,0,0
BRDA:75,3,0,0
BRDA:75,4,0,0
BRDA:75,4,1,0
BRDA:76,5,0,0
BRDA:76,5,1,0
BRDA:76,5,2,0
BRDA:76,5,3,0
BRDA:76,5,4,0
BRDA:83,6,0,0
BRDA:83,6,1,0
BRDA:105,7,0,0
BRDA:105,7,1,0
BRDA:105,7,2,0
BRDA:113,8,0,0
BRDA:113,9,0,0
BRDA:113,9,1,0
BRDA:127,10,0,0
BRDA:176,11,0,0
BRDA:191,12,0,0
BRDA:191,12,1,0
BRDA:193,13,0,0
BRDA:198,14,0,0
BRDA:198,14,1,0
BRDA:210,15,0,0
BRDA:219,16,0,0
BRDA:229,17,0,0
BRDA:247,18,0,0
BRDA:247,18,1,0
BRDA:251,19,0,0
BRDA:251,19,1,0
BRF:33
BRH:0
end_of_record
TN:
SF:src/components/WhiteboardControls.tsx
FN:13,WhiteboardControls
FN:24,(anonymous_3)
FN:35,(anonymous_4)
FN:44,(anonymous_5)
FN:53,(anonymous_6)
FN:57,(anonymous_7)
FN:61,(anonymous_8)
FNF:7
FNH:0
FNDA:0,WhiteboardControls
FNDA:0,(anonymous_3)
FNDA:0,(anonymous_4)
FNDA:0,(anonymous_5)
FNDA:0,(anonymous_6)
FNDA:0,(anonymous_7)
FNDA:0,(anonymous_8)
DA:3,0
DA:4,0
DA:5,0
DA:13,0
DA:21,0
DA:24,0
DA:25,0
DA:26,0
DA:27,0
DA:29,0
DA:35,0
DA:36,0
DA:37,0
DA:39,0
DA:44,0
DA:45,0
DA:46,0
DA:48,0
DA:53,0
DA:54,0
DA:55,0
DA:56,0
DA:57,0
DA:58,0
DA:59,0
DA:60,0
DA:61,0
DA:62,0
DA:63,0
DA:64,0
DA:67,0
DA:70,0
DA:73,0
LF:33
LH:0
BRDA:25,0,0,0
BRDA:59,1,0,0
BRF:2
BRH:0
end_of_record
TN:
SF:src/components/WhiteboardToolbar.tsx
FN:13,WhiteboardToolbar
FN:28,(anonymous_3)
FN:45,(anonymous_4)
FN:56,(anonymous_5)
FN:65,(anonymous_6)
FNF:5
FNH:0
FNDA:0,WhiteboardToolbar
FNDA:0,(anonymous_3)
FNDA:0,(anonymous_4)
FNDA:0,(anonymous_5)
FNDA:0,(anonymous_6)
DA:3,0
DA:4,0
DA:5,0
DA:13,0
DA:25,0
DA:28,0
DA:29,0
DA:30,0
DA:38,0
DA:40,0
DA:45,0
DA:46,0
DA:47,0
DA:48,0
DA:50,0
DA:56,0
DA:57,0
DA:58,0
DA:60,0
DA:65,0
DA:66,0
DA:67,0
DA:69,0
LF:23
LH:0
BRDA:31,0,0,0
BRDA:31,0,1,0
BRDA:46,1,0,0
BRF:3
BRH:0
end_of_record
TN:
SF:src/contracts/types/api.ts
FN:169,(anonymous_6)
FN:185,(anonymous_7)
FN:199,(anonymous_8)
FN:204,(anonymous_9)
FN:209,(anonymous_10)
FNF:5
FNH:5
FNDA:1,(anonymous_6)
FNDA:1,(anonymous_7)
FNDA:8,(anonymous_8)
FNDA:4,(anonymous_9)
FNDA:4,(anonymous_10)
DA:169,1
DA:185,1
DA:199,8
DA:200,8
DA:201,8
DA:204,4
DA:205,4
DA:206,4
DA:209,4
DA:210,4
LF:10
LH:10
BRDA:169,0,0,1
BRDA:169,0,1,1
BRDA:185,1,0,1
BRDA:185,1,1,1
BRF:4
BRH:4
end_of_record
TN:
SF:src/lib/api/client.ts
FN:53,(anonymous_4)
FN:64,(anonymous_5)
FN:89,(anonymous_6)
FN:97,(anonymous_7)
FN:153,(anonymous_8)
FN:162,(anonymous_9)
FN:163,(anonymous_10)
FN:169,(anonymous_11)
FN:180,(anonymous_12)
FN:192,(anonymous_13)
FN:204,(anonymous_14)
FN:215,(anonymous_15)
FN:232,(anonymous_16)
FNF:13
FNH:9
FNDA:2,(anonymous_4)
FNDA:36,(anonymous_5)
FNDA:36,(anonymous_6)
FNDA:0,(anonymous_7)
FNDA:8,(anonymous_8)
FNDA:8,(anonymous_9)
FNDA:8,(anonymous_10)
FNDA:20,(anonymous_11)
FNDA:8,(anonymous_12)
FNDA:0,(anonymous_13)
FNDA:0,(anonymous_14)
FNDA:0,(anonymous_15)
FNDA:9,(anonymous_16)
DA:11,2
DA:14,2
DA:15,2
DA:16,2
DA:17,2
DA:46,0
DA:54,2
DA:55,2
DA:56,2
DA:57,2
DA:58,2
DA:65,36
DA:66,36
DA:68,0
DA:69,0
DA:75,0
DA:79,36
DA:80,36
DA:90,36
DA:92,36
DA:93,36
DA:94,36
DA:96,36
DA:97,36
DA:99,36
DA:109,33
DA:111,33
DA:113,26
DA:114,7
DA:123,19
DA:130,17
DA:131,7
DA:135,10
DA:136,8
DA:137,8
DA:140,2
DA:154,8
DA:155,8
DA:156,8
DA:163,8
DA:170,20
DA:181,8
DA:193,0
DA:205,0
DA:216,0
DA:226,3
DA:233,9
DA:234,9
DA:235,9
DA:236,9
DA:237,9
DA:238,9
DA:243,12
LF:53
LH:46
BRDA:14,0,0,2
BRDA:14,0,1,2
BRDA:68,1,0,0
BRDA:90,2,0,36
BRDA:90,3,0,36
BRDA:90,4,0,28
BRDA:94,5,0,0
BRDA:94,5,1,36
BRDA:105,6,0,8
BRDA:105,6,1,28
BRDA:113,7,0,7
BRDA:115,8,0,7
BRDA:115,8,1,0
BRDA:116,9,0,7
BRDA:116,9,1,6
BRDA:125,10,0,19
BRDA:125,10,1,0
BRDA:130,11,0,7
BRDA:135,12,0,8
BRDA:135,13,0,10
BRDA:135,13,1,8
BRDA:141,14,0,2
BRDA:141,14,1,0
BRDA:154,15,0,0
BRDA:155,16,0,0
BRDA:155,17,0,8
BRDA:155,17,1,0
BRDA:237,18,0,9
BRDA:237,18,1,0
BRDA:238,19,0,9
BRDA:238,19,1,2
BRF:31
BRH:22
end_of_record
TN:
SF:src/lib/api/realtimeApi.ts
FN:65,(anonymous_3)
FN:73,(anonymous_4)
FN:75,(anonymous_5)
FN:81,(anonymous_6)
FN:87,(anonymous_7)
FN:97,(anonymous_8)
FN:102,(anonymous_9)
FN:114,(anonymous_10)
FN:125,(anonymous_11)
FN:147,(anonymous_12)
FN:180,(anonymous_13)
FN:213,(anonymous_14)
FN:246,(anonymous_15)
FN:277,(anonymous_16)
FN:304,(anonymous_17)
FN:324,(anonymous_18)
FN:344,(anonymous_19)
FN:364,(anonymous_20)
FN:371,(anonymous_21)
FN:372,(anonymous_22)
FN:378,(anonymous_23)
FN:396,(anonymous_24)
FNF:22
FNH:0
FNDA:0,(anonymous_3)
FNDA:0,(anonymous_4)
FNDA:0,(anonymous_5)
FNDA:0,(anonymous_6)
FNDA:0,(anonymous_7)
FNDA:0,(anonymous_8)
FNDA:0,(anonymous_9)
FNDA:0,(anonymous_10)
FNDA:0,(anonymous_11)
FNDA:0,(anonymous_12)
FNDA:0,(anonymous_13)
FNDA:0,(anonymous_14)
FNDA:0,(anonymous_15)
FNDA:0,(anonymous_16)
FNDA:0,(anonymous_17)
FNDA:0,(anonymous_18)
FNDA:0,(anonymous_19)
FNDA:0,(anonymous_20)
FNDA:0,(anonymous_21)
FNDA:0,(anonymous_22)
FNDA:0,(anonymous_23)
FNDA:0,(anonymous_24)
DA:11,0
DA:57,0
DA:59,0
DA:60,0
DA:61,0
DA:62,0
DA:63,0
DA:66,0
DA:67,0
DA:75,0
DA:76,0
DA:77,0
DA:78,0
DA:81,0
DA:82,0
DA:83,0
DA:84,0
DA:87,0
DA:88,0
DA:89,0
DA:90,0
DA:98,0
DA:99,0
DA:100,0
DA:102,0
DA:103,0
DA:104,0
DA:107,0
DA:115,0
DA:116,0
DA:118,0
DA:134,0
DA:136,0
DA:137,0
DA:148,0
DA:155,0
DA:160,0
DA:169,0
DA:170,0
DA:181,0
DA:188,0
DA:193,0
DA:202,0
DA:203,0
DA:214,0
DA:221,0
DA:226,0
DA:235,0
DA:236,0
DA:247,0
DA:254,0
DA:259,0
DA:267,0
DA:269,0
DA:270,0
DA:278,0
DA:285,0
DA:286,0
DA:287,0
DA:288,0
DA:289,0
DA:290,0
DA:291,0
DA:293,0
DA:298,0
DA:305,0
DA:306,0
DA:307,0
DA:317,0
DA:325,0
DA:326,0
DA:327,0
DA:337,0
DA:345,0
DA:346,0
DA:347,0
DA:357,0
DA:365,0
DA:372,0
DA:379,0
DA:380,0
DA:381,0
DA:382,0
DA:383,0
DA:385,0
DA:389,0
DA:390,0
DA:397,0
DA:418,0
DA:423,0
LF:90
LH:0
BRDA:98,0,0,0
BRDA:98,0,1,0
BRDA:136,1,0,0
BRDA:150,2,0,0
BRDA:150,2,1,0
BRDA:152,3,0,0
BRDA:152,3,1,0
BRDA:169,4,0,0
BRDA:183,5,0,0
BRDA:183,5,1,0
BRDA:185,6,0,0
BRDA:185,6,1,0
BRDA:202,7,0,0
BRDA:216,8,0,0
BRDA:216,8,1,0
BRDA:218,9,0,0
BRDA:218,9,1,0
BRDA:235,10,0,0
BRDA:249,11,0,0
BRDA:249,11,1,0
BRDA:251,12,0,0
BRDA:251,12,1,0
BRDA:251,12,2,0
BRDA:287,13,0,0
BRDA:287,14,0,0
BRDA:287,14,1,0
BRDA:380,15,0,0
BRDA:418,16,0,0
BRDA:418,16,1,0
BRF:29
BRH:0
end_of_record
TN:
SF:src/lib/api/whiteboardApi.ts
FN:79,(anonymous_3)
FN:86,(anonymous_4)
FN:93,(anonymous_5)
FN:100,(anonymous_6)
FN:107,(anonymous_7)
FN:114,(anonymous_8)
FN:121,(anonymous_9)
FN:128,(anonymous_10)
FN:135,(anonymous_11)
FN:142,(anonymous_12)
FN:149,(anonymous_13)
FN:156,(anonymous_14)
FN:163,(anonymous_15)
FN:170,(anonymous_16)
FN:177,(anonymous_17)
FN:184,(anonymous_18)
FN:191,(anonymous_19)
FNF:17
FNH:7
FNDA:0,(anonymous_3)
FNDA:2,(anonymous_4)
FNDA:2,(anonymous_5)
FNDA:0,(anonymous_6)
FNDA:0,(anonymous_7)
FNDA:3,(anonymous_8)
FNDA:3,(anonymous_9)
FNDA:0,(anonymous_10)
FNDA:0,(anonymous_11)
FNDA:2,(anonymous_12)
FNDA:3,(anonymous_13)
FNDA:0,(anonymous_14)
FNDA:0,(anonymous_15)
FNDA:3,(anonymous_16)
FNDA:0,(anonymous_17)
FNDA:0,(anonymous_18)
FNDA:0,(anonymous_19)
DA:11,2
DA:73,0
DA:74,2
DA:80,0
DA:87,2
DA:94,2
DA:101,0
DA:108,0
DA:115,3
DA:122,3
DA:129,0
DA:136,0
DA:143,2
DA:150,3
DA:157,0
DA:164,0
DA:171,3
DA:178,0
DA:185,0
DA:192,0
DA:197,18
LF:21
LH:10
BRF:0
BRH:0
end_of_record
TN:
SF:src/lib/supabase/client.ts
FNF:0
FNH:0
DA:9,0
DA:11,0
DA:12,0
DA:14,0
DA:27,0
LF:5
LH:0
BRDA:11,0,0,0
BRDA:11,0,1,0
BRDA:12,1,0,0
BRDA:12,1,1,0
BRF:4
BRH:0
end_of_record
TN:
SF:src/lib/supabase/server.ts
FNF:0
FNH:0
DA:9,0
DA:11,0
DA:12,0
DA:14,0
DA:21,0
LF:5
LH:0
BRDA:11,0,0,0
BRDA:11,0,1,0
BRDA:12,1,0,0
BRDA:12,1,1,0
BRF:4
BRH:0
end_of_record
TN:
SF:src/lib/whiteboard/components/DrawingCanvas.tsx
FN:29,(anonymous_6)
FN:47,(anonymous_7)
FN:68,(anonymous_8)
FN:74,(anonymous_9)
FN:84,(anonymous_10)
FN:97,(anonymous_11)
FN:105,(anonymous_12)
FN:116,(anonymous_13)
FN:127,(anonymous_14)
FN:135,(anonymous_15)
FN:143,(anonymous_16)
FN:151,(anonymous_17)
FN:154,(anonymous_18)
FN:172,(anonymous_19)
FN:175,(anonymous_20)
FN:181,(anonymous_21)
FN:208,(anonymous_22)
FN:217,(anonymous_23)
FN:237,(anonymous_24)
FN:247,(anonymous_25)
FN:257,(anonymous_26)
FN:276,(anonymous_27)
FN:291,(anonymous_28)
FNF:23
FNH:0
FNDA:0,(anonymous_6)
FNDA:0,(anonymous_7)
FNDA:0,(anonymous_8)
FNDA:0,(anonymous_9)
FNDA:0,(anonymous_10)
FNDA:0,(anonymous_11)
FNDA:0,(anonymous_12)
FNDA:0,(anonymous_13)
FNDA:0,(anonymous_14)
FNDA:0,(anonymous_15)
FNDA:0,(anonymous_16)
FNDA:0,(anonymous_17)
FNDA:0,(anonymous_18)
FNDA:0,(anonymous_19)
FNDA:0,(anonymous_20)
FNDA:0,(anonymous_21)
FNDA:0,(anonymous_22)
FNDA:0,(anonymous_23)
FNDA:0,(anonymous_24)
FNDA:0,(anonymous_25)
FNDA:0,(anonymous_26)
FNDA:0,(anonymous_27)
FNDA:0,(anonymous_28)
DA:3,0
DA:4,0
DA:6,0
DA:7,0
DA:29,0
DA:36,0
DA:37,0
DA:38,0
DA:39,0
DA:40,0
DA:41,0
DA:43,0
DA:44,0
DA:47,0
DA:48,0
DA:50,0
DA:58,0
DA:61,0
DA:62,0
DA:63,0
DA:66,0
DA:68,0
DA:69,0
DA:74,0
DA:75,0
DA:76,0
DA:78,0
DA:84,0
DA:93,0
DA:97,0
DA:98,0
DA:99,0
DA:101,0
DA:102,0
DA:104,0
DA:105,0
DA:112,0
DA:116,0
DA:117,0
DA:118,0
DA:120,0
DA:121,0
DA:123,0
DA:127,0
DA:128,0
DA:129,0
DA:131,0
DA:132,0
DA:133,0
DA:135,0
DA:136,0
DA:137,0
DA:138,0
DA:143,0
DA:144,0
DA:145,0
DA:148,0
DA:151,0
DA:152,0
DA:154,0
DA:155,0
DA:165,0
DA:168,0
DA:172,0
DA:173,0
DA:175,0
DA:176,0
DA:181,0
DA:182,0
DA:183,0
DA:184,0
DA:186,0
DA:188,0
DA:189,0
DA:190,0
DA:192,0
DA:193,0
DA:194,0
DA:196,0
DA:198,0
DA:201,0
DA:202,0
DA:203,0
DA:208,0
DA:209,0
DA:210,0
DA:211,0
DA:212,0
DA:217,0
DA:218,0
DA:219,0
DA:220,0
DA:221,0
DA:237,0
DA:247,0
DA:257,0
DA:276,0
DA:291,0
DA:301,0
LF:99
LH:0
BRDA:32,0,0,0
BRDA:33,1,0,0
BRDA:34,2,0,0
BRDA:48,3,0,0
BRDA:76,4,0,0
BRDA:76,5,0,0
BRDA:76,5,1,0
BRDA:84,6,0,0
BRDA:84,6,1,0
BRDA:99,7,0,0
BRDA:99,8,0,0
BRDA:99,8,1,0
BRDA:102,9,0,0
BRDA:105,10,0,0
BRDA:105,10,1,0
BRDA:118,11,0,0
BRDA:121,12,0,0
BRDA:129,13,0,0
BRDA:145,14,0,0
BRDA:152,15,0,0
BRDA:184,16,0,0
BRDA:186,17,0,0
BRDA:186,17,1,0
BRDA:186,17,2,0
BRDA:201,18,0,0
BRDA:211,19,0,0
BRDA:220,20,0,0
BRDA:230,21,0,0
BRDA:230,21,1,0
BRDA:239,22,0,0
BRDA:239,22,1,0
BRDA:249,23,0,0
BRDA:249,23,1,0
BRDA:259,24,0,0
BRDA:259,24,1,0
BRF:35
BRH:0
end_of_record
TN:
SF:src/lib/whiteboard/components/StickyNote.tsx
FN:30,(anonymous_7)
FN:48,(anonymous_8)
FN:53,(anonymous_9)
FN:75,(anonymous_10)
FN:81,(anonymous_11)
FN:90,(anonymous_12)
FN:106,(anonymous_13)
FN:122,(anonymous_14)
FN:131,(anonymous_15)
FN:136,(anonymous_16)
FN:142,(anonymous_17)
FN:180,(anonymous_18)
FN:190,(anonymous_19)
FN:212,(anonymous_20)
FN:216,(anonymous_21)
FN:223,(anonymous_22)
FN:237,(anonymous_23)
FNF:17
FNH:0
FNDA:0,(anonymous_7)
FNDA:0,(anonymous_8)
FNDA:0,(anonymous_9)
FNDA:0,(anonymous_10)
FNDA:0,(anonymous_11)
FNDA:0,(anonymous_12)
FNDA:0,(anonymous_13)
FNDA:0,(anonymous_14)
FNDA:0,(anonymous_15)
FNDA:0,(anonymous_16)
FNDA:0,(anonymous_17)
FNDA:0,(anonymous_18)
FNDA:0,(anonymous_19)
FNDA:0,(anonymous_20)
FNDA:0,(anonymous_21)
FNDA:0,(anonymous_22)
FNDA:0,(anonymous_23)
DA:3,0
DA:4,0
DA:6,0
DA:30,0
DA:38,0
DA:39,0
DA:40,0
DA:41,0
DA:42,0
DA:43,0
DA:45,0
DA:48,0
DA:49,0
DA:53,0
DA:54,0
DA:55,0
DA:56,0
DA:57,0
DA:60,0
DA:65,0
DA:66,0
DA:68,0
DA:71,0
DA:75,0
DA:76,0
DA:77,0
DA:81,0
DA:82,0
DA:83,0
DA:84,0
DA:85,0
DA:90,0
DA:91,0
DA:93,0
DA:98,0
DA:99,0
DA:101,0
DA:106,0
DA:107,0
DA:109,0
DA:114,0
DA:115,0
DA:117,0
DA:122,0
DA:123,0
DA:124,0
DA:126,0
DA:131,0
DA:132,0
DA:136,0
DA:137,0
DA:138,0
DA:142,0
DA:143,0
DA:144,0
DA:145,0
DA:150,0
DA:180,0
DA:190,0
DA:212,0
DA:217,0
DA:224,0
DA:225,0
DA:238,0
DA:239,0
DA:263,0
LF:66
LH:0
BRDA:34,0,0,0
BRDA:54,1,0,0
BRDA:65,2,0,0
BRDA:65,2,1,0
BRDA:82,3,0,0
BRDA:82,3,1,0
BRDA:82,4,0,0
BRDA:82,4,1,0
BRDA:84,5,0,0
BRDA:98,6,0,0
BRDA:98,6,1,0
BRDA:114,7,0,0
BRDA:114,7,1,0
BRDA:123,8,0,0
BRDA:123,8,1,0
BRDA:143,9,0,0
BRDA:143,10,0,0
BRDA:143,10,1,0
BRDA:166,11,0,0
BRDA:166,11,1,0
BRDA:171,12,0,0
BRDA:171,12,1,0
BRDA:172,13,0,0
BRDA:172,13,1,0
BRDA:177,14,0,0
BRDA:190,15,0,0
BRDA:190,15,1,0
BRDA:192,16,0,0
BRDA:192,16,1,0
BRDA:197,17,0,0
BRDA:204,18,0,0
BRDA:220,19,0,0
BRDA:220,19,1,0
BRDA:250,20,0,0
BRF:34
BRH:0
end_of_record
TN:
SF:src/lib/whiteboard/components/Toolbar.tsx
FN:43,(anonymous_4)
FN:98,(anonymous_5)
FN:101,(anonymous_6)
FN:120,(anonymous_7)
FN:123,(anonymous_8)
FN:145,(anonymous_9)
FN:167,(anonymous_10)
FNF:7
FNH:0
FNDA:0,(anonymous_4)
FNDA:0,(anonymous_5)
FNDA:0,(anonymous_6)
FNDA:0,(anonymous_7)
FNDA:0,(anonymous_8)
FNDA:0,(anonymous_9)
FNDA:0,(anonymous_10)
DA:3,0
DA:43,0
DA:59,0
DA:66,0
DA:80,0
DA:99,0
DA:101,0
DA:121,0
DA:123,0
DA:145,0
DA:168,0
DA:246,0
LF:12
LH:0
BRDA:54,0,0,0
BRDA:55,1,0,0
BRDA:56,2,0,0
BRDA:103,3,0,0
BRDA:103,3,1,0
BRDA:125,4,0,0
BRDA:125,4,1,0
BRDA:190,5,0,0
BRDA:190,5,1,0
BRDA:202,6,0,0
BRDA:202,6,1,0
BRF:11
BRH:0
end_of_record
TN:
SF:src/lib/whiteboard/components/UserPresence.tsx
FN:23,(anonymous_6)
FN:32,(anonymous_7)
FN:33,(anonymous_8)
FN:37,(anonymous_9)
FN:41,(anonymous_10)
FN:42,(anonymous_11)
FN:52,(anonymous_12)
FN:56,(anonymous_13)
FN:61,(anonymous_14)
FN:69,(anonymous_15)
FN:72,(anonymous_16)
FN:79,(anonymous_17)
FN:92,(anonymous_18)
FN:128,(anonymous_19)
FN:159,(anonymous_20)
FNF:15
FNH:0
FNDA:0,(anonymous_6)
FNDA:0,(anonymous_7)
FNDA:0,(anonymous_8)
FNDA:0,(anonymous_9)
FNDA:0,(anonymous_10)
FNDA:0,(anonymous_11)
FNDA:0,(anonymous_12)
FNDA:0,(anonymous_13)
FNDA:0,(anonymous_14)
FNDA:0,(anonymous_15)
FNDA:0,(anonymous_16)
FNDA:0,(anonymous_17)
FNDA:0,(anonymous_18)
FNDA:0,(anonymous_19)
FNDA:0,(anonymous_20)
DA:3,0
DA:5,0
DA:23,0
DA:28,0
DA:29,0
DA:32,0
DA:33,0
DA:34,0
DA:37,0
DA:41,0
DA:42,0
DA:43,0
DA:51,0
DA:52,0
DA:56,0
DA:57,0
DA:61,0
DA:62,0
DA:63,0
DA:65,0
DA:69,0
DA:70,0
DA:72,0
DA:79,0
DA:80,0
DA:84,0
DA:85,0
DA:93,0
DA:129,0
DA:159,0
DA:174,0
LF:31
LH:0
BRDA:26,0,0,0
BRDA:80,1,0,0
BRDA:80,1,1,0
BRDA:84,2,0,0
BRDA:111,3,0,0
BRDA:111,3,1,0
BRDA:118,4,0,0
BRDA:118,4,1,0
BRDA:120,5,0,0
BRDA:120,5,1,0
BRDA:129,6,0,0
BRDA:129,6,1,0
BRDA:161,7,0,0
BRDA:161,7,1,0
BRDA:163,8,0,0
BRDA:163,8,1,0
BRDA:168,9,0,0
BRDA:168,9,1,0
BRF:18
BRH:0
end_of_record
TN:
SF:src/lib/whiteboard/components/WhiteboardControls.tsx
FN:35,(anonymous_6)
FN:50,(anonymous_7)
FN:57,(anonymous_8)
FN:62,(anonymous_9)
FN:63,(anonymous_10)
FN:94,(anonymous_11)
FNF:6
FNH:0
FNDA:0,(anonymous_6)
FNDA:0,(anonymous_7)
FNDA:0,(anonymous_8)
FNDA:0,(anonymous_9)
FNDA:0,(anonymous_10)
FNDA:0,(anonymous_11)
DA:3,0
DA:35,0
DA:47,0
DA:50,0
DA:51,0
DA:52,0
DA:53,0
DA:55,0
DA:57,0
DA:62,0
DA:63,0
DA:64,0
DA:65,0
DA:67,0
DA:68,0
DA:69,0
DA:70,0
DA:71,0
DA:72,0
DA:74,0
DA:76,0
DA:77,0
DA:78,0
DA:80,0
DA:82,0
DA:83,0
DA:84,0
DA:86,0
DA:87,0
DA:88,0
DA:93,0
DA:94,0
DA:235,0
LF:33
LH:0
BRDA:42,0,0,0
BRDA:43,1,0,0
BRDA:44,2,0,0
BRDA:45,3,0,0
BRDA:51,4,0,0
BRDA:51,4,1,0
BRDA:64,5,0,0
BRDA:64,6,0,0
BRDA:64,6,1,0
BRDA:65,7,0,0
BRDA:65,7,1,0
BRDA:65,7,2,0
BRDA:65,7,3,0
BRDA:67,8,0,0
BRDA:67,8,1,0
BRDA:67,9,0,0
BRDA:67,9,1,0
BRDA:70,10,0,0
BRDA:76,11,0,0
BRDA:106,12,0,0
BRDA:106,12,1,0
BRDA:118,13,0,0
BRDA:118,13,1,0
BRDA:135,14,0,0
BRDA:135,14,1,0
BRDA:141,15,0,0
BRDA:141,15,1,0
BRDA:152,16,0,0
BRDA:152,16,1,0
BRDA:158,17,0,0
BRDA:158,17,1,0
BRF:31
BRH:0
end_of_record
TN:
SF:src/lib/whiteboard/context/WhiteboardContext.tsx
FN:73,whiteboardReducer
FN:87,(anonymous_8)
FN:95,(anonymous_9)
FN:107,(anonymous_10)
FN:115,(anonymous_11)
FN:224,(anonymous_12)
FN:264,(anonymous_13)
FN:268,(anonymous_14)
FN:272,(anonymous_15)
FN:276,(anonymous_16)
FN:280,(anonymous_17)
FN:284,(anonymous_18)
FN:290,(anonymous_19)
FN:300,(anonymous_20)
FN:310,(anonymous_21)
FN:320,(anonymous_22)
FN:331,(anonymous_23)
FN:341,(anonymous_24)
FN:351,(anonymous_25)
FN:361,(anonymous_26)
FN:372,(anonymous_27)
FN:376,(anonymous_28)
FN:380,(anonymous_29)
FN:385,(anonymous_30)
FN:389,(anonymous_31)
FN:393,(anonymous_32)
FN:398,(anonymous_33)
FN:407,(anonymous_34)
FN:416,(anonymous_35)
FN:470,(anonymous_36)
FNF:30
FNH:0
FNDA:0,whiteboardReducer
FNDA:0,(anonymous_8)
FNDA:0,(anonymous_9)
FNDA:0,(anonymous_10)
FNDA:0,(anonymous_11)
FNDA:0,(anonymous_12)
FNDA:0,(anonymous_13)
FNDA:0,(anonymous_14)
FNDA:0,(anonymous_15)
FNDA:0,(anonymous_16)
FNDA:0,(anonymous_17)
FNDA:0,(anonymous_18)
FNDA:0,(anonymous_19)
FNDA:0,(anonymous_20)
FNDA:0,(anonymous_21)
FNDA:0,(anonymous_22)
FNDA:0,(anonymous_23)
FNDA:0,(anonymous_24)
FNDA:0,(anonymous_25)
FNDA:0,(anonymous_26)
FNDA:0,(anonymous_27)
FNDA:0,(anonymous_28)
FNDA:0,(anonymous_29)
FNDA:0,(anonymous_30)
FNDA:0,(anonymous_31)
FNDA:0,(anonymous_32)
FNDA:0,(anonymous_33)
FNDA:0,(anonymous_34)
FNDA:0,(anonymous_35)
FNDA:0,(anonymous_36)
DA:3,0
DA:8,0
DA:9,0
DA:10,0
DA:11,0
DA:55,0
DA:74,0
DA:76,0
DA:79,0
DA:82,0
DA:85,0
DA:88,0
DA:93,0
DA:95,0
DA:99,0
DA:102,0
DA:105,0
DA:108,0
DA:113,0
DA:115,0
DA:119,0
DA:122,0
DA:125,0
DA:128,0
DA:131,0
DA:134,0
DA:137,0
DA:140,0
DA:141,0
DA:142,0
DA:151,0
DA:152,0
DA:159,0
DA:162,0
DA:163,0
DA:170,0
DA:173,0
DA:182,0
DA:215,0
DA:224,0
DA:229,0
DA:240,0
DA:250,0
DA:257,0
DA:261,0
DA:264,0
DA:265,0
DA:268,0
DA:269,0
DA:272,0
DA:273,0
DA:276,0
DA:277,0
DA:280,0
DA:281,0
DA:284,0
DA:285,0
DA:286,0
DA:290,0
DA:291,0
DA:292,0
DA:293,0
DA:294,0
DA:296,0
DA:300,0
DA:301,0
DA:302,0
DA:303,0
DA:304,0
DA:306,0
DA:310,0
DA:311,0
DA:312,0
DA:313,0
DA:314,0
DA:316,0
DA:320,0
DA:321,0
DA:322,0
DA:323,0
DA:324,0
DA:326,0
DA:331,0
DA:332,0
DA:333,0
DA:334,0
DA:335,0
DA:337,0
DA:341,0
DA:342,0
DA:343,0
DA:344,0
DA:345,0
DA:347,0
DA:351,0
DA:352,0
DA:353,0
DA:354,0
DA:355,0
DA:357,0
DA:361,0
DA:362,0
DA:363,0
DA:364,0
DA:365,0
DA:367,0
DA:372,0
DA:373,0
DA:376,0
DA:377,0
DA:380,0
DA:381,0
DA:385,0
DA:386,0
DA:389,0
DA:390,0
DA:393,0
DA:394,0
DA:398,0
DA:399,0
DA:400,0
DA:401,0
DA:403,0
DA:407,0
DA:408,0
DA:410,0
DA:412,0
DA:416,0
DA:417,0
DA:418,0
DA:426,0
DA:427,0
DA:428,0
DA:429,0
DA:430,0
DA:431,0
DA:432,0
DA:433,0
DA:434,0
DA:436,0
DA:440,0
DA:470,0
DA:471,0
DA:472,0
DA:473,0
DA:475,0
DA:478,0
LF:147
LH:0
BRDA:74,0,0,0
BRDA:74,0,1,0
BRDA:74,0,2,0
BRDA:74,0,3,0
BRDA:74,0,4,0
BRDA:74,0,5,0
BRDA:74,0,6,0
BRDA:74,0,7,0
BRDA:74,0,8,0
BRDA:74,0,9,0
BRDA:74,0,10,0
BRDA:74,0,11,0
BRDA:74,0,12,0
BRDA:74,0,13,0
BRDA:74,0,14,0
BRDA:74,0,15,0
BRDA:74,0,16,0
BRDA:74,0,17,0
BRDA:74,0,18,0
BRDA:74,0,19,0
BRDA:74,0,20,0
BRDA:88,1,0,0
BRDA:88,1,1,0
BRDA:108,2,0,0
BRDA:108,2,1,0
BRDA:151,3,0,0
BRDA:162,4,0,0
BRDA:281,5,0,0
BRDA:281,5,1,0
BRDA:281,5,2,0
BRDA:285,6,0,0
BRDA:285,6,1,0
BRDA:285,6,2,0
BRDA:296,7,0,0
BRDA:296,7,1,0
BRDA:306,8,0,0
BRDA:306,8,1,0
BRDA:316,9,0,0
BRDA:316,9,1,0
BRDA:326,10,0,0
BRDA:326,10,1,0
BRDA:337,11,0,0
BRDA:337,11,1,0
BRDA:347,12,0,0
BRDA:347,12,1,0
BRDA:357,13,0,0
BRDA:357,13,1,0
BRDA:367,14,0,0
BRDA:367,14,1,0
BRDA:403,15,0,0
BRDA:403,15,1,0
BRDA:412,16,0,0
BRDA:412,16,1,0
BRDA:436,17,0,0
BRDA:436,17,1,0
BRDA:472,18,0,0
BRF:56
BRH:0
end_of_record
TN:
SF:src/lib/whiteboard/hooks/useDrawing.ts
FN:27,(anonymous_3)
FN:35,(anonymous_4)
FN:40,(anonymous_5)
FN:42,(anonymous_6)
FN:46,(anonymous_7)
FN:60,(anonymous_8)
FN:64,(anonymous_9)
FN:72,(anonymous_10)
FN:76,(anonymous_11)
FN:77,(anonymous_12)
FN:88,(anonymous_13)
FN:92,(anonymous_14)
FN:92,(anonymous_15)
FN:100,(anonymous_16)
FNF:14
FNH:0
FNDA:0,(anonymous_3)
FNDA:0,(anonymous_4)
FNDA:0,(anonymous_5)
FNDA:0,(anonymous_6)
FNDA:0,(anonymous_7)
FNDA:0,(anonymous_8)
FNDA:0,(anonymous_9)
FNDA:0,(anonymous_10)
FNDA:0,(anonymous_11)
FNDA:0,(anonymous_12)
FNDA:0,(anonymous_13)
FNDA:0,(anonymous_14)
FNDA:0,(anonymous_15)
FNDA:0,(anonymous_16)
DA:3,0
DA:5,0
DA:6,0
DA:27,0
DA:28,0
DA:29,0
DA:30,0
DA:32,0
DA:35,0
DA:36,0
DA:40,0
DA:41,0
DA:42,0
DA:46,0
DA:47,0
DA:48,0
DA:49,0
DA:50,0
DA:51,0
DA:53,0
DA:55,0
DA:60,0
DA:61,0
DA:62,0
DA:63,0
DA:64,0
DA:66,0
DA:67,0
DA:72,0
DA:73,0
DA:74,0
DA:75,0
DA:76,0
DA:77,0
DA:78,0
DA:82,0
DA:83,0
DA:88,0
DA:89,0
DA:90,0
DA:91,0
DA:92,0
DA:94,0
DA:95,0
DA:100,0
DA:101,0
DA:102,0
DA:103,0
DA:104,0
DA:106,0
DA:107,0
DA:111,0
DA:122,0
LF:53
LH:0
BRDA:53,0,0,0
BRDA:53,0,1,0
BRDA:66,1,0,0
BRDA:66,1,1,0
BRDA:78,2,0,0
BRDA:78,2,1,0
BRDA:82,3,0,0
BRDA:82,3,1,0
BRDA:94,4,0,0
BRDA:94,4,1,0
BRDA:106,5,0,0
BRDA:106,5,1,0
BRF:12
BRH:0
end_of_record
TN:
SF:src/lib/whiteboard/hooks/useRealtimeSync.ts
FN:25,(anonymous_3)
FN:33,(anonymous_4)
FN:39,(anonymous_5)
FN:43,(anonymous_6)
FN:47,(anonymous_7)
FN:57,(anonymous_8)
FN:65,(anonymous_9)
FN:71,(anonymous_10)
FN:75,(anonymous_11)
FN:79,(anonymous_12)
FN:89,(anonymous_13)
FN:97,(anonymous_14)
FN:103,(anonymous_15)
FN:107,(anonymous_16)
FN:111,(anonymous_17)
FN:121,(anonymous_18)
FN:129,(anonymous_19)
FN:130,(anonymous_20)
FN:131,(anonymous_21)
FNF:19
FNH:0
FNDA:0,(anonymous_3)
FNDA:0,(anonymous_4)
FNDA:0,(anonymous_5)
FNDA:0,(anonymous_6)
FNDA:0,(anonymous_7)
FNDA:0,(anonymous_8)
FNDA:0,(anonymous_9)
FNDA:0,(anonymous_10)
FNDA:0,(anonymous_11)
FNDA:0,(anonymous_12)
FNDA:0,(anonymous_13)
FNDA:0,(anonymous_14)
FNDA:0,(anonymous_15)
FNDA:0,(anonymous_16)
FNDA:0,(anonymous_17)
FNDA:0,(anonymous_18)
FNDA:0,(anonymous_19)
FNDA:0,(anonymous_20)
FNDA:0,(anonymous_21)
DA:3,0
DA:4,0
DA:25,0
DA:26,0
DA:33,0
DA:34,0
DA:35,0
DA:38,0
DA:41,0
DA:45,0
DA:49,0
DA:53,0
DA:57,0
DA:58,0
DA:59,0
DA:60,0
DA:65,0
DA:66,0
DA:67,0
DA:70,0
DA:73,0
DA:77,0
DA:81,0
DA:85,0
DA:89,0
DA:90,0
DA:91,0
DA:92,0
DA:97,0
DA:98,0
DA:99,0
DA:102,0
DA:105,0
DA:109,0
DA:113,0
DA:117,0
DA:121,0
DA:122,0
DA:123,0
DA:124,0
DA:129,0
DA:130,0
DA:131,0
DA:132,0
DA:137,0
DA:148,0
LF:46
LH:0
BRDA:34,0,0,0
BRDA:58,1,0,0
BRDA:66,2,0,0
BRDA:90,3,0,0
BRDA:98,4,0,0
BRDA:122,5,0,0
BRDA:132,6,0,0
BRF:7
BRH:0
end_of_record
TN:
SF:src/lib/whiteboard/hooks/useStickyNotes.ts
FN:27,(anonymous_3)
FN:35,(anonymous_4)
FN:40,(anonymous_5)
FN:42,(anonymous_6)
FN:46,(anonymous_7)
FN:60,(anonymous_8)
FN:64,(anonymous_9)
FN:72,(anonymous_10)
FN:76,(anonymous_11)
FN:77,(anonymous_12)
FN:88,(anonymous_13)
FN:92,(anonymous_14)
FN:92,(anonymous_15)
FN:100,(anonymous_16)
FNF:14
FNH:0
FNDA:0,(anonymous_3)
FNDA:0,(anonymous_4)
FNDA:0,(anonymous_5)
FNDA:0,(anonymous_6)
FNDA:0,(anonymous_7)
FNDA:0,(anonymous_8)
FNDA:0,(anonymous_9)
FNDA:0,(anonymous_10)
FNDA:0,(anonymous_11)
FNDA:0,(anonymous_12)
FNDA:0,(anonymous_13)
FNDA:0,(anonymous_14)
FNDA:0,(anonymous_15)
FNDA:0,(anonymous_16)
DA:3,0
DA:5,0
DA:6,0
DA:27,0
DA:28,0
DA:29,0
DA:30,0
DA:32,0
DA:35,0
DA:36,0
DA:40,0
DA:41,0
DA:42,0
DA:46,0
DA:47,0
DA:48,0
DA:49,0
DA:50,0
DA:51,0
DA:53,0
DA:55,0
DA:60,0
DA:61,0
DA:62,0
DA:63,0
DA:64,0
DA:66,0
DA:67,0
DA:72,0
DA:73,0
DA:74,0
DA:75,0
DA:76,0
DA:77,0
DA:78,0
DA:82,0
DA:83,0
DA:88,0
DA:89,0
DA:90,0
DA:91,0
DA:92,0
DA:94,0
DA:95,0
DA:100,0
DA:101,0
DA:102,0
DA:103,0
DA:104,0
DA:106,0
DA:107,0
DA:111,0
DA:122,0
LF:53
LH:0
BRDA:53,0,0,0
BRDA:53,0,1,0
BRDA:66,1,0,0
BRDA:66,1,1,0
BRDA:78,2,0,0
BRDA:78,2,1,0
BRDA:82,3,0,0
BRDA:82,3,1,0
BRDA:94,4,0,0
BRDA:94,4,1,0
BRDA:106,5,0,0
BRDA:106,5,1,0
BRF:12
BRH:0
end_of_record
TN:
SF:src/lib/whiteboard/hooks/useUserPresence.ts
FN:25,(anonymous_3)
FN:33,(anonymous_4)
FN:38,(anonymous_5)
FN:40,(anonymous_6)
FN:44,(anonymous_7)
FN:45,(anonymous_8)
FN:49,(anonymous_9)
FN:53,(anonymous_10)
FN:67,(anonymous_11)
FNF:9
FNH:0
FNDA:0,(anonymous_3)
FNDA:0,(anonymous_4)
FNDA:0,(anonymous_5)
FNDA:0,(anonymous_6)
FNDA:0,(anonymous_7)
FNDA:0,(anonymous_8)
FNDA:0,(anonymous_9)
FNDA:0,(anonymous_10)
FNDA:0,(anonymous_11)
DA:3,0
DA:5,0
DA:6,0
DA:25,0
DA:26,0
DA:27,0
DA:28,0
DA:30,0
DA:33,0
DA:34,0
DA:38,0
DA:39,0
DA:40,0
DA:44,0
DA:45,0
DA:46,0
DA:49,0
DA:53,0
DA:54,0
DA:55,0
DA:56,0
DA:57,0
DA:58,0
DA:60,0
DA:62,0
DA:67,0
DA:68,0
DA:69,0
DA:70,0
DA:77,0
DA:79,0
DA:83,0
DA:91,0
LF:33
LH:0
BRDA:60,0,0,0
BRDA:60,0,1,0
BRDA:79,1,0,0
BRDA:79,1,1,0
BRF:4
BRH:0
end_of_record
TN:
SF:src/lib/whiteboard/models/Drawing.ts
FN:22,(anonymous_1)
FN:44,(anonymous_2)
FN:47,(anonymous_3)
FN:82,(anonymous_4)
FN:111,(anonymous_5)
FN:114,(anonymous_6)
FN:157,(anonymous_7)
FN:172,(anonymous_8)
FN:183,(anonymous_9)
FN:197,(anonymous_10)
FN:269,(anonymous_11)
FNF:11
FNH:0
FNDA:0,(anonymous_1)
FNDA:0,(anonymous_2)
FNDA:0,(anonymous_3)
FNDA:0,(anonymous_4)
FNDA:0,(anonymous_5)
FNDA:0,(anonymous_6)
FNDA:0,(anonymous_7)
FNDA:0,(anonymous_8)
FNDA:0,(anonymous_9)
FNDA:0,(anonymous_10)
FNDA:0,(anonymous_11)
DA:10,2
DA:13,0
DA:31,0
DA:32,0
DA:33,0
DA:34,0
DA:35,0
DA:36,0
DA:37,0
DA:45,0
DA:46,0
DA:47,0
DA:50,0
DA:63,0
DA:64,0
DA:67,0
DA:83,0
DA:89,0
DA:90,0
DA:91,0
DA:93,0
DA:96,0
DA:112,0
DA:113,0
DA:114,0
DA:117,0
DA:118,0
DA:119,0
DA:121,0
DA:122,0
DA:124,0
DA:125,0
DA:127,0
DA:128,0
DA:131,0
DA:138,0
DA:139,0
DA:142,0
DA:158,0
DA:163,0
DA:164,0
DA:173,0
DA:179,0
DA:180,0
DA:183,0
DA:198,0
DA:200,0
DA:201,0
DA:208,0
DA:209,0
DA:216,0
DA:217,0
DA:224,0
DA:225,0
DA:232,0
DA:233,0
DA:234,0
DA:235,0
DA:236,0
DA:242,0
DA:243,0
DA:252,0
DA:253,0
DA:260,0
DA:270,0
DA:272,0
DA:273,0
DA:280,0
DA:281,0
DA:288,0
DA:289,0
DA:296,0
DA:297,0
DA:298,0
DA:305,0
DA:306,0
DA:307,0
DA:308,0
DA:314,0
DA:315,0
DA:324,0
LF:81
LH:1
BRDA:46,0,0,0
BRDA:63,1,0,0
BRDA:89,2,0,0
BRDA:90,3,0,0
BRDA:113,4,0,0
BRDA:118,5,0,0
BRDA:121,6,0,0
BRDA:124,7,0,0
BRDA:127,8,0,0
BRDA:138,9,0,0
BRDA:163,10,0,0
BRDA:179,11,0,0
BRDA:200,12,0,0
BRDA:200,13,0,0
BRDA:200,13,1,0
BRDA:208,14,0,0
BRDA:208,15,0,0
BRDA:208,15,1,0
BRDA:216,16,0,0
BRDA:216,17,0,0
BRDA:216,17,1,0
BRDA:216,17,2,0
BRDA:224,18,0,0
BRDA:224,19,0,0
BRDA:224,19,1,0
BRDA:232,20,0,0
BRDA:235,21,0,0
BRDA:235,22,0,0
BRDA:235,22,1,0
BRDA:242,23,0,0
BRDA:242,24,0,0
BRDA:242,24,1,0
BRDA:252,25,0,0
BRDA:272,26,0,0
BRDA:272,27,0,0
BRDA:272,27,1,0
BRDA:280,28,0,0
BRDA:280,29,0,0
BRDA:280,29,1,0
BRDA:288,30,0,0
BRDA:288,31,0,0
BRDA:288,31,1,0
BRDA:288,31,2,0
BRDA:296,32,0,0
BRDA:297,33,0,0
BRDA:307,34,0,0
BRDA:307,35,0,0
BRDA:307,35,1,0
BRDA:314,36,0,0
BRDA:314,37,0,0
BRDA:314,37,1,0
BRF:51
BRH:0
end_of_record
TN:
SF:src/lib/whiteboard/models/DrawingModel.ts
FN:72,(anonymous_9)
FN:80,(anonymous_10)
FN:101,(anonymous_11)
FN:109,(anonymous_12)
FN:130,(anonymous_13)
FN:138,(anonymous_14)
FN:159,(anonymous_15)
FN:167,(anonymous_16)
FN:188,(anonymous_17)
FN:196,(anonymous_18)
FN:217,(anonymous_19)
FN:225,(anonymous_20)
FN:246,(anonymous_21)
FN:254,(anonymous_22)
FN:275,(anonymous_23)
FN:292,(anonymous_24)
FN:293,(anonymous_25)
FN:302,(anonymous_26)
FN:303,(anonymous_27)
FN:312,(anonymous_28)
FN:338,(anonymous_29)
FNF:21
FNH:13
FNDA:2,(anonymous_9)
FNDA:0,(anonymous_10)
FNDA:2,(anonymous_11)
FNDA:0,(anonymous_12)
FNDA:2,(anonymous_13)
FNDA:0,(anonymous_14)
FNDA:2,(anonymous_15)
FNDA:0,(anonymous_16)
FNDA:2,(anonymous_17)
FNDA:0,(anonymous_18)
FNDA:0,(anonymous_19)
FNDA:0,(anonymous_20)
FNDA:2,(anonymous_21)
FNDA:0,(anonymous_22)
FNDA:2,(anonymous_23)
FNDA:4,(anonymous_24)
FNDA:6,(anonymous_25)
FNDA:2,(anonymous_26)
FNDA:4,(anonymous_27)
FNDA:2,(anonymous_28)
FNDA:2,(anonymous_29)
DA:9,2
DA:13,2
DA:18,2
DA:20,2
DA:22,2
DA:24,2
DA:32,2
DA:39,2
DA:68,24
DA:73,2
DA:74,2
DA:75,1
DA:77,1
DA:78,0
DA:80,0
DA:87,1
DA:102,2
DA:103,2
DA:104,1
DA:106,1
DA:107,0
DA:109,0
DA:116,1
DA:131,2
DA:132,2
DA:133,1
DA:135,1
DA:136,0
DA:138,0
DA:145,1
DA:160,2
DA:161,2
DA:162,1
DA:164,1
DA:165,0
DA:167,0
DA:174,1
DA:189,2
DA:190,2
DA:191,1
DA:193,1
DA:194,0
DA:196,0
DA:203,1
DA:218,0
DA:219,0
DA:220,0
DA:222,0
DA:223,0
DA:225,0
DA:232,0
DA:247,2
DA:248,2
DA:249,1
DA:251,1
DA:252,0
DA:254,0
DA:261,1
DA:276,2
DA:286,2
DA:293,4
DA:294,6
DA:303,4
DA:313,2
DA:315,2
DA:317,2
DA:318,3
DA:319,3
DA:320,3
DA:322,3
DA:326,3
DA:327,1
DA:331,2
DA:332,2
DA:339,2
DA:340,0
DA:343,2
DA:344,2
DA:345,2
DA:346,2
DA:348,2
DA:349,6
DA:350,6
DA:351,6
DA:352,6
DA:355,2
LF:86
LH:66
BRDA:77,0,0,0
BRDA:77,1,0,1
BRDA:77,1,1,1
BRDA:106,2,0,0
BRDA:106,3,0,1
BRDA:106,3,1,1
BRDA:135,4,0,0
BRDA:135,5,0,1
BRDA:135,5,1,1
BRDA:164,6,0,0
BRDA:164,7,0,1
BRDA:164,7,1,1
BRDA:193,8,0,0
BRDA:193,9,0,1
BRDA:193,9,1,1
BRDA:222,10,0,0
BRDA:222,11,0,0
BRDA:222,11,1,0
BRDA:251,12,0,0
BRDA:251,13,0,1
BRDA:251,13,1,1
BRDA:277,14,0,2
BRDA:277,14,1,0
BRDA:278,15,0,2
BRDA:278,15,1,2
BRDA:279,16,0,2
BRDA:279,16,1,2
BRDA:280,17,0,2
BRDA:280,17,1,2
BRDA:281,18,0,2
BRDA:281,18,1,0
BRDA:282,19,0,2
BRDA:282,19,1,0
BRDA:283,20,0,2
BRDA:283,20,1,2
BRDA:294,21,0,6
BRDA:294,21,1,6
BRDA:294,21,2,4
BRDA:294,21,3,4
BRDA:312,22,0,0
BRDA:313,23,0,0
BRDA:326,24,0,1
BRDA:339,25,0,0
BRF:43
BRH:28
end_of_record
TN:
SF:src/lib/whiteboard/models/StickyNote.ts
FN:22,(anonymous_1)
FN:44,(anonymous_2)
FN:47,(anonymous_3)
FN:81,(anonymous_4)
FN:110,(anonymous_5)
FN:113,(anonymous_6)
FN:153,(anonymous_7)
FN:168,(anonymous_8)
FN:179,(anonymous_9)
FN:193,(anonymous_10)
FN:262,(anonymous_11)
FNF:11
FNH:0
FNDA:0,(anonymous_1)
FNDA:0,(anonymous_2)
FNDA:0,(anonymous_3)
FNDA:0,(anonymous_4)
FNDA:0,(anonymous_5)
FNDA:0,(anonymous_6)
FNDA:0,(anonymous_7)
FNDA:0,(anonymous_8)
FNDA:0,(anonymous_9)
FNDA:0,(anonymous_10)
FNDA:0,(anonymous_11)
DA:10,2
DA:13,0
DA:31,0
DA:32,0
DA:33,0
DA:34,0
DA:35,0
DA:36,0
DA:37,0
DA:45,0
DA:46,0
DA:47,0
DA:50,0
DA:62,0
DA:63,0
DA:66,0
DA:82,0
DA:88,0
DA:89,0
DA:90,0
DA:92,0
DA:95,0
DA:111,0
DA:112,0
DA:113,0
DA:116,0
DA:117,0
DA:118,0
DA:120,0
DA:121,0
DA:123,0
DA:124,0
DA:127,0
DA:134,0
DA:135,0
DA:138,0
DA:154,0
DA:159,0
DA:160,0
DA:169,0
DA:175,0
DA:176,0
DA:179,0
DA:194,0
DA:196,0
DA:197,0
DA:204,0
DA:205,0
DA:212,0
DA:213,0
DA:220,0
DA:221,0
DA:222,0
DA:228,0
DA:229,0
DA:237,0
DA:238,0
DA:245,0
DA:246,0
DA:253,0
DA:263,0
DA:265,0
DA:266,0
DA:267,0
DA:274,0
DA:275,0
DA:283,0
DA:284,0
DA:285,0
DA:292,0
DA:293,0
DA:300,0
DA:301,0
DA:309,0
DA:310,0
DA:317,0
LF:76
LH:1
BRDA:46,0,0,0
BRDA:62,1,0,0
BRDA:73,2,0,0
BRDA:73,2,1,0
BRDA:88,3,0,0
BRDA:89,4,0,0
BRDA:102,5,0,0
BRDA:102,5,1,0
BRDA:112,6,0,0
BRDA:117,7,0,0
BRDA:120,8,0,0
BRDA:123,9,0,0
BRDA:134,10,0,0
BRDA:145,11,0,0
BRDA:145,11,1,0
BRDA:159,12,0,0
BRDA:175,13,0,0
BRDA:186,14,0,0
BRDA:186,14,1,0
BRDA:196,15,0,0
BRDA:196,16,0,0
BRDA:196,16,1,0
BRDA:204,17,0,0
BRDA:204,18,0,0
BRDA:204,18,1,0
BRDA:212,19,0,0
BRDA:212,20,0,0
BRDA:212,20,1,0
BRDA:212,20,2,0
BRDA:220,21,0,0
BRDA:221,22,0,0
BRDA:228,23,0,0
BRDA:237,24,0,0
BRDA:237,25,0,0
BRDA:237,25,1,0
BRDA:245,26,0,0
BRDA:265,27,0,0
BRDA:266,28,0,0
BRDA:266,29,0,0
BRDA:266,29,1,0
BRDA:274,30,0,0
BRDA:283,31,0,0
BRDA:284,32,0,0
BRDA:284,33,0,0
BRDA:284,33,1,0
BRDA:292,34,0,0
BRDA:292,35,0,0
BRDA:292,35,1,0
BRDA:300,36,0,0
BRDA:300,37,0,0
BRDA:300,37,1,0
BRDA:309,38,0,0
BRDA:309,39,0,0
BRDA:309,39,1,0
BRF:54
BRH:0
end_of_record
TN:
SF:src/lib/whiteboard/models/StickyNoteModel.ts
FN:67,(anonymous_8)
FN:75,(anonymous_9)
FN:96,(anonymous_10)
FN:104,(anonymous_11)
FN:125,(anonymous_12)
FN:133,(anonymous_13)
FN:154,(anonymous_14)
FN:162,(anonymous_15)
FN:183,(anonymous_16)
FN:191,(anonymous_17)
FN:212,(anonymous_18)
FN:220,(anonymous_19)
FN:241,(anonymous_20)
FN:258,(anonymous_21)
FN:266,(anonymous_22)
FN:276,(anonymous_23)
FN:285,(anonymous_24)
FN:303,(anonymous_25)
FN:340,(anonymous_26)
FN:345,(anonymous_27)
FN:363,(anonymous_28)
FN:367,(anonymous_29)
FNF:22
FNH:13
FNDA:3,(anonymous_8)
FNDA:0,(anonymous_9)
FNDA:2,(anonymous_10)
FNDA:0,(anonymous_11)
FNDA:2,(anonymous_12)
FNDA:0,(anonymous_13)
FNDA:2,(anonymous_14)
FNDA:0,(anonymous_15)
FNDA:0,(anonymous_16)
FNDA:0,(anonymous_17)
FNDA:2,(anonymous_18)
FNDA:0,(anonymous_19)
FNDA:2,(anonymous_20)
FNDA:4,(anonymous_21)
FNDA:2,(anonymous_22)
FNDA:18,(anonymous_23)
FNDA:18,(anonymous_24)
FNDA:1,(anonymous_25)
FNDA:0,(anonymous_26)
FNDA:0,(anonymous_27)
FNDA:2,(anonymous_28)
FNDA:4,(anonymous_29)
DA:9,2
DA:13,2
DA:18,2
DA:20,2
DA:22,2
DA:29,2
DA:35,2
DA:63,25
DA:68,3
DA:69,3
DA:70,1
DA:72,2
DA:73,0
DA:75,0
DA:82,2
DA:97,2
DA:98,2
DA:99,1
DA:101,1
DA:102,0
DA:104,0
DA:111,1
DA:126,2
DA:127,2
DA:128,1
DA:130,1
DA:131,0
DA:133,0
DA:140,1
DA:155,2
DA:156,2
DA:157,1
DA:159,1
DA:160,0
DA:162,0
DA:169,1
DA:184,0
DA:185,0
DA:186,0
DA:188,0
DA:189,0
DA:191,0
DA:198,0
DA:213,2
DA:214,2
DA:215,1
DA:217,1
DA:218,0
DA:220,0
DA:227,1
DA:242,2
DA:252,2
DA:259,4
DA:267,2
DA:282,18
DA:283,18
DA:285,18
DA:286,18
DA:288,18
DA:289,18
DA:291,18
DA:309,1
DA:310,1
DA:311,1
DA:314,1
DA:317,0
DA:321,1
DA:322,1
DA:323,15
DA:324,15
DA:325,1
DA:331,0
DA:345,0
DA:346,0
DA:347,0
DA:348,0
DA:349,0
DA:351,0
DA:364,2
DA:366,2
DA:367,2
DA:368,4
LF:82
LH:57
BRDA:72,0,0,0
BRDA:72,1,0,2
BRDA:72,1,1,2
BRDA:101,2,0,0
BRDA:101,3,0,1
BRDA:101,3,1,1
BRDA:130,4,0,0
BRDA:130,5,0,1
BRDA:130,5,1,1
BRDA:159,6,0,0
BRDA:159,7,0,1
BRDA:159,7,1,1
BRDA:188,8,0,0
BRDA:188,9,0,0
BRDA:188,9,1,0
BRDA:217,10,0,0
BRDA:217,11,0,1
BRDA:217,11,1,1
BRDA:243,12,0,2
BRDA:243,12,1,0
BRDA:244,13,0,2
BRDA:244,13,1,0
BRDA:245,14,0,2
BRDA:245,14,1,2
BRDA:246,15,0,2
BRDA:246,15,1,2
BRDA:247,16,0,2
BRDA:247,16,1,0
BRDA:248,17,0,2
BRDA:248,17,1,2
BRDA:259,18,0,4
BRDA:259,18,1,4
BRDA:259,18,2,2
BRDA:259,18,3,2
BRDA:280,19,0,18
BRDA:286,20,0,0
BRDA:286,21,0,18
BRDA:286,21,1,0
BRDA:292,22,0,18
BRDA:292,22,1,17
BRDA:292,22,2,16
BRDA:292,22,3,16
BRDA:314,23,0,0
BRDA:314,24,0,1
BRDA:314,24,1,0
BRDA:314,24,2,0
BRDA:324,25,0,1
BRDA:352,26,0,0
BRDA:352,26,1,0
BRDA:352,26,2,0
BRDA:352,26,3,0
BRDA:364,27,0,0
BRF:52
BRH:31
end_of_record
TN:
SF:src/lib/whiteboard/models/User.ts
FN:19,(anonymous_1)
FN:35,(anonymous_2)
FN:38,(anonymous_3)
FN:67,(anonymous_4)
FN:93,(anonymous_5)
FN:96,(anonymous_6)
FN:130,(anonymous_7)
FN:141,(anonymous_8)
FN:153,(anonymous_9)
FN:162,(anonymous_10)
FN:173,(anonymous_11)
FN:209,(anonymous_12)
FNF:12
FNH:0
FNDA:0,(anonymous_1)
FNDA:0,(anonymous_2)
FNDA:0,(anonymous_3)
FNDA:0,(anonymous_4)
FNDA:0,(anonymous_5)
FNDA:0,(anonymous_6)
FNDA:0,(anonymous_7)
FNDA:0,(anonymous_8)
FNDA:0,(anonymous_9)
FNDA:0,(anonymous_10)
FNDA:0,(anonymous_11)
FNDA:0,(anonymous_12)
DA:10,2
DA:13,0
DA:25,0
DA:26,0
DA:27,0
DA:28,0
DA:36,0
DA:37,0
DA:38,0
DA:41,0
DA:51,0
DA:52,0
DA:55,0
DA:68,0
DA:74,0
DA:75,0
DA:76,0
DA:78,0
DA:81,0
DA:94,0
DA:95,0
DA:96,0
DA:99,0
DA:103,0
DA:104,0
DA:107,0
DA:114,0
DA:115,0
DA:118,0
DA:131,0
DA:137,0
DA:138,0
DA:141,0
DA:154,0
DA:158,0
DA:159,0
DA:162,0
DA:174,0
DA:176,0
DA:177,0
DA:184,0
DA:185,0
DA:192,0
DA:193,0
DA:200,0
DA:210,0
DA:212,0
DA:213,0
DA:214,0
DA:221,0
DA:222,0
DA:229,0
DA:230,0
DA:238,0
LF:54
LH:1
BRDA:37,0,0,0
BRDA:51,1,0,0
BRDA:74,2,0,0
BRDA:75,3,0,0
BRDA:95,4,0,0
BRDA:103,5,0,0
BRDA:114,6,0,0
BRDA:137,7,0,0
BRDA:158,8,0,0
BRDA:176,9,0,0
BRDA:176,10,0,0
BRDA:176,10,1,0
BRDA:184,11,0,0
BRDA:184,12,0,0
BRDA:184,12,1,0
BRDA:192,13,0,0
BRDA:192,14,0,0
BRDA:192,14,1,0
BRDA:212,15,0,0
BRDA:213,16,0,0
BRDA:213,17,0,0
BRDA:213,17,1,0
BRDA:221,18,0,0
BRDA:221,19,0,0
BRDA:221,19,1,0
BRDA:229,20,0,0
BRDA:229,21,0,0
BRDA:229,21,1,0
BRF:28
BRH:0
end_of_record
TN:
SF:src/lib/whiteboard/models/UserModel.ts
FN:52,(anonymous_6)
FN:60,(anonymous_7)
FN:81,(anonymous_8)
FN:89,(anonymous_9)
FN:110,(anonymous_10)
FN:118,(anonymous_11)
FN:139,(anonymous_12)
FN:147,(anonymous_13)
FN:168,(anonymous_14)
FN:182,(anonymous_15)
FN:192,(anonymous_16)
FN:193,(anonymous_17)
FN:199,(anonymous_18)
FN:206,(anonymous_19)
FN:213,(anonymous_20)
FN:223,(anonymous_21)
FN:231,(anonymous_22)
FN:238,(anonymous_23)
FN:249,(anonymous_24)
FN:256,(anonymous_25)
FN:264,(anonymous_26)
FNF:21
FNH:17
FNDA:3,(anonymous_6)
FNDA:0,(anonymous_7)
FNDA:2,(anonymous_8)
FNDA:0,(anonymous_9)
FNDA:2,(anonymous_10)
FNDA:0,(anonymous_11)
FNDA:2,(anonymous_12)
FNDA:0,(anonymous_13)
FNDA:2,(anonymous_14)
FNDA:20,(anonymous_15)
FNDA:9,(anonymous_16)
FNDA:18,(anonymous_17)
FNDA:2,(anonymous_18)
FNDA:5,(anonymous_19)
FNDA:2,(anonymous_20)
FNDA:2,(anonymous_21)
FNDA:2,(anonymous_22)
FNDA:72,(anonymous_23)
FNDA:1,(anonymous_24)
FNDA:2,(anonymous_25)
FNDA:4,(anonymous_26)
DA:9,2
DA:13,2
DA:18,2
DA:20,2
DA:24,2
DA:48,26
DA:53,3
DA:54,3
DA:55,1
DA:57,2
DA:58,0
DA:60,0
DA:67,2
DA:82,2
DA:83,2
DA:84,1
DA:86,1
DA:87,0
DA:89,0
DA:96,1
DA:111,2
DA:112,2
DA:113,1
DA:115,1
DA:116,0
DA:118,0
DA:125,1
DA:140,2
DA:141,2
DA:142,1
DA:144,1
DA:145,0
DA:147,0
DA:154,1
DA:169,2
DA:176,2
DA:183,20
DA:184,20
DA:185,20
DA:186,20
DA:193,18
DA:200,2
DA:207,5
DA:214,2
DA:215,2
DA:217,2
DA:218,1
DA:221,1
DA:223,2
DA:232,2
DA:238,2
DA:239,72
DA:240,72
DA:243,2
DA:250,1
DA:262,2
DA:263,2
DA:264,4
DA:266,2
LF:59
LH:51
BRDA:57,0,0,0
BRDA:57,1,0,2
BRDA:57,1,1,2
BRDA:86,2,0,0
BRDA:86,3,0,1
BRDA:86,3,1,1
BRDA:115,4,0,0
BRDA:115,5,0,1
BRDA:115,5,1,1
BRDA:144,6,0,0
BRDA:144,7,0,1
BRDA:144,7,1,1
BRDA:170,8,0,2
BRDA:170,8,1,0
BRDA:171,9,0,2
BRDA:171,9,1,0
BRDA:172,10,0,2
BRDA:172,10,1,2
BRDA:182,11,0,18
BRDA:192,12,0,0
BRDA:199,13,0,0
BRDA:207,14,0,5
BRDA:207,14,1,1
BRDA:217,15,0,1
BRF:24
BRH:16
end_of_record
TN:
SF:src/lib/whiteboard/models/Whiteboard.ts
FN:23,(anonymous_1)
FN:41,(anonymous_2)
FN:44,(anonymous_3)
FN:80,(anonymous_4)
FN:111,(anonymous_5)
FN:114,(anonymous_6)
FN:149,(anonymous_7)
FN:164,(anonymous_8)
FN:178,(anonymous_9)
FN:193,(anonymous_10)
FN:247,(anonymous_11)
FNF:11
FNH:0
FNDA:0,(anonymous_1)
FNDA:0,(anonymous_2)
FNDA:0,(anonymous_3)
FNDA:0,(anonymous_4)
FNDA:0,(anonymous_5)
FNDA:0,(anonymous_6)
FNDA:0,(anonymous_7)
FNDA:0,(anonymous_8)
FNDA:0,(anonymous_9)
FNDA:0,(anonymous_10)
FNDA:0,(anonymous_11)
DA:10,0
DA:13,0
DA:19,0
DA:20,0
DA:21,0
DA:30,0
DA:31,0
DA:32,0
DA:33,0
DA:34,0
DA:42,0
DA:43,0
DA:44,0
DA:47,0
DA:54,0
DA:63,0
DA:64,0
DA:67,0
DA:81,0
DA:91,0
DA:92,0
DA:93,0
DA:95,0
DA:98,0
DA:112,0
DA:113,0
DA:114,0
DA:117,0
DA:118,0
DA:119,0
DA:121,0
DA:122,0
DA:125,0
DA:132,0
DA:133,0
DA:136,0
DA:150,0
DA:155,0
DA:156,0
DA:165,0
DA:169,0
DA:170,0
DA:179,0
DA:183,0
DA:184,0
DA:187,0
DA:194,0
DA:196,0
DA:197,0
DA:204,0
DA:205,0
DA:212,0
DA:213,0
DA:214,0
DA:221,0
DA:222,0
DA:229,0
DA:230,0
DA:238,0
DA:248,0
DA:250,0
DA:251,0
DA:252,0
DA:259,0
DA:260,0
DA:268,0
DA:269,0
DA:270,0
DA:277,0
DA:278,0
DA:285,0
DA:286,0
DA:294,0
LF:73
LH:0
BRDA:43,0,0,0
BRDA:63,1,0,0
BRDA:72,2,0,0
BRDA:72,2,1,0
BRDA:91,3,0,0
BRDA:92,4,0,0
BRDA:103,5,0,0
BRDA:103,5,1,0
BRDA:113,6,0,0
BRDA:118,7,0,0
BRDA:121,8,0,0
BRDA:132,9,0,0
BRDA:141,10,0,0
BRDA:141,10,1,0
BRDA:155,11,0,0
BRDA:169,12,0,0
BRDA:183,13,0,0
BRDA:187,14,0,0
BRDA:187,14,1,0
BRDA:196,15,0,0
BRDA:196,16,0,0
BRDA:196,16,1,0
BRDA:204,17,0,0
BRDA:204,18,0,0
BRDA:204,18,1,0
BRDA:212,19,0,0
BRDA:213,20,0,0
BRDA:213,21,0,0
BRDA:213,21,1,0
BRDA:213,21,2,0
BRDA:221,22,0,0
BRDA:221,23,0,0
BRDA:221,23,1,0
BRDA:221,23,2,0
BRDA:229,24,0,0
BRDA:229,25,0,0
BRDA:229,25,1,0
BRDA:250,26,0,0
BRDA:251,27,0,0
BRDA:251,28,0,0
BRDA:251,28,1,0
BRDA:259,29,0,0
BRDA:268,30,0,0
BRDA:269,31,0,0
BRDA:269,32,0,0
BRDA:269,32,1,0
BRDA:269,32,2,0
BRDA:277,33,0,0
BRDA:277,34,0,0
BRDA:277,34,1,0
BRDA:277,34,2,0
BRDA:285,35,0,0
BRDA:285,36,0,0
BRDA:285,36,1,0
BRF:54
BRH:0
end_of_record
TN:
SF:src/lib/whiteboard/models/WhiteboardModel.ts
FN:62,(anonymous_6)
FN:70,(anonymous_7)
FN:91,(anonymous_8)
FN:99,(anonymous_9)
FN:120,(anonymous_10)
FN:128,(anonymous_11)
FN:149,(anonymous_12)
FN:157,(anonymous_13)
FN:178,(anonymous_14)
FN:200,(anonymous_15)
FN:207,(anonymous_16)
FNF:11
FNH:7
FNDA:3,(anonymous_6)
FNDA:0,(anonymous_7)
FNDA:2,(anonymous_8)
FNDA:0,(anonymous_9)
FNDA:1,(anonymous_10)
FNDA:0,(anonymous_11)
FNDA:3,(anonymous_12)
FNDA:0,(anonymous_13)
FNDA:2,(anonymous_14)
FNDA:4,(anonymous_15)
FNDA:2,(anonymous_16)
DA:9,2
DA:13,2
DA:19,2
DA:24,2
DA:29,2
DA:58,17
DA:63,3
DA:64,3
DA:65,1
DA:67,2
DA:68,0
DA:70,0
DA:77,2
DA:92,2
DA:93,2
DA:94,1
DA:96,1
DA:97,0
DA:99,0
DA:106,1
DA:121,1
DA:122,1
DA:123,1
DA:125,0
DA:126,0
DA:128,0
DA:135,0
DA:150,3
DA:151,3
DA:152,2
DA:154,1
DA:155,0
DA:157,0
DA:164,1
DA:179,2
DA:194,2
DA:201,4
DA:208,2
LF:38
LH:28
BRDA:67,0,0,0
BRDA:67,1,0,2
BRDA:67,1,1,2
BRDA:96,2,0,0
BRDA:96,3,0,1
BRDA:96,3,1,1
BRDA:125,4,0,0
BRDA:125,5,0,0
BRDA:125,5,1,0
BRDA:154,6,0,0
BRDA:154,7,0,1
BRDA:154,7,1,1
BRDA:180,8,0,2
BRDA:180,8,1,0
BRDA:181,9,0,2
BRDA:181,9,1,0
BRDA:182,10,0,2
BRDA:182,10,1,2
BRDA:185,11,0,2
BRDA:185,11,1,2
BRDA:186,12,0,2
BRDA:186,12,1,2
BRDA:187,13,0,2
BRDA:187,13,1,2
BRDA:189,14,0,2
BRDA:189,14,1,2
BRDA:190,15,0,2
BRDA:190,15,1,2
BRDA:191,16,0,2
BRDA:191,16,1,2
BRDA:201,17,0,4
BRDA:201,17,1,4
BRDA:201,17,2,2
BRDA:201,17,3,2
BRF:34
BRH:26
end_of_record
TN:
SF:src/lib/whiteboard/services/drawingService.ts
FN:19,(anonymous_1)
FN:46,(anonymous_2)
FN:61,(anonymous_3)
FN:93,(anonymous_4)
FN:116,(anonymous_5)
FN:135,(anonymous_6)
FN:152,(anonymous_7)
FN:153,(anonymous_8)
FN:163,(anonymous_9)
FN:190,(anonymous_10)
FN:214,(anonymous_11)
FNF:11
FNH:2
FNDA:3,(anonymous_1)
FNDA:0,(anonymous_2)
FNDA:0,(anonymous_3)
FNDA:0,(anonymous_4)
FNDA:3,(anonymous_5)
FNDA:0,(anonymous_6)
FNDA:0,(anonymous_7)
FNDA:0,(anonymous_8)
FNDA:0,(anonymous_9)
FNDA:0,(anonymous_10)
FNDA:0,(anonymous_11)
DA:9,2
DA:11,2
DA:14,12
DA:20,3
DA:21,3
DA:29,3
DA:31,2
DA:32,0
DA:35,2
DA:37,1
DA:38,1
DA:47,0
DA:50,0
DA:52,0
DA:53,0
DA:62,0
DA:64,0
DA:65,0
DA:66,0
DA:69,0
DA:76,0
DA:78,0
DA:79,0
DA:82,0
DA:84,0
DA:85,0
DA:94,0
DA:96,0
DA:97,0
DA:98,0
DA:101,0
DA:103,0
DA:104,0
DA:107,0
DA:108,0
DA:117,3
DA:118,3
DA:120,3
DA:121,0
DA:124,3
DA:126,0
DA:127,0
DA:136,0
DA:137,0
DA:139,0
DA:140,0
DA:143,0
DA:144,0
DA:153,0
DA:154,0
DA:164,0
DA:166,0
DA:168,0
DA:169,0
DA:170,0
DA:171,0
DA:173,0
DA:177,0
DA:178,0
DA:182,0
DA:183,0
DA:191,0
DA:192,0
DA:195,0
DA:196,0
DA:197,0
DA:198,0
DA:200,0
DA:201,0
DA:202,0
DA:203,0
DA:204,0
DA:207,0
DA:215,0
DA:216,0
DA:219,0
DA:221,0
DA:225,0
DA:226,0
DA:227,0
DA:230,0
DA:231,0
DA:236,0
LF:83
LH:14
BRDA:31,0,0,0
BRDA:31,1,0,2
BRDA:31,1,1,2
BRDA:32,2,0,0
BRDA:32,2,1,0
BRDA:65,3,0,0
BRDA:78,4,0,0
BRDA:78,5,0,0
BRDA:78,5,1,0
BRDA:79,6,0,0
BRDA:79,6,1,0
BRDA:97,7,0,0
BRDA:103,8,0,0
BRDA:104,9,0,0
BRDA:104,9,1,0
BRDA:120,10,0,0
BRDA:120,11,0,3
BRDA:120,11,1,3
BRDA:121,12,0,0
BRDA:121,12,1,0
BRDA:139,13,0,0
BRDA:140,14,0,0
BRDA:140,14,1,0
BRDA:154,15,0,0
BRDA:154,15,1,0
BRDA:154,15,2,0
BRDA:154,15,3,0
BRDA:163,16,0,0
BRDA:164,17,0,0
BRDA:177,18,0,0
BRDA:191,19,0,0
BRDA:214,20,0,0
BRDA:219,21,0,0
BRDA:219,22,0,0
BRDA:219,22,1,0
BRDA:219,22,2,0
BRDA:219,22,3,0
BRDA:230,23,0,0
BRF:38
BRH:4
end_of_record
TN:
SF:src/lib/whiteboard/services/realtimeService.ts
FN:21,(anonymous_1)
FN:44,(anonymous_2)
FN:53,(anonymous_3)
FN:62,(anonymous_4)
FN:70,(anonymous_5)
FN:82,(anonymous_6)
FN:100,(anonymous_7)
FN:122,(anonymous_8)
FN:134,(anonymous_9)
FN:152,(anonymous_10)
FN:178,(anonymous_11)
FN:204,(anonymous_12)
FN:229,(anonymous_13)
FN:244,(anonymous_14)
FN:259,(anonymous_15)
FN:274,(anonymous_16)
FN:289,(anonymous_17)
FN:304,(anonymous_18)
FN:320,(anonymous_19)
FN:323,(anonymous_20)
FN:336,(anonymous_21)
FN:347,(anonymous_22)
FN:355,(anonymous_23)
FNF:23
FNH:0
FNDA:0,(anonymous_1)
FNDA:0,(anonymous_2)
FNDA:0,(anonymous_3)
FNDA:0,(anonymous_4)
FNDA:0,(anonymous_5)
FNDA:0,(anonymous_6)
FNDA:0,(anonymous_7)
FNDA:0,(anonymous_8)
FNDA:0,(anonymous_9)
FNDA:0,(anonymous_10)
FNDA:0,(anonymous_11)
FNDA:0,(anonymous_12)
FNDA:0,(anonymous_13)
FNDA:0,(anonymous_14)
FNDA:0,(anonymous_15)
FNDA:0,(anonymous_16)
FNDA:0,(anonymous_17)
FNDA:0,(anonymous_18)
FNDA:0,(anonymous_19)
FNDA:0,(anonymous_20)
FNDA:0,(anonymous_21)
FNDA:0,(anonymous_22)
FNDA:0,(anonymous_23)
DA:9,1
DA:13,9
DA:14,1
DA:15,1
DA:25,0
DA:28,0
DA:29,0
DA:31,0
DA:34,0
DA:35,0
DA:44,0
DA:53,0
DA:62,0
DA:70,0
DA:74,0
DA:83,0
DA:86,0
DA:89,0
DA:90,0
DA:91,0
DA:92,0
DA:104,0
DA:107,0
DA:108,0
DA:110,0
DA:113,0
DA:114,0
DA:122,0
DA:126,0
DA:135,0
DA:138,0
DA:141,0
DA:142,0
DA:143,0
DA:144,0
DA:157,0
DA:158,0
DA:160,0
DA:161,0
DA:183,0
DA:184,0
DA:186,0
DA:187,0
DA:209,0
DA:210,0
DA:212,0
DA:213,0
DA:230,0
DA:238,0
DA:245,0
DA:253,0
DA:260,0
DA:268,0
DA:275,0
DA:283,0
DA:290,0
DA:298,0
DA:305,0
DA:307,0
DA:309,0
DA:311,0
DA:313,0
DA:321,0
DA:322,0
DA:323,0
DA:324,0
DA:325,0
DA:327,0
DA:337,0
DA:338,0
DA:340,0
DA:341,0
DA:349,0
DA:357,0
LF:74
LH:4
BRDA:28,0,0,0
BRDA:34,1,0,0
BRDA:90,2,0,0
BRDA:107,3,0,0
BRDA:113,4,0,0
BRDA:142,5,0,0
BRDA:160,6,0,0
BRDA:186,7,0,0
BRDA:212,8,0,0
BRDA:233,9,0,0
BRDA:233,9,1,0
BRDA:233,9,2,0
BRDA:234,10,0,0
BRDA:234,10,1,0
BRDA:248,11,0,0
BRDA:248,11,1,0
BRDA:248,11,2,0
BRDA:249,12,0,0
BRDA:249,12,1,0
BRDA:263,13,0,0
BRDA:263,13,1,0
BRDA:263,13,2,0
BRDA:264,14,0,0
BRDA:264,14,1,0
BRDA:278,15,0,0
BRDA:278,15,1,0
BRDA:278,15,2,0
BRDA:279,16,0,0
BRDA:279,16,1,0
BRDA:293,17,0,0
BRDA:293,17,1,0
BRDA:305,18,0,0
BRDA:305,18,1,0
BRDA:305,18,2,0
BRDA:305,18,3,0
BRDA:322,19,0,0
BRF:36
BRH:0
end_of_record
TN:
SF:src/lib/whiteboard/services/stickyNoteService.ts
FN:19,(anonymous_1)
FN:45,(anonymous_2)
FN:60,(anonymous_3)
FN:91,(anonymous_4)
FN:114,(anonymous_5)
FN:133,(anonymous_6)
FN:150,(anonymous_7)
FN:158,(anonymous_8)
FN:166,(anonymous_9)
FN:173,(anonymous_10)
FN:182,(anonymous_11)
FN:191,(anonymous_12)
FN:210,(anonymous_13)
FN:248,(anonymous_14)
FN:253,(anonymous_15)
FN:272,(anonymous_16)
FN:276,(anonymous_17)
FN:285,(anonymous_18)
FN:286,(anonymous_19)
FN:293,(anonymous_20)
FN:294,(anonymous_21)
FNF:21
FNH:2
FNDA:3,(anonymous_1)
FNDA:0,(anonymous_2)
FNDA:0,(anonymous_3)
FNDA:0,(anonymous_4)
FNDA:2,(anonymous_5)
FNDA:0,(anonymous_6)
FNDA:0,(anonymous_7)
FNDA:0,(anonymous_8)
FNDA:0,(anonymous_9)
FNDA:0,(anonymous_10)
FNDA:0,(anonymous_11)
FNDA:0,(anonymous_12)
FNDA:0,(anonymous_13)
FNDA:0,(anonymous_14)
FNDA:0,(anonymous_15)
FNDA:0,(anonymous_16)
FNDA:0,(anonymous_17)
FNDA:0,(anonymous_18)
FNDA:0,(anonymous_19)
FNDA:0,(anonymous_20)
FNDA:0,(anonymous_21)
DA:9,2
DA:11,2
DA:14,11
DA:20,3
DA:21,3
DA:28,3
DA:30,2
DA:31,0
DA:34,2
DA:36,1
DA:37,1
DA:46,0
DA:49,0
DA:51,0
DA:52,0
DA:61,0
DA:63,0
DA:64,0
DA:65,0
DA:68,0
DA:74,0
DA:76,0
DA:77,0
DA:80,0
DA:82,0
DA:83,0
DA:92,0
DA:94,0
DA:95,0
DA:96,0
DA:99,0
DA:101,0
DA:102,0
DA:105,0
DA:106,0
DA:115,2
DA:116,2
DA:118,2
DA:119,0
DA:122,2
DA:124,0
DA:125,0
DA:134,0
DA:135,0
DA:137,0
DA:138,0
DA:141,0
DA:142,0
DA:151,0
DA:159,0
DA:167,0
DA:174,0
DA:188,0
DA:189,0
DA:191,0
DA:192,0
DA:194,0
DA:195,0
DA:197,0
DA:216,0
DA:217,0
DA:218,0
DA:221,0
DA:224,0
DA:228,0
DA:229,0
DA:230,0
DA:231,0
DA:232,0
DA:238,0
DA:253,0
DA:254,0
DA:255,0
DA:256,0
DA:257,0
DA:259,0
DA:273,0
DA:275,0
DA:276,0
DA:277,0
DA:286,0
DA:294,0
LF:82
LH:14
BRDA:30,0,0,0
BRDA:30,1,0,2
BRDA:30,1,1,2
BRDA:31,2,0,0
BRDA:31,2,1,0
BRDA:64,3,0,0
BRDA:76,4,0,0
BRDA:76,5,0,0
BRDA:76,5,1,0
BRDA:77,6,0,0
BRDA:77,6,1,0
BRDA:95,7,0,0
BRDA:101,8,0,0
BRDA:102,9,0,0
BRDA:102,9,1,0
BRDA:118,10,0,0
BRDA:118,11,0,2
BRDA:118,11,1,2
BRDA:119,12,0,0
BRDA:119,12,1,0
BRDA:137,13,0,0
BRDA:138,14,0,0
BRDA:138,14,1,0
BRDA:174,15,0,0
BRDA:174,15,1,0
BRDA:174,15,2,0
BRDA:174,15,3,0
BRDA:186,16,0,0
BRDA:192,17,0,0
BRDA:192,18,0,0
BRDA:192,18,1,0
BRDA:198,19,0,0
BRDA:198,19,1,0
BRDA:198,19,2,0
BRDA:198,19,3,0
BRDA:221,20,0,0
BRDA:221,21,0,0
BRDA:221,21,1,0
BRDA:221,21,2,0
BRDA:231,22,0,0
BRDA:260,23,0,0
BRDA:260,23,1,0
BRDA:260,23,2,0
BRDA:260,23,3,0
BRDA:273,24,0,0
BRF:45
BRH:4
end_of_record
TN:
SF:src/lib/whiteboard/services/userService.ts
FN:19,(anonymous_1)
FN:27,(anonymous_2)
FN:35,(anonymous_3)
FN:47,(anonymous_4)
FN:71,(anonymous_5)
FN:79,(anonymous_6)
FN:87,(anonymous_7)
FN:95,(anonymous_8)
FN:106,(anonymous_9)
FN:107,(anonymous_10)
FN:114,(anonymous_11)
FN:122,(anonymous_12)
FN:130,(anonymous_13)
FN:140,(anonymous_14)
FN:149,(anonymous_15)
FN:156,(anonymous_16)
FN:168,(anonymous_17)
FN:178,(anonymous_18)
FN:191,(anonymous_19)
FN:208,(anonymous_20)
FN:216,(anonymous_21)
FN:230,(anonymous_22)
FNF:22
FNH:1
FNDA:0,(anonymous_1)
FNDA:0,(anonymous_2)
FNDA:0,(anonymous_3)
FNDA:3,(anonymous_4)
FNDA:0,(anonymous_5)
FNDA:0,(anonymous_6)
FNDA:0,(anonymous_7)
FNDA:0,(anonymous_8)
FNDA:0,(anonymous_9)
FNDA:0,(anonymous_10)
FNDA:0,(anonymous_11)
FNDA:0,(anonymous_12)
FNDA:0,(anonymous_13)
FNDA:0,(anonymous_14)
FNDA:0,(anonymous_15)
FNDA:0,(anonymous_16)
FNDA:0,(anonymous_17)
FNDA:0,(anonymous_18)
FNDA:0,(anonymous_19)
FNDA:0,(anonymous_20)
FNDA:0,(anonymous_21)
FNDA:0,(anonymous_22)
DA:9,2
DA:11,2
DA:12,2
DA:14,8
DA:20,0
DA:28,0
DA:36,0
DA:37,0
DA:38,0
DA:40,0
DA:48,3
DA:49,3
DA:50,3
DA:52,2
DA:53,0
DA:56,2
DA:60,0
DA:62,1
DA:63,1
DA:72,0
DA:80,0
DA:88,0
DA:96,0
DA:97,0
DA:98,0
DA:99,0
DA:107,0
DA:115,0
DA:123,0
DA:131,0
DA:132,0
DA:134,0
DA:135,0
DA:138,0
DA:140,0
DA:150,0
DA:156,0
DA:157,0
DA:158,0
DA:161,0
DA:171,0
DA:179,0
DA:180,0
DA:181,0
DA:183,0
DA:192,0
DA:194,0
DA:199,0
DA:200,0
DA:214,0
DA:215,0
DA:216,0
DA:218,0
DA:237,0
LF:54
LH:11
BRDA:37,0,0,0
BRDA:49,1,0,3
BRDA:52,2,0,0
BRDA:52,3,0,2
BRDA:52,3,1,2
BRDA:53,4,0,0
BRDA:53,4,1,0
BRDA:95,5,0,0
BRDA:106,6,0,0
BRDA:114,7,0,0
BRDA:123,8,0,0
BRDA:123,8,1,0
BRDA:134,9,0,0
BRDA:181,10,0,0
BRDA:181,10,1,0
BRDA:191,11,0,0
BRDA:199,12,0,0
BRF:17
BRH:3
end_of_record
TN:
SF:src/lib/whiteboard/utils/canvasUtils.ts
FN:59,(anonymous_17)
FN:73,(anonymous_18)
FN:87,(anonymous_19)
FN:100,(anonymous_20)
FN:112,(anonymous_21)
FN:126,(anonymous_22)
FN:161,(anonymous_23)
FN:186,(anonymous_24)
FN:218,(anonymous_25)
FN:244,(anonymous_26)
FN:273,(anonymous_27)
FN:288,(anonymous_28)
FN:301,(anonymous_29)
FN:345,(anonymous_30)
FNF:14
FNH:0
FNDA:0,(anonymous_17)
FNDA:0,(anonymous_18)
FNDA:0,(anonymous_19)
FNDA:0,(anonymous_20)
FNDA:0,(anonymous_21)
FNDA:0,(anonymous_22)
FNDA:0,(anonymous_23)
FNDA:0,(anonymous_24)
FNDA:0,(anonymous_25)
FNDA:0,(anonymous_26)
FNDA:0,(anonymous_27)
FNDA:0,(anonymous_28)
FNDA:0,(anonymous_29)
FNDA:0,(anonymous_30)
DA:44,0
DA:59,0
DA:60,0
DA:73,0
DA:74,0
DA:87,0
DA:88,0
DA:89,0
DA:90,0
DA:100,0
DA:101,0
DA:112,0
DA:113,0
DA:126,0
DA:127,0
DA:129,0
DA:131,0
DA:132,0
DA:133,0
DA:134,0
DA:136,0
DA:141,0
DA:147,0
DA:150,0
DA:151,0
DA:161,0
DA:162,0
DA:164,0
DA:166,0
DA:167,0
DA:168,0
DA:170,0
DA:171,0
DA:176,0
DA:177,0
DA:186,0
DA:187,0
DA:188,0
DA:191,0
DA:192,0
DA:193,0
DA:194,0
DA:196,0
DA:197,0
DA:198,0
DA:199,0
DA:200,0
DA:203,0
DA:218,0
DA:222,0
DA:223,0
DA:230,0
DA:244,0
DA:245,0
DA:247,0
DA:248,0
DA:251,0
DA:252,0
DA:253,0
DA:257,0
DA:258,0
DA:259,0
DA:262,0
DA:273,0
DA:274,0
DA:288,0
DA:289,0
DA:301,0
DA:302,0
DA:304,0
DA:312,0
DA:320,0
DA:328,0
DA:345,0
DA:346,0
DA:348,0
DA:349,0
DA:352,0
DA:353,0
DA:354,0
DA:355,0
DA:356,0
DA:361,0
DA:362,0
DA:365,0
DA:366,0
DA:369,0
DA:375,0
LF:88
LH:0
BRDA:74,0,0,0
BRDA:74,0,1,0
BRDA:74,0,2,0
BRDA:74,0,3,0
BRDA:126,1,0,0
BRDA:127,2,0,0
BRDA:161,3,0,0
BRDA:162,4,0,0
BRDA:170,5,0,0
BRDA:187,6,0,0
BRDA:231,7,0,0
BRDA:231,7,1,0
BRDA:231,7,2,0
BRDA:231,7,3,0
BRDA:245,8,0,0
BRDA:245,9,0,0
BRDA:245,9,1,0
BRDA:273,10,0,0
BRDA:273,11,0,0
BRDA:288,12,0,0
BRDA:288,13,0,0
BRDA:302,14,0,0
BRDA:302,14,1,0
BRDA:302,14,2,0
BRDA:302,14,3,0
BRDA:348,15,0,0
BRDA:348,16,0,0
BRDA:348,16,1,0
BRDA:352,17,0,0
BRDA:354,18,0,0
BRDA:361,19,0,0
BRDA:361,20,0,0
BRDA:361,20,1,0
BRDA:365,21,0,0
BRF:34
BRH:0
end_of_record
TN:
SF:src/lib/whiteboard/utils/drawingUtils.ts
FN:51,(anonymous_17)
FN:72,(anonymous_18)
FN:102,(anonymous_19)
FN:140,(anonymous_20)
FN:160,(anonymous_21)
FN:177,(anonymous_22)
FN:196,(anonymous_23)
FN:219,(anonymous_24)
FN:249,(anonymous_25)
FN:268,(anonymous_26)
FN:273,(anonymous_27)
FN:298,(anonymous_28)
FN:301,(anonymous_29)
FN:326,(anonymous_30)
FN:327,(anonymous_31)
FN:345,(anonymous_32)
FN:369,(anonymous_33)
FNF:17
FNH:0
FNDA:0,(anonymous_17)
FNDA:0,(anonymous_18)
FNDA:0,(anonymous_19)
FNDA:0,(anonymous_20)
FNDA:0,(anonymous_21)
FNDA:0,(anonymous_22)
FNDA:0,(anonymous_23)
FNDA:0,(anonymous_24)
FNDA:0,(anonymous_25)
FNDA:0,(anonymous_26)
FNDA:0,(anonymous_27)
FNDA:0,(anonymous_28)
FNDA:0,(anonymous_29)
FNDA:0,(anonymous_30)
FNDA:0,(anonymous_31)
FNDA:0,(anonymous_32)
FNDA:0,(anonymous_33)
DA:36,0
DA:51,0
DA:52,0
DA:54,0
DA:55,0
DA:56,0
DA:57,0
DA:58,0
DA:59,0
DA:60,0
DA:63,0
DA:72,0
DA:73,0
DA:75,0
DA:76,0
DA:77,0
DA:78,0
DA:79,0
DA:81,0
DA:82,0
DA:84,0
DA:85,0
DA:86,0
DA:89,0
DA:92,0
DA:93,0
DA:102,0
DA:103,0
DA:105,0
DA:106,0
DA:107,0
DA:108,0
DA:111,0
DA:112,0
DA:116,0
DA:117,0
DA:121,0
DA:122,0
DA:126,0
DA:127,0
DA:130,0
DA:140,0
DA:141,0
DA:143,0
DA:144,0
DA:146,0
DA:160,0
DA:161,0
DA:162,0
DA:177,0
DA:178,0
DA:179,0
DA:181,0
DA:196,0
DA:197,0
DA:199,0
DA:219,0
DA:220,0
DA:221,0
DA:224,0
DA:225,0
DA:227,0
DA:249,0
DA:250,0
DA:251,0
DA:254,0
DA:255,0
DA:268,0
DA:269,0
DA:270,0
DA:271,0
DA:273,0
DA:274,0
DA:275,0
DA:277,0
DA:283,0
DA:298,0
DA:299,0
DA:301,0
DA:302,0
DA:303,0
DA:305,0
DA:311,0
DA:326,0
DA:327,0
DA:332,0
DA:345,0
DA:346,0
DA:347,0
DA:348,0
DA:349,0
DA:351,0
DA:369,0
DA:370,0
DA:377,0
LF:95
LH:0
BRDA:52,0,0,0
BRDA:73,1,0,0
BRDA:85,2,0,0
BRDA:103,3,0,0
BRDA:111,4,0,0
BRDA:111,5,0,0
BRDA:111,5,1,0
BRDA:116,6,0,0
BRDA:116,7,0,0
BRDA:116,7,1,0
BRDA:121,8,0,0
BRDA:121,9,0,0
BRDA:121,9,1,0
BRDA:126,10,0,0
BRDA:140,11,0,0
BRDA:141,12,0,0
BRDA:160,13,0,0
BRDA:182,14,0,0
BRDA:182,14,1,0
BRDA:182,14,2,0
BRDA:182,14,3,0
BRDA:220,15,0,0
BRDA:220,16,0,0
BRDA:220,16,1,0
BRDA:250,17,0,0
BRDA:298,18,0,0
BRF:26
BRH:0
end_of_record
TN:
SF:src/lib/whiteboard/utils/validationUtils.ts
FN:64,(anonymous_11)
FN:133,(anonymous_12)
FN:192,(anonymous_13)
FN:246,(anonymous_14)
FN:303,(anonymous_15)
FN:309,(anonymous_16)
FN:328,(anonymous_17)
FN:350,(anonymous_18)
FN:370,(anonymous_19)
FNF:9
FNH:0
FNDA:0,(anonymous_11)
FNDA:0,(anonymous_12)
FNDA:0,(anonymous_13)
FNDA:0,(anonymous_14)
FNDA:0,(anonymous_15)
FNDA:0,(anonymous_16)
FNDA:0,(anonymous_17)
FNDA:0,(anonymous_18)
FNDA:0,(anonymous_19)
DA:26,0
DA:64,0
DA:65,0
DA:66,0
DA:69,0
DA:70,0
DA:74,0
DA:75,0
DA:79,0
DA:80,0
DA:84,0
DA:85,0
DA:86,0
DA:87,0
DA:90,0
DA:91,0
DA:92,0
DA:93,0
DA:94,0
DA:95,0
DA:96,0
DA:97,0
DA:103,0
DA:104,0
DA:107,0
DA:108,0
DA:112,0
DA:113,0
DA:116,0
DA:117,0
DA:120,0
DA:133,0
DA:134,0
DA:135,0
DA:138,0
DA:139,0
DA:140,0
DA:141,0
DA:145,0
DA:146,0
DA:150,0
DA:151,0
DA:153,0
DA:154,0
DA:156,0
DA:157,0
DA:162,0
DA:163,0
DA:166,0
DA:167,0
DA:171,0
DA:172,0
DA:175,0
DA:176,0
DA:179,0
DA:192,0
DA:193,0
DA:194,0
DA:197,0
DA:198,0
DA:199,0
DA:200,0
DA:204,0
DA:205,0
DA:207,0
DA:208,0
DA:209,0
DA:213,0
DA:214,0
DA:215,0
DA:219,0
DA:220,0
DA:225,0
DA:226,0
DA:229,0
DA:230,0
DA:233,0
DA:246,0
DA:247,0
DA:248,0
DA:251,0
DA:252,0
DA:253,0
DA:254,0
DA:258,0
DA:259,0
DA:260,0
DA:261,0
DA:263,0
DA:264,0
DA:266,0
DA:267,0
DA:273,0
DA:274,0
DA:278,0
DA:279,0
DA:282,0
DA:283,0
DA:286,0
DA:287,0
DA:290,0
DA:303,0
DA:304,0
DA:310,0
DA:328,0
DA:329,0
DA:350,0
DA:351,0
DA:370,0
DA:371,0
DA:384,0
LF:111
LH:0
BRDA:69,0,0,0
BRDA:74,1,0,0
BRDA:79,2,0,0
BRDA:79,3,0,0
BRDA:79,3,1,0
BRDA:84,4,0,0
BRDA:84,4,1,0
BRDA:84,5,0,0
BRDA:84,5,1,0
BRDA:86,6,0,0
BRDA:86,6,1,0
BRDA:92,7,0,0
BRDA:92,7,1,0
BRDA:92,8,0,0
BRDA:92,8,1,0
BRDA:94,9,0,0
BRDA:94,9,1,0
BRDA:94,10,0,0
BRDA:94,10,1,0
BRDA:96,11,0,0
BRDA:96,12,0,0
BRDA:96,12,1,0
BRDA:103,13,0,0
BRDA:107,14,0,0
BRDA:112,15,0,0
BRDA:112,16,0,0
BRDA:112,16,1,0
BRDA:116,17,0,0
BRDA:116,18,0,0
BRDA:116,18,1,0
BRDA:138,19,0,0
BRDA:138,19,1,0
BRDA:138,20,0,0
BRDA:138,20,1,0
BRDA:140,21,0,0
BRDA:145,22,0,0
BRDA:150,23,0,0
BRDA:150,23,1,0
BRDA:150,24,0,0
BRDA:150,24,1,0
BRDA:150,24,2,0
BRDA:153,25,0,0
BRDA:153,26,0,0
BRDA:153,26,1,0
BRDA:156,27,0,0
BRDA:156,28,0,0
BRDA:156,28,1,0
BRDA:162,29,0,0
BRDA:166,30,0,0
BRDA:171,31,0,0
BRDA:171,32,0,0
BRDA:171,32,1,0
BRDA:175,33,0,0
BRDA:175,34,0,0
BRDA:175,34,1,0
BRDA:197,35,0,0
BRDA:197,35,1,0
BRDA:197,36,0,0
BRDA:197,36,1,0
BRDA:199,37,0,0
BRDA:204,38,0,0
BRDA:207,39,0,0
BRDA:208,40,0,0
BRDA:208,41,0,0
BRDA:208,41,1,0
BRDA:213,42,0,0
BRDA:214,43,0,0
BRDA:214,44,0,0
BRDA:214,44,1,0
BRDA:219,45,0,0
BRDA:219,46,0,0
BRDA:219,46,1,0
BRDA:225,47,0,0
BRDA:225,48,0,0
BRDA:225,48,1,0
BRDA:229,49,0,0
BRDA:229,50,0,0
BRDA:229,50,1,0
BRDA:251,51,0,0
BRDA:251,51,1,0
BRDA:251,52,0,0
BRDA:251,52,1,0
BRDA:253,53,0,0
BRDA:258,54,0,0
BRDA:260,55,0,0
BRDA:260,55,1,0
BRDA:260,56,0,0
BRDA:260,56,1,0
BRDA:263,57,0,0
BRDA:263,58,0,0
BRDA:263,58,1,0
BRDA:266,59,0,0
BRDA:266,60,0,0
BRDA:266,60,1,0
BRDA:273,61,0,0
BRDA:278,62,0,0
BRDA:278,63,0,0
BRDA:278,63,1,0
BRDA:282,64,0,0
BRDA:282,65,0,0
BRDA:282,65,1,0
BRDA:286,66,0,0
BRDA:286,67,0,0
BRDA:286,67,1,0
BRDA:306,68,0,0
BRDA:306,68,1,0
BRDA:307,69,0,0
BRDA:307,69,1,0
BRDA:309,70,0,0
BRDA:309,70,1,0
BRDA:310,71,0,0
BRDA:310,71,1,0
BRDA:310,71,2,0
BRDA:310,71,3,0
BRDA:315,72,0,0
BRDA:315,72,1,0
BRDA:316,73,0,0
BRDA:316,73,1,0
BRDA:317,74,0,0
BRDA:317,74,1,0
BRDA:318,75,0,0
BRDA:318,75,1,0
BRDA:331,76,0,0
BRDA:331,76,1,0
BRDA:332,77,0,0
BRDA:332,77,1,0
BRDA:334,78,0,0
BRDA:334,78,1,0
BRDA:335,79,0,0
BRDA:335,79,1,0
BRDA:337,80,0,0
BRDA:337,80,1,0
BRDA:338,81,0,0
BRDA:338,81,1,0
BRDA:339,82,0,0
BRDA:339,82,1,0
BRDA:340,83,0,0
BRDA:340,83,1,0
BRDA:353,84,0,0
BRDA:353,84,1,0
BRDA:355,85,0,0
BRDA:355,85,1,0
BRDA:356,86,0,0
BRDA:356,86,1,0
BRDA:357,87,0,0
BRDA:357,87,1,0
BRDA:357,88,0,0
BRDA:357,88,1,0
BRDA:359,89,0,0
BRDA:359,89,1,0
BRDA:360,90,0,0
BRDA:360,90,1,0
BRDA:373,91,0,0
BRDA:373,91,1,0
BRDA:374,92,0,0
BRDA:374,92,1,0
BRDA:378,93,0,0
BRDA:378,93,1,0
BRDA:379,94,0,0
BRDA:379,94,1,0
BRDA:380,95,0,0
BRDA:380,95,1,0
BRF:162
BRH:0
end_of_record
