TN:
SF:src/app.ts
FN:76,(anonymous_10)
FN:94,(anonymous_11)
FN:106,(anonymous_12)
FN:112,(anonymous_13)
FNF:4
FNH:0
FNDA:0,(anonymous_10)
FNDA:0,(anonymous_11)
FNDA:0,(anonymous_12)
FNDA:0,(anonymous_13)
DA:1,0
DA:2,0
DA:3,0
DA:4,0
DA:5,0
DA:8,0
DA:9,0
DA:10,0
DA:11,0
DA:12,0
DA:13,0
DA:14,0
DA:17,0
DA:18,0
DA:19,0
DA:20,0
DA:23,0
DA:24,0
DA:27,0
DA:39,0
DA:42,0
DA:50,0
DA:53,0
DA:56,0
DA:57,0
DA:60,0
DA:63,0
DA:66,0
DA:69,0
DA:70,0
DA:71,0
DA:72,0
DA:73,0
DA:76,0
DA:77,0
DA:87,0
DA:94,0
DA:95,0
DA:103,0
DA:106,0
DA:107,0
DA:108,0
DA:109,0
DA:112,0
DA:113,0
DA:114,0
DA:115,0
DA:118,0
LF:48
LH:0
BRDA:43,0,0,0
BRDA:43,0,1,0
BRDA:82,1,0,0
BRDA:82,1,1,0
BRDA:88,2,0,0
BRDA:88,2,1,0
BRDA:89,3,0,0
BRDA:89,3,1,0
BRF:8
BRH:0
end_of_record
TN:
SF:src/server.ts
FN:5,(anonymous_1)
FN:12,(anonymous_2)
FN:14,(anonymous_3)
FN:19,(anonymous_4)
FN:21,(anonymous_5)
FNF:5
FNH:0
FNDA:0,(anonymous_1)
FNDA:0,(anonymous_2)
FNDA:0,(anonymous_3)
FNDA:0,(anonymous_4)
FNDA:0,(anonymous_5)
DA:1,0
DA:3,0
DA:5,0
DA:6,0
DA:7,0
DA:8,0
DA:12,0
DA:13,0
DA:14,0
DA:15,0
DA:19,0
DA:20,0
DA:21,0
DA:22,0
DA:26,0
LF:15
LH:0
BRDA:3,0,0,0
BRDA:3,0,1,0
BRDA:7,1,0,0
BRDA:7,1,1,0
BRF:4
BRH:0
end_of_record
TN:
SF:src/app/layout.tsx
FN:23,RootLayout
FNF:1
FNH:0
FNDA:0,RootLayout
DA:2,0
DA:3,0
DA:4,0
DA:6,0
DA:8,0
DA:23,0
DA:28,0
LF:7
LH:0
BRF:0
BRH:0
end_of_record
TN:
SF:src/app/page.tsx
FN:9,HomePage
FN:81,(anonymous_2)
FN:159,(anonymous_3)
FNF:3
FNH:0
FNDA:0,HomePage
FNDA:0,(anonymous_2)
FNDA:0,(anonymous_3)
DA:4,0
DA:5,0
DA:6,0
DA:7,0
DA:9,0
DA:10,0
DA:11,0
DA:13,0
DA:82,0
DA:160,0
LF:10
LH:0
BRDA:75,0,0,0
BRDA:75,0,1,0
BRDA:79,1,0,0
BRDA:79,1,1,0
BRDA:79,2,0,0
BRDA:79,2,1,0
BRDA:79,2,2,0
BRDA:84,3,0,0
BRDA:84,3,1,0
BRDA:153,4,0,0
BRDA:153,4,1,0
BRDA:157,5,0,0
BRDA:157,5,1,0
BRDA:157,6,0,0
BRDA:157,6,1,0
BRDA:157,6,2,0
BRDA:162,7,0,0
BRDA:162,7,1,0
BRF:18
BRH:0
end_of_record
TN:
SF:src/app/auth/login/page.tsx
FN:11,LoginPage
FN:22,(anonymous_2)
FN:38,(anonymous_3)
FN:39,(anonymous_4)
FNF:4
FNH:0
FNDA:0,LoginPage
FNDA:0,(anonymous_2)
FNDA:0,(anonymous_3)
FNDA:0,(anonymous_4)
DA:3,0
DA:4,0
DA:5,0
DA:6,0
DA:7,0
DA:8,0
DA:9,0
DA:11,0
DA:12,0
DA:16,0
DA:17,0
DA:19,0
DA:20,0
DA:22,0
DA:23,0
DA:24,0
DA:25,0
DA:27,0
DA:29,0
DA:30,0
DA:32,0
DA:35,0
DA:38,0
DA:39,0
DA:45,0
LF:25
LH:0
BRDA:29,0,0,0
BRDA:29,0,1,0
BRDA:62,1,0,0
BRDA:62,1,1,0
BRF:4
BRH:0
end_of_record
TN:
SF:src/app/auth/register/page.tsx
FN:11,RegisterPage
FN:25,(anonymous_2)
FN:54,(anonymous_3)
FN:55,(anonymous_4)
FNF:4
FNH:0
FNDA:0,RegisterPage
FNDA:0,(anonymous_2)
FNDA:0,(anonymous_3)
FNDA:0,(anonymous_4)
DA:3,0
DA:4,0
DA:5,0
DA:6,0
DA:7,0
DA:8,0
DA:9,0
DA:11,0
DA:12,0
DA:19,0
DA:20,0
DA:22,0
DA:23,0
DA:25,0
DA:26,0
DA:27,0
DA:28,0
DA:31,0
DA:32,0
DA:33,0
DA:34,0
DA:37,0
DA:38,0
DA:39,0
DA:40,0
DA:43,0
DA:45,0
DA:46,0
DA:48,0
DA:51,0
DA:54,0
DA:55,0
DA:61,0
LF:33
LH:0
BRDA:31,0,0,0
BRDA:37,1,0,0
BRDA:45,2,0,0
BRDA:45,2,1,0
BRDA:78,3,0,0
BRDA:78,3,1,0
BRF:6
BRH:0
end_of_record
TN:
SF:src/app/campaigns/page.tsx
FN:10,CampaignsPage
FN:24,(anonymous_2)
FN:26,(anonymous_3)
FN:29,(anonymous_4)
FN:30,(anonymous_5)
FN:33,(anonymous_6)
FN:34,(anonymous_7)
FN:73,(anonymous_8)
FN:143,(anonymous_9)
FN:146,(anonymous_10)
FN:164,(anonymous_11)
FN:171,(anonymous_12)
FN:229,(anonymous_13)
FN:235,(anonymous_14)
FN:241,(anonymous_15)
FN:250,(anonymous_16)
FN:267,(anonymous_17)
FNF:17
FNH:0
FNDA:0,CampaignsPage
FNDA:0,(anonymous_2)
FNDA:0,(anonymous_3)
FNDA:0,(anonymous_4)
FNDA:0,(anonymous_5)
FNDA:0,(anonymous_6)
FNDA:0,(anonymous_7)
FNDA:0,(anonymous_8)
FNDA:0,(anonymous_9)
FNDA:0,(anonymous_10)
FNDA:0,(anonymous_11)
FNDA:0,(anonymous_12)
FNDA:0,(anonymous_13)
FNDA:0,(anonymous_14)
FNDA:0,(anonymous_15)
FNDA:0,(anonymous_16)
FNDA:0,(anonymous_17)
DA:3,0
DA:4,0
DA:5,0
DA:6,0
DA:7,0
DA:8,0
DA:10,0
DA:11,0
DA:19,0
DA:20,0
DA:21,0
DA:22,0
DA:24,0
DA:25,0
DA:26,0
DA:29,0
DA:30,0
DA:33,0
DA:34,0
DA:37,0
DA:47,0
DA:48,0
DA:55,0
DA:74,0
DA:144,0
DA:146,0
DA:164,0
DA:172,0
DA:229,0
DA:236,0
DA:237,0
DA:241,0
DA:250,0
DA:267,0
LF:34
LH:0
BRDA:20,0,0,0
BRDA:20,0,1,0
BRDA:21,1,0,0
BRDA:21,1,1,0
BRDA:47,2,0,0
BRDA:69,3,0,0
BRDA:69,3,1,0
BRDA:69,3,2,0
BRDA:76,4,0,0
BRDA:76,4,1,0
BRDA:148,5,0,0
BRDA:148,5,1,0
BRDA:160,6,0,0
BRDA:160,6,1,0
BRDA:168,7,0,0
BRDA:168,7,1,0
BRDA:168,8,0,0
BRDA:168,8,1,0
BRDA:174,9,0,0
BRDA:174,9,1,0
BRDA:189,10,0,0
BRDA:189,10,1,0
BRDA:190,11,0,0
BRDA:190,11,1,0
BRDA:225,12,0,0
BRDA:225,12,1,0
BRDA:240,13,0,0
BRDA:240,13,1,0
BRDA:262,14,0,0
BRDA:262,14,1,0
BRDA:262,15,0,0
BRDA:262,15,1,0
BRDA:268,16,0,0
BRDA:268,16,1,0
BRDA:268,17,0,0
BRDA:268,17,1,0
BRF:36
BRH:0
end_of_record
TN:
SF:src/app/campaigns/[id]/page.tsx
FN:12,CampaignPage
FN:26,(anonymous_1)
FN:59,(anonymous_2)
FN:109,(anonymous_3)
FN:211,(anonymous_4)
FN:214,(anonymous_5)
FN:228,(anonymous_6)
FN:234,(anonymous_7)
FN:275,(anonymous_8)
FN:286,(anonymous_9)
FN:298,(anonymous_10)
FN:310,(anonymous_11)
FN:321,(anonymous_12)
FNF:13
FNH:0
FNDA:0,CampaignPage
FNDA:0,(anonymous_1)
FNDA:0,(anonymous_2)
FNDA:0,(anonymous_3)
FNDA:0,(anonymous_4)
FNDA:0,(anonymous_5)
FNDA:0,(anonymous_6)
FNDA:0,(anonymous_7)
FNDA:0,(anonymous_8)
FNDA:0,(anonymous_9)
FNDA:0,(anonymous_10)
FNDA:0,(anonymous_11)
FNDA:0,(anonymous_12)
DA:3,0
DA:4,0
DA:5,0
DA:6,0
DA:7,0
DA:8,0
DA:9,0
DA:10,0
DA:12,0
DA:13,0
DA:14,0
DA:15,0
DA:17,0
DA:18,0
DA:19,0
DA:21,0
DA:22,0
DA:23,0
DA:24,0
DA:26,0
DA:27,0
DA:30,0
DA:37,0
DA:38,0
DA:39,0
DA:40,0
DA:42,0
DA:45,0
DA:46,0
DA:53,0
DA:54,0
DA:59,0
DA:67,0
DA:68,0
DA:70,0
DA:109,0
DA:212,0
DA:214,0
DA:228,0
DA:234,0
DA:275,0
DA:286,0
DA:298,0
DA:310,0
DA:321,0
LF:45
LH:0
BRDA:27,0,0,0
BRDA:27,1,0,0
BRDA:27,1,1,0
BRDA:33,2,0,0
BRDA:33,2,1,0
BRDA:45,3,0,0
BRDA:53,4,0,0
BRDA:53,5,0,0
BRDA:53,5,1,0
BRDA:58,6,0,0
BRDA:58,6,1,0
BRDA:76,7,0,0
BRDA:76,7,1,0
BRDA:97,8,0,0
BRDA:97,8,1,0
BRDA:98,9,0,0
BRDA:98,9,1,0
BRDA:112,10,0,0
BRDA:112,10,1,0
BRDA:135,11,0,0
BRDA:135,11,1,0
BRDA:157,12,0,0
BRDA:157,12,1,0
BRDA:235,13,0,0
BRDA:235,13,1,0
BRDA:238,14,0,0
BRDA:238,14,1,0
BRDA:263,15,0,0
BRDA:263,15,1,0
BRDA:328,16,0,0
BRDA:328,16,1,0
BRDA:331,17,0,0
BRDA:331,17,1,0
BRDA:331,18,0,0
BRDA:331,18,1,0
BRF:35
BRH:0
end_of_record
TN:
SF:src/components/ProtectedRoute.tsx
FN:13,(anonymous_0)
FN:20,(anonymous_1)
FNF:2
FNH:0
FNDA:0,(anonymous_0)
FNDA:0,(anonymous_1)
DA:4,0
DA:5,0
DA:6,0
DA:13,0
DA:17,0
DA:18,0
DA:20,0
DA:21,0
DA:22,0
DA:23,0
DA:24,0
DA:27,0
DA:28,0
DA:29,0
DA:34,0
DA:35,0
DA:42,0
DA:43,0
DA:46,0
DA:47,0
DA:50,0
LF:21
LH:0
BRDA:21,0,0,0
BRDA:22,1,0,0
BRDA:27,2,0,0
BRDA:27,3,0,0
BRDA:27,3,1,0
BRDA:34,4,0,0
BRDA:42,5,0,0
BRDA:46,6,0,0
BRDA:46,7,0,0
BRDA:46,7,1,0
BRF:10
BRH:0
end_of_record
TN:
SF:src/components/ui/button.tsx
FN:11,(anonymous_1)
FNF:1
FNH:0
FNDA:0,(anonymous_1)
DA:1,0
DA:2,0
DA:10,0
DA:12,0
DA:14,0
DA:23,0
DA:30,0
DA:70,0
DA:72,0
LF:9
LH:0
BRDA:11,0,0,0
BRDA:11,1,0,0
BRDA:11,2,0,0
BRDA:39,3,0,0
BRDA:39,3,1,0
BRDA:42,4,0,0
BRDA:42,4,1,0
BRF:7
BRH:0
end_of_record
TN:
SF:src/components/ui/card.tsx
FN:7,(anonymous_1)
FN:23,(anonymous_2)
FN:36,(anonymous_3)
FN:52,(anonymous_4)
FN:65,(anonymous_5)
FN:74,(anonymous_6)
FNF:6
FNH:0
FNDA:0,(anonymous_1)
FNDA:0,(anonymous_2)
FNDA:0,(anonymous_3)
FNDA:0,(anonymous_4)
FNDA:0,(anonymous_5)
FNDA:0,(anonymous_6)
DA:1,0
DA:2,0
DA:6,0
DA:8,0
DA:18,0
DA:22,0
DA:24,0
DA:31,0
DA:35,0
DA:37,0
DA:47,0
DA:51,0
DA:53,0
DA:60,0
DA:64,0
DA:66,0
DA:69,0
DA:73,0
DA:75,0
DA:82,0
DA:84,0
LF:21
LH:0
BRF:0
BRH:0
end_of_record
TN:
SF:src/components/ui/input.tsx
FN:7,(anonymous_1)
FNF:1
FNH:0
FNDA:0,(anonymous_1)
DA:1,0
DA:2,0
DA:6,0
DA:8,0
DA:21,0
DA:23,0
LF:6
LH:0
BRF:0
BRH:0
end_of_record
TN:
SF:src/components/ui/modal.tsx
FN:12,(anonymous_0)
FNF:1
FNH:0
FNDA:0,(anonymous_0)
DA:2,0
DA:12,0
DA:13,0
DA:15,0
DA:52,0
LF:5
LH:0
BRDA:13,0,0,0
BRDA:29,1,0,0
BRDA:29,1,1,0
BRF:3
BRH:0
end_of_record
TN:
SF:src/contexts/AuthContext.tsx
FN:25,(anonymous_1)
FN:37,(anonymous_2)
FN:42,(anonymous_3)
FN:53,(anonymous_4)
FN:68,(anonymous_5)
FN:85,(anonymous_6)
FN:102,(anonymous_7)
FNF:7
FNH:0
FNDA:0,(anonymous_1)
FNDA:0,(anonymous_2)
FNDA:0,(anonymous_3)
FNDA:0,(anonymous_4)
FNDA:0,(anonymous_5)
FNDA:0,(anonymous_6)
FNDA:0,(anonymous_7)
DA:3,0
DA:4,0
DA:5,0
DA:23,0
DA:25,0
DA:26,0
DA:27,0
DA:28,0
DA:30,0
DA:37,0
DA:38,0
DA:39,0
DA:40,0
DA:42,0
DA:44,0
DA:45,0
DA:47,0
DA:49,0
DA:53,0
DA:54,0
DA:55,0
DA:56,0
DA:57,0
DA:59,0
DA:62,0
DA:64,0
DA:68,0
DA:69,0
DA:70,0
DA:71,0
DA:72,0
DA:73,0
DA:74,0
DA:75,0
DA:76,0
DA:78,0
DA:80,0
DA:81,0
DA:85,0
DA:86,0
DA:87,0
DA:88,0
DA:89,0
DA:90,0
DA:91,0
DA:92,0
DA:93,0
DA:95,0
DA:97,0
DA:98,0
DA:102,0
DA:103,0
DA:104,0
DA:105,0
DA:108,0
DA:117,0
LF:56
LH:0
BRDA:27,0,0,0
BRDA:45,1,0,0
BRDA:45,1,1,0
BRDA:56,2,0,0
BRDA:56,2,1,0
BRDA:56,3,0,0
BRDA:56,3,1,0
BRDA:71,4,0,0
BRDA:71,5,0,0
BRDA:71,5,1,0
BRDA:88,6,0,0
BRDA:88,7,0,0
BRDA:88,7,1,0
BRF:13
BRH:0
end_of_record
TN:
SF:src/controllers/authController.ts
FN:16,(anonymous_1)
FN:46,(anonymous_2)
FN:75,(anonymous_3)
FN:113,(anonymous_4)
FNF:4
FNH:0
FNDA:0,(anonymous_1)
FNDA:0,(anonymous_2)
FNDA:0,(anonymous_3)
FNDA:0,(anonymous_4)
DA:2,0
DA:3,0
DA:4,0
DA:6,0
DA:7,0
DA:8,0
DA:10,0
DA:12,0
DA:14,0
DA:17,0
DA:18,0
DA:20,0
DA:22,0
DA:23,0
DA:29,0
DA:35,0
DA:44,0
DA:47,0
DA:48,0
DA:50,0
DA:52,0
DA:53,0
DA:59,0
DA:65,0
DA:74,0
DA:76,0
DA:77,0
DA:79,0
DA:80,0
DA:84,0
DA:87,0
DA:89,0
DA:90,0
DA:96,0
DA:102,0
DA:111,0
DA:114,0
DA:115,0
DA:116,0
DA:118,0
DA:119,0
DA:123,0
DA:126,0
DA:128,0
DA:129,0
DA:134,0
DA:140,0
LF:47
LH:0
BRDA:22,0,0,0
BRDA:22,0,1,0
BRDA:52,1,0,0
BRDA:52,1,1,0
BRDA:79,2,0,0
BRDA:89,3,0,0
BRDA:89,3,1,0
BRDA:118,4,0,0
BRDA:128,5,0,0
BRDA:128,5,1,0
BRF:10
BRH:0
end_of_record
TN:
SF:src/controllers/campaignController.ts
FN:30,(anonymous_0)
FN:59,(anonymous_1)
FN:93,(anonymous_2)
FN:120,(anonymous_3)
FN:149,(anonymous_4)
FN:174,(anonymous_5)
FN:205,(anonymous_6)
FN:234,(anonymous_7)
FN:265,(anonymous_8)
FNF:9
FNH:0
FNDA:0,(anonymous_0)
FNDA:0,(anonymous_1)
FNDA:0,(anonymous_2)
FNDA:0,(anonymous_3)
FNDA:0,(anonymous_4)
FNDA:0,(anonymous_5)
FNDA:0,(anonymous_6)
FNDA:0,(anonymous_7)
FNDA:0,(anonymous_8)
DA:3,0
DA:4,0
DA:5,0
DA:6,0
DA:7,0
DA:8,0
DA:9,0
DA:10,0
DA:11,0
DA:12,0
DA:15,0
DA:16,0
DA:17,0
DA:18,0
DA:20,0
DA:21,0
DA:22,0
DA:24,0
DA:25,0
DA:26,0
DA:28,0
DA:31,0
DA:32,0
DA:37,0
DA:39,0
DA:40,0
DA:45,0
DA:51,0
DA:60,0
DA:61,0
DA:67,0
DA:68,0
DA:70,0
DA:72,0
DA:73,0
DA:79,0
DA:85,0
DA:94,0
DA:95,0
DA:97,0
DA:99,0
DA:100,0
DA:106,0
DA:112,0
DA:121,0
DA:122,0
DA:123,0
DA:125,0
DA:127,0
DA:128,0
DA:133,0
DA:134,0
DA:135,0
DA:141,0
DA:150,0
DA:151,0
DA:153,0
DA:155,0
DA:156,0
DA:158,0
DA:159,0
DA:160,0
DA:166,0
DA:175,0
DA:176,0
DA:177,0
DA:183,0
DA:185,0
DA:186,0
DA:191,0
DA:197,0
DA:206,0
DA:207,0
DA:208,0
DA:209,0
DA:211,0
DA:213,0
DA:214,0
DA:220,0
DA:226,0
DA:235,0
DA:236,0
DA:237,0
DA:243,0
DA:245,0
DA:246,0
DA:251,0
DA:257,0
DA:266,0
DA:267,0
DA:268,0
DA:269,0
DA:271,0
DA:273,0
DA:274,0
DA:280,0
DA:286,0
LF:97
LH:0
BRDA:37,0,0,0
BRDA:37,0,1,0
BRDA:39,1,0,0
BRDA:39,1,1,0
BRDA:67,2,0,0
BRDA:67,2,1,0
BRDA:68,3,0,0
BRDA:68,3,1,0
BRDA:72,4,0,0
BRDA:72,4,1,0
BRDA:99,5,0,0
BRDA:99,5,1,0
BRDA:125,6,0,0
BRDA:125,6,1,0
BRDA:127,7,0,0
BRDA:127,7,1,0
BRDA:133,8,0,0
BRDA:133,8,1,0
BRDA:134,9,0,0
BRDA:134,9,1,0
BRDA:153,10,0,0
BRDA:153,10,1,0
BRDA:155,11,0,0
BRDA:155,11,1,0
BRDA:158,12,0,0
BRDA:158,12,1,0
BRDA:159,13,0,0
BRDA:159,13,1,0
BRDA:185,14,0,0
BRDA:185,14,1,0
BRDA:208,15,0,0
BRDA:208,15,1,0
BRDA:209,16,0,0
BRDA:209,16,1,0
BRDA:213,17,0,0
BRDA:213,17,1,0
BRDA:245,18,0,0
BRDA:245,18,1,0
BRDA:268,19,0,0
BRDA:268,19,1,0
BRDA:269,20,0,0
BRDA:269,20,1,0
BRDA:273,21,0,0
BRDA:273,21,1,0
BRF:44
BRH:0
end_of_record
TN:
SF:src/controllers/commentController.ts
FN:17,(anonymous_0)
FN:49,(anonymous_1)
FN:80,(anonymous_2)
FN:110,(anonymous_3)
FN:138,(anonymous_4)
FN:164,(anonymous_5)
FNF:6
FNH:0
FNDA:0,(anonymous_0)
FNDA:0,(anonymous_1)
FNDA:0,(anonymous_2)
FNDA:0,(anonymous_3)
FNDA:0,(anonymous_4)
FNDA:0,(anonymous_5)
DA:2,0
DA:3,0
DA:4,0
DA:5,0
DA:6,0
DA:9,0
DA:10,0
DA:11,0
DA:12,0
DA:13,0
DA:15,0
DA:18,0
DA:19,0
DA:20,0
DA:26,0
DA:28,0
DA:29,0
DA:34,0
DA:35,0
DA:41,0
DA:50,0
DA:51,0
DA:52,0
DA:58,0
DA:60,0
DA:61,0
DA:66,0
DA:72,0
DA:81,0
DA:82,0
DA:83,0
DA:84,0
DA:86,0
DA:88,0
DA:89,0
DA:95,0
DA:96,0
DA:102,0
DA:111,0
DA:112,0
DA:113,0
DA:115,0
DA:117,0
DA:118,0
DA:123,0
DA:124,0
DA:130,0
DA:139,0
DA:140,0
DA:142,0
DA:144,0
DA:145,0
DA:149,0
DA:150,0
DA:156,0
DA:165,0
DA:166,0
DA:167,0
DA:170,0
DA:171,0
DA:175,0
DA:178,0
DA:180,0
DA:181,0
DA:186,0
DA:192,0
LF:66
LH:0
BRDA:28,0,0,0
BRDA:28,0,1,0
BRDA:34,1,0,0
BRDA:34,1,1,0
BRDA:60,2,0,0
BRDA:60,2,1,0
BRDA:83,3,0,0
BRDA:83,3,1,0
BRDA:84,4,0,0
BRDA:84,4,1,0
BRDA:88,5,0,0
BRDA:88,5,1,0
BRDA:95,6,0,0
BRDA:95,6,1,0
BRDA:115,7,0,0
BRDA:115,7,1,0
BRDA:117,8,0,0
BRDA:117,8,1,0
BRDA:123,9,0,0
BRDA:123,9,1,0
BRDA:142,10,0,0
BRDA:142,10,1,0
BRDA:144,11,0,0
BRDA:144,11,1,0
BRDA:149,12,0,0
BRDA:149,12,1,0
BRDA:170,13,0,0
BRDA:178,14,0,0
BRDA:178,14,1,0
BRDA:180,15,0,0
BRDA:180,15,1,0
BRF:31
BRH:0
end_of_record
TN:
SF:src/controllers/donationController.ts
FN:17,(anonymous_0)
FN:49,(anonymous_1)
FN:78,(anonymous_2)
FN:106,(anonymous_3)
FN:132,(anonymous_4)
FNF:5
FNH:0
FNDA:0,(anonymous_0)
FNDA:0,(anonymous_1)
FNDA:0,(anonymous_2)
FNDA:0,(anonymous_3)
FNDA:0,(anonymous_4)
DA:2,0
DA:3,0
DA:4,0
DA:5,0
DA:6,0
DA:9,0
DA:10,0
DA:11,0
DA:12,0
DA:13,0
DA:15,0
DA:18,0
DA:19,0
DA:20,0
DA:26,0
DA:28,0
DA:29,0
DA:34,0
DA:35,0
DA:41,0
DA:50,0
DA:51,0
DA:52,0
DA:53,0
DA:55,0
DA:57,0
DA:58,0
DA:64,0
DA:70,0
DA:79,0
DA:80,0
DA:81,0
DA:83,0
DA:85,0
DA:86,0
DA:92,0
DA:98,0
DA:107,0
DA:108,0
DA:110,0
DA:112,0
DA:113,0
DA:118,0
DA:124,0
DA:133,0
DA:134,0
DA:137,0
DA:138,0
DA:142,0
DA:145,0
DA:147,0
DA:148,0
DA:153,0
DA:159,0
LF:54
LH:0
BRDA:28,0,0,0
BRDA:28,0,1,0
BRDA:34,1,0,0
BRDA:34,1,1,0
BRDA:52,2,0,0
BRDA:52,2,1,0
BRDA:53,3,0,0
BRDA:53,3,1,0
BRDA:57,4,0,0
BRDA:57,4,1,0
BRDA:80,5,0,0
BRDA:80,5,1,0
BRDA:81,6,0,0
BRDA:81,6,1,0
BRDA:83,7,0,0
BRDA:83,7,1,0
BRDA:85,8,0,0
BRDA:85,8,1,0
BRDA:112,9,0,0
BRDA:112,9,1,0
BRDA:137,10,0,0
BRDA:145,11,0,0
BRDA:145,11,1,0
BRDA:147,12,0,0
BRDA:147,12,1,0
BRF:25
BRH:0
end_of_record
TN:
SF:src/controllers/userController.ts
FN:15,(anonymous_0)
FN:39,(anonymous_1)
FN:65,(anonymous_2)
FNF:3
FNH:0
FNDA:0,(anonymous_0)
FNDA:0,(anonymous_1)
FNDA:0,(anonymous_2)
DA:2,0
DA:3,0
DA:4,0
DA:5,0
DA:8,0
DA:9,0
DA:10,0
DA:11,0
DA:13,0
DA:16,0
DA:17,0
DA:19,0
DA:20,0
DA:25,0
DA:31,0
DA:40,0
DA:41,0
DA:43,0
DA:45,0
DA:46,0
DA:51,0
DA:57,0
DA:66,0
DA:67,0
DA:69,0
DA:70,0
DA:75,0
DA:81,0
LF:28
LH:0
BRDA:17,0,0,0
BRDA:17,0,1,0
BRDA:19,1,0,0
BRDA:19,1,1,0
BRDA:43,2,0,0
BRDA:43,2,1,0
BRDA:45,3,0,0
BRDA:45,3,1,0
BRDA:67,4,0,0
BRDA:67,4,1,0
BRDA:69,5,0,0
BRDA:69,5,1,0
BRF:12
BRH:0
end_of_record
TN:
SF:src/dto/auth.ts
FNF:0
FNH:0
DA:1,0
DA:3,0
DA:5,0
DA:9,0
DA:12,0
DA:14,0
DA:19,0
DA:24,0
DA:27,0
DA:30,0
DA:35,0
LF:11
LH:0
BRF:0
BRH:0
end_of_record
TN:
SF:src/dto/index.ts
FN:25,(anonymous_2)
FN:32,(anonymous_3)
FN:40,(anonymous_4)
FN:44,(anonymous_5)
FN:213,(anonymous_6)
FNF:5
FNH:0
FNDA:0,(anonymous_2)
FNDA:0,(anonymous_3)
FNDA:0,(anonymous_4)
FNDA:0,(anonymous_5)
FNDA:0,(anonymous_6)
DA:1,0
DA:24,0
DA:26,0
DA:27,0
DA:28,0
DA:29,0
DA:33,0
DA:39,0
DA:41,0
DA:45,0
DA:50,0
DA:52,0
DA:56,0
DA:59,0
DA:61,0
DA:66,0
DA:71,0
DA:74,0
DA:77,0
DA:82,0
DA:86,0
DA:89,0
DA:93,0
DA:97,0
DA:103,0
DA:107,0
DA:112,0
DA:115,0
DA:119,0
DA:124,0
DA:128,0
DA:135,0
DA:139,0
DA:145,0
DA:149,0
DA:154,0
DA:159,0
DA:163,0
DA:168,0
DA:172,0
DA:175,0
DA:179,0
DA:183,0
DA:187,0
DA:191,0
DA:196,0
DA:200,0
DA:204,0
DA:209,0
DA:213,0
DA:217,0
DA:223,0
DA:226,0
DA:230,0
DA:236,0
DA:242,0
LF:56
LH:0
BRDA:26,0,0,0
BRDA:41,1,0,0
BRDA:41,1,1,0
BRF:3
BRH:0
end_of_record
TN:
SF:src/hooks/index.ts
FN:20,useLogin
FN:24,useRegister
FN:28,useLogout
FN:32,useChangePassword
FN:37,useUserProfile
FN:41,useUpdateProfile
FN:45,useUserStats
FN:50,useCampaigns
FN:55,useCampaign
FN:59,useCreateCampaign
FN:63,useUpdateCampaign
FN:67,useDeleteCampaign
FN:71,useFeaturedCampaigns
FN:75,useTrendingCampaigns
FN:80,useDonations
FN:85,useCreateDonation
FN:89,useCampaignDonations
FN:94,useUserDonations
FN:99,useRecentDonations
FN:104,useTopDonors
FNF:20
FNH:0
FNDA:0,useLogin
FNDA:0,useRegister
FNDA:0,useLogout
FNDA:0,useChangePassword
FNDA:0,useUserProfile
FNDA:0,useUpdateProfile
FNDA:0,useUserStats
FNDA:0,useCampaigns
FNDA:0,useCampaign
FNDA:0,useCreateCampaign
FNDA:0,useUpdateCampaign
FNDA:0,useDeleteCampaign
FNDA:0,useFeaturedCampaigns
FNDA:0,useTrendingCampaigns
FNDA:0,useDonations
FNDA:0,useCreateDonation
FNDA:0,useCampaignDonations
FNDA:0,useUserDonations
FNDA:0,useRecentDonations
FNDA:0,useTopDonors
DA:1,0
DA:20,0
DA:21,0
DA:24,0
DA:25,0
DA:28,0
DA:29,0
DA:32,0
DA:33,0
DA:37,0
DA:38,0
DA:41,0
DA:42,0
DA:45,0
DA:46,0
DA:50,0
DA:51,0
DA:52,0
DA:55,0
DA:56,0
DA:59,0
DA:60,0
DA:63,0
DA:64,0
DA:67,0
DA:68,0
DA:71,0
DA:72,0
DA:75,0
DA:76,0
DA:80,0
DA:81,0
DA:82,0
DA:85,0
DA:86,0
DA:89,0
DA:90,0
DA:91,0
DA:94,0
DA:95,0
DA:96,0
DA:99,0
DA:100,0
DA:101,0
DA:104,0
DA:105,0
DA:106,0
LF:47
LH:0
BRDA:51,0,0,0
BRDA:51,0,1,0
BRDA:81,1,0,0
BRDA:81,1,1,0
BRDA:90,2,0,0
BRDA:90,2,1,0
BRDA:90,3,0,0
BRDA:90,3,1,0
BRDA:95,4,0,0
BRDA:95,4,1,0
BRDA:95,5,0,0
BRDA:95,5,1,0
BRDA:100,6,0,0
BRDA:100,6,1,0
BRDA:105,7,0,0
BRDA:105,7,1,0
BRF:16
BRH:0
end_of_record
TN:
SF:src/hooks/useApi.ts
FN:11,useApi
FN:16,(anonymous_2)
FN:33,(anonymous_3)
FNF:3
FNH:0
FNDA:0,useApi
FNDA:0,(anonymous_2)
FNDA:0,(anonymous_3)
DA:1,0
DA:2,0
DA:11,0
DA:12,0
DA:13,0
DA:14,0
DA:16,0
DA:17,0
DA:18,0
DA:19,0
DA:20,0
DA:21,0
DA:22,0
DA:24,0
DA:27,0
DA:29,0
DA:33,0
DA:34,0
DA:37,0
LF:19
LH:0
BRDA:21,0,0,0
BRDA:21,0,1,0
BRDA:21,1,0,0
BRDA:21,1,1,0
BRDA:24,2,0,0
BRDA:24,2,1,0
BRDA:27,3,0,0
BRDA:27,3,1,0
BRF:8
BRH:0
end_of_record
TN:
SF:src/lib/api-client.ts
FN:27,(anonymous_1)
FN:40,(anonymous_2)
FN:49,(anonymous_3)
FN:54,(anonymous_4)
FN:55,(anonymous_5)
FN:70,(anonymous_6)
FN:86,(anonymous_7)
FN:90,(anonymous_8)
FN:94,(anonymous_9)
FN:98,(anonymous_10)
FN:102,(anonymous_11)
FN:107,(anonymous_12)
FN:132,(anonymous_13)
FN:141,(anonymous_14)
FN:161,(anonymous_15)
FN:166,(anonymous_16)
FN:172,(anonymous_17)
FN:179,(anonymous_18)
FNF:18
FNH:0
FNDA:0,(anonymous_1)
FNDA:0,(anonymous_2)
FNDA:0,(anonymous_3)
FNDA:0,(anonymous_4)
FNDA:0,(anonymous_5)
FNDA:0,(anonymous_6)
FNDA:0,(anonymous_7)
FNDA:0,(anonymous_8)
FNDA:0,(anonymous_9)
FNDA:0,(anonymous_10)
FNDA:0,(anonymous_11)
FNDA:0,(anonymous_12)
FNDA:0,(anonymous_13)
FNDA:0,(anonymous_14)
FNDA:0,(anonymous_15)
FNDA:0,(anonymous_16)
FNDA:0,(anonymous_17)
FNDA:0,(anonymous_18)
DA:1,0
DA:28,0
DA:30,0
DA:39,0
DA:41,0
DA:42,0
DA:43,0
DA:44,0
DA:47,0
DA:49,0
DA:53,0
DA:54,0
DA:56,0
DA:58,0
DA:59,0
DA:60,0
DA:61,0
DA:64,0
DA:71,0
DA:72,0
DA:73,0
DA:75,0
DA:76,0
DA:78,0
DA:87,0
DA:91,0
DA:95,0
DA:99,0
DA:103,0
DA:111,0
DA:112,0
DA:113,0
DA:115,0
DA:116,0
DA:118,0
DA:133,0
DA:134,0
DA:136,0
DA:137,0
DA:142,0
DA:143,0
DA:144,0
DA:148,0
DA:150,0
DA:151,0
DA:153,0
DA:162,0
DA:167,0
DA:168,0
DA:173,0
DA:174,0
DA:176,0
DA:180,0
DA:181,0
DA:182,0
DA:188,0
DA:189,0
LF:57
LH:0
BRDA:28,0,0,0
BRDA:28,0,1,0
BRDA:41,1,0,0
BRDA:43,2,0,0
BRDA:56,3,0,0
BRDA:58,4,0,0
BRDA:75,5,0,0
BRDA:80,6,0,0
BRDA:80,6,1,0
BRDA:115,7,0,0
BRDA:142,8,0,0
BRDA:142,9,0,0
BRDA:142,9,1,0
BRDA:150,10,0,0
BRDA:155,11,0,0
BRDA:155,11,1,0
BRDA:167,12,0,0
BRDA:173,13,0,0
BRDA:180,14,0,0
BRF:19
BRH:0
end_of_record
TN:
SF:src/lib/config.ts
FN:21,(anonymous_0)
FN:22,(anonymous_1)
FN:23,(anonymous_2)
FN:24,(anonymous_3)
FN:25,(anonymous_4)
FNF:5
FNH:0
FNDA:0,(anonymous_0)
FNDA:0,(anonymous_1)
FNDA:0,(anonymous_2)
FNDA:0,(anonymous_3)
FNDA:0,(anonymous_4)
DA:2,0
DA:11,0
DA:21,0
DA:22,0
DA:23,0
DA:24,0
DA:25,0
DA:35,0
DA:55,0
DA:65,0
DA:73,0
DA:80,0
DA:131,0
DA:139,0
DA:145,0
DA:157,0
DA:165,0
DA:176,0
LF:18
LH:0
BRDA:3,0,0,0
BRDA:3,0,1,0
BRDA:4,1,0,0
BRDA:4,1,1,0
BRDA:5,2,0,0
BRDA:5,2,1,0
BRF:6
BRH:0
end_of_record
TN:
SF:src/lib/logger.ts
FN:26,(anonymous_1)
FN:37,(anonymous_2)
FN:66,(anonymous_3)
FNF:3
FNH:0
FNDA:0,(anonymous_1)
FNDA:0,(anonymous_2)
FNDA:0,(anonymous_3)
DA:1,0
DA:2,0
DA:5,0
DA:14,0
DA:23,0
DA:26,0
DA:27,0
DA:28,0
DA:29,0
DA:33,0
DA:37,0
DA:42,0
DA:57,0
DA:65,0
DA:67,0
DA:71,0
LF:16
LH:0
BRDA:27,0,0,0
BRDA:27,0,1,0
BRDA:29,1,0,0
BRDA:29,1,1,0
BRF:4
BRH:0
end_of_record
TN:
SF:src/lib/utils.ts
FN:4,cn
FNF:1
FNH:0
FNDA:0,cn
DA:1,0
DA:2,0
DA:4,0
DA:5,0
LF:4
LH:0
BRF:0
BRH:0
end_of_record
TN:
SF:src/lib/core/campaign.ts
FN:5,(anonymous_0)
FN:16,(anonymous_1)
FN:25,(anonymous_2)
FN:33,(anonymous_3)
FN:40,(anonymous_4)
FN:48,(anonymous_5)
FN:49,(anonymous_6)
FN:51,(anonymous_7)
FN:65,(anonymous_8)
FN:75,(anonymous_9)
FNF:10
FNH:10
FNDA:5,(anonymous_0)
FNDA:8,(anonymous_1)
FNDA:4,(anonymous_2)
FNDA:4,(anonymous_3)
FNDA:3,(anonymous_4)
FNDA:2,(anonymous_5)
FNDA:4,(anonymous_6)
FNDA:4,(anonymous_7)
FNDA:3,(anonymous_8)
FNDA:4,(anonymous_9)
DA:1,2
DA:6,5
DA:7,5
DA:9,4
DA:10,4
DA:17,8
DA:18,8
DA:19,8
DA:26,4
DA:27,2
DA:34,4
DA:41,3
DA:42,3
DA:49,4
DA:50,2
DA:51,4
DA:52,2
DA:54,2
DA:66,3
DA:76,4
LF:20
LH:20
BRDA:6,0,0,0
BRDA:7,1,0,1
BRDA:16,2,0,0
BRDA:25,3,0,0
BRDA:26,4,0,2
BRDA:34,5,0,4
BRDA:34,5,1,2
BRDA:40,6,0,0
BRDA:42,7,0,3
BRDA:42,7,1,2
BRDA:52,8,0,1
BRDA:52,8,1,1
BRF:12
BRH:8
end_of_record
TN:
SF:src/lib/core/comment.ts
FN:1,(anonymous_0)
FN:8,(anonymous_1)
FN:20,(anonymous_2)
FN:26,(anonymous_3)
FN:27,(anonymous_4)
FN:35,(anonymous_5)
FN:45,(anonymous_6)
FN:50,(anonymous_7)
FN:55,(anonymous_8)
FN:69,(anonymous_9)
FN:70,(anonymous_10)
FN:85,(anonymous_11)
FN:87,(anonymous_12)
FN:88,(anonymous_13)
FN:89,(anonymous_14)
FN:104,(anonymous_15)
FN:111,(anonymous_16)
FN:119,(anonymous_17)
FN:135,(anonymous_18)
FN:161,(anonymous_19)
FNF:20
FNH:20
FNDA:25,(anonymous_0)
FNDA:5,(anonymous_1)
FNDA:7,(anonymous_2)
FNDA:3,(anonymous_3)
FNDA:10,(anonymous_4)
FNDA:18,(anonymous_5)
FNDA:3,(anonymous_6)
FNDA:6,(anonymous_7)
FNDA:6,(anonymous_8)
FNDA:3,(anonymous_9)
FNDA:7,(anonymous_10)
FNDA:2,(anonymous_11)
FNDA:4,(anonymous_12)
FNDA:4,(anonymous_13)
FNDA:4,(anonymous_14)
FNDA:3,(anonymous_15)
FNDA:9,(anonymous_16)
FNDA:3,(anonymous_17)
FNDA:2,(anonymous_18)
FNDA:4,(anonymous_19)
DA:1,2
DA:2,25
DA:3,25
DA:9,5
DA:10,1
DA:13,4
DA:14,1
DA:18,3
DA:19,3
DA:20,7
DA:27,10
DA:28,3
DA:30,3
DA:31,3
DA:33,3
DA:34,7
DA:35,18
DA:36,7
DA:39,3
DA:46,3
DA:47,3
DA:50,3
DA:51,6
DA:55,3
DA:56,6
DA:57,3
DA:58,3
DA:59,2
DA:63,3
DA:70,3
DA:71,7
DA:73,4
DA:75,3
DA:77,0
DA:86,2
DA:87,4
DA:88,4
DA:89,4
DA:90,2
DA:92,2
DA:105,3
DA:106,3
DA:108,3
DA:111,9
DA:112,1
DA:119,3
DA:120,1
DA:126,1
DA:143,2
DA:145,2
DA:163,4
DA:164,1
DA:168,3
DA:169,1
DA:173,2
DA:174,1
DA:177,1
LF:57
LH:56
BRDA:9,0,0,1
BRDA:9,1,0,5
BRDA:9,1,1,4
BRDA:13,2,0,1
BRDA:28,3,0,0
BRDA:33,4,0,10
BRDA:33,4,1,7
BRDA:36,5,0,0
BRDA:56,6,0,3
BRDA:56,6,1,3
BRDA:56,7,0,6
BRDA:56,7,1,4
BRDA:58,8,0,2
BRDA:69,9,0,1
BRDA:71,10,0,4
BRDA:71,10,1,3
BRDA:71,10,2,0
BRDA:75,11,0,3
BRDA:75,11,1,0
BRDA:75,12,0,3
BRDA:75,12,1,0
BRDA:89,13,0,4
BRDA:89,13,1,0
BRDA:90,14,0,1
BRDA:90,14,1,1
BRDA:111,15,0,1
BRDA:119,16,0,1
BRDA:146,17,0,1
BRDA:146,17,1,1
BRDA:151,18,0,1
BRDA:151,18,1,1
BRDA:163,19,0,1
BRDA:168,20,0,1
BRDA:173,21,0,1
BRDA:173,22,0,2
BRDA:173,22,1,1
BRF:36
BRH:30
end_of_record
TN:
SF:src/lib/core/donation.ts
FN:1,(anonymous_0)
FN:8,(anonymous_1)
FN:15,(anonymous_2)
FN:22,(anonymous_3)
FN:29,(anonymous_4)
FN:37,(anonymous_5)
FN:81,(anonymous_6)
FN:104,(anonymous_7)
FN:128,(anonymous_8)
FN:134,(anonymous_9)
FN:140,(anonymous_10)
FN:146,(anonymous_11)
FNF:12
FNH:12
FNDA:23,(anonymous_0)
FNDA:8,(anonymous_1)
FNDA:3,(anonymous_2)
FNDA:2,(anonymous_3)
FNDA:8,(anonymous_4)
FNDA:3,(anonymous_5)
FNDA:2,(anonymous_6)
FNDA:1,(anonymous_7)
FNDA:4,(anonymous_8)
FNDA:8,(anonymous_9)
FNDA:2,(anonymous_10)
FNDA:3,(anonymous_11)
DA:1,2
DA:2,23
DA:3,23
DA:9,8
DA:16,3
DA:23,2
DA:30,8
DA:31,8
DA:45,3
DA:46,1
DA:53,2
DA:54,1
DA:61,1
DA:62,1
DA:63,1
DA:64,1
DA:66,1
DA:86,2
DA:87,2
DA:90,2
DA:91,2
DA:93,2
DA:113,1
DA:129,4
DA:132,3
DA:133,3
DA:134,8
DA:141,2
DA:142,1
DA:146,3
DA:148,1
DA:149,1
DA:150,1
DA:152,1
DA:153,3
DA:154,3
DA:157,3
DA:159,3
DA:160,2
DA:161,2
DA:163,1
DA:164,1
DA:166,1
DA:171,1
DA:172,0
DA:175,1
LF:46
LH:45
BRDA:9,0,0,8
BRDA:9,0,1,4
BRDA:15,1,0,1
BRDA:22,2,0,1
BRDA:22,3,0,1
BRDA:45,4,0,1
BRDA:53,5,0,1
BRDA:87,6,0,2
BRDA:87,6,1,0
BRDA:129,7,0,1
BRDA:141,8,0,1
BRDA:159,9,0,2
BRDA:159,9,1,1
BRDA:163,10,0,1
BRDA:171,11,0,0
BRDA:171,12,0,1
BRDA:171,12,1,1
BRF:17
BRH:15
end_of_record
TN:
SF:src/lib/core/user.ts
FN:3,(anonymous_1)
FN:9,(anonymous_2)
FN:17,(anonymous_3)
FN:26,(anonymous_4)
FN:33,(anonymous_5)
FN:40,(anonymous_6)
FN:67,(anonymous_7)
FN:72,(anonymous_8)
FN:73,(anonymous_9)
FN:74,(anonymous_10)
FN:76,(anonymous_11)
FN:91,(anonymous_12)
FN:110,(anonymous_13)
FN:118,(anonymous_14)
FN:132,(anonymous_15)
FN:142,(anonymous_16)
FNF:16
FNH:16
FNDA:30,(anonymous_1)
FNDA:9,(anonymous_2)
FNDA:6,(anonymous_3)
FNDA:5,(anonymous_4)
FNDA:2,(anonymous_5)
FNDA:4,(anonymous_6)
FNDA:2,(anonymous_7)
FNDA:3,(anonymous_8)
FNDA:3,(anonymous_9)
FNDA:3,(anonymous_10)
FNDA:3,(anonymous_11)
FNDA:3,(anonymous_12)
FNDA:4,(anonymous_13)
FNDA:3,(anonymous_14)
FNDA:3,(anonymous_15)
FNDA:2,(anonymous_16)
DA:1,2
DA:3,2
DA:4,30
DA:10,9
DA:11,9
DA:19,6
DA:20,6
DA:27,5
DA:34,2
DA:47,4
DA:48,1
DA:52,3
DA:53,1
DA:57,2
DA:58,1
DA:61,1
DA:71,2
DA:72,3
DA:73,3
DA:74,3
DA:75,2
DA:76,3
DA:79,2
DA:92,3
DA:100,3
DA:101,1
DA:104,3
DA:111,4
DA:112,4
DA:119,3
DA:125,3
DA:126,3
DA:133,3
DA:143,2
DA:144,2
DA:145,1
DA:147,1
LF:37
LH:37
BRDA:47,0,0,1
BRDA:47,1,0,4
BRDA:47,1,1,3
BRDA:47,1,2,3
BRDA:52,2,0,1
BRDA:52,3,0,3
BRDA:52,3,1,3
BRDA:57,4,0,1
BRDA:57,5,0,2
BRDA:57,5,1,2
BRDA:75,6,0,1
BRDA:75,6,1,1
BRDA:100,7,0,1
BRDA:125,8,0,3
BRDA:125,8,1,0
BRF:15
BRH:14
end_of_record
TN:
SF:src/lib/services/auth-api.ts
FN:48,(anonymous_1)
FN:52,(anonymous_2)
FN:56,(anonymous_3)
FN:60,(anonymous_4)
FN:64,(anonymous_5)
FN:68,(anonymous_6)
FN:72,(anonymous_7)
FN:76,(anonymous_8)
FN:83,(anonymous_9)
FN:87,(anonymous_10)
FN:91,(anonymous_11)
FN:95,(anonymous_12)
FNF:12
FNH:4
FNDA:3,(anonymous_1)
FNDA:1,(anonymous_2)
FNDA:0,(anonymous_3)
FNDA:0,(anonymous_4)
FNDA:0,(anonymous_5)
FNDA:0,(anonymous_6)
FNDA:0,(anonymous_7)
FNDA:0,(anonymous_8)
FNDA:1,(anonymous_9)
FNDA:1,(anonymous_10)
FNDA:0,(anonymous_11)
FNDA:0,(anonymous_12)
DA:1,1
DA:47,1
DA:49,3
DA:53,1
DA:57,0
DA:61,0
DA:65,0
DA:69,0
DA:73,0
DA:77,0
DA:82,1
DA:84,1
DA:88,1
DA:92,0
DA:96,0
DA:101,1
DA:102,1
LF:17
LH:9
BRF:0
BRH:0
end_of_record
TN:
SF:src/lib/services/auth.ts
FN:37,(anonymous_1)
FN:41,(anonymous_2)
FN:74,(anonymous_3)
FN:115,(anonymous_4)
FN:141,(anonymous_5)
FN:169,(anonymous_6)
FNF:6
FNH:6
FNDA:19,(anonymous_1)
FNDA:4,(anonymous_2)
FNDA:4,(anonymous_3)
FNDA:4,(anonymous_4)
FNDA:3,(anonymous_5)
FNDA:4,(anonymous_6)
DA:1,1
DA:3,1
DA:34,1
DA:38,19
DA:42,4
DA:43,4
DA:44,3
DA:45,1
DA:48,2
DA:49,2
DA:50,1
DA:53,1
DA:59,1
DA:70,1
DA:75,4
DA:77,4
DA:78,4
DA:79,1
DA:83,3
DA:86,2
DA:94,1
DA:100,1
DA:111,2
DA:116,4
DA:117,4
DA:118,2
DA:120,2
DA:121,1
DA:124,1
DA:134,2
DA:135,1
DA:137,1
DA:142,3
DA:143,3
DA:144,2
DA:145,1
DA:148,1
DA:154,1
DA:165,1
DA:170,4
DA:171,4
DA:172,4
DA:173,1
DA:176,3
DA:177,3
DA:178,1
DA:181,2
DA:182,2
DA:184,1
DA:186,1
LF:50
LH:50
BRDA:44,0,0,1
BRDA:49,1,0,1
BRDA:78,2,0,1
BRDA:120,3,0,1
BRDA:134,4,0,1
BRDA:144,5,0,1
BRDA:172,6,0,1
BRDA:177,7,0,1
BRF:8
BRH:8
end_of_record
TN:
SF:src/lib/services/campaign-api.ts
FN:60,(anonymous_1)
FN:64,(anonymous_2)
FN:68,(anonymous_3)
FN:72,(anonymous_4)
FN:76,(anonymous_5)
FN:80,(anonymous_6)
FN:84,(anonymous_7)
FN:88,(anonymous_8)
FN:92,(anonymous_9)
FN:96,(anonymous_10)
FNF:10
FNH:3
FNDA:2,(anonymous_1)
FNDA:1,(anonymous_2)
FNDA:1,(anonymous_3)
FNDA:0,(anonymous_4)
FNDA:0,(anonymous_5)
FNDA:0,(anonymous_6)
FNDA:0,(anonymous_7)
FNDA:0,(anonymous_8)
FNDA:0,(anonymous_9)
FNDA:0,(anonymous_10)
DA:1,1
DA:59,1
DA:61,2
DA:65,1
DA:69,1
DA:73,0
DA:77,0
DA:81,0
DA:85,0
DA:89,0
DA:93,0
DA:97,0
DA:102,1
LF:13
LH:6
BRF:0
BRH:0
end_of_record
TN:
SF:src/lib/services/campaign.ts
FN:39,(anonymous_0)
FN:44,(anonymous_1)
FN:80,(anonymous_2)
FN:101,(anonymous_3)
FN:131,(anonymous_4)
FN:153,(anonymous_5)
FN:173,(anonymous_6)
FN:193,(anonymous_7)
FNF:8
FNH:6
FNDA:10,(anonymous_0)
FNDA:3,(anonymous_1)
FNDA:3,(anonymous_2)
FNDA:1,(anonymous_3)
FNDA:1,(anonymous_4)
FNDA:2,(anonymous_5)
FNDA:0,(anonymous_6)
FNDA:0,(anonymous_7)
DA:38,1
DA:40,10
DA:41,10
DA:45,3
DA:47,3
DA:48,1
DA:52,2
DA:57,2
DA:58,1
DA:62,1
DA:65,1
DA:74,1
DA:76,0
DA:81,3
DA:83,3
DA:84,3
DA:85,1
DA:89,2
DA:90,1
DA:94,1
DA:95,1
DA:97,0
DA:102,1
DA:103,1
DA:104,1
DA:105,0
DA:108,1
DA:109,1
DA:113,1
DA:114,1
DA:116,1
DA:127,0
DA:132,1
DA:133,1
DA:138,1
DA:149,0
DA:154,2
DA:155,2
DA:156,2
DA:157,0
DA:161,2
DA:162,1
DA:166,1
DA:167,1
DA:169,0
DA:174,0
DA:175,0
DA:176,0
DA:177,0
DA:181,0
DA:182,0
DA:186,0
DA:187,0
DA:189,0
DA:194,0
DA:195,0
DA:196,0
DA:197,0
DA:201,0
DA:202,0
DA:205,0
DA:206,0
DA:208,0
LF:63
LH:38
BRDA:47,0,0,1
BRDA:52,1,0,0
BRDA:52,1,1,2
BRDA:57,2,0,1
BRDA:84,3,0,1
BRDA:89,4,0,1
BRDA:104,5,0,0
BRDA:156,6,0,0
BRDA:161,7,0,1
BRDA:176,8,0,0
BRDA:181,9,0,0
BRDA:196,10,0,0
BRDA:201,11,0,0
BRF:13
BRH:6
end_of_record
TN:
SF:src/lib/services/comment.ts
FN:31,(anonymous_0)
FN:37,(anonymous_1)
FN:78,(anonymous_2)
FN:122,(anonymous_3)
FN:148,(anonymous_4)
FN:179,(anonymous_5)
FN:199,(anonymous_6)
FNF:7
FNH:7
FNDA:15,(anonymous_0)
FNDA:4,(anonymous_1)
FNDA:3,(anonymous_2)
FNDA:1,(anonymous_3)
FNDA:3,(anonymous_4)
FNDA:2,(anonymous_5)
FNDA:2,(anonymous_6)
DA:30,1
DA:32,15
DA:33,15
DA:34,15
DA:38,4
DA:40,4
DA:41,4
DA:42,1
DA:46,3
DA:47,1
DA:51,2
DA:52,2
DA:53,1
DA:57,1
DA:67,1
DA:72,1
DA:74,0
DA:79,3
DA:81,3
DA:82,3
DA:83,0
DA:87,3
DA:88,3
DA:89,1
DA:93,2
DA:94,0
DA:98,2
DA:99,2
DA:100,0
DA:101,0
DA:105,0
DA:106,0
DA:107,0
DA:111,0
DA:116,0
DA:118,2
DA:123,1
DA:125,1
DA:126,1
DA:127,1
DA:130,0
DA:131,0
DA:133,0
DA:144,0
DA:149,3
DA:150,3
DA:151,3
DA:152,1
DA:156,2
DA:157,1
DA:161,1
DA:162,0
DA:166,1
DA:167,1
DA:168,0
DA:172,1
DA:173,1
DA:175,0
DA:180,2
DA:181,2
DA:182,2
DA:183,1
DA:187,1
DA:188,0
DA:192,1
DA:193,1
DA:195,0
DA:200,2
DA:201,2
DA:202,2
DA:203,1
DA:207,1
DA:208,1
DA:210,1
DA:212,0
LF:75
LH:55
BRDA:41,0,0,1
BRDA:46,1,0,1
BRDA:52,2,0,1
BRDA:69,3,0,1
BRDA:69,3,1,1
BRDA:82,4,0,0
BRDA:88,5,0,1
BRDA:93,6,0,0
BRDA:100,7,0,0
BRDA:106,8,0,0
BRDA:126,9,0,1
BRDA:151,10,0,1
BRDA:156,11,0,1
BRDA:161,12,0,0
BRDA:167,13,0,0
BRDA:182,14,0,1
BRDA:187,15,0,0
BRDA:202,16,0,1
BRDA:207,17,0,1
BRDA:207,17,1,0
BRF:20
BRH:12
end_of_record
TN:
SF:src/lib/services/donation-api.ts
FN:51,(anonymous_1)
FN:55,(anonymous_2)
FN:59,(anonymous_3)
FN:63,(anonymous_4)
FN:67,(anonymous_5)
FN:71,(anonymous_6)
FN:75,(anonymous_7)
FN:79,(anonymous_8)
FNF:8
FNH:2
FNDA:0,(anonymous_1)
FNDA:0,(anonymous_2)
FNDA:3,(anonymous_3)
FNDA:2,(anonymous_4)
FNDA:0,(anonymous_5)
FNDA:0,(anonymous_6)
FNDA:0,(anonymous_7)
FNDA:0,(anonymous_8)
DA:1,1
DA:50,1
DA:52,0
DA:56,0
DA:60,3
DA:64,2
DA:68,0
DA:72,0
DA:76,0
DA:85,0
DA:90,1
LF:11
LH:5
BRF:0
BRH:0
end_of_record
TN:
SF:src/lib/services/donation.ts
FN:24,(anonymous_0)
FN:30,(anonymous_1)
FN:77,(anonymous_2)
FN:91,(anonymous_3)
FN:109,(anonymous_4)
FN:127,(anonymous_5)
FNF:6
FNH:6
FNDA:11,(anonymous_0)
FNDA:5,(anonymous_1)
FNDA:2,(anonymous_2)
FNDA:1,(anonymous_3)
FNDA:1,(anonymous_4)
FNDA:2,(anonymous_5)
DA:23,1
DA:25,11
DA:26,11
DA:27,11
DA:31,5
DA:33,5
DA:34,5
DA:35,1
DA:38,4
DA:39,1
DA:43,3
DA:44,1
DA:48,2
DA:49,1
DA:53,1
DA:54,0
DA:58,1
DA:59,1
DA:60,0
DA:64,1
DA:71,1
DA:73,0
DA:78,2
DA:79,2
DA:80,2
DA:81,1
DA:84,1
DA:85,1
DA:87,0
DA:92,1
DA:93,1
DA:94,1
DA:105,0
DA:110,1
DA:111,1
DA:112,1
DA:123,0
DA:128,2
DA:129,2
DA:130,2
DA:131,1
DA:134,1
DA:135,1
DA:137,0
LF:44
LH:37
BRDA:34,0,0,1
BRDA:38,1,0,1
BRDA:43,2,0,1
BRDA:48,3,0,1
BRDA:53,4,0,0
BRDA:59,5,0,0
BRDA:67,6,0,1
BRDA:67,6,1,0
BRDA:80,7,0,1
BRDA:130,8,0,1
BRF:10
BRH:7
end_of_record
TN:
SF:src/lib/services/index.ts
FN:2,(anonymous_1)
FN:2,(anonymous_2)
FN:3,(anonymous_3)
FN:4,(anonymous_4)
FN:12,(anonymous_5)
FNF:5
FNH:0
FNDA:0,(anonymous_1)
FNDA:0,(anonymous_2)
FNDA:0,(anonymous_3)
FNDA:0,(anonymous_4)
FNDA:0,(anonymous_5)
DA:2,0
DA:3,0
DA:4,0
DA:12,0
LF:4
LH:0
BRF:0
BRH:0
end_of_record
TN:
SF:src/lib/services/user.ts
FN:31,(anonymous_0)
FN:36,(anonymous_1)
FN:73,(anonymous_2)
FN:88,(anonymous_3)
FN:101,(anonymous_4)
FN:127,(anonymous_5)
FN:143,(anonymous_6)
FN:175,(anonymous_7)
FNF:8
FNH:7
FNDA:17,(anonymous_0)
FNDA:4,(anonymous_1)
FNDA:3,(anonymous_2)
FNDA:0,(anonymous_3)
FNDA:3,(anonymous_4)
FNDA:2,(anonymous_5)
FNDA:3,(anonymous_6)
FNDA:2,(anonymous_7)
DA:30,1
DA:32,17
DA:33,17
DA:37,4
DA:39,4
DA:40,1
DA:44,3
DA:45,1
DA:49,2
DA:50,2
DA:51,1
DA:55,1
DA:58,1
DA:67,1
DA:69,0
DA:74,3
DA:75,3
DA:76,3
DA:77,1
DA:82,2
DA:84,0
DA:89,0
DA:90,0
DA:91,0
DA:92,0
DA:95,0
DA:97,0
DA:102,3
DA:103,3
DA:104,3
DA:105,1
DA:114,2
DA:120,2
DA:121,2
DA:123,0
DA:128,2
DA:129,2
DA:130,2
DA:131,1
DA:134,1
DA:137,1
DA:139,0
DA:144,3
DA:145,3
DA:146,3
DA:147,0
DA:158,3
DA:159,2
DA:163,1
DA:169,1
DA:171,0
DA:176,2
DA:177,2
DA:178,2
DA:179,1
DA:182,1
DA:183,1
DA:185,0
LF:58
LH:45
BRDA:39,0,0,1
BRDA:44,1,0,1
BRDA:50,2,0,1
BRDA:76,3,0,1
BRDA:91,4,0,0
BRDA:104,5,0,1
BRDA:116,6,0,1
BRDA:116,6,1,1
BRDA:117,7,0,2
BRDA:117,7,1,0
BRDA:130,8,0,1
BRDA:146,9,0,0
BRDA:158,10,0,2
BRDA:178,11,0,1
BRF:14
BRH:11
end_of_record
TN:
SF:src/lib/utils/jwt.ts
FN:11,generateToken
FN:19,verifyToken
FN:34,decodeToken
FNF:3
FNH:3
FNDA:9,generateToken
FNDA:8,verifyToken
FNDA:7,decodeToken
DA:1,2
DA:11,2
DA:12,9
DA:13,1
DA:16,8
DA:19,2
DA:20,8
DA:21,1
DA:24,7
DA:25,7
DA:27,4
DA:28,2
DA:30,2
DA:34,2
DA:35,7
DA:36,7
DA:37,6
DA:38,2
DA:40,4
DA:42,1
LF:20
LH:20
BRDA:11,0,0,8
BRDA:12,1,0,1
BRDA:20,2,0,1
BRDA:27,3,0,2
BRDA:37,4,0,2
BRDA:37,5,0,6
BRDA:37,5,1,4
BRF:7
BRH:7
end_of_record
TN:
SF:src/middleware/auth.ts
FN:32,authenticate
FN:66,authorize
FN:67,(anonymous_2)
FNF:3
FNH:3
FNDA:5,authenticate
FNDA:9,authorize
FNDA:9,(anonymous_2)
DA:2,1
DA:3,1
DA:4,1
DA:30,1
DA:32,1
DA:33,5
DA:34,5
DA:36,5
DA:37,2
DA:41,2
DA:44,3
DA:46,3
DA:48,3
DA:49,0
DA:53,0
DA:56,0
DA:57,0
DA:59,3
DA:66,1
DA:67,9
DA:68,9
DA:69,9
DA:70,1
DA:74,1
DA:78,8
DA:79,2
DA:83,2
DA:87,6
DA:88,4
DA:90,4
DA:91,1
DA:95,1
DA:99,3
DA:100,1
DA:101,1
DA:105,2
DA:108,0
DA:109,0
DA:113,2
DA:114,1
DA:118,1
DA:122,3
DA:124,0
LF:43
LH:36
BRDA:36,0,0,2
BRDA:36,1,0,5
BRDA:36,1,1,4
BRDA:48,2,0,0
BRDA:69,3,0,1
BRDA:78,4,0,2
BRDA:87,5,0,4
BRDA:90,6,0,1
BRDA:99,7,0,1
BRDA:105,8,0,0
BRDA:105,9,0,2
BRDA:105,9,1,0
BRDA:105,9,2,0
BRDA:113,10,0,1
BRF:14
BRH:10
end_of_record
TN:
SF:src/middleware/errorHandler.ts
FN:10,(anonymous_1)
FN:20,(anonymous_2)
FN:26,(anonymous_3)
FN:32,(anonymous_4)
FN:38,(anonymous_5)
FN:44,(anonymous_6)
FN:50,(anonymous_7)
FN:142,(anonymous_8)
FN:143,(anonymous_9)
FN:149,(anonymous_10)
FNF:10
FNH:0
FNDA:0,(anonymous_1)
FNDA:0,(anonymous_2)
FNDA:0,(anonymous_3)
FNDA:0,(anonymous_4)
FNDA:0,(anonymous_5)
FNDA:0,(anonymous_6)
FNDA:0,(anonymous_7)
FNDA:0,(anonymous_8)
FNDA:0,(anonymous_9)
FNDA:0,(anonymous_10)
DA:3,0
DA:6,0
DA:11,0
DA:12,0
DA:13,0
DA:15,0
DA:19,0
DA:21,0
DA:25,0
DA:27,0
DA:31,0
DA:33,0
DA:37,0
DA:39,0
DA:43,0
DA:45,0
DA:50,0
DA:56,0
DA:57,0
DA:58,0
DA:61,0
DA:62,0
DA:63,0
DA:64,0
DA:65,0
DA:66,0
DA:67,0
DA:68,0
DA:69,0
DA:70,0
DA:71,0
DA:72,0
DA:73,0
DA:74,0
DA:75,0
DA:76,0
DA:77,0
DA:78,0
DA:79,0
DA:80,0
DA:81,0
DA:82,0
DA:83,0
DA:84,0
DA:85,0
DA:86,0
DA:87,0
DA:88,0
DA:89,0
DA:90,0
DA:91,0
DA:92,0
DA:93,0
DA:94,0
DA:95,0
DA:96,0
DA:97,0
DA:98,0
DA:100,0
DA:101,0
DA:102,0
DA:103,0
DA:104,0
DA:108,0
DA:122,0
DA:123,0
DA:124,0
DA:125,0
DA:127,0
DA:131,0
DA:142,0
DA:143,0
DA:144,0
DA:149,0
DA:150,0
DA:151,0
DA:152,0
DA:153,0
DA:154,0
DA:155,0
DA:156,0
DA:157,0
DA:160,0
LF:83
LH:0
BRDA:26,0,0,0
BRDA:32,1,0,0
BRDA:38,2,0,0
BRDA:61,3,0,0
BRDA:61,3,1,0
BRDA:65,4,0,0
BRDA:65,4,1,0
BRDA:69,5,0,0
BRDA:69,5,1,0
BRDA:73,6,0,0
BRDA:73,6,1,0
BRDA:73,7,0,0
BRDA:73,7,1,0
BRDA:77,8,0,0
BRDA:77,8,1,0
BRDA:81,9,0,0
BRDA:81,9,1,0
BRDA:85,10,0,0
BRDA:85,10,1,0
BRDA:87,11,0,0
BRDA:87,11,1,0
BRDA:90,12,0,0
BRDA:90,12,1,0
BRDA:93,13,0,0
BRDA:93,13,1,0
BRDA:96,14,0,0
BRDA:101,15,0,0
BRDA:122,16,0,0
BRDA:122,16,1,0
BRDA:124,17,0,0
BRDA:124,17,1,0
BRDA:134,18,0,0
BRDA:134,18,1,0
BRDA:150,19,0,0
BRDA:150,19,1,0
BRDA:152,20,0,0
BRDA:152,20,1,0
BRDA:154,21,0,0
BRDA:154,21,1,0
BRDA:156,22,0,0
BRF:40
BRH:0
end_of_record
TN:
SF:src/middleware/validation.ts
FN:8,(anonymous_1)
FN:66,(anonymous_2)
FN:93,(anonymous_3)
FN:94,(anonymous_4)
FN:113,(anonymous_5)
FN:114,(anonymous_6)
FN:116,(anonymous_7)
FN:127,(anonymous_8)
FN:128,(anonymous_9)
FN:137,(anonymous_10)
FN:170,(anonymous_11)
FN:171,(anonymous_12)
FN:222,(anonymous_13)
FNF:13
FNH:0
FNDA:0,(anonymous_1)
FNDA:0,(anonymous_2)
FNDA:0,(anonymous_3)
FNDA:0,(anonymous_4)
FNDA:0,(anonymous_5)
FNDA:0,(anonymous_6)
FNDA:0,(anonymous_7)
FNDA:0,(anonymous_8)
FNDA:0,(anonymous_9)
FNDA:0,(anonymous_10)
FNDA:0,(anonymous_11)
FNDA:0,(anonymous_12)
FNDA:0,(anonymous_13)
DA:2,0
DA:3,0
DA:4,0
DA:5,0
DA:8,0
DA:13,0
DA:15,0
DA:16,0
DA:17,0
DA:22,0
DA:27,0
DA:28,0
DA:29,0
DA:30,0
DA:36,0
DA:41,0
DA:42,0
DA:43,0
DA:44,0
DA:50,0
DA:53,0
DA:55,0
DA:61,0
DA:66,0
DA:71,0
DA:72,0
DA:74,0
DA:75,0
DA:77,0
DA:78,0
DA:81,0
DA:82,0
DA:86,0
DA:87,0
DA:89,0
DA:93,0
DA:94,0
DA:95,0
DA:97,0
DA:98,0
DA:102,0
DA:104,0
DA:105,0
DA:108,0
DA:113,0
DA:114,0
DA:115,0
DA:116,0
DA:118,0
DA:119,0
DA:122,0
DA:127,0
DA:128,0
DA:129,0
DA:130,0
DA:131,0
DA:136,0
DA:137,0
DA:138,0
DA:141,0
DA:149,0
DA:153,0
DA:154,0
DA:156,0
DA:162,0
DA:168,0
DA:170,0
DA:171,0
DA:172,0
DA:173,0
DA:174,0
DA:176,0
DA:178,0
DA:180,0
DA:185,0
DA:188,0
DA:189,0
DA:190,0
DA:198,0
DA:201,0
DA:208,0
DA:209,0
DA:211,0
DA:216,0
DA:222,0
DA:223,0
DA:225,0
DA:228,0
DA:231,0
DA:234,0
DA:237,0
DA:240,0
DA:242,0
DA:244,0
DA:249,0
LF:95
LH:0
BRDA:15,0,0,0
BRDA:15,1,0,0
BRDA:15,1,1,0
BRDA:15,1,2,0
BRDA:16,2,0,0
BRDA:16,3,0,0
BRDA:16,3,1,0
BRDA:27,4,0,0
BRDA:27,5,0,0
BRDA:27,5,1,0
BRDA:27,5,2,0
BRDA:29,6,0,0
BRDA:29,7,0,0
BRDA:29,7,1,0
BRDA:41,8,0,0
BRDA:41,8,1,0
BRDA:43,9,0,0
BRDA:58,10,0,0
BRDA:58,10,1,0
BRDA:74,11,0,0
BRDA:74,11,1,0
BRDA:75,12,0,0
BRDA:75,12,1,0
BRDA:77,13,0,0
BRDA:81,14,0,0
BRDA:81,15,0,0
BRDA:81,15,1,0
BRDA:93,16,0,0
BRDA:97,17,0,0
BRDA:104,18,0,0
BRDA:118,19,0,0
BRDA:136,20,0,0
BRDA:138,21,0,0
BRDA:138,21,1,0
BRDA:159,22,0,0
BRDA:159,22,1,0
BRDA:170,23,0,0
BRDA:170,24,0,0
BRDA:173,25,0,0
BRDA:173,25,1,0
BRDA:178,26,0,0
BRDA:178,27,0,0
BRDA:178,27,1,0
BRDA:188,28,0,0
BRDA:189,29,0,0
BRDA:212,30,0,0
BRDA:212,30,1,0
BRDA:245,31,0,0
BRDA:245,31,1,0
BRF:49
BRH:0
end_of_record
TN:
SF:src/models/Campaign.ts
FN:5,(anonymous_2)
FN:18,(anonymous_3)
FN:49,(anonymous_4)
FN:69,(anonymous_5)
FN:73,(anonymous_6)
FN:94,(anonymous_7)
FN:110,(anonymous_8)
FN:146,(anonymous_9)
FN:166,(anonymous_10)
FN:209,(anonymous_11)
FN:229,(anonymous_12)
FN:244,(anonymous_13)
FN:265,(anonymous_14)
FN:281,(anonymous_15)
FNF:14
FNH:11
FNDA:0,(anonymous_2)
FNDA:0,(anonymous_3)
FNDA:0,(anonymous_4)
FNDA:26,(anonymous_5)
FNDA:3,(anonymous_6)
FNDA:19,(anonymous_7)
FNDA:5,(anonymous_8)
FNDA:3,(anonymous_9)
FNDA:2,(anonymous_10)
FNDA:3,(anonymous_11)
FNDA:2,(anonymous_12)
FNDA:3,(anonymous_13)
FNDA:3,(anonymous_14)
FNDA:2,(anonymous_15)
DA:1,1
DA:2,1
DA:3,1
DA:5,1
DA:9,1
DA:14,1
DA:18,0
DA:19,1
DA:22,1
DA:25,1
DA:30,1
DA:33,1
DA:38,1
DA:44,1
DA:49,0
DA:50,1
DA:54,1
DA:58,1
DA:63,1
DA:66,1
DA:70,26
DA:75,3
DA:76,3
DA:77,1
DA:80,2
DA:95,19
DA:111,5
DA:112,5
DA:113,1
DA:117,4
DA:121,4
DA:122,1
DA:125,3
DA:127,3
DA:128,3
DA:129,3
DA:130,3
DA:131,1
DA:132,1
DA:133,1
DA:135,0
DA:137,2
DA:138,2
DA:140,2
DA:147,3
DA:148,3
DA:149,0
DA:153,3
DA:157,3
DA:158,1
DA:161,2
DA:173,2
DA:174,2
DA:176,2
DA:178,2
DA:179,2
DA:180,2
DA:181,1
DA:187,2
DA:206,2
DA:210,3
DA:211,3
DA:212,0
DA:215,3
DA:216,1
DA:219,2
DA:220,1
DA:223,1
DA:230,2
DA:234,2
DA:235,1
DA:238,1
DA:245,3
DA:246,3
DA:247,0
DA:250,3
DA:251,1
DA:254,2
DA:256,2
DA:271,3
DA:272,3
DA:273,1
DA:276,2
DA:281,2
DA:288,2
DA:290,2
LF:86
LH:80
BRDA:76,0,0,1
BRDA:87,1,0,2
BRDA:87,1,1,1
BRDA:112,2,0,1
BRDA:121,3,0,1
BRDA:121,4,0,4
BRDA:121,4,1,4
BRDA:121,4,2,2
BRDA:127,5,0,2
BRDA:128,6,0,1
BRDA:129,7,0,0
BRDA:130,8,0,1
BRDA:132,9,0,1
BRDA:137,10,0,0
BRDA:138,11,0,0
BRDA:148,12,0,0
BRDA:157,13,0,1
BRDA:157,14,0,3
BRDA:157,14,1,3
BRDA:157,14,2,2
BRDA:166,15,0,1
BRDA:173,16,0,1
BRDA:173,17,0,1
BRDA:178,18,0,1
BRDA:179,19,0,1
BRDA:180,20,0,1
BRDA:211,21,0,0
BRDA:215,22,0,1
BRDA:219,23,0,1
BRDA:234,24,0,1
BRDA:234,25,0,2
BRDA:234,25,1,2
BRDA:246,26,0,0
BRDA:250,27,0,1
BRDA:260,28,0,1
BRDA:260,28,1,1
BRDA:272,29,0,1
BRDA:293,30,0,2
BRDA:293,30,1,1
BRF:39
BRH:33
end_of_record
TN:
SF:src/models/Comment.ts
FN:25,(anonymous_2)
FN:29,(anonymous_3)
FN:90,(anonymous_4)
FN:134,(anonymous_5)
FN:187,(anonymous_6)
FN:231,(anonymous_7)
FN:261,(anonymous_8)
FN:283,(anonymous_9)
FN:297,(anonymous_10)
FN:328,(anonymous_11)
FN:335,(anonymous_12)
FNF:11
FNH:11
FNDA:24,(anonymous_2)
FNDA:6,(anonymous_3)
FNDA:9,(anonymous_4)
FNDA:2,(anonymous_5)
FNDA:1,(anonymous_6)
FNDA:4,(anonymous_7)
FNDA:3,(anonymous_8)
FNDA:2,(anonymous_9)
FNDA:2,(anonymous_10)
FNDA:2,(anonymous_11)
FNDA:2,(anonymous_12)
DA:2,1
DA:4,1
DA:8,1
DA:12,1
DA:15,1
DA:19,1
DA:22,1
DA:26,24
DA:31,6
DA:35,6
DA:36,1
DA:40,5
DA:44,5
DA:45,1
DA:49,4
DA:50,3
DA:54,3
DA:55,2
DA:59,2
DA:91,9
DA:135,2
DA:137,2
DA:184,2
DA:188,1
DA:190,1
DA:228,1
DA:232,4
DA:233,4
DA:234,1
DA:238,3
DA:242,3
DA:243,1
DA:246,2
DA:262,3
DA:263,3
DA:264,0
DA:268,3
DA:272,3
DA:273,1
DA:277,2
DA:284,2
DA:288,2
DA:289,1
DA:292,1
DA:303,2
DA:304,2
DA:306,2
DA:322,2
DA:324,2
DA:328,2
DA:336,2
DA:338,2
DA:378,2
LF:53
LH:52
BRDA:35,0,0,1
BRDA:44,1,0,1
BRDA:49,2,0,3
BRDA:54,3,0,2
BRDA:54,4,0,3
BRDA:54,4,1,2
BRDA:64,5,0,2
BRDA:64,5,1,1
BRDA:134,6,0,1
BRDA:134,7,0,1
BRDA:187,8,0,0
BRDA:187,9,0,0
BRDA:233,10,0,1
BRDA:242,11,0,1
BRDA:242,12,0,3
BRDA:242,12,1,3
BRDA:242,12,2,2
BRDA:263,13,0,0
BRDA:272,14,0,1
BRDA:272,15,0,3
BRDA:272,15,1,3
BRDA:272,15,2,2
BRDA:288,16,0,1
BRDA:288,17,0,2
BRDA:288,17,1,2
BRDA:304,18,0,1
BRDA:322,19,0,1
BRDA:322,19,1,1
BRDA:335,20,0,1
BRDA:335,21,0,1
BRF:30
BRH:27
end_of_record
TN:
SF:src/models/Donation.ts
FN:5,(anonymous_2)
FN:8,(anonymous_3)
FN:27,(anonymous_4)
FN:31,(anonymous_5)
FN:81,(anonymous_6)
FN:92,(anonymous_7)
FN:117,(anonymous_8)
FN:143,(anonymous_9)
FN:155,(anonymous_10)
FN:184,(anonymous_11)
FN:213,(anonymous_12)
FN:249,(anonymous_13)
FN:257,(anonymous_14)
FNF:13
FNH:11
FNDA:0,(anonymous_2)
FNDA:0,(anonymous_3)
FNDA:22,(anonymous_4)
FNDA:7,(anonymous_5)
FNDA:10,(anonymous_6)
FNDA:2,(anonymous_7)
FNDA:1,(anonymous_8)
FNDA:2,(anonymous_9)
FNDA:2,(anonymous_10)
FNDA:2,(anonymous_11)
FNDA:2,(anonymous_12)
FNDA:2,(anonymous_13)
FNDA:2,(anonymous_14)
DA:1,1
DA:2,1
DA:3,1
DA:5,1
DA:8,0
DA:9,1
DA:12,1
DA:16,1
DA:21,1
DA:24,1
DA:28,22
DA:33,7
DA:37,7
DA:38,1
DA:41,6
DA:42,1
DA:46,5
DA:47,1
DA:51,4
DA:55,4
DA:56,1
DA:60,3
DA:61,1
DA:64,2
DA:82,10
DA:93,2
DA:95,2
DA:114,2
DA:118,1
DA:120,1
DA:140,1
DA:144,2
DA:145,2
DA:146,1
DA:149,1
DA:156,2
DA:157,2
DA:158,0
DA:161,2
DA:162,1
DA:166,1
DA:172,1
DA:181,1
DA:185,2
DA:186,2
DA:187,0
DA:190,2
DA:191,1
DA:195,1
DA:201,1
DA:210,1
DA:219,2
DA:220,2
DA:221,2
DA:223,2
DA:245,2
DA:249,2
DA:258,2
DA:259,2
DA:260,1
DA:263,1
LF:61
LH:58
BRDA:37,0,0,1
BRDA:41,1,0,1
BRDA:46,2,0,1
BRDA:55,3,0,1
BRDA:60,4,0,1
BRDA:71,5,0,2
BRDA:71,5,1,2
BRDA:72,6,0,2
BRDA:72,6,1,1
BRDA:92,7,0,1
BRDA:92,8,0,1
BRDA:117,9,0,0
BRDA:117,10,0,0
BRDA:145,11,0,1
BRDA:157,12,0,0
BRDA:161,13,0,1
BRDA:186,14,0,0
BRDA:190,15,0,1
BRDA:220,16,0,1
BRDA:221,17,0,1
BRDA:246,18,0,2
BRDA:246,18,1,1
BRDA:248,19,0,2
BRDA:248,19,1,1
BRDA:251,20,0,2
BRDA:251,20,1,0
BRDA:259,21,0,1
BRF:27
BRH:22
end_of_record
TN:
SF:src/models/User.ts
FN:5,(anonymous_2)
FN:61,(anonymous_3)
FN:65,(anonymous_4)
FN:88,(anonymous_5)
FN:94,(anonymous_6)
FN:100,(anonymous_7)
FN:117,(anonymous_8)
FN:128,(anonymous_9)
FN:143,(anonymous_10)
FN:155,(anonymous_11)
FNF:10
FNH:9
FNDA:0,(anonymous_2)
FNDA:18,(anonymous_3)
FNDA:3,(anonymous_4)
FNDA:11,(anonymous_5)
FNDA:2,(anonymous_6)
FNDA:2,(anonymous_7)
FNDA:2,(anonymous_8)
FNDA:2,(anonymous_9)
FNDA:2,(anonymous_10)
FNDA:3,(anonymous_11)
DA:1,1
DA:2,1
DA:5,1
DA:7,1
DA:12,1
DA:17,1
DA:21,1
DA:25,1
DA:30,1
DA:34,1
DA:37,1
DA:42,1
DA:46,1
DA:51,1
DA:55,1
DA:58,1
DA:62,18
DA:67,3
DA:71,3
DA:72,1
DA:75,2
DA:89,11
DA:95,2
DA:101,2
DA:102,2
DA:103,1
DA:106,1
DA:118,2
DA:119,2
DA:120,1
DA:123,1
DA:129,2
DA:131,2
DA:140,2
DA:144,2
DA:145,2
DA:146,1
DA:149,1
DA:161,3
DA:162,3
DA:163,1
DA:166,2
DA:179,2
LF:43
LH:43
BRDA:71,0,0,1
BRDA:80,1,0,2
BRDA:80,1,1,1
BRDA:83,2,0,2
BRDA:83,2,1,2
BRDA:102,3,0,1
BRDA:119,4,0,1
BRDA:128,5,0,1
BRDA:128,6,0,1
BRDA:145,7,0,1
BRDA:162,8,0,1
BRDA:182,9,0,2
BRDA:182,9,1,1
BRDA:183,10,0,2
BRDA:183,10,1,1
BRF:15
BRH:15
end_of_record
TN:
SF:src/repositories/CampaignRepository.ts
FN:48,(anonymous_0)
FN:52,(anonymous_1)
FN:78,(anonymous_2)
FN:126,(anonymous_3)
FN:133,(anonymous_4)
FN:163,(anonymous_5)
FN:179,(anonymous_6)
FN:226,(anonymous_7)
FN:247,(anonymous_8)
FN:267,(anonymous_9)
FN:295,(anonymous_10)
FNF:11
FNH:8
FNDA:1,(anonymous_0)
FNDA:20,(anonymous_1)
FNDA:11,(anonymous_2)
FNDA:0,(anonymous_3)
FNDA:2,(anonymous_4)
FNDA:0,(anonymous_5)
FNDA:1,(anonymous_6)
FNDA:3,(anonymous_7)
FNDA:0,(anonymous_8)
FNDA:2,(anonymous_9)
FNDA:2,(anonymous_10)
DA:1,4
DA:45,4
DA:49,1
DA:54,20
DA:55,1
DA:58,19
DA:71,11
DA:79,11
DA:120,11
DA:122,4
DA:126,0
DA:134,2
DA:135,2
DA:136,2
DA:140,0
DA:141,0
DA:144,0
DA:156,0
DA:164,0
DA:165,0
DA:166,0
DA:170,0
DA:171,0
DA:174,0
DA:186,1
DA:188,1
DA:189,1
DA:191,1
DA:192,0
DA:194,1
DA:195,0
DA:197,1
DA:198,0
DA:204,1
DA:223,1
DA:227,3
DA:228,3
DA:229,1
DA:233,2
DA:234,0
DA:237,2
DA:238,0
DA:241,2
DA:248,0
DA:252,0
DA:253,0
DA:256,0
DA:257,0
DA:258,0
DA:261,0
DA:268,2
DA:269,2
DA:270,0
DA:273,2
DA:274,1
DA:277,1
DA:278,1
DA:280,1
DA:288,1
DA:296,2
DA:297,2
DA:298,2
DA:301,0
DA:316,0
DA:318,0
LF:65
LH:38
BRDA:54,0,0,1
BRDA:65,1,0,19
BRDA:65,1,1,18
BRDA:120,2,0,7
BRDA:135,3,0,2
BRDA:140,4,0,0
BRDA:165,5,0,0
BRDA:170,6,0,0
BRDA:179,7,0,1
BRDA:181,8,0,1
BRDA:182,9,0,1
BRDA:191,10,0,0
BRDA:194,11,0,0
BRDA:197,12,0,0
BRDA:228,13,0,1
BRDA:233,14,0,0
BRDA:237,15,0,0
BRDA:252,16,0,0
BRDA:252,17,0,0
BRDA:252,17,1,0
BRDA:257,18,0,0
BRDA:269,19,0,0
BRDA:273,20,0,1
BRDA:278,21,0,1
BRDA:278,21,1,0
BRDA:297,22,0,2
BRDA:321,23,0,0
BRDA:321,23,1,0
BRF:28
BRH:12
end_of_record
TN:
SF:src/repositories/CommentRepository.ts
FN:31,(anonymous_0)
FN:35,(anonymous_1)
FN:96,(anonymous_2)
FN:148,(anonymous_3)
FN:201,(anonymous_4)
FN:245,(anonymous_5)
FN:275,(anonymous_6)
FN:296,(anonymous_7)
FN:323,(anonymous_8)
FN:330,(anonymous_9)
FNF:10
FNH:8
FNDA:1,(anonymous_0)
FNDA:7,(anonymous_1)
FNDA:3,(anonymous_2)
FNDA:1,(anonymous_3)
FNDA:1,(anonymous_4)
FNDA:1,(anonymous_5)
FNDA:1,(anonymous_6)
FNDA:1,(anonymous_7)
FNDA:0,(anonymous_8)
FNDA:0,(anonymous_9)
DA:28,2
DA:32,1
DA:37,7
DA:41,7
DA:42,5
DA:46,2
DA:50,2
DA:51,0
DA:55,2
DA:56,1
DA:60,1
DA:61,1
DA:65,1
DA:97,3
DA:139,3
DA:141,0
DA:149,1
DA:151,1
DA:198,1
DA:202,1
DA:204,1
DA:242,1
DA:246,1
DA:247,1
DA:248,1
DA:252,0
DA:256,0
DA:257,0
DA:260,0
DA:276,1
DA:277,1
DA:278,1
DA:282,0
DA:286,0
DA:287,0
DA:291,0
DA:297,1
DA:298,1
DA:300,1
DA:319,1
DA:323,0
DA:331,0
DA:333,0
DA:373,0
LF:44
LH:30
BRDA:41,0,0,5
BRDA:50,1,0,0
BRDA:55,2,0,1
BRDA:60,3,0,1
BRDA:60,4,0,1
BRDA:60,4,1,0
BRDA:70,5,0,1
BRDA:70,5,1,1
BRDA:139,6,0,3
BRDA:148,7,0,1
BRDA:148,8,0,1
BRDA:201,9,0,1
BRDA:201,10,0,1
BRDA:247,11,0,1
BRDA:256,12,0,0
BRDA:256,13,0,0
BRDA:256,13,1,0
BRDA:256,13,2,0
BRDA:277,14,0,1
BRDA:286,15,0,0
BRDA:286,16,0,0
BRDA:286,16,1,0
BRDA:286,16,2,0
BRDA:298,17,0,1
BRDA:330,18,0,0
BRDA:330,19,0,0
BRF:26
BRH:14
end_of_record
TN:
SF:src/repositories/DonationRepository.ts
FN:29,(anonymous_0)
FN:33,(anonymous_1)
FN:88,(anonymous_2)
FN:105,(anonymous_3)
FN:130,(anonymous_4)
FN:156,(anonymous_5)
FN:168,(anonymous_6)
FN:197,(anonymous_7)
FN:226,(anonymous_8)
FN:256,(anonymous_9)
FN:264,(anonymous_10)
FNF:11
FNH:8
FNDA:1,(anonymous_0)
FNDA:6,(anonymous_1)
FNDA:3,(anonymous_2)
FNDA:1,(anonymous_3)
FNDA:1,(anonymous_4)
FNDA:1,(anonymous_5)
FNDA:0,(anonymous_6)
FNDA:0,(anonymous_7)
FNDA:1,(anonymous_8)
FNDA:0,(anonymous_9)
FNDA:1,(anonymous_10)
DA:1,3
DA:26,3
DA:30,1
DA:35,6
DA:39,6
DA:40,4
DA:43,2
DA:44,0
DA:48,2
DA:49,0
DA:53,2
DA:57,2
DA:58,0
DA:62,2
DA:63,0
DA:66,2
DA:82,1
DA:89,3
DA:97,3
DA:99,0
DA:106,1
DA:108,1
DA:127,1
DA:131,1
DA:133,1
DA:153,1
DA:157,1
DA:158,1
DA:159,1
DA:162,0
DA:169,0
DA:170,0
DA:171,0
DA:174,0
DA:175,0
DA:179,0
DA:185,0
DA:194,0
DA:198,0
DA:199,0
DA:200,0
DA:203,0
DA:204,0
DA:208,0
DA:214,0
DA:223,0
DA:227,1
DA:228,1
DA:230,1
DA:252,1
DA:256,0
DA:265,1
DA:266,1
DA:267,1
DA:270,0
LF:55
LH:31
BRDA:39,0,0,4
BRDA:43,1,0,0
BRDA:48,2,0,0
BRDA:57,3,0,0
BRDA:62,4,0,0
BRDA:73,5,0,2
BRDA:73,5,1,2
BRDA:74,6,0,2
BRDA:74,6,1,2
BRDA:97,7,0,3
BRDA:105,8,0,1
BRDA:105,9,0,1
BRDA:130,10,0,1
BRDA:130,11,0,1
BRDA:158,12,0,1
BRDA:170,13,0,0
BRDA:174,14,0,0
BRDA:199,15,0,0
BRDA:203,16,0,0
BRDA:228,17,0,1
BRDA:253,18,0,1
BRDA:253,18,1,1
BRDA:255,19,0,1
BRDA:255,19,1,1
BRDA:258,20,0,0
BRDA:258,20,1,0
BRDA:266,21,0,1
BRF:27
BRH:17
end_of_record
TN:
SF:src/repositories/UserRepository.ts
FN:30,(anonymous_0)
FN:34,(anonymous_1)
FN:57,(anonymous_2)
FN:63,(anonymous_3)
FN:69,(anonymous_4)
FN:86,(anonymous_5)
FN:97,(anonymous_6)
FN:112,(anonymous_7)
FN:124,(anonymous_8)
FNF:9
FNH:9
FNDA:2,(anonymous_0)
FNDA:15,(anonymous_1)
FNDA:10,(anonymous_2)
FNDA:2,(anonymous_3)
FNDA:2,(anonymous_4)
FNDA:2,(anonymous_5)
FNDA:2,(anonymous_6)
FNDA:2,(anonymous_7)
FNDA:2,(anonymous_8)
DA:1,4
DA:27,4
DA:31,2
DA:36,15
DA:40,15
DA:41,1
DA:44,14
DA:58,10
DA:64,2
DA:70,2
DA:71,2
DA:72,1
DA:75,1
DA:87,2
DA:88,2
DA:89,1
DA:92,1
DA:98,2
DA:100,2
DA:109,2
DA:113,2
DA:114,2
DA:115,2
DA:118,0
DA:125,2
DA:126,2
DA:127,1
DA:130,1
DA:143,1
LF:29
LH:28
BRDA:40,0,0,1
BRDA:49,1,0,14
BRDA:49,1,1,13
BRDA:71,2,0,1
BRDA:88,3,0,1
BRDA:97,4,0,1
BRDA:97,5,0,1
BRDA:114,6,0,2
BRDA:126,7,0,1
BRDA:146,8,0,1
BRDA:146,8,1,1
BRDA:147,9,0,1
BRDA:147,9,1,1
BRF:13
BRH:13
end_of_record
TN:
SF:src/routes/admin.ts
FN:18,(anonymous_1)
FN:48,(anonymous_2)
FNF:2
FNH:0
FNDA:0,(anonymous_1)
FNDA:0,(anonymous_2)
DA:1,0
DA:2,0
DA:3,0
DA:4,0
DA:5,0
DA:6,0
DA:7,0
DA:9,0
DA:10,0
DA:11,0
DA:14,0
DA:19,0
DA:20,0
DA:21,0
DA:23,0
DA:29,0
DA:43,0
DA:49,0
DA:50,0
DA:51,0
DA:53,0
DA:54,0
DA:55,0
DA:63,0
DA:64,0
DA:68,0
DA:70,0
DA:75,0
LF:28
LH:0
BRDA:19,0,0,0
BRDA:19,0,1,0
BRDA:20,1,0,0
BRDA:20,1,1,0
BRDA:59,2,0,0
BRDA:59,2,1,0
BRDA:63,3,0,0
BRF:7
BRH:0
end_of_record
TN:
SF:src/routes/auth.ts
FNF:0
FNH:0
DA:1,0
DA:2,0
DA:3,0
DA:5,0
DA:8,0
DA:9,0
DA:10,0
DA:11,0
DA:13,0
LF:9
LH:0
BRF:0
BRH:0
end_of_record
TN:
SF:src/routes/campaigns.ts
FNF:0
FNH:0
DA:1,0
DA:2,0
DA:3,0
DA:4,0
DA:5,0
DA:6,0
DA:7,0
DA:8,0
DA:15,0
DA:18,0
DA:19,0
DA:20,0
DA:21,0
DA:22,0
DA:25,0
DA:26,0
DA:27,0
DA:30,0
DA:31,0
DA:33,0
LF:20
LH:0
BRF:0
BRH:0
end_of_record
TN:
SF:src/routes/comments.ts
FNF:0
FNH:0
DA:1,0
DA:2,0
DA:3,0
DA:4,0
DA:5,0
DA:6,0
DA:8,0
DA:14,0
DA:21,0
DA:27,0
DA:31,0
DA:32,0
DA:33,0
DA:34,0
DA:36,0
LF:15
LH:0
BRF:0
BRH:0
end_of_record
TN:
SF:src/routes/donations.ts
FNF:0
FNH:0
DA:1,0
DA:2,0
DA:3,0
DA:4,0
DA:5,0
DA:7,0
DA:10,0
DA:11,0
DA:12,0
DA:14,0
LF:10
LH:0
BRF:0
BRH:0
end_of_record
TN:
SF:src/routes/health.ts
FN:10,(anonymous_1)
FNF:1
FNH:0
FNDA:0,(anonymous_1)
DA:1,0
DA:2,0
DA:3,0
DA:5,0
DA:6,0
DA:9,0
DA:12,0
DA:13,0
DA:14,0
DA:16,0
DA:19,0
DA:28,0
DA:29,0
DA:33,0
LF:14
LH:0
BRDA:20,0,0,0
BRDA:20,0,1,0
BRDA:24,1,0,0
BRDA:24,1,1,0
BRDA:25,2,0,0
BRDA:25,2,1,0
BRDA:28,3,0,0
BRDA:28,3,1,0
BRF:8
BRH:0
end_of_record
TN:
SF:src/routes/users.ts
FNF:0
FNH:0
DA:1,0
DA:2,0
DA:3,0
DA:4,0
DA:5,0
DA:6,0
DA:8,0
DA:11,0
DA:12,0
DA:13,0
DA:15,0
LF:11
LH:0
BRF:0
BRH:0
end_of_record
