TN:
SF:src/lib/core/index.ts
FN:1,(anonymous_0)
FN:2,(anonymous_1)
FN:3,(anonymous_2)
FN:4,(anonymous_3)
FN:5,(anonymous_4)
FNF:5
FNH:1
FNDA:14,(anonymous_0)
FNDA:0,(anonymous_1)
FNDA:0,(anonymous_2)
FNDA:0,(anonymous_3)
FNDA:0,(anonymous_4)
DA:1,15
DA:2,1
DA:3,1
DA:4,1
DA:5,1
LF:5
LH:5
BRF:0
BRH:0
end_of_record
TN:
SF:src/lib/core/analysis/index.ts
FN:1,(anonymous_0)
FNF:1
FNH:1
FNDA:14,(anonymous_0)
DA:1,15
LF:1
LH:1
BRF:0
BRH:0
end_of_record
TN:
SF:src/lib/core/analysis/resume-analysis-engine.ts
FN:46,(anonymous_0)
FN:50,(anonymous_1)
FN:74,(anonymous_2)
FN:89,(anonymous_3)
FN:96,(anonymous_4)
FN:107,(anonymous_5)
FN:119,(anonymous_6)
FN:130,(anonymous_7)
FN:142,(anonymous_8)
FN:149,(anonymous_9)
FN:150,(anonymous_10)
FN:174,(anonymous_11)
FN:178,(anonymous_12)
FN:187,(anonymous_13)
FN:196,(anonymous_14)
FN:198,(anonymous_15)
FN:199,(anonymous_16)
FN:203,(anonymous_17)
FN:213,(anonymous_18)
FN:219,(anonymous_19)
FN:225,(anonymous_20)
FN:232,(anonymous_21)
FN:232,(anonymous_22)
FN:250,(anonymous_23)
FN:272,(anonymous_24)
FN:276,(anonymous_25)
FN:276,(anonymous_26)
FN:280,(anonymous_27)
FN:282,(anonymous_28)
FN:285,(anonymous_29)
FN:294,(anonymous_30)
FN:302,(anonymous_31)
FN:308,(anonymous_32)
FN:313,(anonymous_33)
FN:331,(anonymous_34)
FN:339,(anonymous_35)
FN:344,(anonymous_36)
FN:350,(anonymous_37)
FN:355,(anonymous_38)
FN:360,(anonymous_39)
FN:365,(anonymous_40)
FN:371,(anonymous_41)
FN:376,(anonymous_42)
FN:382,(anonymous_43)
FN:383,(anonymous_44)
FN:389,(anonymous_45)
FN:393,(anonymous_46)
FN:403,(anonymous_47)
FN:417,(anonymous_48)
FN:421,(anonymous_49)
FN:431,(anonymous_50)
FN:441,(anonymous_51)
FN:449,(anonymous_52)
FN:456,(anonymous_53)
FN:461,(anonymous_54)
FN:462,(anonymous_55)
FN:465,(anonymous_56)
FN:466,(anonymous_57)
FN:467,(anonymous_58)
FN:468,(anonymous_59)
FN:480,(anonymous_60)
FNF:61
FNH:61
FNDA:23,(anonymous_0)
FNDA:6,(anonymous_1)
FNDA:6,(anonymous_2)
FNDA:3,(anonymous_3)
FNDA:3,(anonymous_4)
FNDA:9,(anonymous_5)
FNDA:3,(anonymous_6)
FNDA:7,(anonymous_7)
FNDA:12,(anonymous_8)
FNDA:12,(anonymous_9)
FNDA:31,(anonymous_10)
FNDA:3,(anonymous_11)
FNDA:12,(anonymous_12)
FNDA:3,(anonymous_13)
FNDA:3,(anonymous_14)
FNDA:37,(anonymous_15)
FNDA:37,(anonymous_16)
FNDA:3,(anonymous_17)
FNDA:3,(anonymous_18)
FNDA:3,(anonymous_19)
FNDA:4,(anonymous_20)
FNDA:11,(anonymous_21)
FNDA:11,(anonymous_22)
FNDA:4,(anonymous_23)
FNDA:4,(anonymous_24)
FNDA:10,(anonymous_25)
FNDA:9,(anonymous_26)
FNDA:4,(anonymous_27)
FNDA:7,(anonymous_28)
FNDA:4,(anonymous_29)
FNDA:16,(anonymous_30)
FNDA:4,(anonymous_31)
FNDA:13,(anonymous_32)
FNDA:6,(anonymous_33)
FNDA:6,(anonymous_34)
FNDA:144,(anonymous_35)
FNDA:6,(anonymous_36)
FNDA:54,(anonymous_37)
FNDA:6,(anonymous_38)
FNDA:42,(anonymous_39)
FNDA:6,(anonymous_40)
FNDA:60,(anonymous_41)
FNDA:6,(anonymous_42)
FNDA:42,(anonymous_43)
FNDA:59,(anonymous_44)
FNDA:6,(anonymous_45)
FNDA:10,(anonymous_46)
FNDA:6,(anonymous_47)
FNDA:6,(anonymous_48)
FNDA:36,(anonymous_49)
FNDA:6,(anonymous_50)
FNDA:30,(anonymous_51)
FNDA:6,(anonymous_52)
FNDA:60,(anonymous_53)
FNDA:3,(anonymous_54)
FNDA:79,(anonymous_55)
FNDA:3,(anonymous_56)
FNDA:79,(anonymous_57)
FNDA:10,(anonymous_58)
FNDA:79,(anonymous_59)
FNDA:79,(anonymous_60)
DA:46,5
DA:47,23
DA:48,23
DA:51,6
DA:53,3
DA:54,3
DA:55,3
DA:56,3
DA:57,3
DA:58,3
DA:59,3
DA:61,3
DA:75,6
DA:76,1
DA:78,5
DA:79,1
DA:81,4
DA:82,0
DA:84,4
DA:85,1
DA:90,3
DA:97,3
DA:100,3
DA:106,3
DA:107,9
DA:112,3
DA:118,3
DA:119,3
DA:124,3
DA:129,3
DA:130,7
DA:135,3
DA:141,3
DA:142,12
DA:146,3
DA:150,31
DA:151,12
DA:153,5
DA:154,5
DA:156,5
DA:157,5
DA:158,5
DA:159,5
DA:162,5
DA:163,5
DA:164,5
DA:166,5
DA:167,5
DA:168,5
DA:169,5
DA:171,5
DA:175,3
DA:176,3
DA:178,3
DA:179,12
DA:180,7
DA:184,3
DA:188,3
DA:197,3
DA:198,37
DA:199,37
DA:200,3
DA:204,3
DA:205,3
DA:207,3
DA:208,3
DA:210,3
DA:214,3
DA:215,3
DA:216,3
DA:220,3
DA:221,3
DA:222,3
DA:226,4
DA:227,4
DA:228,4
DA:229,4
DA:232,11
DA:234,4
DA:235,4
DA:236,1
DA:237,1
DA:241,4
DA:251,4
DA:252,4
DA:253,0
DA:256,4
DA:257,4
DA:258,4
DA:259,4
DA:260,4
DA:262,4
DA:273,4
DA:274,4
DA:276,10
DA:277,4
DA:281,4
DA:282,7
DA:286,4
DA:293,4
DA:294,4
DA:295,16
DA:296,16
DA:299,4
DA:303,4
DA:308,4
DA:309,13
DA:314,6
DA:315,6
DA:316,6
DA:317,6
DA:318,6
DA:319,6
DA:321,6
DA:332,6
DA:339,6
DA:340,144
DA:345,6
DA:350,6
DA:351,54
DA:356,6
DA:360,6
DA:361,42
DA:366,6
DA:371,6
DA:372,60
DA:377,6
DA:381,6
DA:382,6
DA:383,42
DA:384,59
DA:390,6
DA:391,6
DA:393,6
DA:394,10
DA:395,10
DA:396,10
DA:397,10
DA:400,6
DA:404,6
DA:405,6
DA:406,6
DA:407,6
DA:409,6
DA:418,6
DA:419,6
DA:421,6
DA:422,36
DA:423,36
DA:424,4
DA:428,6
DA:432,6
DA:440,6
DA:441,6
DA:442,30
DA:443,30
DA:446,6
DA:450,6
DA:456,6
DA:457,60
DA:462,79
DA:466,79
DA:467,10
DA:468,79
DA:470,3
DA:472,3
DA:473,3
DA:476,3
DA:477,3
DA:481,79
DA:482,79
DA:483,79
DA:485,79
DA:486,542
DA:487,542
DA:488,163
DA:490,542
DA:494,79
DA:495,11
DA:498,79
LF:180
LH:178
BRDA:75,0,0,1
BRDA:75,1,0,6
BRDA:75,1,1,5
BRDA:78,2,0,1
BRDA:81,3,0,0
BRDA:84,4,0,1
BRDA:151,5,0,7
BRDA:154,6,0,0
BRDA:158,7,0,4
BRDA:158,7,1,1
BRDA:167,8,0,0
BRDA:168,9,0,0
BRDA:169,10,0,1
BRDA:179,11,0,7
BRDA:200,12,0,3
BRDA:200,12,1,3
BRDA:205,13,0,0
BRDA:210,14,0,3
BRDA:210,14,1,2
BRDA:216,15,0,3
BRDA:216,15,1,0
BRDA:221,16,0,3
BRDA:221,16,1,3
BRDA:235,17,0,1
BRDA:235,18,0,4
BRDA:235,18,1,3
BRDA:235,18,2,1
BRDA:252,19,0,0
BRDA:274,20,0,0
BRDA:274,21,0,4
BRDA:274,21,1,4
BRDA:281,22,0,4
BRDA:281,22,1,2
BRDA:296,23,0,1
BRDA:396,24,0,10
BRDA:396,24,1,0
BRDA:423,25,0,4
BRDA:443,26,0,2
BRDA:470,27,0,0
BRDA:470,28,0,3
BRDA:470,28,1,3
BRDA:487,29,0,163
BRDA:487,30,0,542
BRDA:487,30,1,191
BRDA:494,31,0,11
BRDA:494,32,0,79
BRDA:494,32,1,13
BRF:47
BRH:37
end_of_record
TN:
SF:src/lib/core/feedback/feedback-generator.ts
FN:34,(anonymous_0)
FN:42,(anonymous_1)
FN:100,(anonymous_2)
FN:110,(anonymous_3)
FN:117,(anonymous_4)
FN:127,(anonymous_5)
FN:135,(anonymous_6)
FN:181,(anonymous_7)
FN:195,(anonymous_8)
FN:259,(anonymous_9)
FN:263,(anonymous_10)
FN:277,(anonymous_11)
FN:310,(anonymous_12)
FN:330,(anonymous_13)
FN:338,(anonymous_14)
FN:346,(anonymous_15)
FN:354,(anonymous_16)
FN:362,(anonymous_17)
FN:409,(anonymous_18)
FNF:19
FNH:19
FNDA:5,(anonymous_0)
FNDA:3,(anonymous_1)
FNDA:5,(anonymous_2)
FNDA:13,(anonymous_3)
FNDA:26,(anonymous_4)
FNDA:4,(anonymous_5)
FNDA:5,(anonymous_6)
FNDA:2,(anonymous_7)
FNDA:4,(anonymous_8)
FNDA:3,(anonymous_9)
FNDA:5,(anonymous_10)
FNDA:5,(anonymous_11)
FNDA:3,(anonymous_12)
FNDA:9,(anonymous_13)
FNDA:3,(anonymous_14)
FNDA:3,(anonymous_15)
FNDA:3,(anonymous_16)
FNDA:3,(anonymous_17)
FNDA:2,(anonymous_18)
DA:33,7
DA:35,5
DA:38,5
DA:39,3
DA:41,3
DA:42,2
DA:43,3
DA:44,2
DA:46,1
DA:51,3
DA:52,2
DA:55,3
DA:56,2
DA:59,3
DA:60,1
DA:65,5
DA:66,2
DA:68,2
DA:69,1
DA:71,2
DA:72,1
DA:74,2
DA:75,1
DA:77,2
DA:78,1
DA:83,5
DA:84,2
DA:86,2
DA:87,2
DA:89,2
DA:90,1
DA:92,2
DA:93,1
DA:97,5
DA:101,5
DA:110,5
DA:111,13
DA:112,13
DA:113,13
DA:118,26
DA:119,26
DA:120,116
DA:121,13
DA:124,13
DA:128,4
DA:131,4
DA:132,2
DA:134,2
DA:135,5
DA:136,2
DA:137,1
DA:141,2
DA:142,1
DA:145,2
DA:146,1
DA:149,2
DA:150,2
DA:155,4
DA:156,2
DA:158,2
DA:162,1
DA:164,2
DA:165,2
DA:167,2
DA:168,1
DA:173,4
DA:174,2
DA:176,2
DA:177,1
DA:180,2
DA:181,2
DA:182,1
DA:183,1
DA:187,2
DA:188,1
DA:192,4
DA:196,4
DA:199,4
DA:200,2
DA:202,2
DA:203,1
DA:206,2
DA:207,1
DA:210,2
DA:211,1
DA:214,2
DA:215,1
DA:218,2
DA:219,1
DA:224,4
DA:225,2
DA:227,2
DA:228,1
DA:230,2
DA:231,1
DA:233,2
DA:234,1
DA:239,4
DA:240,2
DA:242,2
DA:243,2
DA:245,2
DA:246,1
DA:248,2
DA:249,1
DA:251,2
DA:252,1
DA:256,4
DA:260,3
DA:262,3
DA:263,2
DA:264,5
DA:265,5
DA:267,5
DA:274,3
DA:278,5
DA:280,5
DA:282,2
DA:283,1
DA:284,1
DA:286,2
DA:288,1
DA:289,0
DA:290,0
DA:292,1
DA:294,1
DA:295,0
DA:296,0
DA:298,1
DA:300,1
DA:301,1
DA:302,1
DA:304,1
DA:307,5
DA:311,3
DA:331,9
DA:332,8
DA:333,3
DA:334,1
DA:335,0
DA:339,3
DA:340,3
DA:341,0
DA:342,0
DA:343,0
DA:347,3
DA:348,2
DA:349,0
DA:350,0
DA:351,0
DA:355,3
DA:356,3
DA:357,3
DA:358,1
DA:359,0
DA:363,3
DA:370,3
DA:371,1
DA:373,3
DA:375,2
DA:376,2
DA:377,2
DA:379,2
DA:380,1
DA:382,2
DA:383,1
DA:386,3
DA:387,2
DA:391,3
DA:392,1
DA:394,3
DA:395,2
DA:399,3
DA:400,1
DA:402,3
DA:403,0
DA:406,3
DA:410,2
DA:411,1
DA:414,1
DA:415,1
DA:416,1
DA:417,1
DA:418,1
DA:420,1
DA:426,1
LF:186
LH:173
BRDA:38,0,0,3
BRDA:41,1,0,2
BRDA:43,2,0,2
BRDA:43,2,1,1
BRDA:51,3,0,2
BRDA:55,4,0,2
BRDA:59,5,0,1
BRDA:65,6,0,2
BRDA:68,7,0,1
BRDA:71,8,0,1
BRDA:74,9,0,1
BRDA:77,10,0,1
BRDA:83,11,0,2
BRDA:86,12,0,2
BRDA:89,13,0,1
BRDA:92,14,0,1
BRDA:120,15,0,13
BRDA:131,16,0,2
BRDA:134,17,0,2
BRDA:136,18,0,1
BRDA:141,19,0,1
BRDA:145,20,0,1
BRDA:149,21,0,2
BRDA:155,22,0,2
BRDA:158,23,0,1
BRDA:158,24,0,2
BRDA:158,24,1,2
BRDA:158,24,2,2
BRDA:158,24,3,1
BRDA:164,25,0,2
BRDA:167,26,0,1
BRDA:173,27,0,2
BRDA:176,28,0,1
BRDA:180,29,0,1
BRDA:182,30,0,1
BRDA:187,31,0,1
BRDA:187,32,0,2
BRDA:187,32,1,1
BRDA:199,33,0,2
BRDA:202,34,0,1
BRDA:206,35,0,1
BRDA:210,36,0,1
BRDA:214,37,0,1
BRDA:218,38,0,1
BRDA:224,39,0,2
BRDA:227,40,0,1
BRDA:230,41,0,1
BRDA:233,42,0,1
BRDA:233,43,0,2
BRDA:233,43,1,1
BRDA:239,44,0,2
BRDA:242,45,0,2
BRDA:245,46,0,1
BRDA:248,47,0,1
BRDA:251,48,0,1
BRDA:262,49,0,2
BRDA:264,50,0,5
BRDA:264,50,1,0
BRDA:280,51,0,2
BRDA:280,51,1,1
BRDA:280,51,2,1
BRDA:280,51,3,1
BRDA:282,52,0,1
BRDA:288,53,0,0
BRDA:294,54,0,0
BRDA:300,55,0,1
BRDA:331,56,0,1
BRDA:332,57,0,5
BRDA:333,58,0,2
BRDA:334,59,0,1
BRDA:339,60,0,0
BRDA:340,61,0,3
BRDA:341,62,0,0
BRDA:342,63,0,0
BRDA:347,64,0,1
BRDA:348,65,0,2
BRDA:349,66,0,0
BRDA:350,67,0,0
BRDA:355,68,0,0
BRDA:356,69,0,0
BRDA:357,70,0,2
BRDA:358,71,0,1
BRDA:370,72,0,1
BRDA:373,73,0,2
BRDA:376,74,0,2
BRDA:379,75,0,1
BRDA:382,76,0,1
BRDA:386,77,0,2
BRDA:391,78,0,1
BRDA:394,79,0,2
BRDA:399,80,0,1
BRDA:402,81,0,0
BRDA:410,82,0,1
BRDA:410,83,0,2
BRDA:410,83,1,1
BRF:95
BRH:84
end_of_record
TN:
SF:src/lib/core/feedback/index.ts
FN:1,(anonymous_0)
FNF:1
FNH:0
FNDA:0,(anonymous_0)
DA:1,1
LF:1
LH:1
BRF:0
BRH:0
end_of_record
TN:
SF:src/lib/core/processing/index.ts
FN:1,(anonymous_0)
FNF:1
FNH:0
FNDA:0,(anonymous_0)
DA:1,1
LF:1
LH:1
BRF:0
BRH:0
end_of_record
TN:
SF:src/lib/core/processing/text-processor.ts
FN:24,(anonymous_0)
FN:28,(anonymous_1)
FN:39,(anonymous_2)
FN:120,(anonymous_3)
FN:126,(anonymous_4)
FN:133,(anonymous_5)
FN:139,(anonymous_6)
FN:145,(anonymous_7)
FN:187,(anonymous_8)
FN:188,(anonymous_9)
FN:193,(anonymous_10)
FN:204,(anonymous_11)
FN:215,(anonymous_12)
FN:216,(anonymous_13)
FN:219,(anonymous_14)
FN:220,(anonymous_15)
FN:221,(anonymous_16)
FN:222,(anonymous_17)
FN:235,(anonymous_18)
FN:256,(anonymous_19)
FN:265,(anonymous_20)
FN:275,(anonymous_21)
FN:285,(anonymous_22)
FN:293,(anonymous_23)
FN:302,(anonymous_24)
FN:306,(anonymous_25)
FN:313,(anonymous_26)
FN:316,(anonymous_27)
FNF:28
FNH:28
FNDA:44,(anonymous_0)
FNDA:3,(anonymous_1)
FNDA:3,(anonymous_2)
FNDA:1,(anonymous_3)
FNDA:1,(anonymous_4)
FNDA:1,(anonymous_5)
FNDA:1,(anonymous_6)
FNDA:1,(anonymous_7)
FNDA:6,(anonymous_8)
FNDA:91,(anonymous_9)
FNDA:1,(anonymous_10)
FNDA:1,(anonymous_11)
FNDA:1,(anonymous_12)
FNDA:9,(anonymous_13)
FNDA:2,(anonymous_14)
FNDA:17,(anonymous_15)
FNDA:4,(anonymous_16)
FNDA:17,(anonymous_17)
FNDA:17,(anonymous_18)
FNDA:1,(anonymous_19)
FNDA:24,(anonymous_20)
FNDA:1,(anonymous_21)
FNDA:5,(anonymous_22)
FNDA:6,(anonymous_23)
FNDA:2,(anonymous_24)
FNDA:2,(anonymous_25)
FNDA:8,(anonymous_26)
FNDA:1,(anonymous_27)
DA:24,9
DA:25,44
DA:26,44
DA:29,3
DA:30,1
DA:33,2
DA:40,3
DA:43,3
DA:44,3
DA:45,0
DA:48,3
DA:49,3
DA:50,3
DA:55,3
DA:62,3
DA:63,8
DA:64,8
DA:65,2
DA:66,2
DA:71,3
DA:78,3
DA:79,5
DA:80,5
DA:81,3
DA:82,3
DA:87,3
DA:93,3
DA:94,6
DA:95,6
DA:96,2
DA:97,2
DA:102,3
DA:109,3
DA:110,6
DA:111,6
DA:112,2
DA:113,2
DA:117,3
DA:121,1
DA:122,1
DA:123,1
DA:128,1
DA:129,1
DA:130,1
DA:134,1
DA:135,1
DA:136,1
DA:140,1
DA:141,1
DA:142,1
DA:146,1
DA:154,1
DA:160,1
DA:167,1
DA:173,1
DA:179,1
DA:180,1
DA:181,1
DA:182,1
DA:184,1
DA:188,6
DA:189,91
DA:194,1
DA:201,1
DA:205,1
DA:212,1
DA:216,9
DA:220,17
DA:221,4
DA:222,17
DA:224,2
DA:226,2
DA:227,2
DA:230,2
DA:232,2
DA:236,17
DA:237,17
DA:238,17
DA:240,17
DA:241,124
DA:242,124
DA:243,45
DA:245,124
DA:249,17
DA:250,1
DA:253,17
DA:257,1
DA:264,1
DA:265,1
DA:266,24
DA:267,24
DA:268,5
DA:272,1
DA:276,1
DA:284,1
DA:285,1
DA:286,5
DA:287,5
DA:288,3
DA:293,1
DA:294,6
DA:295,6
DA:296,4
DA:297,4
DA:298,2
DA:303,2
DA:307,2
DA:312,2
DA:313,8
DA:317,1
LF:110
LH:109
BRDA:29,0,0,1
BRDA:44,1,0,0
BRDA:44,1,1,3
BRDA:49,2,0,3
BRDA:64,3,0,2
BRDA:80,4,0,3
BRDA:95,5,0,2
BRDA:111,6,0,2
BRDA:122,7,0,1
BRDA:122,7,1,0
BRDA:129,8,0,1
BRDA:129,8,1,0
BRDA:135,9,0,1
BRDA:135,9,1,0
BRDA:141,10,0,1
BRDA:141,10,1,0
BRDA:224,11,0,0
BRDA:224,12,0,2
BRDA:224,12,1,2
BRDA:242,13,0,45
BRDA:242,14,0,124
BRDA:242,14,1,47
BRDA:249,15,0,1
BRDA:249,16,0,17
BRDA:249,16,1,4
BRDA:267,17,0,5
BRDA:287,18,0,3
BRDA:294,19,0,0
BRDA:294,20,0,6
BRDA:294,20,1,2
BRDA:295,21,0,2
BRDA:295,22,0,6
BRDA:295,22,1,4
BRDA:296,23,0,0
BRDA:296,24,0,4
BRDA:296,24,1,0
BRDA:297,25,0,2
BRDA:297,26,0,4
BRDA:297,26,1,4
BRDA:303,27,0,2
BRDA:303,27,1,2
BRF:41
BRH:32
end_of_record
TN:
SF:src/lib/core/scoring/index.ts
FN:1,(anonymous_0)
FNF:1
FNH:0
FNDA:0,(anonymous_0)
DA:1,1
LF:1
LH:1
BRF:0
BRH:0
end_of_record
TN:
SF:src/lib/core/scoring/scoring-system.ts
FN:28,(anonymous_0)
FN:43,(anonymous_1)
FN:55,(anonymous_2)
FN:60,(anonymous_3)
FN:61,(anonymous_4)
FN:81,(anonymous_5)
FN:96,(anonymous_6)
FN:106,(anonymous_7)
FN:136,(anonymous_8)
FN:147,(anonymous_9)
FN:173,(anonymous_10)
FN:180,(anonymous_11)
FN:189,(anonymous_12)
FN:207,(anonymous_13)
FN:227,(anonymous_14)
FN:235,(anonymous_15)
FN:243,(anonymous_16)
FN:251,(anonymous_17)
FNF:18
FNH:14
FNDA:33,(anonymous_0)
FNDA:4,(anonymous_1)
FNDA:12,(anonymous_2)
FNDA:9,(anonymous_3)
FNDA:9,(anonymous_4)
FNDA:4,(anonymous_5)
FNDA:5,(anonymous_6)
FNDA:4,(anonymous_7)
FNDA:7,(anonymous_8)
FNDA:4,(anonymous_9)
FNDA:13,(anonymous_10)
FNDA:10,(anonymous_11)
FNDA:1,(anonymous_12)
FNDA:0,(anonymous_13)
FNDA:0,(anonymous_14)
FNDA:0,(anonymous_15)
FNDA:0,(anonymous_16)
FNDA:1,(anonymous_17)
DA:28,8
DA:29,33
DA:35,33
DA:44,4
DA:45,1
DA:48,3
DA:49,3
DA:50,3
DA:51,3
DA:54,3
DA:55,12
DA:56,3
DA:57,3
DA:60,9
DA:61,9
DA:62,3
DA:65,3
DA:66,2
DA:67,1
DA:68,0
DA:69,1
DA:70,0
DA:72,1
DA:76,3
DA:78,3
DA:82,4
DA:83,0
DA:86,4
DA:87,4
DA:90,4
DA:91,4
DA:92,4
DA:93,4
DA:96,4
DA:97,5
DA:98,5
DA:99,5
DA:100,5
DA:103,4
DA:107,4
DA:108,0
DA:111,4
DA:112,4
DA:113,4
DA:114,4
DA:115,4
DA:116,4
DA:117,4
DA:120,4
DA:121,4
DA:124,4
DA:125,4
DA:128,4
DA:129,4
DA:132,4
DA:133,4
DA:136,7
DA:137,4
DA:138,3
DA:141,4
DA:142,4
DA:144,4
DA:148,4
DA:149,0
DA:151,4
DA:152,1
DA:154,3
DA:155,0
DA:159,3
DA:162,1
DA:166,2
DA:170,2
DA:174,13
DA:175,1
DA:177,12
DA:181,10
DA:182,30
DA:183,10
DA:186,0
DA:190,1
DA:191,1
DA:192,1
DA:193,1
DA:194,1
DA:195,1
DA:197,1
DA:208,0
DA:228,0
DA:229,0
DA:230,0
DA:231,0
DA:232,0
DA:236,0
DA:237,0
DA:238,0
DA:239,0
DA:240,0
DA:244,0
DA:245,0
DA:246,0
DA:247,0
DA:248,0
DA:252,1
DA:254,1
DA:255,1
DA:257,1
DA:258,1
DA:260,1
DA:261,1
DA:264,1
LF:110
LH:87
BRDA:44,0,0,1
BRDA:49,1,0,3
BRDA:49,1,1,0
BRDA:50,2,0,3
BRDA:50,2,1,1
BRDA:51,3,0,3
BRDA:51,3,1,1
BRDA:60,4,0,9
BRDA:60,4,1,2
BRDA:65,5,0,2
BRDA:65,5,1,1
BRDA:65,6,0,3
BRDA:65,6,1,2
BRDA:67,7,0,0
BRDA:67,7,1,1
BRDA:67,8,0,1
BRDA:67,8,1,0
BRDA:69,9,0,0
BRDA:69,9,1,1
BRDA:69,10,0,1
BRDA:69,10,1,0
BRDA:82,11,0,0
BRDA:87,12,0,4
BRDA:87,12,1,0
BRDA:90,13,0,1
BRDA:90,14,0,4
BRDA:90,14,1,4
BRDA:91,15,0,3
BRDA:91,16,0,4
BRDA:91,16,1,4
BRDA:92,17,0,2
BRDA:92,18,0,4
BRDA:92,18,1,4
BRDA:93,19,0,2
BRDA:93,20,0,4
BRDA:93,20,1,4
BRDA:97,21,0,1
BRDA:98,22,0,2
BRDA:99,23,0,1
BRDA:100,24,0,1
BRDA:107,25,0,0
BRDA:112,26,0,4
BRDA:112,26,1,0
BRDA:113,27,0,4
BRDA:113,27,1,1
BRDA:114,28,0,4
BRDA:114,28,1,1
BRDA:115,29,0,4
BRDA:115,29,1,1
BRDA:116,30,0,4
BRDA:116,30,1,0
BRDA:117,31,0,4
BRDA:117,31,1,1
BRDA:137,32,0,1
BRDA:137,32,1,3
BRDA:138,33,0,1
BRDA:148,34,0,0
BRDA:148,35,0,4
BRDA:148,35,1,0
BRDA:151,36,0,1
BRDA:151,37,0,4
BRDA:151,37,1,1
BRDA:154,38,0,0
BRDA:154,39,0,3
BRDA:154,39,1,0
BRDA:159,40,0,1
BRDA:159,41,0,3
BRDA:159,41,1,2
BRDA:159,41,2,2
BRDA:174,42,0,1
BRDA:177,43,0,12
BRDA:177,43,1,11
BRDA:182,44,0,10
BRDA:182,45,0,30
BRDA:182,45,1,10
BRDA:228,46,0,0
BRDA:229,47,0,0
BRDA:230,48,0,0
BRDA:231,49,0,0
BRDA:236,50,0,0
BRDA:237,51,0,0
BRDA:238,52,0,0
BRDA:239,53,0,0
BRDA:244,54,0,0
BRDA:245,55,0,0
BRDA:246,56,0,0
BRDA:247,57,0,0
BRDA:254,58,0,1
BRDA:257,59,0,1
BRDA:260,60,0,1
BRF:90
BRH:64
end_of_record
TN:
SF:src/lib/core/validation/index.ts
FN:1,(anonymous_0)
FNF:1
FNH:0
FNDA:0,(anonymous_0)
DA:1,1
LF:1
LH:1
BRF:0
BRH:0
end_of_record
TN:
SF:src/lib/core/validation/validation-engine.ts
FN:31,(anonymous_0)
FN:36,(anonymous_1)
FN:45,(anonymous_2)
FN:72,(anonymous_3)
FN:76,(anonymous_4)
FN:85,(anonymous_5)
FN:88,(anonymous_6)
FN:91,(anonymous_7)
FN:94,(anonymous_8)
FN:101,(anonymous_9)
FN:119,(anonymous_10)
FN:136,(anonymous_11)
FN:139,(anonymous_12)
FN:142,(anonymous_13)
FN:145,(anonymous_14)
FN:152,(anonymous_15)
FN:166,(anonymous_16)
FN:168,(anonymous_17)
FN:173,(anonymous_18)
FN:205,(anonymous_19)
FN:217,(anonymous_20)
FN:257,(anonymous_21)
FN:260,(anonymous_22)
FN:263,(anonymous_23)
FN:266,(anonymous_24)
FN:273,(anonymous_25)
FN:280,(anonymous_26)
FN:301,(anonymous_27)
FN:315,(anonymous_28)
FN:318,(anonymous_29)
FN:319,(anonymous_30)
FN:339,(anonymous_31)
FN:342,(anonymous_32)
FN:345,(anonymous_33)
FN:348,(anonymous_34)
FN:355,(anonymous_35)
FN:362,(anonymous_36)
FN:385,(anonymous_37)
FN:388,(anonymous_38)
FN:391,(anonymous_39)
FN:398,(anonymous_40)
FN:427,(anonymous_41)
FN:433,(anonymous_42)
FN:434,(anonymous_43)
FN:440,(anonymous_44)
FN:443,(anonymous_45)
FN:446,(anonymous_46)
FN:453,(anonymous_47)
FNF:48
FNH:47
FNDA:47,(anonymous_0)
FNDA:5,(anonymous_1)
FNDA:20,(anonymous_2)
FNDA:1,(anonymous_3)
FNDA:5,(anonymous_4)
FNDA:5,(anonymous_5)
FNDA:1,(anonymous_6)
FNDA:2,(anonymous_7)
FNDA:1,(anonymous_8)
FNDA:4,(anonymous_9)
FNDA:17,(anonymous_10)
FNDA:4,(anonymous_11)
FNDA:2,(anonymous_12)
FNDA:2,(anonymous_13)
FNDA:0,(anonymous_14)
FNDA:2,(anonymous_15)
FNDA:8,(anonymous_16)
FNDA:40,(anonymous_17)
FNDA:48,(anonymous_18)
FNDA:2,(anonymous_19)
FNDA:7,(anonymous_20)
FNDA:7,(anonymous_21)
FNDA:3,(anonymous_22)
FNDA:3,(anonymous_23)
FNDA:3,(anonymous_24)
FNDA:6,(anonymous_25)
FNDA:7,(anonymous_26)
FNDA:1,(anonymous_27)
FNDA:6,(anonymous_28)
FNDA:7,(anonymous_29)
FNDA:1,(anonymous_30)
FNDA:6,(anonymous_31)
FNDA:3,(anonymous_32)
FNDA:5,(anonymous_33)
FNDA:1,(anonymous_34)
FNDA:5,(anonymous_35)
FNDA:4,(anonymous_36)
FNDA:5,(anonymous_37)
FNDA:2,(anonymous_38)
FNDA:2,(anonymous_39)
FNDA:5,(anonymous_40)
FNDA:5,(anonymous_41)
FNDA:73,(anonymous_42)
FNDA:356,(anonymous_43)
FNDA:5,(anonymous_44)
FNDA:1,(anonymous_45)
FNDA:1,(anonymous_46)
FNDA:2,(anonymous_47)
DA:31,8
DA:32,47
DA:33,47
DA:34,47
DA:37,5
DA:38,5
DA:39,5
DA:41,5
DA:42,5
DA:45,5
DA:46,20
DA:47,2
DA:48,1
DA:50,1
DA:52,2
DA:57,5
DA:58,5
DA:59,1
DA:60,1
DA:63,5
DA:73,1
DA:78,5
DA:79,5
DA:80,1
DA:82,5
DA:86,5
DA:88,5
DA:89,1
DA:91,5
DA:92,0
DA:94,5
DA:95,1
DA:98,5
DA:102,4
DA:103,4
DA:104,4
DA:106,4
DA:109,4
DA:110,1
DA:111,1
DA:112,3
DA:113,1
DA:114,1
DA:118,4
DA:119,4
DA:120,17
DA:121,17
DA:122,0
DA:123,0
DA:127,4
DA:137,4
DA:139,4
DA:140,1
DA:142,4
DA:143,1
DA:145,4
DA:146,0
DA:149,4
DA:153,2
DA:154,2
DA:155,2
DA:157,2
DA:158,2
DA:160,2
DA:161,2
DA:163,2
DA:164,2
DA:166,2
DA:167,8
DA:168,8
DA:169,40
DA:170,4
DA:173,8
DA:174,48
DA:175,3
DA:180,2
DA:181,1
DA:182,1
DA:183,1
DA:184,0
DA:185,0
DA:189,2
DA:190,2
DA:191,1
DA:192,1
DA:193,1
DA:196,2
DA:206,2
DA:208,2
DA:209,1
DA:210,1
DA:211,1
DA:214,2
DA:218,7
DA:219,7
DA:220,7
DA:223,7
DA:224,3
DA:225,3
DA:226,1
DA:227,1
DA:232,7
DA:233,3
DA:234,3
DA:235,1
DA:236,1
DA:241,7
DA:242,2
DA:243,1
DA:244,1
DA:248,7
DA:258,7
DA:260,7
DA:261,1
DA:263,7
DA:264,1
DA:266,7
DA:267,1
DA:270,7
DA:274,6
DA:275,6
DA:276,6
DA:278,6
DA:280,6
DA:282,7
DA:283,4
DA:284,4
DA:288,7
DA:289,7
DA:290,1
DA:291,1
DA:293,7
DA:294,1
DA:295,1
DA:300,6
DA:301,6
DA:302,1
DA:303,1
DA:306,6
DA:316,6
DA:317,6
DA:318,7
DA:319,1
DA:321,6
DA:322,1
DA:323,1
DA:325,1
DA:326,1
DA:328,1
DA:330,1
DA:331,1
DA:332,1
DA:336,6
DA:340,6
DA:342,6
DA:343,3
DA:345,6
DA:346,1
DA:348,6
DA:349,1
DA:352,6
DA:356,5
DA:357,5
DA:358,5
DA:360,5
DA:362,5
DA:364,4
DA:365,1
DA:366,1
DA:370,4
DA:371,1
DA:372,1
DA:376,5
DA:386,5
DA:388,5
DA:389,0
DA:391,5
DA:392,1
DA:395,5
DA:399,5
DA:400,5
DA:401,5
DA:403,5
DA:406,5
DA:407,1
DA:408,1
DA:412,5
DA:413,5
DA:414,1
DA:415,1
DA:418,5
DA:428,5
DA:432,5
DA:433,5
DA:434,73
DA:435,356
DA:441,5
DA:443,5
DA:444,0
DA:446,5
DA:447,1
DA:450,5
DA:454,2
DA:455,1
DA:458,1
DA:459,1
DA:460,1
DA:461,1
DA:462,1
DA:463,1
DA:465,1
DA:474,1
DA:483,1
DA:492,1
DA:501,1
LF:215
LH:207
BRDA:41,0,0,5
BRDA:41,0,1,0
BRDA:46,1,0,2
BRDA:47,2,0,1
BRDA:47,2,1,1
BRDA:58,3,0,1
BRDA:79,4,0,1
BRDA:79,5,0,5
BRDA:79,5,1,2
BRDA:79,5,2,2
BRDA:88,6,0,1
BRDA:91,7,0,0
BRDA:94,8,0,1
BRDA:106,9,0,4
BRDA:106,9,1,0
BRDA:109,10,0,1
BRDA:109,10,1,3
BRDA:112,11,0,1
BRDA:118,12,0,4
BRDA:118,12,1,0
BRDA:120,13,0,17
BRDA:120,13,1,0
BRDA:121,14,0,0
BRDA:139,15,0,1
BRDA:142,16,0,1
BRDA:145,17,0,0
BRDA:157,18,0,2
BRDA:157,18,1,0
BRDA:158,19,0,2
BRDA:158,19,1,0
BRDA:169,20,0,4
BRDA:174,21,0,3
BRDA:180,22,0,1
BRDA:180,22,1,1
BRDA:183,23,0,0
BRDA:190,24,0,1
BRDA:208,25,0,1
BRDA:223,26,0,3
BRDA:225,27,0,1
BRDA:232,28,0,3
BRDA:234,29,0,1
BRDA:241,30,0,2
BRDA:242,31,0,1
BRDA:260,32,0,1
BRDA:263,33,0,1
BRDA:266,34,0,1
BRDA:278,35,0,6
BRDA:278,35,1,0
BRDA:282,36,0,4
BRDA:282,37,0,7
BRDA:282,37,1,3
BRDA:289,38,0,1
BRDA:289,39,0,7
BRDA:289,39,1,7
BRDA:293,40,0,1
BRDA:293,41,0,7
BRDA:293,41,1,7
BRDA:293,41,2,4
BRDA:318,42,0,7
BRDA:318,42,1,7
BRDA:325,43,0,1
BRDA:325,43,1,0
BRDA:330,44,0,1
BRDA:342,45,0,3
BRDA:345,46,0,1
BRDA:348,47,0,1
BRDA:360,48,0,5
BRDA:360,48,1,1
BRDA:364,49,0,1
BRDA:364,50,0,4
BRDA:364,50,1,3
BRDA:370,51,0,1
BRDA:370,52,0,4
BRDA:370,52,1,4
BRDA:388,53,0,0
BRDA:391,54,0,1
BRDA:406,55,0,1
BRDA:413,56,0,1
BRDA:443,57,0,0
BRDA:446,58,0,1
BRDA:454,59,0,1
BRDA:460,60,0,1
BRDA:460,60,1,0
BRDA:461,61,0,1
BRDA:461,61,1,0
BRDA:462,62,0,1
BRDA:462,62,1,1
BRDA:463,63,0,1
BRDA:463,63,1,1
BRF:89
BRH:73
end_of_record
TN:
SF:src/lib/resume-reviewer/auth/auth-service.ts
FN:44,(anonymous_0)
FN:62,(anonymous_1)
FN:130,(anonymous_2)
FN:187,(anonymous_3)
FN:226,(anonymous_4)
FN:248,(anonymous_5)
FN:299,(anonymous_6)
FN:328,(anonymous_7)
FN:370,(anonymous_8)
FN:392,(anonymous_9)
FN:398,(anonymous_10)
FN:411,(anonymous_11)
FN:424,(anonymous_12)
FN:433,(anonymous_13)
FN:438,(anonymous_14)
FN:461,(anonymous_15)
FN:474,(anonymous_16)
FN:479,(anonymous_17)
FN:483,(anonymous_18)
FN:488,(anonymous_19)
FN:492,(anonymous_20)
FNF:21
FNH:13
FNDA:20,(anonymous_0)
FNDA:6,(anonymous_1)
FNDA:11,(anonymous_2)
FNDA:3,(anonymous_3)
FNDA:2,(anonymous_4)
FNDA:3,(anonymous_5)
FNDA:0,(anonymous_6)
FNDA:0,(anonymous_7)
FNDA:0,(anonymous_8)
FNDA:0,(anonymous_9)
FNDA:2,(anonymous_10)
FNDA:2,(anonymous_11)
FNDA:2,(anonymous_12)
FNDA:6,(anonymous_13)
FNDA:11,(anonymous_14)
FNDA:7,(anonymous_15)
FNDA:2,(anonymous_16)
FNDA:0,(anonymous_17)
FNDA:0,(anonymous_18)
FNDA:0,(anonymous_19)
FNDA:0,(anonymous_20)
DA:1,4
DA:2,4
DA:3,4
DA:37,4
DA:49,20
DA:50,20
DA:51,20
DA:52,20
DA:59,20
DA:63,6
DA:65,6
DA:66,0
DA:73,6
DA:74,1
DA:81,5
DA:82,5
DA:83,5
DA:84,1
DA:89,0
DA:90,0
DA:97,4
DA:98,3
DA:99,1
DA:106,2
DA:109,2
DA:116,2
DA:118,2
DA:123,1
DA:131,11
DA:133,11
DA:134,0
DA:141,11
DA:142,11
DA:143,1
DA:150,10
DA:151,9
DA:152,6
DA:153,6
DA:160,3
DA:161,3
DA:162,1
DA:163,1
DA:170,2
DA:173,2
DA:175,2
DA:180,1
DA:188,3
DA:189,3
DA:190,0
DA:196,3
DA:197,3
DA:198,1
DA:205,2
DA:207,1
DA:208,1
DA:214,1
DA:219,0
DA:227,2
DA:228,2
DA:229,0
DA:235,2
DA:237,1
DA:241,1
DA:249,3
DA:250,3
DA:251,0
DA:258,3
DA:259,3
DA:260,3
DA:261,3
DA:266,0
DA:267,0
DA:274,0
DA:275,0
DA:276,0
DA:283,0
DA:286,0
DA:288,0
DA:292,0
DA:300,0
DA:301,0
DA:302,0
DA:308,0
DA:309,0
DA:310,0
DA:316,0
DA:321,0
DA:329,0
DA:330,0
DA:331,0
DA:337,0
DA:338,0
DA:339,0
DA:346,0
DA:347,0
DA:348,0
DA:355,0
DA:356,0
DA:358,0
DA:363,0
DA:371,0
DA:372,0
DA:373,0
DA:379,0
DA:381,0
DA:385,0
DA:395,0
DA:399,2
DA:400,2
DA:402,2
DA:408,2
DA:413,2
DA:414,2
DA:419,2
DA:421,2
DA:425,2
DA:426,2
DA:427,2
DA:428,64
DA:430,2
DA:434,6
DA:435,6
DA:439,11
DA:440,11
DA:441,6
DA:444,5
DA:445,5
DA:446,5
DA:449,5
DA:450,0
DA:451,0
DA:454,5
DA:455,5
DA:462,7
DA:463,7
DA:464,4
DA:465,4
DA:467,3
DA:475,2
DA:480,0
DA:484,0
DA:489,0
DA:493,0
DA:494,0
LF:144
LH:92
BRDA:49,0,0,20
BRDA:49,0,1,0
BRDA:50,1,0,20
BRDA:50,1,1,0
BRDA:51,2,0,20
BRDA:51,2,1,20
BRDA:65,3,0,0
BRDA:65,4,0,6
BRDA:65,4,1,6
BRDA:65,4,2,6
BRDA:65,4,3,6
BRDA:73,5,0,1
BRDA:81,6,0,5
BRDA:81,6,1,0
BRDA:83,7,0,1
BRDA:86,8,0,1
BRDA:86,8,1,0
BRDA:89,9,0,0
BRDA:98,10,0,1
BRDA:133,11,0,0
BRDA:133,12,0,11
BRDA:133,12,1,11
BRDA:142,13,0,1
BRDA:151,14,0,6
BRDA:161,15,0,1
BRDA:189,16,0,0
BRDA:197,17,0,1
BRDA:205,18,0,1
BRDA:221,19,0,0
BRDA:221,19,1,0
BRDA:228,20,0,0
BRDA:250,21,0,0
BRDA:250,22,0,3
BRDA:250,22,1,3
BRDA:250,22,2,3
BRDA:258,23,0,3
BRDA:258,23,1,0
BRDA:260,24,0,3
BRDA:266,25,0,0
BRDA:275,26,0,0
BRDA:294,27,0,0
BRDA:294,27,1,0
BRDA:301,28,0,0
BRDA:309,29,0,0
BRDA:323,30,0,0
BRDA:323,30,1,0
BRDA:330,31,0,0
BRDA:338,32,0,0
BRDA:346,33,0,0
BRDA:365,34,0,0
BRDA:365,34,1,0
BRDA:372,35,0,0
BRDA:387,36,0,0
BRDA:387,36,1,0
BRDA:440,37,0,6
BRDA:449,38,0,0
BRDA:463,39,0,4
BRDA:463,39,1,3
BRDA:492,40,0,0
BRF:59
BRH:28
end_of_record
TN:
SF:src/lib/resume-reviewer/auth/password-validator.ts
FN:34,(anonymous_9)
FN:62,(anonymous_10)
FN:173,(anonymous_11)
FN:177,(anonymous_12)
FN:178,(anonymous_13)
FN:181,(anonymous_14)
FN:189,(anonymous_15)
FN:192,(anonymous_16)
FN:202,(anonymous_17)
FN:210,(anonymous_18)
FN:215,(anonymous_19)
FN:216,(anonymous_20)
FN:221,(anonymous_21)
FN:222,(anonymous_22)
FN:226,(anonymous_23)
FN:247,(anonymous_24)
FN:250,(anonymous_25)
FN:274,(anonymous_26)
FN:290,(anonymous_27)
FN:305,(anonymous_28)
FN:315,(anonymous_29)
FN:316,(anonymous_30)
FNF:22
FNH:22
FNDA:67,(anonymous_9)
FNDA:56,(anonymous_10)
FNDA:56,(anonymous_11)
FNDA:56,(anonymous_12)
FNDA:212,(anonymous_13)
FNDA:56,(anonymous_14)
FNDA:2352,(anonymous_15)
FNDA:56,(anonymous_16)
FNDA:56,(anonymous_17)
FNDA:4,(anonymous_18)
FNDA:11,(anonymous_19)
FNDA:11,(anonymous_20)
FNDA:7,(anonymous_21)
FNDA:7,(anonymous_22)
FNDA:2,(anonymous_23)
FNDA:77,(anonymous_24)
FNDA:1,(anonymous_25)
FNDA:2,(anonymous_26)
FNDA:2,(anonymous_27)
FNDA:4,(anonymous_28)
FNDA:4,(anonymous_29)
FNDA:56,(anonymous_30)
DA:29,7
DA:35,67
DA:47,67
DA:54,67
DA:63,56
DA:64,56
DA:67,56
DA:68,15
DA:70,41
DA:74,56
DA:75,56
DA:76,56
DA:77,56
DA:79,56
DA:80,32
DA:81,24
DA:82,24
DA:85,56
DA:86,6
DA:87,50
DA:88,50
DA:91,56
DA:92,13
DA:93,43
DA:94,43
DA:97,56
DA:98,20
DA:99,36
DA:100,36
DA:104,56
DA:105,56
DA:106,37
DA:108,19
DA:112,56
DA:113,56
DA:116,56
DA:117,13
DA:118,13
DA:121,56
DA:122,8
DA:123,8
DA:126,56
DA:127,10
DA:128,10
DA:131,56
DA:132,8
DA:133,8
DA:137,56
DA:138,56
DA:139,53
DA:143,56
DA:144,17
DA:148,56
DA:149,43
DA:153,56
DA:154,41
DA:158,56
DA:159,50
DA:162,56
DA:163,56
DA:165,56
DA:174,56
DA:178,212
DA:182,56
DA:183,56
DA:184,56
DA:186,56
DA:187,56
DA:189,2352
DA:193,56
DA:194,56
DA:195,569
DA:198,56
DA:199,56
DA:203,56
DA:204,31
DA:205,23
DA:206,17
DA:207,0
DA:211,4
DA:212,4
DA:216,22
DA:217,11
DA:218,11
DA:222,14
DA:223,7
DA:227,2
DA:228,2
DA:229,2
DA:230,2
DA:232,2
DA:233,2
DA:236,2
DA:237,2
DA:238,2
DA:239,2
DA:242,2
DA:243,20
DA:247,77
DA:258,1
DA:260,1
DA:261,1
DA:262,1
DA:263,1
DA:264,1
DA:266,1
DA:267,1
DA:268,14
DA:271,1
DA:275,2
DA:277,2
DA:278,4
DA:279,1
DA:280,1
DA:284,2
DA:291,2
DA:292,2
DA:293,2
DA:295,2
DA:296,1
DA:299,2
DA:306,4
DA:307,4
DA:309,4
DA:311,4
DA:312,4
DA:316,56
DA:318,62
DA:319,56
DA:321,4
DA:322,52
DA:323,754
DA:324,754
DA:332,4
LF:134
LH:133
BRDA:67,0,0,15
BRDA:67,0,1,41
BRDA:79,1,0,32
BRDA:79,1,1,24
BRDA:79,2,0,56
BRDA:79,2,1,56
BRDA:81,3,0,24
BRDA:85,4,0,6
BRDA:85,4,1,50
BRDA:85,5,0,56
BRDA:85,5,1,56
BRDA:87,6,0,50
BRDA:91,7,0,13
BRDA:91,7,1,43
BRDA:91,8,0,56
BRDA:91,8,1,56
BRDA:93,9,0,43
BRDA:97,10,0,20
BRDA:97,10,1,36
BRDA:97,11,0,56
BRDA:97,11,1,56
BRDA:99,12,0,36
BRDA:105,13,0,37
BRDA:105,13,1,19
BRDA:112,14,0,23
BRDA:113,15,0,6
BRDA:116,16,0,13
BRDA:121,17,0,8
BRDA:126,18,0,10
BRDA:131,19,0,8
BRDA:138,20,0,53
BRDA:143,21,0,17
BRDA:143,22,0,56
BRDA:143,22,1,27
BRDA:143,22,2,20
BRDA:143,22,3,19
BRDA:143,22,4,18
BRDA:148,23,0,43
BRDA:153,24,0,41
BRDA:158,25,0,50
BRDA:163,26,0,56
BRDA:163,26,1,17
BRDA:195,27,0,569
BRDA:195,27,1,499
BRDA:203,28,0,25
BRDA:204,29,0,8
BRDA:205,30,0,6
BRDA:206,31,0,17
BRDA:226,32,0,1
BRDA:252,33,0,0
BRDA:253,34,0,0
BRDA:254,35,0,0
BRDA:255,36,0,0
BRDA:256,37,0,0
BRDA:257,38,0,0
BRDA:261,39,0,1
BRDA:261,40,0,1
BRDA:261,40,1,0
BRDA:262,41,0,1
BRDA:262,42,0,1
BRDA:262,42,1,0
BRDA:263,43,0,1
BRDA:263,44,0,1
BRDA:263,44,1,0
BRDA:264,45,0,1
BRDA:278,46,0,1
BRDA:290,47,0,0
BRDA:295,48,0,1
BRDA:306,49,0,3
BRDA:306,49,1,1
BRDA:307,50,0,3
BRDA:307,50,1,1
BRDA:309,51,0,0
BRDA:323,52,0,59
BRDA:323,52,1,695
BRF:75
BRH:64
end_of_record
TN:
SF:src/lib/resume-reviewer/controllers/auth-controller.ts
FN:19,(anonymous_0)
FN:33,(anonymous_1)
FN:81,(anonymous_2)
FN:135,(anonymous_3)
FN:175,(anonymous_4)
FN:236,(anonymous_5)
FN:304,(anonymous_6)
FN:351,(anonymous_7)
FN:401,(anonymous_8)
FN:414,(anonymous_9)
FN:428,(anonymous_10)
FN:432,(anonymous_11)
FN:437,(anonymous_12)
FNF:13
FNH:8
FNDA:19,(anonymous_0)
FNDA:4,(anonymous_1)
FNDA:5,(anonymous_2)
FNDA:3,(anonymous_3)
FNDA:4,(anonymous_4)
FNDA:2,(anonymous_5)
FNDA:0,(anonymous_6)
FNDA:0,(anonymous_7)
FNDA:2,(anonymous_8)
FNDA:1,(anonymous_9)
FNDA:0,(anonymous_10)
FNDA:0,(anonymous_11)
FNDA:0,(anonymous_12)
DA:1,2
DA:2,2
DA:3,2
DA:14,2
DA:20,19
DA:21,19
DA:22,19
DA:34,4
DA:35,4
DA:36,4
DA:39,4
DA:40,0
DA:46,4
DA:53,3
DA:54,2
DA:55,2
DA:61,1
DA:74,1
DA:82,5
DA:83,5
DA:84,5
DA:87,5
DA:88,0
DA:94,5
DA:96,4
DA:97,2
DA:99,2
DA:106,2
DA:108,2
DA:128,1
DA:136,3
DA:137,3
DA:138,3
DA:139,1
DA:145,2
DA:146,2
DA:148,1
DA:149,0
DA:156,1
DA:158,1
DA:168,1
DA:176,4
DA:178,4
DA:179,1
DA:180,1
DA:181,0
DA:188,4
DA:189,4
DA:190,0
DA:196,4
DA:199,4
DA:200,4
DA:201,1
DA:208,2
DA:209,2
DA:210,0
DA:216,1
DA:229,2
DA:237,2
DA:239,2
DA:240,0
DA:241,0
DA:242,0
DA:249,2
DA:250,2
DA:251,0
DA:257,2
DA:260,2
DA:261,2
DA:262,0
DA:268,2
DA:269,2
DA:272,2
DA:273,0
DA:279,2
DA:284,2
DA:285,1
DA:286,1
DA:292,1
DA:297,0
DA:305,0
DA:306,0
DA:307,0
DA:308,0
DA:314,0
DA:315,0
DA:317,0
DA:318,0
DA:325,0
DA:327,0
DA:344,0
DA:352,0
DA:353,0
DA:354,0
DA:355,0
DA:361,0
DA:364,0
DA:365,0
DA:366,0
DA:372,0
DA:374,0
DA:375,0
DA:382,0
DA:384,0
DA:394,0
DA:402,2
DA:411,2
DA:415,1
DA:424,1
DA:429,0
DA:433,0
DA:438,0
DA:440,0
DA:442,0
DA:454,0
LF:115
LH:71
BRDA:20,0,0,19
BRDA:20,0,1,0
BRDA:21,1,0,19
BRDA:21,1,1,19
BRDA:39,2,0,0
BRDA:39,3,0,4
BRDA:39,3,1,4
BRDA:39,3,2,4
BRDA:39,3,3,4
BRDA:53,4,0,2
BRDA:54,5,0,1
BRDA:54,5,1,1
BRDA:87,6,0,0
BRDA:87,7,0,5
BRDA:87,7,1,5
BRDA:96,8,0,2
BRDA:97,9,0,1
BRDA:97,9,1,1
BRDA:98,10,0,1
BRDA:98,10,1,0
BRDA:138,11,0,1
BRDA:138,12,0,3
BRDA:138,12,1,2
BRDA:148,13,0,0
BRDA:178,14,0,1
BRDA:180,15,0,0
BRDA:189,16,0,0
BRDA:189,17,0,4
BRDA:189,17,1,4
BRDA:200,18,0,1
BRDA:209,19,0,0
BRDA:239,20,0,0
BRDA:241,21,0,0
BRDA:250,22,0,0
BRDA:250,23,0,2
BRDA:250,23,1,2
BRDA:261,24,0,0
BRDA:272,25,0,0
BRDA:272,26,0,2
BRDA:272,26,1,2
BRDA:284,27,0,1
BRDA:285,28,0,1
BRDA:285,28,1,0
BRDA:307,29,0,0
BRDA:307,30,0,0
BRDA:307,30,1,0
BRDA:317,31,0,0
BRDA:354,32,0,0
BRDA:354,33,0,0
BRDA:354,33,1,0
BRDA:365,34,0,0
BRDA:374,35,0,0
BRDA:406,36,0,2
BRDA:406,36,1,0
BRDA:407,37,0,2
BRDA:407,37,1,0
BRDA:419,38,0,1
BRDA:419,38,1,0
BRDA:420,39,0,1
BRDA:420,39,1,0
BRDA:458,40,0,0
BRDA:458,40,1,0
BRF:62
BRH:33
end_of_record
TN:
SF:src/lib/resume-reviewer/controllers/delete-controller.ts
FN:5,(anonymous_0)
FN:123,(anonymous_1)
FNF:2
FNH:2
FNDA:20,(anonymous_0)
FNDA:17,(anonymous_1)
DA:1,2
DA:2,2
DA:4,2
DA:6,20
DA:8,20
DA:9,20
DA:10,20
DA:13,20
DA:14,3
DA:24,17
DA:25,6
DA:36,11
DA:37,9
DA:39,8
DA:40,3
DA:51,5
DA:52,5
DA:55,5
DA:56,2
DA:57,2
DA:59,1
DA:60,1
DA:72,4
DA:73,4
DA:75,1
DA:76,1
DA:86,3
DA:90,3
DA:97,3
DA:99,3
DA:100,3
DA:101,1
DA:112,2
DA:125,17
DA:126,17
DA:129,17
DA:130,1
DA:134,16
DA:135,1
DA:139,15
DA:140,1
DA:144,14
DA:145,2
DA:148,12
LF:44
LH:44
BRDA:13,0,0,3
BRDA:13,1,0,20
BRDA:13,1,1,17
BRDA:24,2,0,6
BRDA:39,3,0,3
BRDA:55,4,0,2
BRDA:86,5,0,1
BRDA:86,5,1,2
BRDA:99,6,0,3
BRDA:100,7,0,1
BRDA:129,8,0,1
BRDA:129,9,0,17
BRDA:129,9,1,17
BRDA:129,9,2,16
BRDA:129,9,3,16
BRDA:134,10,0,1
BRDA:134,11,0,16
BRDA:134,11,1,16
BRDA:139,12,0,1
BRDA:144,13,0,2
BRDA:144,14,0,14
BRDA:144,14,1,12
BRDA:148,15,0,12
BRDA:148,15,1,12
BRF:24
BRH:24
end_of_record
TN:
SF:src/lib/resume-reviewer/controllers/feedback-controller.ts
FN:8,(anonymous_0)
FN:12,(anonymous_1)
FN:141,(anonymous_2)
FN:169,(anonymous_3)
FNF:4
FNH:4
FNDA:12,(anonymous_0)
FNDA:19,(anonymous_1)
FNDA:18,(anonymous_2)
FNDA:32,(anonymous_3)
DA:1,2
DA:2,2
DA:3,2
DA:5,2
DA:9,12
DA:13,19
DA:15,19
DA:16,19
DA:17,19
DA:20,19
DA:21,1
DA:31,18
DA:32,4
DA:43,14
DA:44,12
DA:46,11
DA:47,1
DA:58,10
DA:59,1
DA:71,9
DA:72,9
DA:74,8
DA:75,0
DA:86,8
DA:97,8
DA:104,4
DA:106,4
DA:107,4
DA:108,1
DA:118,3
DA:119,1
DA:130,2
DA:143,18
DA:144,18
DA:147,18
DA:148,0
DA:152,18
DA:153,1
DA:157,17
DA:158,1
DA:162,16
DA:163,2
DA:166,14
DA:170,32
DA:172,32
DA:173,32
DA:176,28
LF:47
LH:45
BRDA:9,0,0,12
BRDA:9,0,1,0
BRDA:20,1,0,1
BRDA:20,2,0,19
BRDA:20,2,1,18
BRDA:31,3,0,4
BRDA:46,4,0,1
BRDA:58,5,0,1
BRDA:74,6,0,0
BRDA:88,7,0,8
BRDA:88,7,1,0
BRDA:89,8,0,8
BRDA:89,8,1,0
BRDA:90,9,0,8
BRDA:90,9,1,0
BRDA:106,10,0,4
BRDA:107,11,0,1
BRDA:118,12,0,1
BRDA:147,13,0,0
BRDA:147,14,0,18
BRDA:147,14,1,18
BRDA:147,14,2,18
BRDA:147,14,3,18
BRDA:152,15,0,1
BRDA:152,16,0,18
BRDA:152,16,1,18
BRDA:157,17,0,1
BRDA:162,18,0,2
BRDA:162,19,0,16
BRDA:162,19,1,14
BRDA:166,20,0,14
BRDA:166,20,1,14
BRDA:170,21,0,0
BRF:33
BRH:26
end_of_record
TN:
SF:src/lib/resume-reviewer/controllers/health-controller.ts
FN:5,(anonymous_0)
FN:132,(anonymous_1)
FN:140,(anonymous_2)
FN:146,(anonymous_3)
FNF:4
FNH:4
FNDA:18,(anonymous_0)
FNDA:21,(anonymous_1)
FNDA:21,(anonymous_2)
FNDA:21,(anonymous_3)
DA:1,2
DA:2,2
DA:4,2
DA:6,18
DA:9,18
DA:10,18
DA:11,18
DA:13,18
DA:15,18
DA:16,18
DA:17,18
DA:18,18
DA:21,18
DA:22,18
DA:24,18
DA:25,16
DA:31,15
DA:32,3
DA:35,6
DA:39,18
DA:40,2
DA:41,16
DA:42,1
DA:46,18
DA:47,1
DA:48,17
DA:49,1
DA:53,18
DA:54,18
DA:55,7
DA:56,11
DA:57,2
DA:61,18
DA:62,18
DA:63,18
DA:64,18
DA:67,18
DA:68,16
DA:78,15
DA:95,15
DA:96,4
DA:97,11
DA:98,2
DA:100,9
DA:104,3
DA:106,3
DA:107,3
DA:108,3
DA:109,3
DA:111,3
DA:128,3
DA:133,21
DA:134,21
DA:135,21
DA:137,0
DA:143,21
DA:147,21
DA:148,21
DA:149,21
DA:152,0
LF:60
LH:58
BRDA:31,0,0,3
BRDA:31,1,0,15
BRDA:31,1,1,13
BRDA:39,2,0,2
BRDA:39,2,1,16
BRDA:41,3,0,1
BRDA:46,4,0,1
BRDA:46,4,1,17
BRDA:48,5,0,1
BRDA:54,6,0,7
BRDA:54,6,1,11
BRDA:54,7,0,18
BRDA:54,7,1,12
BRDA:54,7,2,12
BRDA:56,8,0,2
BRDA:56,9,0,11
BRDA:56,9,1,9
BRDA:95,10,0,4
BRDA:95,10,1,11
BRDA:97,11,0,2
BRDA:97,11,1,9
BRDA:125,12,0,3
BRDA:125,12,1,0
BRDA:133,13,0,21
BRDA:133,14,0,21
BRDA:133,14,1,21
BRDA:147,15,0,21
BRDA:147,16,0,21
BRDA:147,16,1,21
BRDA:149,17,0,21
BRDA:149,17,1,0
BRF:31
BRH:29
end_of_record
TN:
SF:src/lib/resume-reviewer/controllers/upload-controller.ts
FN:12,(anonymous_0)
FN:22,(anonymous_1)
FN:201,(anonymous_2)
FN:224,(anonymous_3)
FN:228,(anonymous_4)
FNF:5
FNH:5
FNDA:14,(anonymous_0)
FNDA:16,(anonymous_1)
FNDA:12,(anonymous_2)
FNDA:11,(anonymous_3)
FNDA:10,(anonymous_4)
DA:1,2
DA:2,2
DA:3,2
DA:4,2
DA:5,2
DA:7,2
DA:17,14
DA:18,14
DA:19,14
DA:23,16
DA:24,16
DA:25,14
DA:26,14
DA:29,14
DA:30,1
DA:41,13
DA:42,1
DA:53,12
DA:54,1
DA:65,11
DA:66,1
DA:77,10
DA:78,1
DA:89,9
DA:92,9
DA:93,9
DA:94,1
DA:106,8
DA:109,7
DA:112,6
DA:113,6
DA:121,5
DA:122,5
DA:134,5
DA:142,5
DA:144,5
DA:145,5
DA:146,0
DA:156,5
DA:157,1
DA:167,4
DA:168,1
DA:178,3
DA:179,1
DA:190,2
DA:203,12
DA:204,12
DA:207,12
DA:208,0
DA:212,12
DA:213,0
DA:217,12
DA:218,1
DA:221,11
DA:225,11
DA:229,10
DA:230,10
LF:57
LH:54
BRDA:17,0,0,14
BRDA:17,0,1,0
BRDA:18,1,0,14
BRDA:18,1,1,0
BRDA:19,2,0,14
BRDA:19,2,1,0
BRDA:29,3,0,1
BRDA:41,4,0,1
BRDA:53,5,0,1
BRDA:65,6,0,1
BRDA:77,7,0,1
BRDA:93,8,0,1
BRDA:144,9,0,5
BRDA:145,10,0,0
BRDA:156,11,0,1
BRDA:167,12,0,1
BRDA:178,13,0,1
BRDA:207,14,0,0
BRDA:207,15,0,12
BRDA:207,15,1,12
BRDA:212,16,0,0
BRDA:217,17,0,1
BRDA:221,18,0,11
BRDA:221,18,1,11
BRDA:225,19,0,11
BRDA:225,19,1,1
BRF:26
BRH:20
end_of_record
TN:
SF:src/lib/resume-reviewer/middleware/auth-middleware.ts
FN:26,(anonymous_0)
FN:39,(anonymous_1)
FN:111,(anonymous_2)
FN:136,(anonymous_3)
FN:154,(anonymous_4)
FN:204,(anonymous_5)
FN:252,(anonymous_6)
FN:292,(anonymous_7)
FN:303,(anonymous_8)
FN:309,(anonymous_9)
FN:322,(anonymous_10)
FN:326,(anonymous_11)
FN:331,(anonymous_12)
FN:335,(anonymous_13)
FN:343,(anonymous_14)
FN:354,(anonymous_15)
FNF:16
FNH:5
FNDA:37,(anonymous_0)
FNDA:22,(anonymous_1)
FNDA:3,(anonymous_2)
FNDA:0,(anonymous_3)
FNDA:2,(anonymous_4)
FNDA:0,(anonymous_5)
FNDA:0,(anonymous_6)
FNDA:6,(anonymous_7)
FNDA:0,(anonymous_8)
FNDA:0,(anonymous_9)
FNDA:0,(anonymous_10)
FNDA:0,(anonymous_11)
FNDA:0,(anonymous_12)
FNDA:0,(anonymous_13)
FNDA:0,(anonymous_14)
FNDA:0,(anonymous_15)
DA:1,3
DA:2,3
DA:21,3
DA:27,37
DA:28,37
DA:36,37
DA:40,22
DA:42,22
DA:43,22
DA:44,1
DA:51,21
DA:52,1
DA:58,20
DA:59,20
DA:60,0
DA:67,20
DA:68,19
DA:69,2
DA:76,6
DA:77,0
DA:78,0
DA:79,0
DA:85,0
DA:86,0
DA:87,0
DA:95,6
DA:97,6
DA:104,12
DA:112,3
DA:114,3
DA:115,3
DA:116,0
DA:120,3
DA:121,0
DA:125,3
DA:126,3
DA:127,0
DA:135,0
DA:136,0
DA:138,0
DA:139,0
DA:145,0
DA:147,3
DA:155,2
DA:156,2
DA:159,2
DA:160,1
DA:161,0
DA:167,1
DA:175,1
DA:182,1
DA:183,1
DA:189,0
DA:197,0
DA:205,0
DA:206,0
DA:207,0
DA:210,0
DA:211,0
DA:212,0
DA:215,0
DA:216,0
DA:217,0
DA:222,0
DA:223,0
DA:225,0
DA:229,0
DA:232,0
DA:233,0
DA:240,0
DA:241,0
DA:243,0
DA:245,0
DA:253,0
DA:255,0
DA:256,0
DA:257,0
DA:261,0
DA:262,0
DA:263,0
DA:267,0
DA:268,0
DA:269,0
DA:273,0
DA:278,0
DA:285,0
DA:293,6
DA:306,0
DA:311,0
DA:312,0
DA:313,0
DA:316,0
DA:318,0
DA:323,0
DA:327,0
DA:332,0
DA:336,0
DA:344,0
DA:345,0
DA:347,0
DA:348,0
DA:349,0
DA:355,0
DA:356,0
DA:358,0
DA:359,0
DA:360,0
DA:361,0
DA:365,0
LF:109
LH:37
BRDA:27,0,0,37
BRDA:27,0,1,0
BRDA:43,1,0,1
BRDA:51,2,0,1
BRDA:59,3,0,0
BRDA:68,4,0,2
BRDA:71,5,0,2
BRDA:71,5,1,0
BRDA:76,6,0,0
BRDA:78,7,0,0
BRDA:86,8,0,0
BRDA:106,9,0,12
BRDA:106,9,1,0
BRDA:111,10,0,0
BRDA:115,11,0,0
BRDA:120,12,0,0
BRDA:126,13,0,0
BRDA:126,14,0,3
BRDA:126,14,1,0
BRDA:138,15,0,0
BRDA:149,16,0,3
BRDA:149,16,1,0
BRDA:159,17,0,1
BRDA:160,18,0,0
BRDA:160,19,0,1
BRDA:160,19,1,1
BRDA:182,20,0,1
BRDA:182,21,0,1
BRDA:182,21,1,1
BRDA:191,22,0,0
BRDA:191,22,1,0
BRDA:199,23,0,0
BRDA:199,23,1,0
BRDA:206,24,0,0
BRDA:216,25,0,0
BRDA:223,26,0,0
BRDA:223,27,0,0
BRDA:223,27,1,0
BRDA:232,28,0,0
BRDA:247,29,0,0
BRDA:247,29,1,0
BRDA:252,30,0,0
BRDA:256,31,0,0
BRDA:262,32,0,0
BRDA:268,33,0,0
BRDA:287,34,0,0
BRDA:287,34,1,0
BRDA:313,35,0,0
BRDA:313,35,1,0
BRDA:313,35,2,0
BRDA:316,36,0,0
BRDA:316,36,1,0
BRDA:331,37,0,0
BRDA:331,38,0,0
BRDA:335,39,0,0
BRDA:335,40,0,0
BRDA:348,41,0,0
BRDA:360,42,0,0
BRF:58
BRH:14
end_of_record
TN:
SF:src/lib/resume-reviewer/models/index.ts
FN:52,(anonymous_0)
FN:68,(anonymous_1)
FN:70,(anonymous_2)
FN:91,(anonymous_3)
FN:98,(anonymous_4)
FN:106,(anonymous_5)
FN:110,(anonymous_6)
FN:119,(anonymous_7)
FN:125,(anonymous_8)
FN:138,(anonymous_9)
FN:146,(anonymous_10)
FN:150,(anonymous_11)
FN:157,(anonymous_12)
FN:164,(anonymous_13)
FN:170,(anonymous_14)
FN:176,(anonymous_15)
FN:180,(anonymous_16)
FN:184,(anonymous_17)
FN:191,(anonymous_18)
FN:193,(anonymous_19)
FN:207,(anonymous_20)
FN:214,(anonymous_21)
FN:231,(anonymous_22)
FN:245,(anonymous_23)
FN:254,(anonymous_24)
FN:260,(anonymous_25)
FN:282,(anonymous_26)
FN:286,(anonymous_27)
FN:295,(anonymous_28)
FN:301,(anonymous_29)
FN:306,(anonymous_30)
FN:313,(anonymous_31)
FN:325,(anonymous_32)
FN:337,(anonymous_33)
FN:345,(anonymous_34)
FN:353,(anonymous_35)
FN:361,(anonymous_36)
FN:373,(anonymous_37)
FN:375,(anonymous_38)
FN:383,(anonymous_39)
FN:390,(anonymous_40)
FN:397,(anonymous_41)
FN:403,(anonymous_42)
FN:416,(anonymous_43)
FN:422,(anonymous_44)
FN:431,(anonymous_45)
FN:436,(anonymous_46)
FN:444,(anonymous_47)
FN:451,(anonymous_48)
FN:459,(anonymous_49)
FN:475,(anonymous_50)
FN:477,(anonymous_51)
FN:487,(anonymous_52)
FN:493,(anonymous_53)
FN:501,(anonymous_54)
FN:507,(anonymous_55)
FN:513,(anonymous_56)
FN:519,(anonymous_57)
FN:525,(anonymous_58)
FN:538,(anonymous_59)
FN:544,(anonymous_60)
FN:548,(anonymous_61)
FN:555,(anonymous_62)
FN:560,(anonymous_63)
FN:565,(anonymous_64)
FN:573,(anonymous_65)
FN:587,(anonymous_66)
FN:598,(anonymous_67)
FN:609,(anonymous_68)
FN:613,(anonymous_69)
FN:617,(anonymous_70)
FN:621,(anonymous_71)
FN:625,(anonymous_72)
FN:629,(anonymous_73)
FN:633,(anonymous_74)
FN:637,(anonymous_75)
FN:641,(anonymous_76)
FN:645,(anonymous_77)
FN:649,(anonymous_78)
FN:653,(anonymous_79)
FNF:80
FNH:1
FNDA:0,(anonymous_0)
FNDA:0,(anonymous_1)
FNDA:0,(anonymous_2)
FNDA:0,(anonymous_3)
FNDA:0,(anonymous_4)
FNDA:0,(anonymous_5)
FNDA:0,(anonymous_6)
FNDA:0,(anonymous_7)
FNDA:0,(anonymous_8)
FNDA:0,(anonymous_9)
FNDA:0,(anonymous_10)
FNDA:0,(anonymous_11)
FNDA:0,(anonymous_12)
FNDA:0,(anonymous_13)
FNDA:0,(anonymous_14)
FNDA:0,(anonymous_15)
FNDA:0,(anonymous_16)
FNDA:0,(anonymous_17)
FNDA:0,(anonymous_18)
FNDA:0,(anonymous_19)
FNDA:0,(anonymous_20)
FNDA:0,(anonymous_21)
FNDA:0,(anonymous_22)
FNDA:0,(anonymous_23)
FNDA:0,(anonymous_24)
FNDA:0,(anonymous_25)
FNDA:0,(anonymous_26)
FNDA:0,(anonymous_27)
FNDA:0,(anonymous_28)
FNDA:0,(anonymous_29)
FNDA:0,(anonymous_30)
FNDA:0,(anonymous_31)
FNDA:0,(anonymous_32)
FNDA:0,(anonymous_33)
FNDA:0,(anonymous_34)
FNDA:0,(anonymous_35)
FNDA:0,(anonymous_36)
FNDA:0,(anonymous_37)
FNDA:0,(anonymous_38)
FNDA:0,(anonymous_39)
FNDA:0,(anonymous_40)
FNDA:0,(anonymous_41)
FNDA:0,(anonymous_42)
FNDA:0,(anonymous_43)
FNDA:0,(anonymous_44)
FNDA:0,(anonymous_45)
FNDA:0,(anonymous_46)
FNDA:0,(anonymous_47)
FNDA:0,(anonymous_48)
FNDA:0,(anonymous_49)
FNDA:0,(anonymous_50)
FNDA:0,(anonymous_51)
FNDA:0,(anonymous_52)
FNDA:0,(anonymous_53)
FNDA:0,(anonymous_54)
FNDA:0,(anonymous_55)
FNDA:0,(anonymous_56)
FNDA:0,(anonymous_57)
FNDA:0,(anonymous_58)
FNDA:0,(anonymous_59)
FNDA:0,(anonymous_60)
FNDA:0,(anonymous_61)
FNDA:0,(anonymous_62)
FNDA:0,(anonymous_63)
FNDA:0,(anonymous_64)
FNDA:0,(anonymous_65)
FNDA:0,(anonymous_66)
FNDA:0,(anonymous_67)
FNDA:5,(anonymous_68)
FNDA:0,(anonymous_69)
FNDA:0,(anonymous_70)
FNDA:0,(anonymous_71)
FNDA:0,(anonymous_72)
FNDA:0,(anonymous_73)
FNDA:0,(anonymous_74)
FNDA:0,(anonymous_75)
FNDA:0,(anonymous_76)
FNDA:0,(anonymous_77)
FNDA:0,(anonymous_78)
FNDA:0,(anonymous_79)
DA:1,5
DA:2,5
DA:5,5
DA:13,5
DA:22,5
DA:34,5
DA:45,5
DA:49,5
DA:52,0
DA:67,5
DA:68,0
DA:71,0
DA:74,0
DA:75,0
DA:78,0
DA:80,0
DA:86,0
DA:92,0
DA:99,0
DA:107,0
DA:110,0
DA:112,0
DA:120,0
DA:126,0
DA:127,0
DA:128,0
DA:130,0
DA:139,0
DA:147,0
DA:151,0
DA:158,0
DA:165,0
DA:171,0
DA:177,0
DA:181,0
DA:185,0
DA:190,5
DA:191,0
DA:194,0
DA:195,0
DA:208,0
DA:215,0
DA:220,0
DA:222,0
DA:232,0
DA:236,0
DA:238,0
DA:242,0
DA:246,0
DA:247,0
DA:255,0
DA:261,0
DA:262,0
DA:263,0
DA:265,0
DA:266,0
DA:267,0
DA:269,0
DA:270,0
DA:273,0
DA:283,0
DA:287,0
DA:292,0
DA:296,0
DA:300,0
DA:301,0
DA:302,0
DA:303,0
DA:306,0
DA:314,0
DA:326,0
DA:338,0
DA:339,0
DA:341,0
DA:346,0
DA:347,0
DA:349,0
DA:354,0
DA:355,0
DA:357,0
DA:362,0
DA:363,0
DA:364,0
DA:366,0
DA:372,5
DA:373,0
DA:376,0
DA:377,0
DA:384,0
DA:391,0
DA:398,0
DA:404,0
DA:405,0
DA:406,0
DA:408,0
DA:417,0
DA:418,0
DA:422,0
DA:424,0
DA:432,0
DA:437,0
DA:438,0
DA:439,0
DA:441,0
DA:445,0
DA:448,0
DA:452,0
DA:460,0
DA:474,5
DA:475,0
DA:478,0
DA:479,0
DA:488,0
DA:494,0
DA:502,0
DA:507,0
DA:514,0
DA:519,0
DA:526,0
DA:527,0
DA:529,0
DA:539,0
DA:545,0
DA:549,0
DA:556,0
DA:557,0
DA:561,0
DA:562,0
DA:566,0
DA:567,0
DA:569,0
DA:574,0
DA:575,0
DA:577,0
DA:588,0
DA:598,0
DA:606,5
DA:610,5
DA:614,0
DA:618,0
DA:622,0
DA:626,0
DA:630,0
DA:634,0
DA:638,0
DA:642,0
DA:646,0
DA:650,0
DA:654,0
DA:659,5
DA:660,5
LF:151
LH:16
BRDA:74,0,0,0
BRDA:78,1,0,0
BRDA:126,2,0,0
BRDA:126,2,1,0
BRDA:127,3,0,0
BRDA:127,3,1,0
BRDA:201,4,0,0
BRDA:201,4,1,0
BRDA:220,5,0,0
BRDA:227,6,0,0
BRDA:227,6,1,0
BRDA:236,7,0,0
BRDA:261,8,0,0
BRDA:261,8,1,0
BRDA:262,9,0,0
BRDA:262,9,1,0
BRDA:266,10,0,0
BRDA:269,11,0,0
BRDA:292,12,0,0
BRDA:292,12,1,0
BRDA:303,13,0,0
BRDA:303,13,1,0
BRDA:313,14,0,0
BRDA:325,15,0,0
BRDA:362,16,0,0
BRDA:404,17,0,0
BRDA:404,17,1,0
BRDA:405,18,0,0
BRDA:405,18,1,0
BRDA:417,19,0,0
BRDA:438,20,0,0
BRDA:451,21,0,0
BRDA:493,22,0,0
BRDA:493,23,0,0
BRDA:513,24,0,0
BRDA:525,25,0,0
BRDA:557,26,0,0
BRDA:557,26,1,0
BRDA:562,27,0,0
BRDA:562,27,1,0
BRDA:573,28,0,0
BRDA:610,29,0,5
BRDA:610,29,1,5
BRDA:614,30,0,0
BRDA:614,30,1,0
BRDA:618,31,0,0
BRDA:618,31,1,0
BRDA:622,32,0,0
BRDA:622,32,1,0
BRDA:626,33,0,0
BRDA:626,33,1,0
BRF:51
BRH:2
end_of_record
TN:
SF:src/lib/resume-reviewer/models/session-model.ts
FN:31,(anonymous_0)
FN:35,(anonymous_1)
FN:72,(anonymous_2)
FN:84,(anonymous_3)
FN:96,(anonymous_4)
FN:118,(anonymous_5)
FN:121,(anonymous_6)
FN:146,(anonymous_7)
FN:149,(anonymous_8)
FN:162,(anonymous_9)
FN:173,(anonymous_10)
FN:185,(anonymous_11)
FN:197,(anonymous_12)
FN:209,(anonymous_13)
FN:219,(anonymous_14)
FN:233,(anonymous_15)
FN:246,(anonymous_16)
FN:256,(anonymous_17)
FN:265,(anonymous_18)
FN:278,(anonymous_19)
FN:289,(anonymous_20)
FN:292,(anonymous_21)
FN:300,(anonymous_22)
FN:303,(anonymous_23)
FN:319,(anonymous_24)
FN:331,(anonymous_25)
FN:335,(anonymous_26)
FN:353,(anonymous_27)
FN:356,(anonymous_28)
FN:359,(anonymous_29)
FN:370,(anonymous_30)
FNF:31
FNH:20
FNDA:22,(anonymous_0)
FNDA:4,(anonymous_1)
FNDA:0,(anonymous_2)
FNDA:8,(anonymous_3)
FNDA:1,(anonymous_4)
FNDA:2,(anonymous_5)
FNDA:1,(anonymous_6)
FNDA:1,(anonymous_7)
FNDA:3,(anonymous_8)
FNDA:1,(anonymous_9)
FNDA:2,(anonymous_10)
FNDA:1,(anonymous_11)
FNDA:1,(anonymous_12)
FNDA:1,(anonymous_13)
FNDA:1,(anonymous_14)
FNDA:3,(anonymous_15)
FNDA:2,(anonymous_16)
FNDA:1,(anonymous_17)
FNDA:0,(anonymous_18)
FNDA:0,(anonymous_19)
FNDA:0,(anonymous_20)
FNDA:0,(anonymous_21)
FNDA:0,(anonymous_22)
FNDA:0,(anonymous_23)
FNDA:0,(anonymous_24)
FNDA:0,(anonymous_25)
FNDA:0,(anonymous_26)
FNDA:3,(anonymous_27)
FNDA:9,(anonymous_28)
FNDA:12,(anonymous_29)
FNDA:0,(anonymous_30)
DA:1,5
DA:28,5
DA:32,22
DA:37,4
DA:38,1
DA:40,3
DA:41,0
DA:43,3
DA:44,0
DA:48,3
DA:50,0
DA:51,0
DA:56,3
DA:57,3
DA:58,0
DA:61,3
DA:69,2
DA:73,0
DA:74,0
DA:77,0
DA:81,0
DA:85,8
DA:86,0
DA:89,8
DA:93,8
DA:97,1
DA:98,0
DA:106,1
DA:108,1
DA:109,1
DA:111,1
DA:118,2
DA:122,1
DA:123,0
DA:131,1
DA:133,1
DA:134,1
DA:136,1
DA:146,1
DA:150,3
DA:151,0
DA:154,3
DA:159,2
DA:163,1
DA:164,0
DA:166,1
DA:167,0
DA:170,1
DA:174,2
DA:175,0
DA:178,2
DA:182,1
DA:186,1
DA:187,0
DA:190,1
DA:194,1
DA:198,1
DA:199,0
DA:202,1
DA:206,1
DA:210,1
DA:216,1
DA:220,1
DA:221,0
DA:224,1
DA:230,1
DA:234,3
DA:235,0
DA:238,3
DA:239,3
DA:240,1
DA:243,2
DA:247,2
DA:248,0
DA:251,2
DA:257,1
DA:258,0
DA:261,1
DA:262,1
DA:266,0
DA:267,0
DA:270,0
DA:279,0
DA:289,0
DA:293,0
DA:300,0
DA:304,0
DA:305,0
DA:307,0
DA:308,0
DA:311,0
DA:312,0
DA:313,0
DA:316,0
DA:320,0
DA:321,0
DA:324,0
DA:328,0
DA:332,0
DA:340,0
DA:350,0
DA:355,3
DA:356,9
DA:360,12
DA:371,0
LF:105
LH:60
BRDA:32,0,0,22
BRDA:32,0,1,0
BRDA:37,1,0,1
BRDA:40,2,0,0
BRDA:43,3,0,0
BRDA:48,4,0,0
BRDA:50,5,0,0
BRDA:57,6,0,0
BRDA:73,7,0,0
BRDA:81,8,0,0
BRDA:81,8,1,0
BRDA:85,9,0,0
BRDA:93,10,0,3
BRDA:93,10,1,5
BRDA:96,11,0,1
BRDA:97,12,0,0
BRDA:102,13,0,1
BRDA:103,14,0,1
BRDA:104,15,0,1
BRDA:105,16,0,1
BRDA:121,17,0,1
BRDA:122,18,0,0
BRDA:127,19,0,1
BRDA:128,20,0,1
BRDA:129,21,0,1
BRDA:130,22,0,1
BRDA:150,23,0,0
BRDA:163,24,0,0
BRDA:166,25,0,0
BRDA:174,26,0,0
BRDA:186,27,0,0
BRDA:198,28,0,0
BRDA:220,29,0,0
BRDA:234,30,0,0
BRDA:239,31,0,1
BRDA:247,32,0,0
BRDA:256,33,0,0
BRDA:257,34,0,0
BRDA:266,35,0,0
BRDA:304,36,0,0
BRDA:307,37,0,0
BRDA:312,38,0,0
BRDA:320,39,0,0
BRDA:356,40,0,3
BRDA:356,40,1,3
BRF:45
BRH:17
end_of_record
TN:
SF:src/lib/resume-reviewer/models/user-model.ts
FN:40,(anonymous_0)
FN:45,(anonymous_1)
FN:92,(anonymous_2)
FN:104,(anonymous_3)
FN:116,(anonymous_4)
FN:133,(anonymous_5)
FN:136,(anonymous_6)
FN:162,(anonymous_7)
FN:178,(anonymous_8)
FN:190,(anonymous_9)
FN:199,(anonymous_10)
FN:215,(anonymous_11)
FN:245,(anonymous_12)
FN:255,(anonymous_13)
FN:267,(anonymous_14)
FN:276,(anonymous_15)
FN:304,(anonymous_16)
FN:307,(anonymous_17)
FN:311,(anonymous_18)
FN:322,(anonymous_19)
FN:325,(anonymous_20)
FN:330,(anonymous_21)
FN:343,(anonymous_22)
FNF:23
FNH:13
FNDA:18,(anonymous_0)
FNDA:5,(anonymous_1)
FNDA:4,(anonymous_2)
FNDA:6,(anonymous_3)
FNDA:1,(anonymous_4)
FNDA:2,(anonymous_5)
FNDA:2,(anonymous_6)
FNDA:1,(anonymous_7)
FNDA:2,(anonymous_8)
FNDA:2,(anonymous_9)
FNDA:2,(anonymous_10)
FNDA:0,(anonymous_11)
FNDA:0,(anonymous_12)
FNDA:0,(anonymous_13)
FNDA:0,(anonymous_14)
FNDA:0,(anonymous_15)
FNDA:0,(anonymous_16)
FNDA:0,(anonymous_17)
FNDA:0,(anonymous_18)
FNDA:0,(anonymous_19)
FNDA:4,(anonymous_20)
FNDA:12,(anonymous_21)
FNDA:0,(anonymous_22)
DA:1,5
DA:2,5
DA:36,5
DA:41,18
DA:42,18
DA:47,5
DA:48,1
DA:50,4
DA:51,0
DA:53,4
DA:54,0
DA:58,4
DA:59,4
DA:60,2
DA:61,2
DA:62,2
DA:65,4
DA:66,0
DA:70,4
DA:71,1
DA:75,3
DA:76,3
DA:77,0
DA:80,3
DA:89,2
DA:93,4
DA:94,0
DA:97,4
DA:101,4
DA:105,6
DA:106,0
DA:109,6
DA:113,6
DA:122,1
DA:124,1
DA:125,1
DA:127,1
DA:133,2
DA:137,2
DA:138,0
DA:142,2
DA:143,0
DA:147,2
DA:148,0
DA:149,0
DA:150,0
DA:154,2
DA:159,1
DA:163,1
DA:164,0
DA:166,1
DA:167,0
DA:170,1
DA:175,1
DA:179,2
DA:180,0
DA:183,2
DA:187,1
DA:191,2
DA:192,0
DA:195,2
DA:196,2
DA:200,2
DA:201,0
DA:203,2
DA:204,0
DA:207,2
DA:208,2
DA:209,0
DA:212,2
DA:216,0
DA:217,0
DA:219,0
DA:220,0
DA:222,0
DA:223,0
DA:227,0
DA:228,0
DA:229,0
DA:233,0
DA:234,0
DA:235,0
DA:239,0
DA:242,0
DA:246,0
DA:247,0
DA:252,0
DA:256,0
DA:257,0
DA:259,0
DA:260,0
DA:268,0
DA:269,0
DA:272,0
DA:273,0
DA:277,0
DA:278,0
DA:286,0
DA:288,0
DA:289,0
DA:291,0
DA:304,0
DA:308,0
DA:312,0
DA:322,0
DA:326,4
DA:327,4
DA:331,12
DA:344,0
LF:109
LH:55
BRDA:41,0,0,18
BRDA:41,0,1,0
BRDA:47,1,0,1
BRDA:50,2,0,0
BRDA:53,3,0,0
BRDA:59,4,0,2
BRDA:59,4,1,2
BRDA:59,5,0,4
BRDA:59,5,1,2
BRDA:61,6,0,2
BRDA:61,7,0,2
BRDA:61,7,1,2
BRDA:62,8,0,2
BRDA:62,8,1,2
BRDA:65,9,0,0
BRDA:70,10,0,1
BRDA:76,11,0,0
BRDA:93,12,0,0
BRDA:101,13,0,3
BRDA:101,13,1,1
BRDA:105,14,0,0
BRDA:113,15,0,2
BRDA:113,15,1,4
BRDA:116,16,0,0
BRDA:118,17,0,0
BRDA:119,18,0,0
BRDA:120,19,0,1
BRDA:121,20,0,1
BRDA:137,21,0,0
BRDA:142,22,0,0
BRDA:142,23,0,2
BRDA:142,23,1,0
BRDA:147,24,0,0
BRDA:149,25,0,0
BRDA:149,26,0,0
BRDA:149,26,1,0
BRDA:163,27,0,0
BRDA:166,28,0,0
BRDA:179,29,0,0
BRDA:191,30,0,0
BRDA:200,31,0,0
BRDA:203,32,0,0
BRDA:208,33,0,0
BRDA:216,34,0,0
BRDA:219,35,0,0
BRDA:222,36,0,0
BRDA:228,37,0,0
BRDA:234,38,0,0
BRDA:245,39,0,0
BRDA:246,40,0,0
BRDA:256,41,0,0
BRDA:259,42,0,0
BRDA:268,43,0,0
BRDA:273,44,0,0
BRDA:273,44,1,0
BRDA:276,45,0,0
BRDA:277,46,0,0
BRDA:282,47,0,0
BRDA:283,48,0,0
BRDA:284,49,0,0
BRDA:285,50,0,0
BRF:61
BRH:19
end_of_record
TN:
SF:src/lib/resume-reviewer/services/feedback-service.ts
FN:25,(anonymous_0)
FN:42,(anonymous_1)
FN:76,(anonymous_2)
FN:90,(anonymous_3)
FN:99,(anonymous_4)
FN:104,(anonymous_5)
FN:120,(anonymous_6)
FN:124,(anonymous_7)
FNF:8
FNH:6
FNDA:21,(anonymous_0)
FNDA:10,(anonymous_1)
FNDA:7,(anonymous_2)
FNDA:2,(anonymous_3)
FNDA:2,(anonymous_4)
FNDA:2,(anonymous_5)
FNDA:0,(anonymous_6)
FNDA:0,(anonymous_7)
DA:1,5
DA:2,5
DA:20,5
DA:29,21
DA:30,21
DA:31,21
DA:43,10
DA:44,2
DA:47,8
DA:49,8
DA:56,7
DA:59,6
DA:62,5
DA:63,2
DA:67,4
DA:69,4
DA:70,4
DA:72,0
DA:77,7
DA:79,7
DA:80,1
DA:82,6
DA:83,0
DA:85,6
DA:86,0
DA:91,2
DA:92,1
DA:94,1
DA:95,0
DA:100,2
DA:101,1
DA:105,2
DA:106,1
DA:108,1
DA:109,1
DA:110,1
DA:111,0
DA:113,1
DA:114,1
DA:115,0
DA:121,0
DA:125,0
LF:42
LH:34
BRDA:29,0,0,21
BRDA:29,0,1,9
BRDA:30,1,0,21
BRDA:30,1,1,9
BRDA:43,2,0,2
BRDA:62,3,0,2
BRDA:69,4,0,4
BRDA:79,5,0,1
BRDA:79,6,0,7
BRDA:79,6,1,7
BRDA:82,7,0,0
BRDA:82,8,0,6
BRDA:82,8,1,6
BRDA:85,9,0,0
BRDA:85,10,0,6
BRDA:85,10,1,6
BRDA:91,11,0,1
BRDA:91,12,0,2
BRDA:91,12,1,2
BRDA:94,13,0,0
BRDA:94,14,0,1
BRDA:94,14,1,1
BRDA:105,15,0,1
BRDA:105,16,0,2
BRDA:105,16,1,2
BRDA:108,17,0,1
BRDA:110,18,0,0
BRDA:110,19,0,1
BRDA:110,19,1,1
BRDA:110,19,2,1
BRDA:114,20,0,0
BRF:31
BRH:26
end_of_record
TN:
SF:src/lib/resume-reviewer/services/resume-analysis-service.ts
FN:18,(anonymous_0)
FN:34,(anonymous_1)
FN:63,(anonymous_2)
FN:68,(anonymous_3)
FN:82,(anonymous_4)
FN:86,(anonymous_5)
FNF:6
FNH:4
FNDA:19,(anonymous_0)
FNDA:8,(anonymous_1)
FNDA:2,(anonymous_2)
FNDA:2,(anonymous_3)
FNDA:0,(anonymous_4)
FNDA:0,(anonymous_5)
DA:1,4
DA:2,4
DA:3,4
DA:12,4
DA:23,19
DA:24,19
DA:25,19
DA:26,19
DA:35,8
DA:36,3
DA:39,5
DA:41,5
DA:44,5
DA:45,5
DA:46,5
DA:47,1
DA:52,4
DA:54,3
DA:56,2
DA:57,2
DA:59,0
DA:64,2
DA:65,1
DA:69,2
DA:70,1
DA:72,1
DA:73,0
DA:75,1
DA:76,1
DA:77,0
DA:83,0
DA:87,0
LF:32
LH:27
BRDA:23,0,0,19
BRDA:23,0,1,9
BRDA:24,1,0,19
BRDA:24,1,1,9
BRDA:25,2,0,19
BRDA:25,2,1,9
BRDA:35,3,0,3
BRDA:44,4,0,5
BRDA:46,5,0,1
BRDA:56,6,0,2
BRDA:69,7,0,1
BRDA:69,8,0,2
BRDA:69,8,1,2
BRDA:72,9,0,0
BRDA:72,10,0,1
BRDA:72,10,1,1
BRDA:75,11,0,1
BRDA:75,12,0,1
BRDA:75,12,1,1
BRDA:76,13,0,0
BRF:20
BRH:18
end_of_record
TN:
SF:src/lib/resume-reviewer/services/scoring-service.ts
FN:27,(anonymous_0)
FN:38,(anonymous_1)
FN:71,(anonymous_2)
FN:77,(anonymous_3)
FN:83,(anonymous_4)
FN:89,(anonymous_5)
FN:93,(anonymous_6)
FN:108,(anonymous_7)
FN:114,(anonymous_8)
FN:122,(anonymous_9)
FN:127,(anonymous_10)
FN:145,(anonymous_11)
FN:163,(anonymous_12)
FN:167,(anonymous_13)
FNF:14
FNH:12
FNDA:26,(anonymous_0)
FNDA:8,(anonymous_1)
FNDA:2,(anonymous_2)
FNDA:2,(anonymous_3)
FNDA:2,(anonymous_4)
FNDA:4,(anonymous_5)
FNDA:2,(anonymous_6)
FNDA:19,(anonymous_7)
FNDA:6,(anonymous_8)
FNDA:3,(anonymous_9)
FNDA:3,(anonymous_10)
FNDA:6,(anonymous_11)
FNDA:0,(anonymous_12)
FNDA:0,(anonymous_13)
DA:1,2
DA:23,2
DA:28,26
DA:29,26
DA:39,8
DA:40,2
DA:43,6
DA:45,6
DA:46,5
DA:47,5
DA:50,5
DA:51,4
DA:52,4
DA:55,4
DA:57,4
DA:64,2
DA:65,2
DA:67,0
DA:72,2
DA:73,2
DA:74,2
DA:78,2
DA:79,2
DA:80,2
DA:84,2
DA:85,2
DA:86,2
DA:90,4
DA:94,2
DA:96,2
DA:102,2
DA:109,19
DA:110,1
DA:115,6
DA:116,4
DA:117,0
DA:118,0
DA:119,0
DA:123,3
DA:124,1
DA:128,3
DA:129,1
DA:131,2
DA:132,0
DA:134,2
DA:135,0
DA:139,2
DA:145,6
DA:146,2
DA:147,1
DA:150,1
DA:151,0
DA:153,1
DA:154,0
DA:156,1
DA:157,1
DA:158,0
DA:164,0
DA:168,0
LF:59
LH:48
BRDA:28,0,0,26
BRDA:28,0,1,7
BRDA:39,1,0,2
BRDA:64,2,0,2
BRDA:109,3,0,1
BRDA:109,4,0,19
BRDA:109,4,1,19
BRDA:115,5,0,2
BRDA:116,6,0,4
BRDA:117,7,0,0
BRDA:118,8,0,0
BRDA:128,9,0,1
BRDA:128,10,0,3
BRDA:128,10,1,3
BRDA:128,10,2,3
BRDA:131,11,0,0
BRDA:131,12,0,2
BRDA:131,12,1,2
BRDA:131,12,2,2
BRDA:134,13,0,0
BRDA:134,14,0,2
BRDA:134,14,1,2
BRDA:134,14,2,2
BRDA:140,15,0,2
BRDA:140,15,1,0
BRDA:141,16,0,2
BRDA:141,16,1,0
BRDA:142,17,0,2
BRDA:142,17,1,0
BRDA:146,18,0,1
BRDA:150,19,0,0
BRDA:150,20,0,1
BRDA:150,20,1,1
BRDA:150,20,2,1
BRDA:153,21,0,0
BRDA:153,22,0,1
BRDA:153,22,1,1
BRDA:153,22,2,1
BRDA:156,23,0,1
BRDA:156,24,0,1
BRDA:156,24,1,1
BRDA:157,25,0,0
BRF:42
BRH:32
end_of_record
TN:
SF:src/lib/resume-reviewer/services/text-processing-service.ts
FN:15,(anonymous_0)
FN:26,(anonymous_1)
FN:41,(anonymous_2)
FN:45,(anonymous_3)
FN:49,(anonymous_4)
FN:53,(anonymous_5)
FN:57,(anonymous_6)
FN:61,(anonymous_7)
FN:65,(anonymous_8)
FN:69,(anonymous_9)
FN:73,(anonymous_10)
FN:77,(anonymous_11)
FN:81,(anonymous_12)
FN:85,(anonymous_13)
FN:89,(anonymous_14)
FN:93,(anonymous_15)
FN:99,(anonymous_16)
FN:105,(anonymous_17)
FN:110,(anonymous_18)
FN:124,(anonymous_19)
FN:128,(anonymous_20)
FNF:21
FNH:19
FNDA:33,(anonymous_0)
FNDA:7,(anonymous_1)
FNDA:3,(anonymous_2)
FNDA:1,(anonymous_3)
FNDA:1,(anonymous_4)
FNDA:1,(anonymous_5)
FNDA:1,(anonymous_6)
FNDA:1,(anonymous_7)
FNDA:1,(anonymous_8)
FNDA:1,(anonymous_9)
FNDA:1,(anonymous_10)
FNDA:1,(anonymous_11)
FNDA:1,(anonymous_12)
FNDA:1,(anonymous_13)
FNDA:1,(anonymous_14)
FNDA:1,(anonymous_15)
FNDA:1,(anonymous_16)
FNDA:2,(anonymous_17)
FNDA:2,(anonymous_18)
FNDA:0,(anonymous_19)
FNDA:0,(anonymous_20)
DA:1,2
DA:11,2
DA:16,33
DA:17,33
DA:27,7
DA:28,4
DA:31,3
DA:32,3
DA:34,1
DA:35,1
DA:37,0
DA:42,3
DA:46,1
DA:50,1
DA:54,1
DA:58,1
DA:62,1
DA:66,1
DA:70,1
DA:74,1
DA:78,1
DA:82,1
DA:86,1
DA:90,1
DA:96,1
DA:102,1
DA:106,2
DA:107,1
DA:111,2
DA:112,1
DA:114,1
DA:115,0
DA:117,1
DA:118,1
DA:119,0
DA:125,0
DA:129,0
LF:37
LH:32
BRDA:16,0,0,33
BRDA:16,0,1,7
BRDA:27,1,0,4
BRDA:34,2,0,1
BRDA:111,3,0,1
BRDA:111,4,0,2
BRDA:111,4,1,2
BRDA:114,5,0,0
BRDA:114,6,0,1
BRDA:114,6,1,1
BRDA:117,7,0,1
BRDA:117,8,0,1
BRDA:117,8,1,1
BRDA:118,9,0,0
BRF:14
BRH:12
end_of_record
TN:
SF:src/lib/resume-reviewer/services/validation-service.ts
FN:48,(anonymous_0)
FN:63,(anonymous_1)
FN:87,(anonymous_2)
FN:92,(anonymous_3)
FN:97,(anonymous_4)
FN:102,(anonymous_5)
FN:107,(anonymous_6)
FN:112,(anonymous_7)
FN:129,(anonymous_8)
FN:133,(anonymous_9)
FNF:10
FNH:8
FNDA:26,(anonymous_0)
FNDA:7,(anonymous_1)
FNDA:3,(anonymous_2)
FNDA:3,(anonymous_3)
FNDA:2,(anonymous_4)
FNDA:2,(anonymous_5)
FNDA:2,(anonymous_6)
FNDA:2,(anonymous_7)
FNDA:0,(anonymous_8)
FNDA:0,(anonymous_9)
DA:1,4
DA:2,4
DA:43,4
DA:52,26
DA:53,26
DA:54,26
DA:64,7
DA:65,3
DA:68,4
DA:70,4
DA:71,4
DA:72,2
DA:76,2
DA:78,1
DA:80,3
DA:81,3
DA:83,0
DA:88,3
DA:89,3
DA:93,3
DA:94,3
DA:98,2
DA:99,2
DA:103,2
DA:104,2
DA:108,2
DA:109,1
DA:113,2
DA:114,1
DA:116,1
DA:117,0
DA:119,1
DA:120,1
DA:121,0
DA:124,1
DA:125,0
DA:130,0
DA:134,0
LF:38
LH:32
BRDA:52,0,0,26
BRDA:52,0,1,8
BRDA:53,1,0,26
BRDA:53,1,1,8
BRDA:64,2,0,3
BRDA:71,3,0,2
BRDA:80,4,0,3
BRDA:113,5,0,1
BRDA:113,6,0,2
BRDA:113,6,1,2
BRDA:116,7,0,0
BRDA:116,8,0,1
BRDA:116,8,1,1
BRDA:119,9,0,1
BRDA:119,10,0,1
BRDA:119,10,1,1
BRDA:120,11,0,0
BRDA:124,12,0,0
BRDA:124,13,0,1
BRDA:124,13,1,1
BRF:20
BRH:17
end_of_record
