{"/Users/asimsinanyuksel/Desktop/food-lens/src/components/camera/CameraScanner.tsx": {"path":"/Users/asimsinanyuksel/Desktop/food-lens/src/components/camera/CameraScanner.tsx","statementMap":{"0":{"start":{"line":26,"column":59},"end":{"line":161,"column":1}},"1":{"start":{"line":31,"column":19},"end":{"line":31,"column":28}},"2":{"start":{"line":32,"column":47},"end":{"line":32,"column":56}},"3":{"start":{"line":33,"column":24},"end":{"line":33,"column":34}},"4":{"start":{"line":34,"column":17},"end":{"line":34,"column":28}},"5":{"start":{"line":35,"column":42},"end":{"line":35,"column":64}},"6":{"start":{"line":36,"column":30},"end":{"line":36,"column":58}},"7":{"start":{"line":37,"column":38},"end":{"line":37,"column":53}},"8":{"start":{"line":39,"column":21},"end":{"line":94,"column":3}},"9":{"start":{"line":40,"column":4},"end":{"line":43,"column":5}},"10":{"start":{"line":41,"column":6},"end":{"line":41,"column":32}},"11":{"start":{"line":42,"column":6},"end":{"line":42,"column":13}},"12":{"start":{"line":45,"column":4},"end":{"line":49,"column":5}},"13":{"start":{"line":47,"column":6},"end":{"line":47,"column":33}},"14":{"start":{"line":48,"column":6},"end":{"line":48,"column":13}},"15":{"start":{"line":51,"column":4},"end":{"line":51,"column":24}},"16":{"start":{"line":52,"column":4},"end":{"line":93,"column":5}},"17":{"start":{"line":54,"column":21},"end":{"line":59,"column":8}},"18":{"start":{"line":61,"column":6},"end":{"line":88,"column":7}},"19":{"start":{"line":62,"column":25},"end":{"line":62,"column":45}},"20":{"start":{"line":63,"column":23},"end":{"line":63,"column":52}},"21":{"start":{"line":66,"column":23},"end":{"line":69,"column":10}},"22":{"start":{"line":71,"column":8},"end":{"line":71,"column":29}},"23":{"start":{"line":74,"column":8},"end":{"line":76,"column":9}},"24":{"start":{"line":75,"column":10},"end":{"line":75,"column":27}},"25":{"start":{"line":77,"column":8},"end":{"line":79,"column":9}},"26":{"start":{"line":78,"column":10},"end":{"line":78,"column":33}},"27":{"start":{"line":82,"column":8},"end":{"line":82,"column":59}},"28":{"start":{"line":85,"column":8},"end":{"line":85,"column":49}},"29":{"start":{"line":87,"column":8},"end":{"line":87,"column":29}},"30":{"start":{"line":90,"column":6},"end":{"line":90,"column":27}},"31":{"start":{"line":91,"column":6},"end":{"line":91,"column":76}},"32":{"start":{"line":92,"column":6},"end":{"line":92,"column":43}},"33":{"start":{"line":96,"column":2},"end":{"line":102,"column":3}},"34":{"start":{"line":97,"column":4},"end":{"line":101,"column":6}},"35":{"start":{"line":104,"column":2},"end":{"line":114,"column":3}},"36":{"start":{"line":105,"column":4},"end":{"line":113,"column":6}},"37":{"start":{"line":116,"column":2},"end":{"line":160,"column":4}},"38":{"start":{"line":132,"column":33},"end":{"line":132,"column":80}},"39":{"start":{"line":163,"column":15},"end":{"line":206,"column":2}}},"fnMap":{"0":{"name":"(anonymous_0)","decl":{"start":{"line":26,"column":59},"end":{"line":26,"column":60}},"loc":{"start":{"line":30,"column":6},"end":{"line":161,"column":1}},"line":30},"1":{"name":"(anonymous_1)","decl":{"start":{"line":39,"column":21},"end":{"line":39,"column":22}},"loc":{"start":{"line":39,"column":33},"end":{"line":94,"column":3}},"line":39},"2":{"name":"(anonymous_2)","decl":{"start":{"line":132,"column":27},"end":{"line":132,"column":28}},"loc":{"start":{"line":132,"column":33},"end":{"line":132,"column":80}},"line":132}},"branchMap":{"0":{"loc":{"start":{"line":29,"column":2},"end":{"line":29,"column":18}},"type":"default-arg","locations":[{"start":{"line":29,"column":13},"end":{"line":29,"column":18}}],"line":29},"1":{"loc":{"start":{"line":40,"column":4},"end":{"line":43,"column":5}},"type":"if","locations":[{"start":{"line":40,"column":4},"end":{"line":43,"column":5}},{"start":{},"end":{}}],"line":40},"2":{"loc":{"start":{"line":45,"column":4},"end":{"line":49,"column":5}},"type":"if","locations":[{"start":{"line":45,"column":4},"end":{"line":49,"column":5}},{"start":{},"end":{}}],"line":45},"3":{"loc":{"start":{"line":61,"column":6},"end":{"line":88,"column":7}},"type":"if","locations":[{"start":{"line":61,"column":6},"end":{"line":88,"column":7}},{"start":{"line":86,"column":13},"end":{"line":88,"column":7}}],"line":61},"4":{"loc":{"start":{"line":61,"column":10},"end":{"line":61,"column":46}},"type":"binary-expr","locations":[{"start":{"line":61,"column":10},"end":{"line":61,"column":26}},{"start":{"line":61,"column":30},"end":{"line":61,"column":46}}],"line":61},"5":{"loc":{"start":{"line":63,"column":23},"end":{"line":63,"column":52}},"type":"binary-expr","locations":[{"start":{"line":63,"column":23},"end":{"line":63,"column":46}},{"start":{"line":63,"column":50},"end":{"line":63,"column":52}}],"line":63},"6":{"loc":{"start":{"line":74,"column":8},"end":{"line":76,"column":9}},"type":"if","locations":[{"start":{"line":74,"column":8},"end":{"line":76,"column":9}},{"start":{},"end":{}}],"line":74},"7":{"loc":{"start":{"line":77,"column":8},"end":{"line":79,"column":9}},"type":"if","locations":[{"start":{"line":77,"column":8},"end":{"line":79,"column":9}},{"start":{},"end":{}}],"line":77},"8":{"loc":{"start":{"line":91,"column":16},"end":{"line":91,"column":65}},"type":"binary-expr","locations":[{"start":{"line":91,"column":16},"end":{"line":91,"column":29}},{"start":{"line":91,"column":33},"end":{"line":91,"column":65}}],"line":91},"9":{"loc":{"start":{"line":96,"column":2},"end":{"line":102,"column":3}},"type":"if","locations":[{"start":{"line":96,"column":2},"end":{"line":102,"column":3}},{"start":{},"end":{}}],"line":96},"10":{"loc":{"start":{"line":104,"column":2},"end":{"line":114,"column":3}},"type":"if","locations":[{"start":{"line":104,"column":2},"end":{"line":114,"column":3}},{"start":{},"end":{}}],"line":104},"11":{"loc":{"start":{"line":122,"column":13},"end":{"line":152,"column":13}},"type":"cond-expr","locations":[{"start":{"line":123,"column":14},"end":{"line":138,"column":17}},{"start":{"line":139,"column":16},"end":{"line":152,"column":13}}],"line":122},"12":{"loc":{"start":{"line":122,"column":13},"end":{"line":122,"column":53}},"type":"binary-expr","locations":[{"start":{"line":122,"column":13},"end":{"line":122,"column":24}},{"start":{"line":122,"column":28},"end":{"line":122,"column":37}},{"start":{"line":122,"column":41},"end":{"line":122,"column":53}}],"line":122},"13":{"loc":{"start":{"line":132,"column":43},"end":{"line":132,"column":79}},"type":"cond-expr","locations":[{"start":{"line":132,"column":63},"end":{"line":132,"column":70}},{"start":{"line":132,"column":73},"end":{"line":132,"column":79}}],"line":132},"14":{"loc":{"start":{"line":139,"column":16},"end":{"line":152,"column":13}},"type":"cond-expr","locations":[{"start":{"line":140,"column":14},"end":{"line":145,"column":21}},{"start":{"line":147,"column":14},"end":{"line":151,"column":21}}],"line":139},"15":{"loc":{"start":{"line":139,"column":16},"end":{"line":139,"column":39}},"type":"binary-expr","locations":[{"start":{"line":139,"column":16},"end":{"line":139,"column":24}},{"start":{"line":139,"column":28},"end":{"line":139,"column":39}}],"line":139},"16":{"loc":{"start":{"line":156,"column":7},"end":{"line":158,"column":7}},"type":"binary-expr","locations":[{"start":{"line":156,"column":7},"end":{"line":156,"column":18}},{"start":{"line":156,"column":22},"end":{"line":156,"column":31}},{"start":{"line":157,"column":8},"end":{"line":157,"column":60}}],"line":156}},"s":{"0":0,"1":0,"2":0,"3":0,"4":0,"5":0,"6":0,"7":0,"8":0,"9":0,"10":0,"11":0,"12":0,"13":0,"14":0,"15":0,"16":0,"17":0,"18":0,"19":0,"20":0,"21":0,"22":0,"23":0,"24":0,"25":0,"26":0,"27":0,"28":0,"29":0,"30":0,"31":0,"32":0,"33":0,"34":0,"35":0,"36":0,"37":0,"38":0,"39":0},"f":{"0":0,"1":0,"2":0},"b":{"0":[0],"1":[0,0],"2":[0,0],"3":[0,0],"4":[0,0],"5":[0,0],"6":[0,0],"7":[0,0],"8":[0,0],"9":[0,0],"10":[0,0],"11":[0,0],"12":[0,0,0],"13":[0,0],"14":[0,0],"15":[0,0],"16":[0,0,0]}}
,"/Users/asimsinanyuksel/Desktop/food-lens/src/components/cards/AllergenCard.tsx": {"path":"/Users/asimsinanyuksel/Desktop/food-lens/src/components/cards/AllergenCard.tsx","statementMap":{"0":{"start":{"line":18,"column":57},"end":{"line":85,"column":1}},"1":{"start":{"line":22,"column":17},"end":{"line":33,"column":3}},"2":{"start":{"line":35,"column":12},"end":{"line":35,"column":28}},"3":{"start":{"line":37,"column":2},"end":{"line":48,"column":3}},"4":{"start":{"line":38,"column":4},"end":{"line":47,"column":6}},"5":{"start":{"line":50,"column":2},"end":{"line":84,"column":4}},"6":{"start":{"line":57,"column":10},"end":{"line":61,"column":36}},"7":{"start":{"line":63,"column":8},"end":{"line":81,"column":10}},"8":{"start":{"line":87,"column":15},"end":{"line":101,"column":2}}},"fnMap":{"0":{"name":"(anonymous_0)","decl":{"start":{"line":18,"column":57},"end":{"line":18,"column":58}},"loc":{"start":{"line":21,"column":6},"end":{"line":85,"column":1}},"line":21},"1":{"name":"(anonymous_1)","decl":{"start":{"line":55,"column":21},"end":{"line":55,"column":22}},"loc":{"start":{"line":55,"column":42},"end":{"line":82,"column":7}},"line":55}},"branchMap":{"0":{"loc":{"start":{"line":20,"column":2},"end":{"line":20,"column":17}},"type":"default-arg","locations":[{"start":{"line":20,"column":13},"end":{"line":20,"column":17}}],"line":20},"1":{"loc":{"start":{"line":37,"column":2},"end":{"line":48,"column":3}},"type":"if","locations":[{"start":{"line":37,"column":2},"end":{"line":48,"column":3}},{"start":{},"end":{}}],"line":37},"2":{"loc":{"start":{"line":57,"column":10},"end":{"line":61,"column":36}},"type":"cond-expr","locations":[{"start":{"line":58,"column":14},"end":{"line":58,"column":37}},{"start":{"line":59,"column":14},"end":{"line":61,"column":36}}],"line":57},"3":{"loc":{"start":{"line":59,"column":14},"end":{"line":61,"column":36}},"type":"cond-expr","locations":[{"start":{"line":60,"column":14},"end":{"line":60,"column":39}},{"start":{"line":61,"column":14},"end":{"line":61,"column":36}}],"line":59},"4":{"loc":{"start":{"line":75,"column":13},"end":{"line":79,"column":13}},"type":"binary-expr","locations":[{"start":{"line":75,"column":13},"end":{"line":75,"column":33}},{"start":{"line":76,"column":14},"end":{"line":78,"column":27}}],"line":75}},"s":{"0":0,"1":0,"2":0,"3":0,"4":0,"5":0,"6":0,"7":0,"8":0},"f":{"0":0,"1":0},"b":{"0":[0],"1":[0,0],"2":[0,0],"3":[0,0],"4":[0,0]}}
,"/Users/asimsinanyuksel/Desktop/food-lens/src/components/cards/AlternativeList.tsx": {"path":"/Users/asimsinanyuksel/Desktop/food-lens/src/components/cards/AlternativeList.tsx","statementMap":{"0":{"start":{"line":18,"column":63},"end":{"line":77,"column":1}},"1":{"start":{"line":23,"column":17},"end":{"line":34,"column":3}},"2":{"start":{"line":36,"column":12},"end":{"line":36,"column":28}},"3":{"start":{"line":38,"column":28},"end":{"line":54,"column":3}},"4":{"start":{"line":39,"column":4},"end":{"line":53,"column":23}},"5":{"start":{"line":40,"column":21},"end":{"line":40,"column":47}},"6":{"start":{"line":56,"column":2},"end":{"line":76,"column":4}},"7":{"start":{"line":64,"column":39},"end":{"line":64,"column":68}},"8":{"start":{"line":79,"column":15},"end":{"line":93,"column":2}}},"fnMap":{"0":{"name":"(anonymous_0)","decl":{"start":{"line":18,"column":63},"end":{"line":18,"column":64}},"loc":{"start":{"line":22,"column":6},"end":{"line":77,"column":1}},"line":22},"1":{"name":"(anonymous_1)","decl":{"start":{"line":38,"column":28},"end":{"line":38,"column":29}},"loc":{"start":{"line":39,"column":4},"end":{"line":53,"column":23}},"line":39},"2":{"name":"(anonymous_2)","decl":{"start":{"line":40,"column":15},"end":{"line":40,"column":16}},"loc":{"start":{"line":40,"column":21},"end":{"line":40,"column":47}},"line":40},"3":{"name":"(anonymous_3)","decl":{"start":{"line":64,"column":22},"end":{"line":64,"column":23}},"loc":{"start":{"line":64,"column":39},"end":{"line":64,"column":68}},"line":64}},"branchMap":{"0":{"loc":{"start":{"line":21,"column":2},"end":{"line":21,"column":17}},"type":"default-arg","locations":[{"start":{"line":21,"column":13},"end":{"line":21,"column":17}}],"line":21},"1":{"loc":{"start":{"line":40,"column":21},"end":{"line":40,"column":47}},"type":"binary-expr","locations":[{"start":{"line":40,"column":21},"end":{"line":40,"column":29}},{"start":{"line":40,"column":33},"end":{"line":40,"column":47}}],"line":40},"2":{"loc":{"start":{"line":50,"column":23},"end":{"line":50,"column":74}},"type":"binary-expr","locations":[{"start":{"line":50,"column":23},"end":{"line":50,"column":34}},{"start":{"line":50,"column":38},"end":{"line":50,"column":74}}],"line":50},"3":{"loc":{"start":{"line":64,"column":39},"end":{"line":64,"column":68}},"type":"binary-expr","locations":[{"start":{"line":64,"column":39},"end":{"line":64,"column":48}},{"start":{"line":64,"column":52},"end":{"line":64,"column":68}}],"line":64},"4":{"loc":{"start":{"line":68,"column":15},"end":{"line":70,"column":41}},"type":"cond-expr","locations":[{"start":{"line":69,"column":18},"end":{"line":69,"column":45}},{"start":{"line":70,"column":18},"end":{"line":70,"column":41}}],"line":68}},"s":{"0":0,"1":0,"2":0,"3":0,"4":0,"5":0,"6":0,"7":0,"8":0},"f":{"0":0,"1":0,"2":0,"3":0},"b":{"0":[0],"1":[0,0],"2":[0,0],"3":[0,0],"4":[0,0]}}
,"/Users/asimsinanyuksel/Desktop/food-lens/src/components/cards/NutritionCard.tsx": {"path":"/Users/asimsinanyuksel/Desktop/food-lens/src/components/cards/NutritionCard.tsx","statementMap":{"0":{"start":{"line":17,"column":59},"end":{"line":197,"column":1}},"1":{"start":{"line":21,"column":34},"end":{"line":21,"column":49}},"2":{"start":{"line":23,"column":17},"end":{"line":60,"column":3}},"3":{"start":{"line":62,"column":12},"end":{"line":62,"column":28}},"4":{"start":{"line":64,"column":2},"end":{"line":196,"column":4}},"5":{"start":{"line":100,"column":23},"end":{"line":100,"column":45}},"6":{"start":{"line":152,"column":16},"end":{"line":160,"column":23}},"7":{"start":{"line":172,"column":16},"end":{"line":180,"column":23}},"8":{"start":{"line":199,"column":15},"end":{"line":232,"column":2}}},"fnMap":{"0":{"name":"(anonymous_0)","decl":{"start":{"line":17,"column":59},"end":{"line":17,"column":60}},"loc":{"start":{"line":20,"column":6},"end":{"line":197,"column":1}},"line":20},"1":{"name":"(anonymous_1)","decl":{"start":{"line":100,"column":17},"end":{"line":100,"column":18}},"loc":{"start":{"line":100,"column":23},"end":{"line":100,"column":45}},"line":100},"2":{"name":"(anonymous_2)","decl":{"start":{"line":151,"column":38},"end":{"line":151,"column":39}},"loc":{"start":{"line":152,"column":16},"end":{"line":160,"column":23}},"line":152},"3":{"name":"(anonymous_3)","decl":{"start":{"line":171,"column":38},"end":{"line":171,"column":39}},"loc":{"start":{"line":172,"column":16},"end":{"line":180,"column":23}},"line":172}},"branchMap":{"0":{"loc":{"start":{"line":19,"column":2},"end":{"line":19,"column":17}},"type":"default-arg","locations":[{"start":{"line":19,"column":13},"end":{"line":19,"column":17}}],"line":19},"1":{"loc":{"start":{"line":67,"column":9},"end":{"line":67,"column":69}},"type":"cond-expr","locations":[{"start":{"line":67,"column":29},"end":{"line":67,"column":46}},{"start":{"line":67,"column":49},"end":{"line":67,"column":69}}],"line":67},"2":{"loc":{"start":{"line":105,"column":11},"end":{"line":105,"column":43}},"type":"cond-expr","locations":[{"start":{"line":105,"column":22},"end":{"line":105,"column":32}},{"start":{"line":105,"column":35},"end":{"line":105,"column":43}}],"line":105},"3":{"loc":{"start":{"line":109,"column":7},"end":{"line":194,"column":7}},"type":"binary-expr","locations":[{"start":{"line":109,"column":7},"end":{"line":109,"column":15}},{"start":{"line":110,"column":8},"end":{"line":193,"column":15}}],"line":109},"4":{"loc":{"start":{"line":146,"column":11},"end":{"line":163,"column":11}},"type":"binary-expr","locations":[{"start":{"line":146,"column":11},"end":{"line":146,"column":29}},{"start":{"line":146,"column":33},"end":{"line":146,"column":62}},{"start":{"line":147,"column":12},"end":{"line":162,"column":19}}],"line":146},"5":{"loc":{"start":{"line":155,"column":21},"end":{"line":155,"column":77}},"type":"binary-expr","locations":[{"start":{"line":155,"column":21},"end":{"line":155,"column":43}},{"start":{"line":155,"column":47},"end":{"line":155,"column":77}}],"line":155},"6":{"loc":{"start":{"line":166,"column":11},"end":{"line":183,"column":11}},"type":"binary-expr","locations":[{"start":{"line":166,"column":11},"end":{"line":166,"column":29}},{"start":{"line":166,"column":33},"end":{"line":166,"column":62}},{"start":{"line":167,"column":12},"end":{"line":182,"column":19}}],"line":166},"7":{"loc":{"start":{"line":175,"column":21},"end":{"line":175,"column":77}},"type":"binary-expr","locations":[{"start":{"line":175,"column":21},"end":{"line":175,"column":43}},{"start":{"line":175,"column":47},"end":{"line":175,"column":77}}],"line":175},"8":{"loc":{"start":{"line":186,"column":11},"end":{"line":192,"column":11}},"type":"binary-expr","locations":[{"start":{"line":186,"column":11},"end":{"line":186,"column":26}},{"start":{"line":187,"column":12},"end":{"line":191,"column":19}}],"line":186}},"s":{"0":0,"1":0,"2":0,"3":0,"4":0,"5":0,"6":0,"7":0,"8":0},"f":{"0":0,"1":0,"2":0,"3":0},"b":{"0":[0],"1":[0,0],"2":[0,0],"3":[0,0],"4":[0,0,0],"5":[0,0],"6":[0,0,0],"7":[0,0],"8":[0,0]}}
,"/Users/asimsinanyuksel/Desktop/food-lens/src/components/common/AccessibleView.tsx": {"path":"/Users/asimsinanyuksel/Desktop/food-lens/src/components/common/AccessibleView.tsx","statementMap":{"0":{"start":{"line":17,"column":61},"end":{"line":38,"column":1}},"1":{"start":{"line":26,"column":2},"end":{"line":37,"column":4}},"2":{"start":{"line":40,"column":15},"end":{"line":44,"column":2}}},"fnMap":{"0":{"name":"(anonymous_0)","decl":{"start":{"line":17,"column":61},"end":{"line":17,"column":62}},"loc":{"start":{"line":25,"column":6},"end":{"line":38,"column":1}},"line":25}},"branchMap":{"0":{"loc":{"start":{"line":21,"column":2},"end":{"line":21,"column":19}},"type":"default-arg","locations":[{"start":{"line":21,"column":15},"end":{"line":21,"column":19}}],"line":21}},"s":{"0":0,"1":0,"2":0},"f":{"0":0},"b":{"0":[0]}}
,"/Users/asimsinanyuksel/Desktop/food-lens/src/components/common/AnimatedView.tsx": {"path":"/Users/asimsinanyuksel/Desktop/food-lens/src/components/common/AnimatedView.tsx","statementMap":{"0":{"start":{"line":24,"column":57},"end":{"line":69,"column":1}},"1":{"start":{"line":30,"column":31},"end":{"line":43,"column":3}},"2":{"start":{"line":31,"column":4},"end":{"line":42,"column":5}},"3":{"start":{"line":33,"column":8},"end":{"line":33,"column":41}},"4":{"start":{"line":35,"column":8},"end":{"line":35,"column":46}},"5":{"start":{"line":37,"column":8},"end":{"line":37,"column":44}},"6":{"start":{"line":39,"column":8},"end":{"line":39,"column":46}},"7":{"start":{"line":41,"column":8},"end":{"line":41,"column":41}},"8":{"start":{"line":45,"column":30},"end":{"line":58,"column":3}},"9":{"start":{"line":46,"column":4},"end":{"line":57,"column":5}},"10":{"start":{"line":48,"column":8},"end":{"line":48,"column":42}},"11":{"start":{"line":50,"column":8},"end":{"line":50,"column":47}},"12":{"start":{"line":52,"column":8},"end":{"line":52,"column":45}},"13":{"start":{"line":54,"column":8},"end":{"line":54,"column":47}},"14":{"start":{"line":56,"column":8},"end":{"line":56,"column":42}},"15":{"start":{"line":60,"column":2},"end":{"line":68,"column":4}}},"fnMap":{"0":{"name":"(anonymous_0)","decl":{"start":{"line":24,"column":57},"end":{"line":24,"column":58}},"loc":{"start":{"line":29,"column":6},"end":{"line":69,"column":1}},"line":29},"1":{"name":"(anonymous_1)","decl":{"start":{"line":30,"column":31},"end":{"line":30,"column":32}},"loc":{"start":{"line":30,"column":37},"end":{"line":43,"column":3}},"line":30},"2":{"name":"(anonymous_2)","decl":{"start":{"line":45,"column":30},"end":{"line":45,"column":31}},"loc":{"start":{"line":45,"column":36},"end":{"line":58,"column":3}},"line":45}},"branchMap":{"0":{"loc":{"start":{"line":26,"column":2},"end":{"line":26,"column":20}},"type":"default-arg","locations":[{"start":{"line":26,"column":14},"end":{"line":26,"column":20}}],"line":26},"1":{"loc":{"start":{"line":27,"column":2},"end":{"line":27,"column":43}},"type":"default-arg","locations":[{"start":{"line":27,"column":13},"end":{"line":27,"column":43}}],"line":27},"2":{"loc":{"start":{"line":31,"column":4},"end":{"line":42,"column":5}},"type":"switch","locations":[{"start":{"line":32,"column":6},"end":{"line":33,"column":41}},{"start":{"line":34,"column":6},"end":{"line":35,"column":46}},{"start":{"line":36,"column":6},"end":{"line":37,"column":44}},{"start":{"line":38,"column":6},"end":{"line":39,"column":46}},{"start":{"line":40,"column":6},"end":{"line":41,"column":41}}],"line":31},"3":{"loc":{"start":{"line":46,"column":4},"end":{"line":57,"column":5}},"type":"switch","locations":[{"start":{"line":47,"column":6},"end":{"line":48,"column":42}},{"start":{"line":49,"column":6},"end":{"line":50,"column":47}},{"start":{"line":51,"column":6},"end":{"line":52,"column":45}},{"start":{"line":53,"column":6},"end":{"line":54,"column":47}},{"start":{"line":55,"column":6},"end":{"line":56,"column":42}}],"line":46}},"s":{"0":0,"1":0,"2":0,"3":0,"4":0,"5":0,"6":0,"7":0,"8":0,"9":0,"10":0,"11":0,"12":0,"13":0,"14":0,"15":0},"f":{"0":0,"1":0,"2":0},"b":{"0":[0],"1":[0],"2":[0,0,0,0,0],"3":[0,0,0,0,0]}}
,"/Users/asimsinanyuksel/Desktop/food-lens/src/components/common/Button.tsx": {"path":"/Users/asimsinanyuksel/Desktop/food-lens/src/components/common/Button.tsx","statementMap":{"0":{"start":{"line":30,"column":45},"end":{"line":89,"column":1}},"1":{"start":{"line":40,"column":35},"end":{"line":40,"column":50}},"2":{"start":{"line":41,"column":33},"end":{"line":41,"column":46}},"3":{"start":{"line":43,"column":2},"end":{"line":45,"column":3}},"4":{"start":{"line":44,"column":4},"end":{"line":44,"column":28}},"5":{"start":{"line":48,"column":2},"end":{"line":61,"column":3}},"6":{"start":{"line":50,"column":6},"end":{"line":50,"column":45}},"7":{"start":{"line":51,"column":6},"end":{"line":51,"column":41}},"8":{"start":{"line":52,"column":6},"end":{"line":52,"column":12}},"9":{"start":{"line":54,"column":6},"end":{"line":54,"column":47}},"10":{"start":{"line":55,"column":6},"end":{"line":55,"column":43}},"11":{"start":{"line":56,"column":6},"end":{"line":56,"column":12}},"12":{"start":{"line":58,"column":6},"end":{"line":58,"column":45}},"13":{"start":{"line":59,"column":6},"end":{"line":59,"column":41}},"14":{"start":{"line":60,"column":6},"end":{"line":60,"column":12}},"15":{"start":{"line":63,"column":2},"end":{"line":65,"column":3}},"16":{"start":{"line":64,"column":4},"end":{"line":64,"column":38}},"17":{"start":{"line":67,"column":2},"end":{"line":88,"column":4}},"18":{"start":{"line":91,"column":15},"end":{"line":135,"column":2}}},"fnMap":{"0":{"name":"(anonymous_0)","decl":{"start":{"line":30,"column":45},"end":{"line":30,"column":46}},"loc":{"start":{"line":39,"column":6},"end":{"line":89,"column":1}},"line":39}},"branchMap":{"0":{"loc":{"start":{"line":32,"column":2},"end":{"line":32,"column":21}},"type":"default-arg","locations":[{"start":{"line":32,"column":12},"end":{"line":32,"column":21}}],"line":32},"1":{"loc":{"start":{"line":34,"column":2},"end":{"line":34,"column":17}},"type":"default-arg","locations":[{"start":{"line":34,"column":12},"end":{"line":34,"column":17}}],"line":34},"2":{"loc":{"start":{"line":35,"column":2},"end":{"line":35,"column":18}},"type":"default-arg","locations":[{"start":{"line":35,"column":13},"end":{"line":35,"column":18}}],"line":35},"3":{"loc":{"start":{"line":43,"column":2},"end":{"line":45,"column":3}},"type":"if","locations":[{"start":{"line":43,"column":2},"end":{"line":45,"column":3}},{"start":{},"end":{}}],"line":43},"4":{"loc":{"start":{"line":48,"column":2},"end":{"line":61,"column":3}},"type":"switch","locations":[{"start":{"line":49,"column":4},"end":{"line":52,"column":12}},{"start":{"line":53,"column":4},"end":{"line":56,"column":12}},{"start":{"line":57,"column":4},"end":{"line":60,"column":12}}],"line":48},"5":{"loc":{"start":{"line":63,"column":2},"end":{"line":65,"column":3}},"type":"if","locations":[{"start":{"line":63,"column":2},"end":{"line":65,"column":3}},{"start":{},"end":{}}],"line":63},"6":{"loc":{"start":{"line":63,"column":6},"end":{"line":63,"column":25}},"type":"binary-expr","locations":[{"start":{"line":63,"column":6},"end":{"line":63,"column":14}},{"start":{"line":63,"column":18},"end":{"line":63,"column":25}}],"line":63},"7":{"loc":{"start":{"line":72,"column":18},"end":{"line":72,"column":37}},"type":"binary-expr","locations":[{"start":{"line":72,"column":18},"end":{"line":72,"column":26}},{"start":{"line":72,"column":30},"end":{"line":72,"column":37}}],"line":72},"8":{"loc":{"start":{"line":73,"column":28},"end":{"line":73,"column":55}},"type":"binary-expr","locations":[{"start":{"line":73,"column":28},"end":{"line":73,"column":46}},{"start":{"line":73,"column":50},"end":{"line":73,"column":55}}],"line":73},"9":{"loc":{"start":{"line":78,"column":9},"end":{"line":85,"column":9}},"type":"cond-expr","locations":[{"start":{"line":79,"column":10},"end":{"line":82,"column":12}},{"start":{"line":84,"column":10},"end":{"line":84,"column":48}}],"line":78},"10":{"loc":{"start":{"line":80,"column":19},"end":{"line":80,"column":80}},"type":"cond-expr","locations":[{"start":{"line":80,"column":43},"end":{"line":80,"column":52}},{"start":{"line":80,"column":55},"end":{"line":80,"column":80}}],"line":80}},"s":{"0":0,"1":0,"2":0,"3":0,"4":0,"5":0,"6":0,"7":0,"8":0,"9":0,"10":0,"11":0,"12":0,"13":0,"14":0,"15":0,"16":0,"17":0,"18":0},"f":{"0":0},"b":{"0":[0],"1":[0],"2":[0],"3":[0,0],"4":[0,0,0],"5":[0,0],"6":[0,0],"7":[0,0],"8":[0,0],"9":[0,0],"10":[0,0]}}
,"/Users/asimsinanyuksel/Desktop/food-lens/src/components/common/Card.tsx": {"path":"/Users/asimsinanyuksel/Desktop/food-lens/src/components/common/Card.tsx","statementMap":{"0":{"start":{"line":18,"column":41},"end":{"line":45,"column":1}},"1":{"start":{"line":24,"column":33},"end":{"line":24,"column":46}},"2":{"start":{"line":26,"column":2},"end":{"line":31,"column":3}},"3":{"start":{"line":27,"column":4},"end":{"line":27,"column":34}},"4":{"start":{"line":28,"column":4},"end":{"line":30,"column":5}},"5":{"start":{"line":29,"column":6},"end":{"line":29,"column":36}},"6":{"start":{"line":33,"column":20},"end":{"line":38,"column":3}},"7":{"start":{"line":34,"column":4},"end":{"line":34,"column":30}},"8":{"start":{"line":34,"column":16},"end":{"line":34,"column":30}},"9":{"start":{"line":35,"column":4},"end":{"line":35,"column":57}},"10":{"start":{"line":35,"column":34},"end":{"line":35,"column":57}},"11":{"start":{"line":36,"column":4},"end":{"line":36,"column":37}},"12":{"start":{"line":36,"column":16},"end":{"line":36,"column":37}},"13":{"start":{"line":37,"column":4},"end":{"line":37,"column":18}},"14":{"start":{"line":40,"column":2},"end":{"line":44,"column":4}},"15":{"start":{"line":47,"column":15},"end":{"line":63,"column":2}}},"fnMap":{"0":{"name":"(anonymous_0)","decl":{"start":{"line":18,"column":41},"end":{"line":18,"column":42}},"loc":{"start":{"line":23,"column":6},"end":{"line":45,"column":1}},"line":23},"1":{"name":"(anonymous_1)","decl":{"start":{"line":33,"column":20},"end":{"line":33,"column":21}},"loc":{"start":{"line":33,"column":26},"end":{"line":38,"column":3}},"line":33}},"branchMap":{"0":{"loc":{"start":{"line":20,"column":2},"end":{"line":20,"column":15}},"type":"default-arg","locations":[{"start":{"line":20,"column":11},"end":{"line":20,"column":15}}],"line":20},"1":{"loc":{"start":{"line":21,"column":2},"end":{"line":21,"column":15}},"type":"default-arg","locations":[{"start":{"line":21,"column":14},"end":{"line":21,"column":15}}],"line":21},"2":{"loc":{"start":{"line":26,"column":2},"end":{"line":31,"column":3}},"type":"if","locations":[{"start":{"line":26,"column":2},"end":{"line":31,"column":3}},{"start":{},"end":{}}],"line":26},"3":{"loc":{"start":{"line":28,"column":4},"end":{"line":30,"column":5}},"type":"if","locations":[{"start":{"line":28,"column":4},"end":{"line":30,"column":5}},{"start":{},"end":{}}],"line":28},"4":{"loc":{"start":{"line":34,"column":4},"end":{"line":34,"column":30}},"type":"if","locations":[{"start":{"line":34,"column":4},"end":{"line":34,"column":30}},{"start":{},"end":{}}],"line":34},"5":{"loc":{"start":{"line":35,"column":4},"end":{"line":35,"column":57}},"type":"if","locations":[{"start":{"line":35,"column":4},"end":{"line":35,"column":57}},{"start":{},"end":{}}],"line":35},"6":{"loc":{"start":{"line":35,"column":8},"end":{"line":35,"column":32}},"type":"binary-expr","locations":[{"start":{"line":35,"column":8},"end":{"line":35,"column":21}},{"start":{"line":35,"column":25},"end":{"line":35,"column":32}}],"line":35},"7":{"loc":{"start":{"line":36,"column":4},"end":{"line":36,"column":37}},"type":"if","locations":[{"start":{"line":36,"column":4},"end":{"line":36,"column":37}},{"start":{},"end":{}}],"line":36},"8":{"loc":{"start":{"line":51,"column":13},"end":{"line":51,"column":73}},"type":"cond-expr","locations":[{"start":{"line":51,"column":24},"end":{"line":51,"column":47}},{"start":{"line":51,"column":50},"end":{"line":51,"column":73}}],"line":51},"9":{"loc":{"start":{"line":53,"column":22},"end":{"line":53,"column":82}},"type":"cond-expr","locations":[{"start":{"line":53,"column":33},"end":{"line":53,"column":56}},{"start":{"line":53,"column":59},"end":{"line":53,"column":82}}],"line":53},"10":{"loc":{"start":{"line":54,"column":14},"end":{"line":54,"column":37}},"type":"cond-expr","locations":[{"start":{"line":54,"column":25},"end":{"line":54,"column":28}},{"start":{"line":54,"column":31},"end":{"line":54,"column":37}}],"line":54},"11":{"loc":{"start":{"line":55,"column":15},"end":{"line":55,"column":46}},"type":"cond-expr","locations":[{"start":{"line":55,"column":26},"end":{"line":55,"column":34}},{"start":{"line":55,"column":37},"end":{"line":55,"column":46}}],"line":55}},"s":{"0":0,"1":0,"2":0,"3":0,"4":0,"5":0,"6":0,"7":0,"8":0,"9":0,"10":0,"11":0,"12":0,"13":0,"14":0,"15":0},"f":{"0":0,"1":0},"b":{"0":[0],"1":[0],"2":[0,0],"3":[0,0],"4":[0,0],"5":[0,0],"6":[0,0],"7":[0,0],"8":[0,0],"9":[0,0],"10":[0,0],"11":[0,0]}}
,"/Users/asimsinanyuksel/Desktop/food-lens/src/components/common/ErrorBoundary.tsx": {"path":"/Users/asimsinanyuksel/Desktop/food-lens/src/components/common/ErrorBoundary.tsx","statementMap":{"0":{"start":{"line":26,"column":4},"end":{"line":26,"column":17}},"1":{"start":{"line":27,"column":4},"end":{"line":30,"column":6}},"2":{"start":{"line":34,"column":4},"end":{"line":37,"column":6}},"3":{"start":{"line":41,"column":4},"end":{"line":41,"column":70}},"4":{"start":{"line":42,"column":4},"end":{"line":42,"column":43}},"5":{"start":{"line":45,"column":16},"end":{"line":50,"column":3}},"6":{"start":{"line":46,"column":4},"end":{"line":49,"column":7}},"7":{"start":{"line":53,"column":4},"end":{"line":74,"column":5}},"8":{"start":{"line":54,"column":6},"end":{"line":56,"column":7}},"9":{"start":{"line":55,"column":8},"end":{"line":55,"column":35}},"10":{"start":{"line":58,"column":6},"end":{"line":73,"column":8}},"11":{"start":{"line":76,"column":4},"end":{"line":76,"column":31}},"12":{"start":{"line":80,"column":15},"end":{"line":98,"column":2}}},"fnMap":{"0":{"name":"(anonymous_0)","decl":{"start":{"line":25,"column":2},"end":{"line":25,"column":3}},"loc":{"start":{"line":25,"column":41},"end":{"line":31,"column":3}},"line":25},"1":{"name":"(anonymous_1)","decl":{"start":{"line":33,"column":2},"end":{"line":33,"column":3}},"loc":{"start":{"line":33,"column":68},"end":{"line":38,"column":3}},"line":33},"2":{"name":"(anonymous_2)","decl":{"start":{"line":40,"column":2},"end":{"line":40,"column":3}},"loc":{"start":{"line":40,"column":56},"end":{"line":43,"column":3}},"line":40},"3":{"name":"(anonymous_3)","decl":{"start":{"line":45,"column":16},"end":{"line":45,"column":17}},"loc":{"start":{"line":45,"column":22},"end":{"line":50,"column":3}},"line":45},"4":{"name":"(anonymous_4)","decl":{"start":{"line":52,"column":2},"end":{"line":52,"column":3}},"loc":{"start":{"line":52,"column":11},"end":{"line":77,"column":3}},"line":52}},"branchMap":{"0":{"loc":{"start":{"line":53,"column":4},"end":{"line":74,"column":5}},"type":"if","locations":[{"start":{"line":53,"column":4},"end":{"line":74,"column":5}},{"start":{},"end":{}}],"line":53},"1":{"loc":{"start":{"line":54,"column":6},"end":{"line":56,"column":7}},"type":"if","locations":[{"start":{"line":54,"column":6},"end":{"line":56,"column":7}},{"start":{},"end":{}}],"line":54},"2":{"loc":{"start":{"line":64,"column":13},"end":{"line":64,"column":72}},"type":"binary-expr","locations":[{"start":{"line":64,"column":13},"end":{"line":64,"column":38}},{"start":{"line":64,"column":42},"end":{"line":64,"column":72}}],"line":64}},"s":{"0":0,"1":0,"2":0,"3":0,"4":0,"5":0,"6":0,"7":0,"8":0,"9":0,"10":0,"11":0,"12":0},"f":{"0":0,"1":0,"2":0,"3":0,"4":0},"b":{"0":[0,0],"1":[0,0],"2":[0,0]}}
,"/Users/asimsinanyuksel/Desktop/food-lens/src/components/common/Gradient.tsx": {"path":"/Users/asimsinanyuksel/Desktop/food-lens/src/components/common/Gradient.tsx","statementMap":{"0":{"start":{"line":13,"column":0},"end":{"line":17,"column":1}},"1":{"start":{"line":14,"column":2},"end":{"line":14,"column":66}},"2":{"start":{"line":16,"column":2},"end":{"line":16,"column":24}},"3":{"start":{"line":28,"column":49},"end":{"line":76,"column":1}},"4":{"start":{"line":34,"column":28},"end":{"line":45,"column":3}},"5":{"start":{"line":35,"column":4},"end":{"line":44,"column":5}},"6":{"start":{"line":37,"column":8},"end":{"line":37,"column":71}},"7":{"start":{"line":39,"column":8},"end":{"line":39,"column":69}},"8":{"start":{"line":41,"column":8},"end":{"line":41,"column":71}},"9":{"start":{"line":43,"column":8},"end":{"line":43,"column":71}},"10":{"start":{"line":47,"column":37},"end":{"line":47,"column":54}},"11":{"start":{"line":48,"column":2},"end":{"line":50,"column":3}},"12":{"start":{"line":49,"column":4},"end":{"line":49,"column":30}},"13":{"start":{"line":53,"column":2},"end":{"line":65,"column":3}},"14":{"start":{"line":54,"column":4},"end":{"line":64,"column":6}},"15":{"start":{"line":68,"column":2},"end":{"line":75,"column":4}},"16":{"start":{"line":78,"column":15},"end":{"line":83,"column":2}}},"fnMap":{"0":{"name":"(anonymous_0)","decl":{"start":{"line":28,"column":49},"end":{"line":28,"column":50}},"loc":{"start":{"line":33,"column":6},"end":{"line":76,"column":1}},"line":33},"1":{"name":"(anonymous_1)","decl":{"start":{"line":34,"column":28},"end":{"line":34,"column":29}},"loc":{"start":{"line":34,"column":34},"end":{"line":45,"column":3}},"line":34}},"branchMap":{"0":{"loc":{"start":{"line":30,"column":2},"end":{"line":30,"column":21}},"type":"default-arg","locations":[{"start":{"line":30,"column":12},"end":{"line":30,"column":21}}],"line":30},"1":{"loc":{"start":{"line":35,"column":4},"end":{"line":44,"column":5}},"type":"switch","locations":[{"start":{"line":36,"column":6},"end":{"line":37,"column":71}},{"start":{"line":38,"column":6},"end":{"line":39,"column":69}},{"start":{"line":40,"column":6},"end":{"line":41,"column":71}},{"start":{"line":42,"column":6},"end":{"line":43,"column":71}}],"line":35},"2":{"loc":{"start":{"line":48,"column":2},"end":{"line":50,"column":3}},"type":"if","locations":[{"start":{"line":48,"column":2},"end":{"line":50,"column":3}},{"start":{},"end":{}}],"line":48},"3":{"loc":{"start":{"line":53,"column":2},"end":{"line":65,"column":3}},"type":"if","locations":[{"start":{"line":53,"column":2},"end":{"line":65,"column":3}},{"start":{},"end":{}}],"line":53}},"s":{"0":0,"1":0,"2":0,"3":0,"4":0,"5":0,"6":0,"7":0,"8":0,"9":0,"10":0,"11":0,"12":0,"13":0,"14":0,"15":0,"16":0},"f":{"0":0,"1":0},"b":{"0":[0],"1":[0,0,0,0],"2":[0,0],"3":[0,0]}}
,"/Users/asimsinanyuksel/Desktop/food-lens/src/components/common/LoadingSpinner.tsx": {"path":"/Users/asimsinanyuksel/Desktop/food-lens/src/components/common/LoadingSpinner.tsx","statementMap":{"0":{"start":{"line":20,"column":61},"end":{"line":48,"column":1}},"1":{"start":{"line":29,"column":4},"end":{"line":36,"column":11}},"2":{"start":{"line":39,"column":2},"end":{"line":45,"column":3}},"3":{"start":{"line":40,"column":4},"end":{"line":44,"column":6}},"4":{"start":{"line":47,"column":2},"end":{"line":47,"column":17}},"5":{"start":{"line":50,"column":15},"end":{"line":70,"column":2}}},"fnMap":{"0":{"name":"(anonymous_0)","decl":{"start":{"line":20,"column":61},"end":{"line":20,"column":62}},"loc":{"start":{"line":27,"column":6},"end":{"line":48,"column":1}},"line":27}},"branchMap":{"0":{"loc":{"start":{"line":21,"column":2},"end":{"line":21,"column":16}},"type":"default-arg","locations":[{"start":{"line":21,"column":9},"end":{"line":21,"column":16}}],"line":21},"1":{"loc":{"start":{"line":22,"column":2},"end":{"line":22,"column":35}},"type":"default-arg","locations":[{"start":{"line":22,"column":10},"end":{"line":22,"column":35}}],"line":22},"2":{"loc":{"start":{"line":23,"column":2},"end":{"line":23,"column":17}},"type":"default-arg","locations":[{"start":{"line":23,"column":12},"end":{"line":23,"column":17}}],"line":23},"3":{"loc":{"start":{"line":31,"column":7},"end":{"line":35,"column":7}},"type":"binary-expr","locations":[{"start":{"line":31,"column":7},"end":{"line":31,"column":14}},{"start":{"line":32,"column":8},"end":{"line":34,"column":15}}],"line":31},"4":{"loc":{"start":{"line":39,"column":2},"end":{"line":45,"column":3}},"type":"if","locations":[{"start":{"line":39,"column":2},"end":{"line":45,"column":3}},{"start":{},"end":{}}],"line":39}},"s":{"0":0,"1":0,"2":0,"3":0,"4":0,"5":0},"f":{"0":0},"b":{"0":[0],"1":[0],"2":[0],"3":[0,0],"4":[0,0]}}
,"/Users/asimsinanyuksel/Desktop/food-lens/src/components/common/Shadow.tsx": {"path":"/Users/asimsinanyuksel/Desktop/food-lens/src/components/common/Shadow.tsx","statementMap":{"0":{"start":{"line":16,"column":45},"end":{"line":48,"column":1}},"1":{"start":{"line":21,"column":35},"end":{"line":21,"column":37}},"2":{"start":{"line":25,"column":4},"end":{"line":29,"column":35}},"3":{"start":{"line":31,"column":17},"end":{"line":31,"column":29}},"4":{"start":{"line":32,"column":2},"end":{"line":37,"column":5}},"5":{"start":{"line":39,"column":2},"end":{"line":41,"column":3}},"6":{"start":{"line":40,"column":4},"end":{"line":40,"column":54}},"7":{"start":{"line":43,"column":2},"end":{"line":47,"column":4}}},"fnMap":{"0":{"name":"(anonymous_0)","decl":{"start":{"line":16,"column":45},"end":{"line":16,"column":46}},"loc":{"start":{"line":20,"column":6},"end":{"line":48,"column":1}},"line":20}},"branchMap":{"0":{"loc":{"start":{"line":18,"column":2},"end":{"line":18,"column":20}},"type":"default-arg","locations":[{"start":{"line":18,"column":12},"end":{"line":18,"column":20}}],"line":18},"1":{"loc":{"start":{"line":25,"column":4},"end":{"line":29,"column":35}},"type":"cond-expr","locations":[{"start":{"line":26,"column":8},"end":{"line":26,"column":34}},{"start":{"line":27,"column":8},"end":{"line":29,"column":35}}],"line":25},"2":{"loc":{"start":{"line":27,"column":8},"end":{"line":29,"column":35}},"type":"cond-expr","locations":[{"start":{"line":28,"column":8},"end":{"line":28,"column":34}},{"start":{"line":29,"column":8},"end":{"line":29,"column":35}}],"line":27},"3":{"loc":{"start":{"line":39,"column":2},"end":{"line":41,"column":3}},"type":"if","locations":[{"start":{"line":39,"column":2},"end":{"line":41,"column":3}},{"start":{},"end":{}}],"line":39}},"s":{"0":0,"1":0,"2":0,"3":0,"4":0,"5":0,"6":0,"7":0},"f":{"0":0},"b":{"0":[0],"1":[0,0],"2":[0,0],"3":[0,0]}}
,"/Users/asimsinanyuksel/Desktop/food-lens/src/components/common/Skeleton.tsx": {"path":"/Users/asimsinanyuksel/Desktop/food-lens/src/components/common/Skeleton.tsx","statementMap":{"0":{"start":{"line":26,"column":49},"end":{"line":67,"column":1}},"1":{"start":{"line":33,"column":18},"end":{"line":33,"column":37}},"2":{"start":{"line":35,"column":2},"end":{"line":41,"column":16}},"3":{"start":{"line":36,"column":4},"end":{"line":40,"column":6}},"4":{"start":{"line":43,"column":24},"end":{"line":47,"column":4}},"5":{"start":{"line":44,"column":4},"end":{"line":46,"column":6}},"6":{"start":{"line":49,"column":31},"end":{"line":54,"column":3}},"7":{"start":{"line":56,"column":2},"end":{"line":66,"column":4}},"8":{"start":{"line":69,"column":15},"end":{"line":73,"column":2}}},"fnMap":{"0":{"name":"(anonymous_0)","decl":{"start":{"line":26,"column":49},"end":{"line":26,"column":50}},"loc":{"start":{"line":32,"column":6},"end":{"line":67,"column":1}},"line":32},"1":{"name":"(anonymous_1)","decl":{"start":{"line":35,"column":18},"end":{"line":35,"column":19}},"loc":{"start":{"line":35,"column":24},"end":{"line":41,"column":3}},"line":35},"2":{"name":"(anonymous_2)","decl":{"start":{"line":43,"column":41},"end":{"line":43,"column":42}},"loc":{"start":{"line":43,"column":47},"end":{"line":47,"column":3}},"line":43}},"branchMap":{"0":{"loc":{"start":{"line":27,"column":2},"end":{"line":27,"column":16}},"type":"default-arg","locations":[{"start":{"line":27,"column":10},"end":{"line":27,"column":16}}],"line":27},"1":{"loc":{"start":{"line":28,"column":2},"end":{"line":28,"column":13}},"type":"default-arg","locations":[{"start":{"line":28,"column":11},"end":{"line":28,"column":13}}],"line":28},"2":{"loc":{"start":{"line":29,"column":2},"end":{"line":29,"column":45}},"type":"default-arg","locations":[{"start":{"line":29,"column":17},"end":{"line":29,"column":45}}],"line":29}},"s":{"0":0,"1":0,"2":0,"3":0,"4":0,"5":0,"6":0,"7":0,"8":0},"f":{"0":0,"1":0,"2":0},"b":{"0":[0],"1":[0],"2":[0]}}
,"/Users/asimsinanyuksel/Desktop/food-lens/src/components/common/Toast.tsx": {"path":"/Users/asimsinanyuksel/Desktop/food-lens/src/components/common/Toast.tsx","statementMap":{"0":{"start":{"line":27,"column":43},"end":{"line":116,"column":1}},"1":{"start":{"line":35,"column":19},"end":{"line":35,"column":62}},"2":{"start":{"line":36,"column":20},"end":{"line":36,"column":66}},"3":{"start":{"line":38,"column":2},"end":{"line":60,"column":26}},"4":{"start":{"line":39,"column":4},"end":{"line":59,"column":5}},"5":{"start":{"line":40,"column":6},"end":{"line":52,"column":17}},"6":{"start":{"line":54,"column":20},"end":{"line":56,"column":18}},"7":{"start":{"line":55,"column":8},"end":{"line":55,"column":24}},"8":{"start":{"line":58,"column":6},"end":{"line":58,"column":39}},"9":{"start":{"line":58,"column":19},"end":{"line":58,"column":38}},"10":{"start":{"line":62,"column":24},"end":{"line":77,"column":3}},"11":{"start":{"line":63,"column":4},"end":{"line":76,"column":7}},"12":{"start":{"line":75,"column":6},"end":{"line":75,"column":20}},"13":{"start":{"line":79,"column":24},"end":{"line":90,"column":3}},"14":{"start":{"line":80,"column":4},"end":{"line":89,"column":5}},"15":{"start":{"line":82,"column":8},"end":{"line":82,"column":84}},"16":{"start":{"line":84,"column":8},"end":{"line":84,"column":88}},"17":{"start":{"line":86,"column":8},"end":{"line":86,"column":92}},"18":{"start":{"line":88,"column":8},"end":{"line":88,"column":80}},"19":{"start":{"line":92,"column":21},"end":{"line":92,"column":36}},"20":{"start":{"line":94,"column":2},"end":{"line":94,"column":28}},"21":{"start":{"line":94,"column":16},"end":{"line":94,"column":28}},"22":{"start":{"line":96,"column":2},"end":{"line":115,"column":4}},"23":{"start":{"line":118,"column":15},"end":{"line":147,"column":2}}},"fnMap":{"0":{"name":"(anonymous_0)","decl":{"start":{"line":27,"column":43},"end":{"line":27,"column":44}},"loc":{"start":{"line":34,"column":6},"end":{"line":116,"column":1}},"line":34},"1":{"name":"(anonymous_1)","decl":{"start":{"line":38,"column":12},"end":{"line":38,"column":13}},"loc":{"start":{"line":38,"column":18},"end":{"line":60,"column":3}},"line":38},"2":{"name":"(anonymous_2)","decl":{"start":{"line":54,"column":31},"end":{"line":54,"column":32}},"loc":{"start":{"line":54,"column":37},"end":{"line":56,"column":7}},"line":54},"3":{"name":"(anonymous_3)","decl":{"start":{"line":58,"column":13},"end":{"line":58,"column":14}},"loc":{"start":{"line":58,"column":19},"end":{"line":58,"column":38}},"line":58},"4":{"name":"(anonymous_4)","decl":{"start":{"line":62,"column":24},"end":{"line":62,"column":25}},"loc":{"start":{"line":62,"column":30},"end":{"line":77,"column":3}},"line":62},"5":{"name":"(anonymous_5)","decl":{"start":{"line":74,"column":13},"end":{"line":74,"column":14}},"loc":{"start":{"line":74,"column":19},"end":{"line":76,"column":5}},"line":74},"6":{"name":"(anonymous_6)","decl":{"start":{"line":79,"column":24},"end":{"line":79,"column":25}},"loc":{"start":{"line":79,"column":30},"end":{"line":90,"column":3}},"line":79}},"branchMap":{"0":{"loc":{"start":{"line":29,"column":2},"end":{"line":29,"column":15}},"type":"default-arg","locations":[{"start":{"line":29,"column":9},"end":{"line":29,"column":15}}],"line":29},"1":{"loc":{"start":{"line":31,"column":2},"end":{"line":31,"column":17}},"type":"default-arg","locations":[{"start":{"line":31,"column":13},"end":{"line":31,"column":17}}],"line":31},"2":{"loc":{"start":{"line":39,"column":4},"end":{"line":59,"column":5}},"type":"if","locations":[{"start":{"line":39,"column":4},"end":{"line":59,"column":5}},{"start":{},"end":{}}],"line":39},"3":{"loc":{"start":{"line":80,"column":4},"end":{"line":89,"column":5}},"type":"switch","locations":[{"start":{"line":81,"column":6},"end":{"line":82,"column":84}},{"start":{"line":83,"column":6},"end":{"line":84,"column":88}},{"start":{"line":85,"column":6},"end":{"line":86,"column":92}},{"start":{"line":87,"column":6},"end":{"line":88,"column":80}}],"line":80},"4":{"loc":{"start":{"line":94,"column":2},"end":{"line":94,"column":28}},"type":"if","locations":[{"start":{"line":94,"column":2},"end":{"line":94,"column":28}},{"start":{},"end":{}}],"line":94}},"s":{"0":0,"1":0,"2":0,"3":0,"4":0,"5":0,"6":0,"7":0,"8":0,"9":0,"10":0,"11":0,"12":0,"13":0,"14":0,"15":0,"16":0,"17":0,"18":0,"19":0,"20":0,"21":0,"22":0,"23":0},"f":{"0":0,"1":0,"2":0,"3":0,"4":0,"5":0,"6":0},"b":{"0":[0],"1":[0],"2":[0,0],"3":[0,0,0,0],"4":[0,0]}}
,"/Users/asimsinanyuksel/Desktop/food-lens/src/components/common/Typography.tsx": {"path":"/Users/asimsinanyuksel/Desktop/food-lens/src/components/common/Typography.tsx","statementMap":{"0":{"start":{"line":19,"column":53},"end":{"line":68,"column":1}},"1":{"start":{"line":26,"column":33},"end":{"line":26,"column":46}},"2":{"start":{"line":29,"column":2},"end":{"line":42,"column":3}},"3":{"start":{"line":31,"column":6},"end":{"line":31,"column":61}},"4":{"start":{"line":32,"column":6},"end":{"line":32,"column":12}},"5":{"start":{"line":34,"column":6},"end":{"line":34,"column":64}},"6":{"start":{"line":35,"column":6},"end":{"line":35,"column":12}},"7":{"start":{"line":37,"column":6},"end":{"line":37,"column":58}},"8":{"start":{"line":38,"column":6},"end":{"line":38,"column":12}},"9":{"start":{"line":40,"column":6},"end":{"line":40,"column":61}},"10":{"start":{"line":41,"column":6},"end":{"line":41,"column":12}},"11":{"start":{"line":45,"column":2},"end":{"line":61,"column":3}},"12":{"start":{"line":47,"column":6},"end":{"line":47,"column":59}},"13":{"start":{"line":48,"column":6},"end":{"line":48,"column":12}},"14":{"start":{"line":50,"column":6},"end":{"line":50,"column":61}},"15":{"start":{"line":51,"column":6},"end":{"line":51,"column":12}},"16":{"start":{"line":53,"column":6},"end":{"line":53,"column":59}},"17":{"start":{"line":54,"column":6},"end":{"line":54,"column":12}},"18":{"start":{"line":56,"column":6},"end":{"line":56,"column":57}},"19":{"start":{"line":57,"column":6},"end":{"line":57,"column":12}},"20":{"start":{"line":59,"column":6},"end":{"line":59,"column":59}},"21":{"start":{"line":60,"column":6},"end":{"line":60,"column":12}},"22":{"start":{"line":63,"column":2},"end":{"line":65,"column":3}},"23":{"start":{"line":64,"column":4},"end":{"line":64,"column":26}},"24":{"start":{"line":67,"column":2},"end":{"line":67,"column":67}},"25":{"start":{"line":70,"column":15},"end":{"line":74,"column":2}}},"fnMap":{"0":{"name":"(anonymous_0)","decl":{"start":{"line":19,"column":53},"end":{"line":19,"column":54}},"loc":{"start":{"line":25,"column":6},"end":{"line":68,"column":1}},"line":25}},"branchMap":{"0":{"loc":{"start":{"line":21,"column":2},"end":{"line":21,"column":18}},"type":"default-arg","locations":[{"start":{"line":21,"column":12},"end":{"line":21,"column":18}}],"line":21},"1":{"loc":{"start":{"line":22,"column":2},"end":{"line":22,"column":19}},"type":"default-arg","locations":[{"start":{"line":22,"column":10},"end":{"line":22,"column":19}}],"line":22},"2":{"loc":{"start":{"line":29,"column":2},"end":{"line":42,"column":3}},"type":"switch","locations":[{"start":{"line":30,"column":4},"end":{"line":32,"column":12}},{"start":{"line":33,"column":4},"end":{"line":35,"column":12}},{"start":{"line":36,"column":4},"end":{"line":38,"column":12}},{"start":{"line":39,"column":4},"end":{"line":41,"column":12}}],"line":29},"3":{"loc":{"start":{"line":45,"column":2},"end":{"line":61,"column":3}},"type":"switch","locations":[{"start":{"line":46,"column":4},"end":{"line":48,"column":12}},{"start":{"line":49,"column":4},"end":{"line":51,"column":12}},{"start":{"line":52,"column":4},"end":{"line":54,"column":12}},{"start":{"line":55,"column":4},"end":{"line":57,"column":12}},{"start":{"line":58,"column":4},"end":{"line":60,"column":12}}],"line":45},"4":{"loc":{"start":{"line":63,"column":2},"end":{"line":65,"column":3}},"type":"if","locations":[{"start":{"line":63,"column":2},"end":{"line":65,"column":3}},{"start":{},"end":{}}],"line":63}},"s":{"0":0,"1":0,"2":0,"3":0,"4":0,"5":0,"6":0,"7":0,"8":0,"9":0,"10":0,"11":0,"12":0,"13":0,"14":0,"15":0,"16":0,"17":0,"18":0,"19":0,"20":0,"21":0,"22":0,"23":0,"24":0,"25":0},"f":{"0":0},"b":{"0":[0],"1":[0],"2":[0,0,0,0],"3":[0,0,0,0,0],"4":[0,0]}}
,"/Users/asimsinanyuksel/Desktop/food-lens/src/components/forms/LoginForm.tsx": {"path":"/Users/asimsinanyuksel/Desktop/food-lens/src/components/forms/LoginForm.tsx","statementMap":{"0":{"start":{"line":20,"column":51},"end":{"line":153,"column":1}},"1":{"start":{"line":21,"column":60},"end":{"line":21,"column":69}},"2":{"start":{"line":22,"column":24},"end":{"line":22,"column":34}},"3":{"start":{"line":23,"column":17},"end":{"line":23,"column":28}},"4":{"start":{"line":25,"column":28},"end":{"line":25,"column":53}},"5":{"start":{"line":26,"column":34},"end":{"line":26,"column":52}},"6":{"start":{"line":27,"column":38},"end":{"line":27,"column":50}},"7":{"start":{"line":28,"column":32},"end":{"line":28,"column":46}},"8":{"start":{"line":30,"column":24},"end":{"line":45,"column":3}},"9":{"start":{"line":31,"column":23},"end":{"line":31,"column":51}},"10":{"start":{"line":32,"column":4},"end":{"line":36,"column":5}},"11":{"start":{"line":33,"column":6},"end":{"line":33,"column":24}},"12":{"start":{"line":34,"column":6},"end":{"line":34,"column":24}},"13":{"start":{"line":35,"column":6},"end":{"line":35,"column":19}},"14":{"start":{"line":37,"column":4},"end":{"line":41,"column":5}},"15":{"start":{"line":38,"column":6},"end":{"line":38,"column":44}},"16":{"start":{"line":39,"column":6},"end":{"line":39,"column":24}},"17":{"start":{"line":40,"column":6},"end":{"line":40,"column":19}},"18":{"start":{"line":42,"column":4},"end":{"line":42,"column":22}},"19":{"start":{"line":43,"column":4},"end":{"line":43,"column":21}},"20":{"start":{"line":44,"column":4},"end":{"line":44,"column":16}},"21":{"start":{"line":47,"column":28},"end":{"line":52,"column":3}},"22":{"start":{"line":48,"column":4},"end":{"line":48,"column":19}},"23":{"start":{"line":49,"column":4},"end":{"line":51,"column":5}},"24":{"start":{"line":50,"column":6},"end":{"line":50,"column":26}},"25":{"start":{"line":54,"column":23},"end":{"line":83,"column":3}},"26":{"start":{"line":56,"column":23},"end":{"line":56,"column":43}},"27":{"start":{"line":57,"column":4},"end":{"line":59,"column":5}},"28":{"start":{"line":58,"column":6},"end":{"line":58,"column":13}},"29":{"start":{"line":60,"column":4},"end":{"line":62,"column":5}},"30":{"start":{"line":61,"column":6},"end":{"line":61,"column":13}},"31":{"start":{"line":64,"column":4},"end":{"line":82,"column":5}},"32":{"start":{"line":66,"column":6},"end":{"line":66,"column":35}},"33":{"start":{"line":69,"column":6},"end":{"line":69,"column":48}},"34":{"start":{"line":72,"column":6},"end":{"line":74,"column":7}},"35":{"start":{"line":73,"column":8},"end":{"line":73,"column":34}},"36":{"start":{"line":77,"column":6},"end":{"line":77,"column":40}},"37":{"start":{"line":80,"column":6},"end":{"line":80,"column":75}},"38":{"start":{"line":81,"column":6},"end":{"line":81,"column":42}},"39":{"start":{"line":85,"column":2},"end":{"line":152,"column":4}},"40":{"start":{"line":145,"column":27},"end":{"line":145,"column":56}},"41":{"start":{"line":155,"column":15},"end":{"line":188,"column":2}}},"fnMap":{"0":{"name":"(anonymous_0)","decl":{"start":{"line":20,"column":51},"end":{"line":20,"column":52}},"loc":{"start":{"line":20,"column":69},"end":{"line":153,"column":1}},"line":20},"1":{"name":"(anonymous_1)","decl":{"start":{"line":30,"column":24},"end":{"line":30,"column":25}},"loc":{"start":{"line":30,"column":48},"end":{"line":45,"column":3}},"line":30},"2":{"name":"(anonymous_2)","decl":{"start":{"line":47,"column":28},"end":{"line":47,"column":29}},"loc":{"start":{"line":47,"column":46},"end":{"line":52,"column":3}},"line":47},"3":{"name":"(anonymous_3)","decl":{"start":{"line":54,"column":23},"end":{"line":54,"column":24}},"loc":{"start":{"line":54,"column":35},"end":{"line":83,"column":3}},"line":54},"4":{"name":"(anonymous_4)","decl":{"start":{"line":145,"column":21},"end":{"line":145,"column":22}},"loc":{"start":{"line":145,"column":27},"end":{"line":145,"column":56}},"line":145}},"branchMap":{"0":{"loc":{"start":{"line":32,"column":4},"end":{"line":36,"column":5}},"type":"if","locations":[{"start":{"line":32,"column":4},"end":{"line":36,"column":5}},{"start":{},"end":{}}],"line":32},"1":{"loc":{"start":{"line":37,"column":4},"end":{"line":41,"column":5}},"type":"if","locations":[{"start":{"line":37,"column":4},"end":{"line":41,"column":5}},{"start":{},"end":{}}],"line":37},"2":{"loc":{"start":{"line":49,"column":4},"end":{"line":51,"column":5}},"type":"if","locations":[{"start":{"line":49,"column":4},"end":{"line":51,"column":5}},{"start":{},"end":{}}],"line":49},"3":{"loc":{"start":{"line":57,"column":4},"end":{"line":59,"column":5}},"type":"if","locations":[{"start":{"line":57,"column":4},"end":{"line":59,"column":5}},{"start":{},"end":{}}],"line":57},"4":{"loc":{"start":{"line":60,"column":4},"end":{"line":62,"column":5}},"type":"if","locations":[{"start":{"line":60,"column":4},"end":{"line":62,"column":5}},{"start":{},"end":{}}],"line":60},"5":{"loc":{"start":{"line":72,"column":6},"end":{"line":74,"column":7}},"type":"if","locations":[{"start":{"line":72,"column":6},"end":{"line":74,"column":7}},{"start":{},"end":{}}],"line":72},"6":{"loc":{"start":{"line":80,"column":16},"end":{"line":80,"column":64}},"type":"binary-expr","locations":[{"start":{"line":80,"column":16},"end":{"line":80,"column":27}},{"start":{"line":80,"column":31},"end":{"line":80,"column":64}}],"line":80},"7":{"loc":{"start":{"line":103,"column":9},"end":{"line":105,"column":9}},"type":"binary-expr","locations":[{"start":{"line":103,"column":9},"end":{"line":103,"column":14}},{"start":{"line":103,"column":18},"end":{"line":103,"column":29}},{"start":{"line":104,"column":10},"end":{"line":104,"column":84}}],"line":103},"8":{"loc":{"start":{"line":106,"column":9},"end":{"line":110,"column":16}},"type":"cond-expr","locations":[{"start":{"line":107,"column":10},"end":{"line":109,"column":23}},{"start":{"line":110,"column":12},"end":{"line":110,"column":16}}],"line":106},"9":{"loc":{"start":{"line":126,"column":7},"end":{"line":130,"column":7}},"type":"binary-expr","locations":[{"start":{"line":126,"column":7},"end":{"line":126,"column":16}},{"start":{"line":127,"column":8},"end":{"line":129,"column":21}}],"line":126},"10":{"loc":{"start":{"line":131,"column":7},"end":{"line":131,"column":76}},"type":"binary-expr","locations":[{"start":{"line":131,"column":7},"end":{"line":131,"column":18}},{"start":{"line":131,"column":22},"end":{"line":131,"column":76}}],"line":131}},"s":{"0":0,"1":0,"2":0,"3":0,"4":0,"5":0,"6":0,"7":0,"8":0,"9":0,"10":0,"11":0,"12":0,"13":0,"14":0,"15":0,"16":0,"17":0,"18":0,"19":0,"20":0,"21":0,"22":0,"23":0,"24":0,"25":0,"26":0,"27":0,"28":0,"29":0,"30":0,"31":0,"32":0,"33":0,"34":0,"35":0,"36":0,"37":0,"38":0,"39":0,"40":0,"41":0},"f":{"0":0,"1":0,"2":0,"3":0,"4":0},"b":{"0":[0,0],"1":[0,0],"2":[0,0],"3":[0,0],"4":[0,0],"5":[0,0],"6":[0,0],"7":[0,0,0],"8":[0,0],"9":[0,0],"10":[0,0]}}
,"/Users/asimsinanyuksel/Desktop/food-lens/src/components/forms/RegisterForm.tsx": {"path":"/Users/asimsinanyuksel/Desktop/food-lens/src/components/forms/RegisterForm.tsx","statementMap":{"0":{"start":{"line":20,"column":57},"end":{"line":140,"column":1}},"1":{"start":{"line":21,"column":63},"end":{"line":21,"column":72}},"2":{"start":{"line":22,"column":24},"end":{"line":22,"column":34}},"3":{"start":{"line":23,"column":17},"end":{"line":23,"column":28}},"4":{"start":{"line":24,"column":40},"end":{"line":24,"column":52}},"5":{"start":{"line":25,"column":28},"end":{"line":25,"column":40}},"6":{"start":{"line":26,"column":34},"end":{"line":26,"column":46}},"7":{"start":{"line":27,"column":44},"end":{"line":27,"column":56}},"8":{"start":{"line":29,"column":27},"end":{"line":36,"column":3}},"9":{"start":{"line":30,"column":4},"end":{"line":33,"column":5}},"10":{"start":{"line":31,"column":6},"end":{"line":31,"column":65}},"11":{"start":{"line":32,"column":6},"end":{"line":32,"column":19}},"12":{"start":{"line":34,"column":4},"end":{"line":34,"column":25}},"13":{"start":{"line":35,"column":4},"end":{"line":35,"column":16}},"14":{"start":{"line":38,"column":31},"end":{"line":43,"column":3}},"15":{"start":{"line":39,"column":4},"end":{"line":39,"column":22}},"16":{"start":{"line":40,"column":4},"end":{"line":42,"column":5}},"17":{"start":{"line":41,"column":6},"end":{"line":41,"column":29}},"18":{"start":{"line":45,"column":23},"end":{"line":75,"column":3}},"19":{"start":{"line":47,"column":20},"end":{"line":47,"column":46}},"20":{"start":{"line":48,"column":4},"end":{"line":51,"column":5}},"21":{"start":{"line":50,"column":6},"end":{"line":50,"column":13}},"22":{"start":{"line":52,"column":4},"end":{"line":54,"column":5}},"23":{"start":{"line":53,"column":6},"end":{"line":53,"column":13}},"24":{"start":{"line":56,"column":4},"end":{"line":74,"column":5}},"25":{"start":{"line":58,"column":6},"end":{"line":58,"column":51}},"26":{"start":{"line":61,"column":6},"end":{"line":61,"column":64}},"27":{"start":{"line":64,"column":6},"end":{"line":66,"column":7}},"28":{"start":{"line":65,"column":8},"end":{"line":65,"column":47}},"29":{"start":{"line":69,"column":6},"end":{"line":69,"column":40}},"30":{"start":{"line":72,"column":6},"end":{"line":72,"column":82}},"31":{"start":{"line":73,"column":6},"end":{"line":73,"column":49}},"32":{"start":{"line":77,"column":2},"end":{"line":139,"column":4}},"33":{"start":{"line":142,"column":15},"end":{"line":162,"column":2}}},"fnMap":{"0":{"name":"(anonymous_0)","decl":{"start":{"line":20,"column":57},"end":{"line":20,"column":58}},"loc":{"start":{"line":20,"column":75},"end":{"line":140,"column":1}},"line":20},"1":{"name":"(anonymous_1)","decl":{"start":{"line":29,"column":27},"end":{"line":29,"column":28}},"loc":{"start":{"line":29,"column":54},"end":{"line":36,"column":3}},"line":29},"2":{"name":"(anonymous_2)","decl":{"start":{"line":38,"column":31},"end":{"line":38,"column":32}},"loc":{"start":{"line":38,"column":49},"end":{"line":43,"column":3}},"line":38},"3":{"name":"(anonymous_3)","decl":{"start":{"line":45,"column":23},"end":{"line":45,"column":24}},"loc":{"start":{"line":45,"column":35},"end":{"line":75,"column":3}},"line":45}},"branchMap":{"0":{"loc":{"start":{"line":30,"column":4},"end":{"line":33,"column":5}},"type":"if","locations":[{"start":{"line":30,"column":4},"end":{"line":33,"column":5}},{"start":{},"end":{}}],"line":30},"1":{"loc":{"start":{"line":40,"column":4},"end":{"line":42,"column":5}},"type":"if","locations":[{"start":{"line":40,"column":4},"end":{"line":42,"column":5}},{"start":{},"end":{}}],"line":40},"2":{"loc":{"start":{"line":48,"column":4},"end":{"line":51,"column":5}},"type":"if","locations":[{"start":{"line":48,"column":4},"end":{"line":51,"column":5}},{"start":{},"end":{}}],"line":48},"3":{"loc":{"start":{"line":52,"column":4},"end":{"line":54,"column":5}},"type":"if","locations":[{"start":{"line":52,"column":4},"end":{"line":54,"column":5}},{"start":{},"end":{}}],"line":52},"4":{"loc":{"start":{"line":52,"column":8},"end":{"line":52,"column":30}},"type":"binary-expr","locations":[{"start":{"line":52,"column":8},"end":{"line":52,"column":20}},{"start":{"line":52,"column":24},"end":{"line":52,"column":30}}],"line":52},"5":{"loc":{"start":{"line":64,"column":6},"end":{"line":66,"column":7}},"type":"if","locations":[{"start":{"line":64,"column":6},"end":{"line":66,"column":7}},{"start":{},"end":{}}],"line":64},"6":{"loc":{"start":{"line":72,"column":16},"end":{"line":72,"column":71}},"type":"binary-expr","locations":[{"start":{"line":72,"column":16},"end":{"line":72,"column":27}},{"start":{"line":72,"column":31},"end":{"line":72,"column":71}}],"line":72},"7":{"loc":{"start":{"line":117,"column":9},"end":{"line":121,"column":16}},"type":"cond-expr","locations":[{"start":{"line":118,"column":10},"end":{"line":120,"column":23}},{"start":{"line":121,"column":12},"end":{"line":121,"column":16}}],"line":117},"8":{"loc":{"start":{"line":124,"column":7},"end":{"line":128,"column":7}},"type":"binary-expr","locations":[{"start":{"line":124,"column":7},"end":{"line":124,"column":16}},{"start":{"line":125,"column":8},"end":{"line":127,"column":21}}],"line":124},"9":{"loc":{"start":{"line":129,"column":7},"end":{"line":129,"column":76}},"type":"binary-expr","locations":[{"start":{"line":129,"column":7},"end":{"line":129,"column":18}},{"start":{"line":129,"column":22},"end":{"line":129,"column":76}}],"line":129}},"s":{"0":0,"1":0,"2":0,"3":0,"4":0,"5":0,"6":0,"7":0,"8":0,"9":0,"10":0,"11":0,"12":0,"13":0,"14":0,"15":0,"16":0,"17":0,"18":0,"19":0,"20":0,"21":0,"22":0,"23":0,"24":0,"25":0,"26":0,"27":0,"28":0,"29":0,"30":0,"31":0,"32":0,"33":0},"f":{"0":0,"1":0,"2":0,"3":0},"b":{"0":[0,0],"1":[0,0],"2":[0,0],"3":[0,0],"4":[0,0],"5":[0,0],"6":[0,0],"7":[0,0],"8":[0,0],"9":[0,0]}}
,"/Users/asimsinanyuksel/Desktop/food-lens/src/constants/colors.ts": {"path":"/Users/asimsinanyuksel/Desktop/food-lens/src/constants/colors.ts","statementMap":{"0":{"start":{"line":6,"column":28},"end":{"line":59,"column":1}}},"fnMap":{},"branchMap":{},"s":{"0":0},"f":{},"b":{}}
,"/Users/asimsinanyuksel/Desktop/food-lens/src/constants/designTokens.ts": {"path":"/Users/asimsinanyuksel/Desktop/food-lens/src/constants/designTokens.ts","statementMap":{"0":{"start":{"line":9,"column":55},"end":{"line":9,"column":79}},"1":{"start":{"line":12,"column":24},"end":{"line":12,"column":43}},"2":{"start":{"line":13,"column":29},"end":{"line":13,"column":47}},"3":{"start":{"line":15,"column":28},"end":{"line":97,"column":1}}},"fnMap":{},"branchMap":{},"s":{"0":0,"1":0,"2":0,"3":0},"f":{},"b":{}}
,"/Users/asimsinanyuksel/Desktop/food-lens/src/contexts/AppContext.tsx": {"path":"/Users/asimsinanyuksel/Desktop/food-lens/src/contexts/AppContext.tsx","statementMap":{"0":{"start":{"line":21,"column":24},"end":{"line":21,"column":74}},"1":{"start":{"line":23,"column":62},"end":{"line":62,"column":1}},"2":{"start":{"line":24,"column":28},"end":{"line":24,"column":71}},"3":{"start":{"line":25,"column":34},"end":{"line":25,"column":61}},"4":{"start":{"line":26,"column":40},"end":{"line":26,"column":55}},"5":{"start":{"line":27,"column":56},"end":{"line":27,"column":71}},"6":{"start":{"line":30,"column":2},"end":{"line":42,"column":9}},"7":{"start":{"line":31,"column":25},"end":{"line":39,"column":5}},"8":{"start":{"line":32,"column":6},"end":{"line":38,"column":7}},"9":{"start":{"line":33,"column":8},"end":{"line":33,"column":35}},"10":{"start":{"line":34,"column":8},"end":{"line":34,"column":37}},"11":{"start":{"line":36,"column":8},"end":{"line":36,"column":63}},"12":{"start":{"line":41,"column":4},"end":{"line":41,"column":19}},"13":{"start":{"line":44,"column":2},"end":{"line":61,"column":4}},"14":{"start":{"line":64,"column":29},"end":{"line":70,"column":1}},"15":{"start":{"line":65,"column":18},"end":{"line":65,"column":45}},"16":{"start":{"line":66,"column":2},"end":{"line":68,"column":3}},"17":{"start":{"line":67,"column":4},"end":{"line":67,"column":72}},"18":{"start":{"line":69,"column":2},"end":{"line":69,"column":17}}},"fnMap":{"0":{"name":"(anonymous_0)","decl":{"start":{"line":23,"column":62},"end":{"line":23,"column":63}},"loc":{"start":{"line":23,"column":80},"end":{"line":62,"column":1}},"line":23},"1":{"name":"(anonymous_1)","decl":{"start":{"line":30,"column":12},"end":{"line":30,"column":13}},"loc":{"start":{"line":30,"column":18},"end":{"line":42,"column":3}},"line":30},"2":{"name":"(anonymous_2)","decl":{"start":{"line":31,"column":25},"end":{"line":31,"column":26}},"loc":{"start":{"line":31,"column":37},"end":{"line":39,"column":5}},"line":31},"3":{"name":"(anonymous_3)","decl":{"start":{"line":64,"column":29},"end":{"line":64,"column":30}},"loc":{"start":{"line":64,"column":35},"end":{"line":70,"column":1}},"line":64}},"branchMap":{"0":{"loc":{"start":{"line":66,"column":2},"end":{"line":68,"column":3}},"type":"if","locations":[{"start":{"line":66,"column":2},"end":{"line":68,"column":3}},{"start":{},"end":{}}],"line":66}},"s":{"0":0,"1":0,"2":0,"3":0,"4":0,"5":0,"6":0,"7":0,"8":0,"9":0,"10":0,"11":0,"12":0,"13":0,"14":0,"15":0,"16":0,"17":0,"18":0},"f":{"0":0,"1":0,"2":0,"3":0},"b":{"0":[0,0]}}
,"/Users/asimsinanyuksel/Desktop/food-lens/src/contexts/AuthContext.tsx": {"path":"/Users/asimsinanyuksel/Desktop/food-lens/src/contexts/AuthContext.tsx","statementMap":{"0":{"start":{"line":23,"column":20},"end":{"line":23,"column":73}},"1":{"start":{"line":25,"column":25},"end":{"line":25,"column":47}},"2":{"start":{"line":27,"column":63},"end":{"line":154,"column":1}},"3":{"start":{"line":28,"column":26},"end":{"line":28,"column":53}},"4":{"start":{"line":29,"column":32},"end":{"line":29,"column":46}},"5":{"start":{"line":30,"column":28},"end":{"line":30,"column":57}},"6":{"start":{"line":33,"column":2},"end":{"line":78,"column":9}},"7":{"start":{"line":34,"column":23},"end":{"line":51,"column":5}},"8":{"start":{"line":35,"column":6},"end":{"line":50,"column":7}},"9":{"start":{"line":37,"column":8},"end":{"line":37,"column":35}},"10":{"start":{"line":40,"column":23},"end":{"line":40,"column":67}},"11":{"start":{"line":41,"column":8},"end":{"line":44,"column":9}},"12":{"start":{"line":42,"column":27},"end":{"line":42,"column":45}},"13":{"start":{"line":43,"column":10},"end":{"line":43,"column":28}},"14":{"start":{"line":46,"column":8},"end":{"line":46,"column":84}},"15":{"start":{"line":47,"column":8},"end":{"line":47,"column":64}},"16":{"start":{"line":49,"column":8},"end":{"line":49,"column":26}},"17":{"start":{"line":53,"column":4},"end":{"line":53,"column":17}},"18":{"start":{"line":56,"column":17},"end":{"line":56,"column":34}},"19":{"start":{"line":57,"column":24},"end":{"line":75,"column":6}},"20":{"start":{"line":58,"column":6},"end":{"line":73,"column":7}},"21":{"start":{"line":59,"column":8},"end":{"line":69,"column":9}},"22":{"start":{"line":61,"column":39},"end":{"line":61,"column":109}},"23":{"start":{"line":62,"column":27},"end":{"line":62,"column":75}},"24":{"start":{"line":63,"column":10},"end":{"line":66,"column":11}},"25":{"start":{"line":64,"column":12},"end":{"line":64,"column":30}},"26":{"start":{"line":65,"column":12},"end":{"line":65,"column":83}},"27":{"start":{"line":68,"column":10},"end":{"line":68,"column":58}},"28":{"start":{"line":71,"column":8},"end":{"line":71,"column":22}},"29":{"start":{"line":72,"column":8},"end":{"line":72,"column":56}},"30":{"start":{"line":74,"column":6},"end":{"line":74,"column":24}},"31":{"start":{"line":77,"column":4},"end":{"line":77,"column":31}},"32":{"start":{"line":77,"column":17},"end":{"line":77,"column":30}},"33":{"start":{"line":80,"column":19},"end":{"line":93,"column":3}},"34":{"start":{"line":81,"column":4},"end":{"line":81,"column":21}},"35":{"start":{"line":82,"column":4},"end":{"line":82,"column":19}},"36":{"start":{"line":83,"column":4},"end":{"line":92,"column":5}},"37":{"start":{"line":84,"column":23},"end":{"line":84,"column":79}},"38":{"start":{"line":85,"column":6},"end":{"line":85,"column":29}},"39":{"start":{"line":86,"column":6},"end":{"line":86,"column":82}},"40":{"start":{"line":88,"column":6},"end":{"line":88,"column":53}},"41":{"start":{"line":89,"column":6},"end":{"line":89,"column":16}},"42":{"start":{"line":91,"column":6},"end":{"line":91,"column":24}},"43":{"start":{"line":95,"column":16},"end":{"line":108,"column":3}},"44":{"start":{"line":96,"column":4},"end":{"line":96,"column":21}},"45":{"start":{"line":97,"column":4},"end":{"line":97,"column":19}},"46":{"start":{"line":98,"column":4},"end":{"line":107,"column":5}},"47":{"start":{"line":99,"column":23},"end":{"line":99,"column":63}},"48":{"start":{"line":100,"column":6},"end":{"line":100,"column":29}},"49":{"start":{"line":101,"column":6},"end":{"line":101,"column":82}},"50":{"start":{"line":103,"column":6},"end":{"line":103,"column":46}},"51":{"start":{"line":104,"column":6},"end":{"line":104,"column":16}},"52":{"start":{"line":106,"column":6},"end":{"line":106,"column":24}},"53":{"start":{"line":110,"column":17},"end":{"line":123,"column":3}},"54":{"start":{"line":111,"column":4},"end":{"line":111,"column":21}},"55":{"start":{"line":112,"column":4},"end":{"line":112,"column":19}},"56":{"start":{"line":113,"column":4},"end":{"line":122,"column":5}},"57":{"start":{"line":114,"column":6},"end":{"line":114,"column":33}},"58":{"start":{"line":115,"column":6},"end":{"line":115,"column":20}},"59":{"start":{"line":116,"column":6},"end":{"line":116,"column":54}},"60":{"start":{"line":118,"column":6},"end":{"line":118,"column":47}},"61":{"start":{"line":119,"column":6},"end":{"line":119,"column":16}},"62":{"start":{"line":121,"column":6},"end":{"line":121,"column":24}},"63":{"start":{"line":125,"column":22},"end":{"line":137,"column":3}},"64":{"start":{"line":126,"column":4},"end":{"line":126,"column":22}},"65":{"start":{"line":126,"column":15},"end":{"line":126,"column":22}},"66":{"start":{"line":127,"column":4},"end":{"line":136,"column":5}},"67":{"start":{"line":128,"column":35},"end":{"line":128,"column":105}},"68":{"start":{"line":129,"column":23},"end":{"line":129,"column":63}},"69":{"start":{"line":130,"column":6},"end":{"line":133,"column":7}},"70":{"start":{"line":131,"column":8},"end":{"line":131,"column":26}},"71":{"start":{"line":132,"column":8},"end":{"line":132,"column":79}},"72":{"start":{"line":135,"column":6},"end":{"line":135,"column":52}},"73":{"start":{"line":139,"column":2},"end":{"line":153,"column":4}},"74":{"start":{"line":156,"column":30},"end":{"line":162,"column":1}},"75":{"start":{"line":157,"column":18},"end":{"line":157,"column":41}},"76":{"start":{"line":158,"column":2},"end":{"line":160,"column":3}},"77":{"start":{"line":159,"column":4},"end":{"line":159,"column":74}},"78":{"start":{"line":161,"column":2},"end":{"line":161,"column":17}}},"fnMap":{"0":{"name":"(anonymous_0)","decl":{"start":{"line":27,"column":63},"end":{"line":27,"column":64}},"loc":{"start":{"line":27,"column":81},"end":{"line":154,"column":1}},"line":27},"1":{"name":"(anonymous_1)","decl":{"start":{"line":33,"column":12},"end":{"line":33,"column":13}},"loc":{"start":{"line":33,"column":18},"end":{"line":78,"column":3}},"line":33},"2":{"name":"(anonymous_2)","decl":{"start":{"line":34,"column":23},"end":{"line":34,"column":24}},"loc":{"start":{"line":34,"column":35},"end":{"line":51,"column":5}},"line":34},"3":{"name":"(anonymous_3)","decl":{"start":{"line":57,"column":49},"end":{"line":57,"column":50}},"loc":{"start":{"line":57,"column":73},"end":{"line":75,"column":5}},"line":57},"4":{"name":"(anonymous_4)","decl":{"start":{"line":77,"column":11},"end":{"line":77,"column":12}},"loc":{"start":{"line":77,"column":17},"end":{"line":77,"column":30}},"line":77},"5":{"name":"(anonymous_5)","decl":{"start":{"line":80,"column":19},"end":{"line":80,"column":20}},"loc":{"start":{"line":80,"column":83},"end":{"line":93,"column":3}},"line":80},"6":{"name":"(anonymous_6)","decl":{"start":{"line":95,"column":16},"end":{"line":95,"column":17}},"loc":{"start":{"line":95,"column":59},"end":{"line":108,"column":3}},"line":95},"7":{"name":"(anonymous_7)","decl":{"start":{"line":110,"column":17},"end":{"line":110,"column":18}},"loc":{"start":{"line":110,"column":29},"end":{"line":123,"column":3}},"line":110},"8":{"name":"(anonymous_8)","decl":{"start":{"line":125,"column":22},"end":{"line":125,"column":23}},"loc":{"start":{"line":125,"column":34},"end":{"line":137,"column":3}},"line":125},"9":{"name":"(anonymous_9)","decl":{"start":{"line":156,"column":30},"end":{"line":156,"column":31}},"loc":{"start":{"line":156,"column":36},"end":{"line":162,"column":1}},"line":156}},"branchMap":{"0":{"loc":{"start":{"line":41,"column":8},"end":{"line":44,"column":9}},"type":"if","locations":[{"start":{"line":41,"column":8},"end":{"line":44,"column":9}},{"start":{},"end":{}}],"line":41},"1":{"loc":{"start":{"line":58,"column":6},"end":{"line":73,"column":7}},"type":"if","locations":[{"start":{"line":58,"column":6},"end":{"line":73,"column":7}},{"start":{"line":70,"column":13},"end":{"line":73,"column":7}}],"line":58},"2":{"loc":{"start":{"line":63,"column":10},"end":{"line":66,"column":11}},"type":"if","locations":[{"start":{"line":63,"column":10},"end":{"line":66,"column":11}},{"start":{},"end":{}}],"line":63},"3":{"loc":{"start":{"line":88,"column":15},"end":{"line":88,"column":51}},"type":"binary-expr","locations":[{"start":{"line":88,"column":15},"end":{"line":88,"column":26}},{"start":{"line":88,"column":30},"end":{"line":88,"column":51}}],"line":88},"4":{"loc":{"start":{"line":103,"column":15},"end":{"line":103,"column":44}},"type":"binary-expr","locations":[{"start":{"line":103,"column":15},"end":{"line":103,"column":26}},{"start":{"line":103,"column":30},"end":{"line":103,"column":44}}],"line":103},"5":{"loc":{"start":{"line":118,"column":15},"end":{"line":118,"column":45}},"type":"binary-expr","locations":[{"start":{"line":118,"column":15},"end":{"line":118,"column":26}},{"start":{"line":118,"column":30},"end":{"line":118,"column":45}}],"line":118},"6":{"loc":{"start":{"line":126,"column":4},"end":{"line":126,"column":22}},"type":"if","locations":[{"start":{"line":126,"column":4},"end":{"line":126,"column":22}},{"start":{},"end":{}}],"line":126},"7":{"loc":{"start":{"line":130,"column":6},"end":{"line":133,"column":7}},"type":"if","locations":[{"start":{"line":130,"column":6},"end":{"line":133,"column":7}},{"start":{},"end":{}}],"line":130},"8":{"loc":{"start":{"line":158,"column":2},"end":{"line":160,"column":3}},"type":"if","locations":[{"start":{"line":158,"column":2},"end":{"line":160,"column":3}},{"start":{},"end":{}}],"line":158}},"s":{"0":0,"1":0,"2":0,"3":0,"4":0,"5":0,"6":0,"7":0,"8":0,"9":0,"10":0,"11":0,"12":0,"13":0,"14":0,"15":0,"16":0,"17":0,"18":0,"19":0,"20":0,"21":0,"22":0,"23":0,"24":0,"25":0,"26":0,"27":0,"28":0,"29":0,"30":0,"31":0,"32":0,"33":0,"34":0,"35":0,"36":0,"37":0,"38":0,"39":0,"40":0,"41":0,"42":0,"43":0,"44":0,"45":0,"46":0,"47":0,"48":0,"49":0,"50":0,"51":0,"52":0,"53":0,"54":0,"55":0,"56":0,"57":0,"58":0,"59":0,"60":0,"61":0,"62":0,"63":0,"64":0,"65":0,"66":0,"67":0,"68":0,"69":0,"70":0,"71":0,"72":0,"73":0,"74":0,"75":0,"76":0,"77":0,"78":0},"f":{"0":0,"1":0,"2":0,"3":0,"4":0,"5":0,"6":0,"7":0,"8":0,"9":0},"b":{"0":[0,0],"1":[0,0],"2":[0,0],"3":[0,0],"4":[0,0],"5":[0,0],"6":[0,0],"7":[0,0],"8":[0,0]}}
,"/Users/asimsinanyuksel/Desktop/food-lens/src/contexts/ScanContext.tsx": {"path":"/Users/asimsinanyuksel/Desktop/food-lens/src/contexts/ScanContext.tsx","statementMap":{"0":{"start":{"line":24,"column":20},"end":{"line":24,"column":73}},"1":{"start":{"line":26,"column":25},"end":{"line":26,"column":43}},"2":{"start":{"line":28,"column":63},"end":{"line":220,"column":1}},"3":{"start":{"line":29,"column":40},"end":{"line":29,"column":71}},"4":{"start":{"line":30,"column":28},"end":{"line":30,"column":52}},"5":{"start":{"line":31,"column":32},"end":{"line":31,"column":47}},"6":{"start":{"line":32,"column":28},"end":{"line":32,"column":57}},"7":{"start":{"line":35,"column":2},"end":{"line":63,"column":9}},"8":{"start":{"line":36,"column":31},"end":{"line":60,"column":5}},"9":{"start":{"line":37,"column":6},"end":{"line":59,"column":7}},"10":{"start":{"line":38,"column":23},"end":{"line":38,"column":67}},"11":{"start":{"line":39,"column":8},"end":{"line":56,"column":9}},"12":{"start":{"line":40,"column":27},"end":{"line":40,"column":45}},"13":{"start":{"line":42,"column":24},"end":{"line":54,"column":16}},"14":{"start":{"line":45,"column":16},"end":{"line":45,"column":58}},"15":{"start":{"line":45,"column":46},"end":{"line":45,"column":58}},"16":{"start":{"line":47,"column":16},"end":{"line":52,"column":17}},"17":{"start":{"line":48,"column":18},"end":{"line":48,"column":49}},"18":{"start":{"line":51,"column":18},"end":{"line":51,"column":30}},"19":{"start":{"line":53,"column":51},"end":{"line":53,"column":64}},"20":{"start":{"line":55,"column":10},"end":{"line":55,"column":26}},"21":{"start":{"line":58,"column":8},"end":{"line":58,"column":62}},"22":{"start":{"line":62,"column":4},"end":{"line":62,"column":25}},"23":{"start":{"line":65,"column":23},"end":{"line":71,"column":8}},"24":{"start":{"line":66,"column":4},"end":{"line":70,"column":5}},"25":{"start":{"line":67,"column":6},"end":{"line":67,"column":78}},"26":{"start":{"line":69,"column":6},"end":{"line":69,"column":53}},"27":{"start":{"line":73,"column":21},"end":{"line":131,"column":3}},"28":{"start":{"line":75,"column":6},"end":{"line":75,"column":23}},"29":{"start":{"line":76,"column":6},"end":{"line":76,"column":21}},"30":{"start":{"line":77,"column":6},"end":{"line":128,"column":7}},"31":{"start":{"line":78,"column":25},"end":{"line":78,"column":70}},"32":{"start":{"line":81,"column":24},"end":{"line":81,"column":66}},"33":{"start":{"line":82,"column":8},"end":{"line":89,"column":9}},"34":{"start":{"line":83,"column":10},"end":{"line":83,"column":34}},"35":{"start":{"line":84,"column":10},"end":{"line":88,"column":13}},"36":{"start":{"line":85,"column":28},"end":{"line":85,"column":46}},"37":{"start":{"line":86,"column":12},"end":{"line":86,"column":34}},"38":{"start":{"line":87,"column":12},"end":{"line":87,"column":27}},"39":{"start":{"line":93,"column":29},"end":{"line":117,"column":16}},"40":{"start":{"line":94,"column":10},"end":{"line":116,"column":11}},"41":{"start":{"line":95,"column":32},"end":{"line":95,"column":74}},"42":{"start":{"line":96,"column":12},"end":{"line":113,"column":13}},"43":{"start":{"line":98,"column":14},"end":{"line":104,"column":17}},"44":{"start":{"line":99,"column":32},"end":{"line":101,"column":17}},"45":{"start":{"line":100,"column":18},"end":{"line":100,"column":67}},"46":{"start":{"line":102,"column":16},"end":{"line":102,"column":38}},"47":{"start":{"line":103,"column":16},"end":{"line":103,"column":31}},"48":{"start":{"line":107,"column":14},"end":{"line":112,"column":15}},"49":{"start":{"line":108,"column":16},"end":{"line":108,"column":44}},"50":{"start":{"line":109,"column":16},"end":{"line":111,"column":17}},"51":{"start":{"line":110,"column":18},"end":{"line":110,"column":46}},"52":{"start":{"line":115,"column":12},"end":{"line":115,"column":61}},"53":{"start":{"line":120,"
[...]
ne":89,"column":18}},"loc":{"start":{"line":89,"column":40},"end":{"line":91,"column":5}},"line":89},"5":{"name":"(anonymous_5)","decl":{"start":{"line":99,"column":2},"end":{"line":99,"column":3}},"loc":{"start":{"line":103,"column":28},"end":{"line":109,"column":3}},"line":103},"6":{"name":"(anonymous_6)","decl":{"start":{"line":104,"column":17},"end":{"line":104,"column":18}},"loc":{"start":{"line":104,"column":45},"end":{"line":106,"column":5}},"line":104},"7":{"name":"(anonymous_7)","decl":{"start":{"line":114,"column":2},"end":{"line":114,"column":3}},"loc":{"start":{"line":118,"column":28},"end":{"line":124,"column":3}},"line":118},"8":{"name":"(anonymous_8)","decl":{"start":{"line":119,"column":17},"end":{"line":119,"column":18}},"loc":{"start":{"line":119,"column":45},"end":{"line":121,"column":5}},"line":119},"9":{"name":"(anonymous_9)","decl":{"start":{"line":129,"column":2},"end":{"line":129,"column":3}},"loc":{"start":{"line":129,"column":64},"end":{"line":136,"column":3}},"line":129},"10":{"name":"(anonymous_10)","decl":{"start":{"line":130,"column":17},"end":{"line":130,"column":18}},"loc":{"start":{"line":130,"column":45},"end":{"line":133,"column":5}},"line":130},"11":{"name":"(anonymous_11)","decl":{"start":{"line":141,"column":2},"end":{"line":141,"column":3}},"loc":{"start":{"line":144,"column":23},"end":{"line":150,"column":3}},"line":144},"12":{"name":"(anonymous_12)","decl":{"start":{"line":145,"column":17},"end":{"line":145,"column":18}},"loc":{"start":{"line":145,"column":40},"end":{"line":147,"column":5}},"line":145}},"branchMap":{"0":{"loc":{"start":{"line":25,"column":4},"end":{"line":27,"column":5}},"type":"if","locations":[{"start":{"line":25,"column":4},"end":{"line":27,"column":5}},{"start":{},"end":{}}],"line":25},"1":{"loc":{"start":{"line":25,"column":8},"end":{"line":25,"column":64}},"type":"binary-expr","locations":[{"start":{"line":25,"column":8},"end":{"line":25,"column":13}},{"start":{"line":25,"column":17},"end":{"line":25,"column":41}},{"start":{"line":25,"column":45},"end":{"line":25,"column":64}}],"line":25},"2":{"loc":{"start":{"line":36,"column":8},"end":{"line":40,"column":9}},"type":"if","locations":[{"start":{"line":36,"column":8},"end":{"line":40,"column":9}},{"start":{},"end":{}}],"line":36},"3":{"loc":{"start":{"line":38,"column":12},"end":{"line":38,"column":65}},"type":"binary-expr","locations":[{"start":{"line":38,"column":12},"end":{"line":38,"column":24}},{"start":{"line":38,"column":28},"end":{"line":38,"column":65}}],"line":38},"4":{"loc":{"start":{"line":43,"column":8},"end":{"line":45,"column":9}},"type":"if","locations":[{"start":{"line":43,"column":8},"end":{"line":45,"column":9}},{"start":{},"end":{}}],"line":43},"5":{"loc":{"start":{"line":62,"column":4},"end":{"line":64,"column":5}},"type":"if","locations":[{"start":{"line":62,"column":4},"end":{"line":64,"column":5}},{"start":{},"end":{}}],"line":62},"6":{"loc":{"start":{"line":66,"column":4},"end":{"line":68,"column":5}},"type":"if","locations":[{"start":{"line":66,"column":4},"end":{"line":68,"column":5}},{"start":{},"end":{}}],"line":66},"7":{"loc":{"start":{"line":66,"column":8},"end":{"line":66,"column":58}},"type":"binary-expr","locations":[{"start":{"line":66,"column":8},"end":{"line":66,"column":31}},{"start":{"line":66,"column":35},"end":{"line":66,"column":58}}],"line":66},"8":{"loc":{"start":{"line":70,"column":4},"end":{"line":72,"column":5}},"type":"if","locations":[{"start":{"line":70,"column":4},"end":{"line":72,"column":5}},{"start":{},"end":{}}],"line":70},"9":{"loc":{"start":{"line":70,"column":8},"end":{"line":70,"column":58}},"type":"binary-expr","locations":[{"start":{"line":70,"column":8},"end":{"line":70,"column":31}},{"start":{"line":70,"column":35},"end":{"line":70,"column":58}}],"line":70},"10":{"loc":{"start":{"line":90,"column":13},"end":{"line":90,"column":66}},"type":"binary-expr","locations":[{"start":{"line":90,"column":13},"end":{"line":90,"column":27}},{"start":{"line":90,"column":31},"end":{"line":90,"column":50}},{"start":{"line":90,"column":54},"end":{"line":90,"column":66}}],"line":90},"11":{"loc":{"start":{"line":92,"column":19},"end":{"line":92,"column":49}},"type":"binary-expr","locations":[{"start":{"line":92,"column":19},"end":{"line":92,"column":26}},{"start":{"line":92,"column":30},"end":{"line":92,"column":49}}],"line":92},"12":{"loc":{"start":{"line":105,"column":13},"end":{"line":105,"column":84}},"type":"binary-expr","locations":[{"start":{"line":105,"column":13},"end":{"line":105,"column":38}},{"start":{"line":105,"column":42},"end":{"line":105,"column":61}},{"start":{"line":105,"column":65},"end":{"line":105,"column":84}}],"line":105},"13":{"loc":{"start":{"line":107,"column":19},"end":{"line":107,"column":90}},"type":"binary-expr","locations":[{"start":{"line":107,"column":19},"end":{"line":107,"column":26}},{"start":{"line":107,"column":30},"end":{"line":107,"column":90}}],"line":107},"14":{"loc":{"start":{"line":120,"column":13},"end":{"line":120,"column":70}},"type":"binary-expr","locations":[{"start":{"line":120,"column":13},"end":{"line":120,"column":38}},{"start":{"line":120,"column":42},"end":{"line":120,"column":54}},{"start":{"line":120,"column":58},"end":{"line":120,"column":70}}],"line":120},"15":{"loc":{"start":{"line":122,"column":19},"end":{"line":122,"column":72}},"type":"binary-expr","locations":[{"start":{"line":122,"column":19},"end":{"line":122,"column":26}},{"start":{"line":122,"column":30},"end":{"line":122,"column":72}}],"line":122},"16":{"loc":{"start":{"line":132,"column":13},"end":{"line":132,"column":64}},"type":"binary-expr","locations":[{"start":{"line":132,"column":13},"end":{"line":132,"column":38}},{"start":{"line":132,"column":42},"end":{"line":132,"column":64}}],"line":132},"17":{"loc":{"start":{"line":134,"column":19},"end":{"line":134,"column":52}},"type":"binary-expr","locations":[{"start":{"line":134,"column":19},"end":{"line":134,"column":26}},{"start":{"line":134,"column":30},"end":{"line":134,"column":52}}],"line":134},"18":{"loc":{"start":{"line":148,"column":19},"end":{"line":148,"column":74}},"type":"binary-expr","locations":[{"start":{"line":148,"column":19},"end":{"line":148,"column":26}},{"start":{"line":148,"column":30},"end":{"line":148,"column":74}}],"line":148}},"s":{"0":5,"1":0,"2":5,"3":5,"4":9,"5":9,"6":9,"7":9,"8":3,"9":6,"10":3,"11":0,"12":3,"13":2,"14":2,"15":0,"16":2,"17":1,"18":1,"19":0,"20":1,"21":3,"22":3,"23":0,"24":2,"25":0,"26":2,"27":2,"28":5,"29":4,"30":5,"31":5,"32":1,"33":1,"34":1,"35":1,"36":4,"37":4,"38":4,"39":4,"40":4,"41":1,"42":0,"43":1,"44":1,"45":1},"f":{"0":5,"1":2,"2":3,"3":2,"4":0,"5":5,"6":4,"7":1,"8":1,"9":4,"10":4,"11":1,"12":0},"b":{"0":[0,5],"1":[5,5,5],"2":[3,6],"3":[3,0],"4":[0,3],"5":[0,2],"6":[1,1],"7":[2,1],"8":[0,1],"9":[1,0],"10":[0,0,0],"11":[2,0],"12":[4,4,3],"13":[5,0],"14":[1,1,1],"15":[1,0],"16":[4,4],"17":[4,0],"18":[1,0]},"_coverageSchema":"1a1c01bbd47fc00a2c39e90264f33305004495a9","hash":"d6fe1a85ed22a217339360bdc8b34bf0d334220e"}
,"/Users/asimsinanyuksel/Desktop/food-lens/src/lib/food-label-scanner/utils/validation.ts": {"path":"/Users/asimsinanyuksel/Desktop/food-lens/src/lib/food-label-scanner/utils/validation.ts","statementMap":{"0":{"start":{"line":8,"column":4},"end":{"line":8,"column":19}},"1":{"start":{"line":9,"column":4},"end":{"line":9,"column":34}},"2":{"start":{"line":13,"column":26},"end":{"line":68,"column":1}},"3":{"start":{"line":15,"column":23},"end":{"line":15,"column":51}},"4":{"start":{"line":16,"column":4},"end":{"line":18,"column":5}},"5":{"start":{"line":17,"column":6},"end":{"line":17,"column":64}},"6":{"start":{"line":19,"column":4},"end":{"line":19,"column":38}},"7":{"start":{"line":23,"column":4},"end":{"line":25,"column":5}},"8":{"start":{"line":24,"column":6},"end":{"line":24,"column":55}},"9":{"start":{"line":26,"column":4},"end":{"line":28,"column":5}},"10":{"start":{"line":27,"column":6},"end":{"line":27,"column":68}},"11":{"start":{"line":29,"column":4},"end":{"line":29,"column":22}},"12":{"start":{"line":33,"column":4},"end":{"line":35,"column":5}},"13":{"start":{"line":34,"column":6},"end":{"line":34,"column":64}},"14":{"start":{"line":36,"column":4},"end":{"line":38,"column":5}},"15":{"start":{"line":37,"column":6},"end":{"line":37,"column":78}},"16":{"start":{"line":39,"column":4},"end":{"line":41,"column":5}},"17":{"start":{"line":40,"column":6},"end":{"line":40,"column":76}},"18":{"start":{"line":42,"column":4},"end":{"line":42,"column":30}},"19":{"start":{"line":46,"column":4},"end":{"line":48,"column":5}},"20":{"start":{"line":47,"column":6},"end":{"line":47,"column":72}},"21":{"start":{"line":49,"column":4},"end":{"line":49,"column":35}},"22":{"start":{"line":53,"column":4},"end":{"line":55,"column":5}},"23":{"start":{"line":54,"column":6},"end":{"line":54,"column":59}},"24":{"start":{"line":56,"column":4},"end":{"line":58,"column":5}},"25":{"start":{"line":57,"column":6},"end":{"line":57,"column":111}},"26":{"start":{"line":59,"column":4},"end":{"line":59,"column":25}},"27":{"start":{"line":63,"column":4},"end":{"line":65,"column":5}},"28":{"start":{"line":64,"column":6},"end":{"line":64,"column":62}},"29":{"start":{"line":66,"column":4},"end":{"line":66,"column":17}}},"fnMap":{"0":{"name":"(anonymous_0)","decl":{"start":{"line":7,"column":2},"end":{"line":7,"column":3}},"loc":{"start":{"line":7,"column":31},"end":{"line":10,"column":3}},"line":7},"1":{"name":"(anonymous_1)","decl":{"start":{"line":14,"column":9},"end":{"line":14,"column":10}},"loc":{"start":{"line":14,"column":36},"end":{"line":20,"column":3}},"line":14},"2":{"name":"(anonymous_2)","decl":{"start":{"line":22,"column":7},"end":{"line":22,"column":8}},"loc":{"start":{"line":22,"column":32},"end":{"line":30,"column":3}},"line":22},"3":{"name":"(anonymous_3)","decl":{"start":{"line":32,"column":15},"end":{"line":32,"column":16}},"loc":{"start":{"line":32,"column":48},"end":{"line":43,"column":3}},"line":32},"4":{"name":"(anonymous_4)","decl":{"start":{"line":45,"column":12},"end":{"line":45,"column":13}},"loc":{"start":{"line":45,"column":47},"end":{"line":50,"column":3}},"line":45},"5":{"name":"(anonymous_5)","decl":{"start":{"line":52,"column":10},"end":{"line":52,"column":11}},"loc":{"start":{"line":52,"column":38},"end":{"line":60,"column":3}},"line":52},"6":{"name":"(anonymous_6)","decl":{"start":{"line":62,"column":15},"end":{"line":62,"column":16}},"loc":{"start":{"line":62,"column":56},"end":{"line":67,"column":3}},"line":62}},"branchMap":{"0":{"loc":{"start":{"line":16,"column":4},"end":{"line":18,"column":5}},"type":"if","locations":[{"start":{"line":16,"column":4},"end":{"line":18,"column":5}},{"start":{},"end":{}}],"line":16},"1":{"loc":{"start":{"line":16,"column":8},"end":{"line":16,"column":41}},"type":"binary-expr","locations":[{"start":{"line":16,"column":8},"end":{"line":16,"column":14}},{"start":{"line":16,"column":18},"end":{"line":16,"column":41}}],"line":16},"2":{"loc":{"start":{"line":23,"column":4},"end":{"line":25,"column":5}},"type":"if","locations":[{"start":{"line":23,"column":4},"end":{"line":25,"column":5}},{"start":{},"end":{}}],"line":23},"3":{"loc":{"start":{"line":23,"column":8},"end":{"line":23,"column":39}},"type":"binary-expr","locations":[{"start":{"line":23,"column":8},"end":{"line":23,"column":12}},{"start":{"line":23,"column":16},"end":{"line":23,"column":39}}],"line":23},"4":{"loc":{"start":{"line":26,"column":4},"end":{"line":28,"column":5}},"type":"if","locations":[{"start":{"line":26,"column":4},"end":{"line":28,"column":5}},{"start":{},"end":{}}],"line":26},"5":{"loc":{"start":{"line":33,"column":4},"end":{"line":35,"column":5}},"type":"if","locations":[{"start":{"line":33,"column":4},"end":{"line":35,"column":5}},{"start":{},"end":{}}],"line":33},"6":{"loc":{"start":{"line":33,"column":8},"end":{"line":33,"column":55}},"type":"binary-expr","locations":[{"start":{"line":33,"column":8},"end":{"line":33,"column":20}},{"start":{"line":33,"column":24},"end":{"line":33,"column":55}}],"line":33},"7":{"loc":{"start":{"line":36,"column":4},"end":{"line":38,"column":5}},"type":"if","locations":[{"start":{"line":36,"column":4},"end":{"line":38,"column":5}},{"start":{},"end":{}}],"line":36},"8":{"loc":{"start":{"line":39,"column":4},"end":{"line":41,"column":5}},"type":"if","locations":[{"start":{"line":39,"column":4},"end":{"line":41,"column":5}},{"start":{},"end":{}}],"line":39},"9":{"loc":{"start":{"line":46,"column":4},"end":{"line":48,"column":5}},"type":"if","locations":[{"start":{"line":46,"column":4},"end":{"line":48,"column":5}},{"start":{},"end":{}}],"line":46},"10":{"loc":{"start":{"line":46,"column":8},"end":{"line":46,"column":46}},"type":"binary-expr","locations":[{"start":{"line":46,"column":8},"end":{"line":46,"column":25}},{"start":{"line":46,"column":29},"end":{"line":46,"column":46}}],"line":46},"11":{"loc":{"start":{"line":53,"column":4},"end":{"line":55,"column":5}},"type":"if","locations":[{"start":{"line":53,"column":4},"end":{"line":55,"column":5}},{"start":{},"end":{}}],"line":53},"12":{"loc":{"start":{"line":53,"column":8},"end":{"line":53,"column":45}},"type":"binary-expr","locations":[{"start":{"line":53,"column":8},"end":{"line":53,"column":15}},{"start":{"line":53,"column":19},"end":{"line":53,"column":45}}],"line":53},"13":{"loc":{"start":{"line":56,"column":4},"end":{"line":58,"column":5}},"type":"if","locations":[{"start":{"line":56,"column":4},"end":{"line":58,"column":5}},{"start":{},"end":{}}],"line":56},"14":{"loc":{"start":{"line":63,"column":4},"end":{"line":65,"column":5}},"type":"if","locations":[{"start":{"line":63,"column":4},"end":{"line":65,"column":5}},{"start":{},"end":{}}],"line":63}},"s":{"0":8,"1":8,"2":10,"3":57,"4":57,"5":5,"6":52,"7":36,"8":0,"9":36,"10":0,"11":36,"12":44,"13":0,"14":44,"15":2,"16":42,"17":0,"18":42,"19":35,"20":1,"21":34,"22":0,"23":0,"24":0,"25":0,"26":0,"27":0,"28":0,"29":0},"f":{"0":8,"1":57,"2":36,"3":44,"4":35,"5":0,"6":0},"b":{"0":[5,52],"1":[57,57],"2":[0,36],"3":[36,36],"4":[0,36],"5":[0,44],"6":[44,44],"7":[2,42],"8":[0,42],"9":[1,34],"10":[35,3],"11":[0,0],"12":[0,0],"13":[0,0],"14":[0,0]},"_coverageSchema":"1a1c01bbd47fc00a2c39e90264f33305004495a9","hash":"ffcf6b6d27a15f7905d62b3561c74d13b4f32954"}
,"/Users/asimsinanyuksel/Desktop/food-lens/src/utils/responsive.ts": {"path":"/Users/asimsinanyuksel/Desktop/food-lens/src/utils/responsive.ts","statementMap":{"0":{"start":{"line":12,"column":34},"end":{"line":26,"column":1}},"1":{"start":{"line":17,"column":20},"end":{"line":17,"column":44}},"2":{"start":{"line":19,"column":2},"end":{"line":21,"column":3}},"3":{"start":{"line":20,"column":4},"end":{"line":20,"column":19}},"4":{"start":{"line":22,"column":2},"end":{"line":24,"column":3}},"5":{"start":{"line":23,"column":4},"end":{"line":23,"column":18}},"6":{"start":{"line":25,"column":2},"end":{"line":25,"column":16}},"7":{"start":{"line":31,"column":37},"end":{"line":44,"column":1}},"8":{"start":{"line":32,"column":20},"end":{"line":32,"column":44}},"9":{"start":{"line":34,"column":2},"end":{"line":36,"column":3}},"10":{"start":{"line":35,"column":4},"end":{"line":35,"column":27}},"11":{"start":{"line":37,"column":2},"end":{"line":39,"column":3}},"12":{"start":{"line":38,"column":4},"end":{"line":38,"column":27}},"13":{"start":{"line":40,"column":2},"end":{"line":42,"column":3}},"14":{"start":{"line":41,"column":4},"end":{"line":41,"column":26}},"15":{"start":{"line":43,"column":2},"end":{"line":43,"column":18}},"16":{"start":{"line":49,"column":36},"end":{"line":59,"column":1}},"17":{"start":{"line":50,"column":20},"end":{"line":50,"column":44}},"18":{"start":{"line":52,"column":2},"end":{"line":54,"column":3}},"19":{"start":{"line":53,"column":4},"end":{"line":53,"column":29}},"20":{"start":{"line":55,"column":2},"end":{"line":57,"column":3}},"21":{"start":{"line":56,"column":4},"end":{"line":56,"column":29}},"22":{"start":{"line":58,"column":2},"end":{"line":58,"column":21}},"23":{"start":{"line":64,"column":29},"end":{"line":87,"column":1}},"24":{"start":{"line":65,"column":38},"end":{"line":65,"column":78}},"25":{"start":{"line":67,"column":2},"end":{"line":76,"column":9}},"26":{"start":{"line":68,"column":25},"end":{"line":73,"column":5}},"27":{"start":{"line":71,"column":8},"end":{"line":71,"column":30}},"28":{"start":{"line":75,"column":4},"end":{"line":75,"column":40}},"29":{"start":{"line":75,"column":17},"end":{"line":75,"column":39}},"30":{"start":{"line":78,"column":2},"end":{"line":86,"column":4}}},"fnMap":{"0":{"name":"(anonymous_0)","decl":{"start":{"line":12,"column":34},"end":{"line":12,"column":35}},"loc":{"start":{"line":16,"column":8},"end":{"line":26,"column":1}},"line":16},"1":{"name":"(anonymous_1)","decl":{"start":{"line":31,"column":37},"end":{"line":31,"column":38}},"loc":{"start":{"line":31,"column":67},"end":{"line":44,"column":1}},"line":31},"2":{"name":"(anonymous_2)","decl":{"start":{"line":49,"column":36},"end":{"line":49,"column":37}},"loc":{"start":{"line":49,"column":69},"end":{"line":59,"column":1}},"line":49},"3":{"name":"(anonymous_3)","decl":{"start":{"line":64,"column":29},"end":{"line":64,"column":30}},"loc":{"start":{"line":64,"column":35},"end":{"line":87,"column":1}},"line":64},"4":{"name":"(anonymous_4)","decl":{"start":{"line":67,"column":18},"end":{"line":67,"column":19}},"loc":{"start":{"line":67,"column":24},"end":{"line":76,"column":3}},"line":67},"5":{"name":"(anonymous_5)","decl":{"start":{"line":70,"column":6},"end":{"line":70,"column":7}},"loc":{"start":{"line":70,"column":46},"end":{"line":72,"column":7}},"line":70},"6":{"name":"(anonymous_6)","decl":{"start":{"line":75,"column":11},"end":{"line":75,"column":12}},"loc":{"start":{"line":75,"column":17},"end":{"line":75,"column":39}},"line":75}},"branchMap":{"0":{"loc":{"start":{"line":19,"column":2},"end":{"line":21,"column":3}},"type":"if","locations":[{"start":{"line":19,"column":2},"end":{"line":21,"column":3}},{"start":{},"end":{}}],"line":19},"1":{"loc":{"start":{"line":19,"column":6},"end":{"line":19,"column":72}},"type":"binary-expr","locations":[{"start":{"line":19,"column":6},"end":{"line":19,"column":47}},{"start":{"line":19,"column":51},"end":{"line":19,"column":72}}],"line":19},"2":{"loc":{"start":{"line":22,"column":2},"end":{"line":24,"column":3}},"type":"if","locations":[{"start":{"line":22,"column":2},"end":{"line":24,"column":3}},{"start":{},"end":{}}],"line":22},"3":{"loc":{"start":{"line":22,"column":6},"end":{"line":22,"column":70}},"type":"binary-expr","locations":[{"start":{"line":22,"column":6},"end":{"line":22,"column":46}},{"start":{"line":22,"column":50},"end":{"line":22,"column":70}}],"line":22},"4":{"loc":{"start":{"line":34,"column":2},"end":{"line":36,"column":3}},"type":"if","locations":[{"start":{"line":34,"column":2},"end":{"line":36,"column":3}},{"start":{},"end":{}}],"line":34},"5":{"loc":{"start":{"line":37,"column":2},"end":{"line":39,"column":3}},"type":"if","locations":[{"start":{"line":37,"column":2},"end":{"line":39,"column":3}},{"start":{},"end":{}}],"line":37},"6":{"loc":{"start":{"line":40,"column":2},"end":{"line":42,"column":3}},"type":"if","locations":[{"start":{"line":40,"column":2},"end":{"line":42,"column":3}},{"start":{},"end":{}}],"line":40},"7":{"loc":{"start":{"line":52,"column":2},"end":{"line":54,"column":3}},"type":"if","locations":[{"start":{"line":52,"column":2},"end":{"line":54,"column":3}},{"start":{},"end":{}}],"line":52},"8":{"loc":{"start":{"line":55,"column":2},"end":{"line":57,"column":3}},"type":"if","locations":[{"start":{"line":55,"column":2},"end":{"line":57,"column":3}},{"start":{},"end":{}}],"line":55}},"s":{"0":0,"1":0,"2":0,"3":0,"4":0,"5":0,"6":0,"7":0,"8":0,"9":0,"10":0,"11":0,"12":0,"13":0,"14":0,"15":0,"16":0,"17":0,"18":0,"19":0,"20":0,"21":0,"22":0,"23":0,"24":0,"25":0,"26":0,"27":0,"28":0,"29":0,"30":0},"f":{"0":0,"1":0,"2":0,"3":0,"4":0,"5":0,"6":0},"b":{"0":[0,0],"1":[0,0],"2":[0,0],"3":[0,0],"4":[0,0],"5":[0,0],"6":[0,0],"7":[0,0],"8":[0,0]}}
}
