TN:
SF:src/components/camera/CameraScanner.tsx
FN:26,(anonymous_0)
FN:39,(anonymous_1)
FN:132,(anonymous_2)
FNF:3
FNH:0
FNDA:0,(anonymous_0)
FNDA:0,(anonymous_1)
FNDA:0,(anonymous_2)
DA:26,0
DA:31,0
DA:32,0
DA:33,0
DA:34,0
DA:35,0
DA:36,0
DA:37,0
DA:39,0
DA:40,0
DA:41,0
DA:42,0
DA:45,0
DA:47,0
DA:48,0
DA:51,0
DA:52,0
DA:54,0
DA:61,0
DA:62,0
DA:63,0
DA:66,0
DA:71,0
DA:74,0
DA:75,0
DA:77,0
DA:78,0
DA:82,0
DA:85,0
DA:87,0
DA:90,0
DA:91,0
DA:92,0
DA:96,0
DA:97,0
DA:104,0
DA:105,0
DA:116,0
DA:132,0
DA:163,0
LF:40
LH:0
BRDA:29,0,0,0
BRDA:40,1,0,0
BRDA:40,1,1,0
BRDA:45,2,0,0
BRDA:45,2,1,0
BRDA:61,3,0,0
BRDA:61,3,1,0
BRDA:61,4,0,0
BRDA:61,4,1,0
BRDA:63,5,0,0
BRDA:63,5,1,0
BRDA:74,6,0,0
BRDA:74,6,1,0
BRDA:77,7,0,0
BRDA:77,7,1,0
BRDA:91,8,0,0
BRDA:91,8,1,0
BRDA:96,9,0,0
BRDA:96,9,1,0
BRDA:104,10,0,0
BRDA:104,10,1,0
BRDA:122,11,0,0
BRDA:122,11,1,0
BRDA:122,12,0,0
BRDA:122,12,1,0
BRDA:122,12,2,0
BRDA:132,13,0,0
BRDA:132,13,1,0
BRDA:139,14,0,0
BRDA:139,14,1,0
BRDA:139,15,0,0
BRDA:139,15,1,0
BRDA:156,16,0,0
BRDA:156,16,1,0
BRDA:156,16,2,0
BRF:35
BRH:0
end_of_record
TN:
SF:src/components/cards/AllergenCard.tsx
FN:18,(anonymous_0)
FN:55,(anonymous_1)
FNF:2
FNH:0
FNDA:0,(anonymous_0)
FNDA:0,(anonymous_1)
DA:18,0
DA:22,0
DA:35,0
DA:37,0
DA:38,0
DA:50,0
DA:57,0
DA:63,0
DA:87,0
LF:9
LH:0
BRDA:20,0,0,0
BRDA:37,1,0,0
BRDA:37,1,1,0
BRDA:57,2,0,0
BRDA:57,2,1,0
BRDA:59,3,0,0
BRDA:59,3,1,0
BRDA:75,4,0,0
BRDA:75,4,1,0
BRF:9
BRH:0
end_of_record
TN:
SF:src/components/cards/AlternativeList.tsx
FN:18,(anonymous_0)
FN:38,(anonymous_1)
FN:40,(anonymous_2)
FN:64,(anonymous_3)
FNF:4
FNH:0
FNDA:0,(anonymous_0)
FNDA:0,(anonymous_1)
FNDA:0,(anonymous_2)
FNDA:0,(anonymous_3)
DA:18,0
DA:23,0
DA:36,0
DA:38,0
DA:39,0
DA:40,0
DA:56,0
DA:64,0
DA:79,0
LF:9
LH:0
BRDA:21,0,0,0
BRDA:40,1,0,0
BRDA:40,1,1,0
BRDA:50,2,0,0
BRDA:50,2,1,0
BRDA:64,3,0,0
BRDA:64,3,1,0
BRDA:68,4,0,0
BRDA:68,4,1,0
BRF:9
BRH:0
end_of_record
TN:
SF:src/components/cards/NutritionCard.tsx
FN:17,(anonymous_0)
FN:100,(anonymous_1)
FN:151,(anonymous_2)
FN:171,(anonymous_3)
FNF:4
FNH:0
FNDA:0,(anonymous_0)
FNDA:0,(anonymous_1)
FNDA:0,(anonymous_2)
FNDA:0,(anonymous_3)
DA:17,0
DA:21,0
DA:23,0
DA:62,0
DA:64,0
DA:100,0
DA:152,0
DA:172,0
DA:199,0
LF:9
LH:0
BRDA:19,0,0,0
BRDA:67,1,0,0
BRDA:67,1,1,0
BRDA:105,2,0,0
BRDA:105,2,1,0
BRDA:109,3,0,0
BRDA:109,3,1,0
BRDA:146,4,0,0
BRDA:146,4,1,0
BRDA:146,4,2,0
BRDA:155,5,0,0
BRDA:155,5,1,0
BRDA:166,6,0,0
BRDA:166,6,1,0
BRDA:166,6,2,0
BRDA:175,7,0,0
BRDA:175,7,1,0
BRDA:186,8,0,0
BRDA:186,8,1,0
BRF:19
BRH:0
end_of_record
TN:
SF:src/components/common/AccessibleView.tsx
FN:17,(anonymous_0)
FNF:1
FNH:0
FNDA:0,(anonymous_0)
DA:17,0
DA:26,0
DA:40,0
LF:3
LH:0
BRDA:21,0,0,0
BRF:1
BRH:0
end_of_record
TN:
SF:src/components/common/AnimatedView.tsx
FN:24,(anonymous_0)
FN:30,(anonymous_1)
FN:45,(anonymous_2)
FNF:3
FNH:0
FNDA:0,(anonymous_0)
FNDA:0,(anonymous_1)
FNDA:0,(anonymous_2)
DA:24,0
DA:30,0
DA:31,0
DA:33,0
DA:35,0
DA:37,0
DA:39,0
DA:41,0
DA:45,0
DA:46,0
DA:48,0
DA:50,0
DA:52,0
DA:54,0
DA:56,0
DA:60,0
LF:16
LH:0
BRDA:26,0,0,0
BRDA:27,1,0,0
BRDA:31,2,0,0
BRDA:31,2,1,0
BRDA:31,2,2,0
BRDA:31,2,3,0
BRDA:31,2,4,0
BRDA:46,3,0,0
BRDA:46,3,1,0
BRDA:46,3,2,0
BRDA:46,3,3,0
BRDA:46,3,4,0
BRF:12
BRH:0
end_of_record
TN:
SF:src/components/common/Button.tsx
FN:30,(anonymous_0)
FNF:1
FNH:0
FNDA:0,(anonymous_0)
DA:30,0
DA:40,0
DA:41,0
DA:43,0
DA:44,0
DA:48,0
DA:50,0
DA:51,0
DA:52,0
DA:54,0
DA:55,0
DA:56,0
DA:58,0
DA:59,0
DA:60,0
DA:63,0
DA:64,0
DA:67,0
DA:91,0
LF:19
LH:0
BRDA:32,0,0,0
BRDA:34,1,0,0
BRDA:35,2,0,0
BRDA:43,3,0,0
BRDA:43,3,1,0
BRDA:48,4,0,0
BRDA:48,4,1,0
BRDA:48,4,2,0
BRDA:63,5,0,0
BRDA:63,5,1,0
BRDA:63,6,0,0
BRDA:63,6,1,0
BRDA:72,7,0,0
BRDA:72,7,1,0
BRDA:73,8,0,0
BRDA:73,8,1,0
BRDA:78,9,0,0
BRDA:78,9,1,0
BRDA:80,10,0,0
BRDA:80,10,1,0
BRF:20
BRH:0
end_of_record
TN:
SF:src/components/common/Card.tsx
FN:18,(anonymous_0)
FN:33,(anonymous_1)
FNF:2
FNH:0
FNDA:0,(anonymous_0)
FNDA:0,(anonymous_1)
DA:18,0
DA:24,0
DA:26,0
DA:27,0
DA:28,0
DA:29,0
DA:33,0
DA:34,0
DA:35,0
DA:36,0
DA:37,0
DA:40,0
DA:47,0
LF:13
LH:0
BRDA:20,0,0,0
BRDA:21,1,0,0
BRDA:26,2,0,0
BRDA:26,2,1,0
BRDA:28,3,0,0
BRDA:28,3,1,0
BRDA:34,4,0,0
BRDA:34,4,1,0
BRDA:35,5,0,0
BRDA:35,5,1,0
BRDA:35,6,0,0
BRDA:35,6,1,0
BRDA:36,7,0,0
BRDA:36,7,1,0
BRDA:51,8,0,0
BRDA:51,8,1,0
BRDA:53,9,0,0
BRDA:53,9,1,0
BRDA:54,10,0,0
BRDA:54,10,1,0
BRDA:55,11,0,0
BRDA:55,11,1,0
BRF:22
BRH:0
end_of_record
TN:
SF:src/components/common/ErrorBoundary.tsx
FN:25,(anonymous_0)
FN:33,(anonymous_1)
FN:40,(anonymous_2)
FN:45,(anonymous_3)
FN:52,(anonymous_4)
FNF:5
FNH:0
FNDA:0,(anonymous_0)
FNDA:0,(anonymous_1)
FNDA:0,(anonymous_2)
FNDA:0,(anonymous_3)
FNDA:0,(anonymous_4)
DA:26,0
DA:27,0
DA:34,0
DA:41,0
DA:42,0
DA:45,0
DA:46,0
DA:53,0
DA:54,0
DA:55,0
DA:58,0
DA:76,0
DA:80,0
LF:13
LH:0
BRDA:53,0,0,0
BRDA:53,0,1,0
BRDA:54,1,0,0
BRDA:54,1,1,0
BRDA:64,2,0,0
BRDA:64,2,1,0
BRF:6
BRH:0
end_of_record
TN:
SF:src/components/common/Gradient.tsx
FN:28,(anonymous_0)
FN:34,(anonymous_1)
FNF:2
FNH:0
FNDA:0,(anonymous_0)
FNDA:0,(anonymous_1)
DA:13,0
DA:14,0
DA:16,0
DA:28,0
DA:34,0
DA:35,0
DA:37,0
DA:39,0
DA:41,0
DA:43,0
DA:47,0
DA:48,0
DA:49,0
DA:53,0
DA:54,0
DA:68,0
DA:78,0
LF:17
LH:0
BRDA:30,0,0,0
BRDA:35,1,0,0
BRDA:35,1,1,0
BRDA:35,1,2,0
BRDA:35,1,3,0
BRDA:48,2,0,0
BRDA:48,2,1,0
BRDA:53,3,0,0
BRDA:53,3,1,0
BRF:9
BRH:0
end_of_record
TN:
SF:src/components/common/LoadingSpinner.tsx
FN:20,(anonymous_0)
FNF:1
FNH:0
FNDA:0,(anonymous_0)
DA:20,0
DA:29,0
DA:39,0
DA:40,0
DA:47,0
DA:50,0
LF:6
LH:0
BRDA:21,0,0,0
BRDA:22,1,0,0
BRDA:23,2,0,0
BRDA:31,3,0,0
BRDA:31,3,1,0
BRDA:39,4,0,0
BRDA:39,4,1,0
BRF:7
BRH:0
end_of_record
TN:
SF:src/components/common/Shadow.tsx
FN:16,(anonymous_0)
FNF:1
FNH:0
FNDA:0,(anonymous_0)
DA:16,0
DA:21,0
DA:25,0
DA:31,0
DA:32,0
DA:39,0
DA:40,0
DA:43,0
LF:8
LH:0
BRDA:18,0,0,0
BRDA:25,1,0,0
BRDA:25,1,1,0
BRDA:27,2,0,0
BRDA:27,2,1,0
BRDA:39,3,0,0
BRDA:39,3,1,0
BRF:7
BRH:0
end_of_record
TN:
SF:src/components/common/Skeleton.tsx
FN:26,(anonymous_0)
FN:35,(anonymous_1)
FN:43,(anonymous_2)
FNF:3
FNH:0
FNDA:0,(anonymous_0)
FNDA:0,(anonymous_1)
FNDA:0,(anonymous_2)
DA:26,0
DA:33,0
DA:35,0
DA:36,0
DA:43,0
DA:44,0
DA:49,0
DA:56,0
DA:69,0
LF:9
LH:0
BRDA:27,0,0,0
BRDA:28,1,0,0
BRDA:29,2,0,0
BRF:3
BRH:0
end_of_record
TN:
SF:src/components/common/Toast.tsx
FN:27,(anonymous_0)
FN:38,(anonymous_1)
FN:54,(anonymous_2)
FN:58,(anonymous_3)
FN:62,(anonymous_4)
FN:74,(anonymous_5)
FN:79,(anonymous_6)
FNF:7
FNH:0
FNDA:0,(anonymous_0)
FNDA:0,(anonymous_1)
FNDA:0,(anonymous_2)
FNDA:0,(anonymous_3)
FNDA:0,(anonymous_4)
FNDA:0,(anonymous_5)
FNDA:0,(anonymous_6)
DA:27,0
DA:35,0
DA:36,0
DA:38,0
DA:39,0
DA:40,0
DA:54,0
DA:55,0
DA:58,0
DA:62,0
DA:63,0
DA:75,0
DA:79,0
DA:80,0
DA:82,0
DA:84,0
DA:86,0
DA:88,0
DA:92,0
DA:94,0
DA:96,0
DA:118,0
LF:22
LH:0
BRDA:29,0,0,0
BRDA:31,1,0,0
BRDA:39,2,0,0
BRDA:39,2,1,0
BRDA:80,3,0,0
BRDA:80,3,1,0
BRDA:80,3,2,0
BRDA:80,3,3,0
BRDA:94,4,0,0
BRDA:94,4,1,0
BRF:10
BRH:0
end_of_record
TN:
SF:src/components/common/Typography.tsx
FN:19,(anonymous_0)
FNF:1
FNH:0
FNDA:0,(anonymous_0)
DA:19,0
DA:26,0
DA:29,0
DA:31,0
DA:32,0
DA:34,0
DA:35,0
DA:37,0
DA:38,0
DA:40,0
DA:41,0
DA:45,0
DA:47,0
DA:48,0
DA:50,0
DA:51,0
DA:53,0
DA:54,0
DA:56,0
DA:57,0
DA:59,0
DA:60,0
DA:63,0
DA:64,0
DA:67,0
DA:70,0
LF:26
LH:0
BRDA:21,0,0,0
BRDA:22,1,0,0
BRDA:29,2,0,0
BRDA:29,2,1,0
BRDA:29,2,2,0
BRDA:29,2,3,0
BRDA:45,3,0,0
BRDA:45,3,1,0
BRDA:45,3,2,0
BRDA:45,3,3,0
BRDA:45,3,4,0
BRDA:63,4,0,0
BRDA:63,4,1,0
BRF:13
BRH:0
end_of_record
TN:
SF:src/components/forms/LoginForm.tsx
FN:20,(anonymous_0)
FN:30,(anonymous_1)
FN:47,(anonymous_2)
FN:54,(anonymous_3)
FN:145,(anonymous_4)
FNF:5
FNH:0
FNDA:0,(anonymous_0)
FNDA:0,(anonymous_1)
FNDA:0,(anonymous_2)
FNDA:0,(anonymous_3)
FNDA:0,(anonymous_4)
DA:20,0
DA:21,0
DA:22,0
DA:23,0
DA:25,0
DA:26,0
DA:27,0
DA:28,0
DA:30,0
DA:31,0
DA:32,0
DA:33,0
DA:34,0
DA:35,0
DA:37,0
DA:38,0
DA:39,0
DA:40,0
DA:42,0
DA:43,0
DA:44,0
DA:47,0
DA:48,0
DA:49,0
DA:50,0
DA:54,0
DA:56,0
DA:57,0
DA:58,0
DA:60,0
DA:61,0
DA:64,0
DA:66,0
DA:69,0
DA:72,0
DA:73,0
DA:77,0
DA:80,0
DA:81,0
DA:85,0
DA:145,0
DA:155,0
LF:42
LH:0
BRDA:32,0,0,0
BRDA:32,0,1,0
BRDA:37,1,0,0
BRDA:37,1,1,0
BRDA:49,2,0,0
BRDA:49,2,1,0
BRDA:57,3,0,0
BRDA:57,3,1,0
BRDA:60,4,0,0
BRDA:60,4,1,0
BRDA:72,5,0,0
BRDA:72,5,1,0
BRDA:80,6,0,0
BRDA:80,6,1,0
BRDA:103,7,0,0
BRDA:103,7,1,0
BRDA:103,7,2,0
BRDA:106,8,0,0
BRDA:106,8,1,0
BRDA:126,9,0,0
BRDA:126,9,1,0
BRDA:131,10,0,0
BRDA:131,10,1,0
BRF:23
BRH:0
end_of_record
TN:
SF:src/components/forms/RegisterForm.tsx
FN:20,(anonymous_0)
FN:29,(anonymous_1)
FN:38,(anonymous_2)
FN:45,(anonymous_3)
FNF:4
FNH:0
FNDA:0,(anonymous_0)
FNDA:0,(anonymous_1)
FNDA:0,(anonymous_2)
FNDA:0,(anonymous_3)
DA:20,0
DA:21,0
DA:22,0
DA:23,0
DA:24,0
DA:25,0
DA:26,0
DA:27,0
DA:29,0
DA:30,0
DA:31,0
DA:32,0
DA:34,0
DA:35,0
DA:38,0
DA:39,0
DA:40,0
DA:41,0
DA:45,0
DA:47,0
DA:48,0
DA:50,0
DA:52,0
DA:53,0
DA:56,0
DA:58,0
DA:61,0
DA:64,0
DA:65,0
DA:69,0
DA:72,0
DA:73,0
DA:77,0
DA:142,0
LF:34
LH:0
BRDA:30,0,0,0
BRDA:30,0,1,0
BRDA:40,1,0,0
BRDA:40,1,1,0
BRDA:48,2,0,0
BRDA:48,2,1,0
BRDA:52,3,0,0
BRDA:52,3,1,0
BRDA:52,4,0,0
BRDA:52,4,1,0
BRDA:64,5,0,0
BRDA:64,5,1,0
BRDA:72,6,0,0
BRDA:72,6,1,0
BRDA:117,7,0,0
BRDA:117,7,1,0
BRDA:124,8,0,0
BRDA:124,8,1,0
BRDA:129,9,0,0
BRDA:129,9,1,0
BRF:20
BRH:0
end_of_record
TN:
SF:src/constants/colors.ts
FNF:0
FNH:0
DA:6,0
LF:1
LH:0
BRF:0
BRH:0
end_of_record
TN:
SF:src/constants/designTokens.ts
FNF:0
FNH:0
DA:9,0
DA:12,0
DA:13,0
DA:15,0
LF:4
LH:0
BRF:0
BRH:0
end_of_record
TN:
SF:src/contexts/AppContext.tsx
FN:23,(anonymous_0)
FN:30,(anonymous_1)
FN:31,(anonymous_2)
FN:64,(anonymous_3)
FNF:4
FNH:0
FNDA:0,(anonymous_0)
FNDA:0,(anonymous_1)
FNDA:0,(anonymous_2)
FNDA:0,(anonymous_3)
DA:21,0
DA:23,0
DA:24,0
DA:25,0
DA:26,0
DA:27,0
DA:30,0
DA:31,0
DA:32,0
DA:33,0
DA:34,0
DA:36,0
DA:41,0
DA:44,0
DA:64,0
DA:65,0
DA:66,0
DA:67,0
DA:69,0
LF:19
LH:0
BRDA:66,0,0,0
BRDA:66,0,1,0
BRF:2
BRH:0
end_of_record
TN:
SF:src/contexts/AuthContext.tsx
FN:27,(anonymous_0)
FN:33,(anonymous_1)
FN:34,(anonymous_2)
FN:57,(anonymous_3)
FN:77,(anonymous_4)
FN:80,(anonymous_5)
FN:95,(anonymous_6)
FN:110,(anonymous_7)
FN:125,(anonymous_8)
FN:156,(anonymous_9)
FNF:10
FNH:0
FNDA:0,(anonymous_0)
FNDA:0,(anonymous_1)
FNDA:0,(anonymous_2)
FNDA:0,(anonymous_3)
FNDA:0,(anonymous_4)
FNDA:0,(anonymous_5)
FNDA:0,(anonymous_6)
FNDA:0,(anonymous_7)
FNDA:0,(anonymous_8)
FNDA:0,(anonymous_9)
DA:23,0
DA:25,0
DA:27,0
DA:28,0
DA:29,0
DA:30,0
DA:33,0
DA:34,0
DA:35,0
DA:37,0
DA:40,0
DA:41,0
DA:42,0
DA:43,0
DA:46,0
DA:47,0
DA:49,0
DA:53,0
DA:56,0
DA:57,0
DA:58,0
DA:59,0
DA:61,0
DA:62,0
DA:63,0
DA:64,0
DA:65,0
DA:68,0
DA:71,0
DA:72,0
DA:74,0
DA:77,0
DA:80,0
DA:81,0
DA:82,0
DA:83,0
DA:84,0
DA:85,0
DA:86,0
DA:88,0
DA:89,0
DA:91,0
DA:95,0
DA:96,0
DA:97,0
DA:98,0
DA:99,0
DA:100,0
DA:101,0
DA:103,0
DA:104,0
DA:106,0
DA:110,0
DA:111,0
DA:112,0
DA:113,0
DA:114,0
DA:115,0
DA:116,0
DA:118,0
DA:119,0
DA:121,0
DA:125,0
DA:126,0
DA:127,0
DA:128,0
DA:129,0
DA:130,0
DA:131,0
DA:132,0
DA:135,0
DA:139,0
DA:156,0
DA:157,0
DA:158,0
DA:159,0
DA:161,0
LF:77
LH:0
BRDA:41,0,0,0
BRDA:41,0,1,0
BRDA:58,1,0,0
BRDA:58,1,1,0
BRDA:63,2,0,0
BRDA:63,2,1,0
BRDA:88,3,0,0
BRDA:88,3,1,0
BRDA:103,4,0,0
BRDA:103,4,1,0
BRDA:118,5,0,0
BRDA:118,5,1,0
BRDA:126,6,0,0
BRDA:126,6,1,0
BRDA:130,7,0,0
BRDA:130,7,1,0
BRDA:158,8,0,0
BRDA:158,8,1,0
BRF:18
BRH:0
end_of_record
TN:
SF:src/contexts/ScanContext.tsx
FN:28,(anonymous_0)
FN:35,(anonymous_1)
FN:36,(anonymous_2)
FN:43,(anonymous_3)
FN:53,(anonymous_4)
FN:65,(anonymous_5)
FN:74,(anonymous_6)
FN:84,(anonymous_7)
FN:93,(anonymous_8)
FN:98,(anonymous_9)
FN:99,(anonymous_10)
FN:120,(anonymous_11)
FN:133,(anonymous_12)
FN:149,(anonymous_13)
FN:168,(anonymous_14)
FN:173,(anonymous_15)
FN:174,(anonymous_16)
FN:191,(anonymous_17)
FN:196,(anonymous_18)
FN:222,(anonymous_19)
FNF:20
FNH:0
FNDA:0,(anonymous_0)
FNDA:0,(anonymous_1)
FNDA:0,(anonymous_2)
FNDA:0,(anonymous_3)
FNDA:0,(anonymous_4)
FNDA:0,(anonymous_5)
FNDA:0,(anonymous_6)
FNDA:0,(anonymous_7)
FNDA:0,(anonymous_8)
FNDA:0,(anonymous_9)
FNDA:0,(anonymous_10)
FNDA:0,(anonymous_11)
FNDA:0,(anonymous_12)
FNDA:0,(anonymous_13)
FNDA:0,(anonymous_14)
FNDA:0,(anonymous_15)
FNDA:0,(anonymous_16)
FNDA:0,(anonymous_17)
FNDA:0,(anonymous_18)
FNDA:0,(anonymous_19)
DA:24,0
DA:26,0
DA:28,0
DA:29,0
DA:30,0
DA:31,0
DA:32,0
DA:35,0
DA:36,0
DA:37,0
DA:38,0
DA:39,0
DA:40,0
DA:42,0
DA:45,0
DA:47,0
DA:48,0
DA:51,0
DA:53,0
DA:55,0
DA:58,0
DA:62,0
DA:65,0
DA:66,0
DA:67,0
DA:69,0
DA:73,0
DA:75,0
DA:76,0
DA:77,0
DA:78,0
DA:81,0
DA:82,0
DA:83,0
DA:84,0
DA:85,0
DA:86,0
DA:87,0
DA:93,0
DA:94,0
DA:95,0
DA:96,0
DA:98,0
DA:99,0
DA:100,0
DA:102,0
DA:103,0
DA:107,0
DA:108,0
DA:109,0
DA:110,0
DA:115,0
DA:120,0
DA:122,0
DA:124,0
DA:125,0
DA:127,0
DA:133,0
DA:134,0
DA:135,0
DA:136,0
DA:137,0
DA:138,0
DA:139,0
DA:141,0
DA:142,0
DA:144,0
DA:148,0
DA:150,0
DA:151,0
DA:152,0
DA:153,0
DA:154,0
DA:155,0
DA:156,0
DA:158,0
DA:159,0
DA:161,0
DA:167,0
DA:169,0
DA:170,0
DA:171,0
DA:172,0
DA:173,0
DA:174,0
DA:175,0
DA:176,0
DA:178,0
DA:179,0
DA:182,0
DA:183,0
DA:185,0
DA:191,0
DA:192,0
DA:195,0
DA:197,0
DA:202,0
DA:222,0
DA:223,0
DA:224,0
DA:225,0
DA:227,0
LF:102
LH:0
BRDA:39,0,0,0
BRDA:39,0,1,0
BRDA:42,1,0,0
BRDA:42,1,1,0
BRDA:45,2,0,0
BRDA:45,2,1,0
BRDA:82,3,0,0
BRDA:82,3,1,0
BRDA:96,4,0,0
BRDA:96,4,1,0
BRDA:100,5,0,0
BRDA:100,5,1,0
BRDA:107,6,0,0
BRDA:107,6,1,0
BRDA:107,7,0,0
BRDA:107,7,1,0
BRDA:109,8,0,0
BRDA:109,8,1,0
BRDA:124,9,0,0
BRDA:124,9,1,0
BRDA:141,10,0,0
BRDA:141,10,1,0
BRDA:149,11,0,0
BRDA:149,12,0,0
BRDA:158,13,0,0
BRDA:158,13,1,0
BRDA:178,14,0,0
BRDA:178,14,1,0
BRDA:182,15,0,0
BRDA:182,15,1,0
BRDA:224,16,0,0
BRDA:224,16,1,0
BRF:32
BRH:0
end_of_record
TN:
SF:src/contexts/ToastContext.tsx
FN:15,(anonymous_0)
FN:28,(anonymous_1)
FN:41,(anonymous_2)
FN:42,(anonymous_3)
FN:59,(anonymous_4)
FNF:5
FNH:0
FNDA:0,(anonymous_0)
FNDA:0,(anonymous_1)
FNDA:0,(anonymous_2)
FNDA:0,(anonymous_3)
FNDA:0,(anonymous_4)
DA:13,0
DA:15,0
DA:16,0
DA:28,0
DA:33,0
DA:41,0
DA:42,0
DA:45,0
DA:59,0
DA:60,0
DA:61,0
DA:62,0
DA:64,0
LF:13
LH:0
BRDA:30,0,0,0
BRDA:31,1,0,0
BRDA:61,2,0,0
BRDA:61,2,1,0
BRF:4
BRH:0
end_of_record
TN:
SF:src/hooks/useAuth.ts
FN:19,(anonymous_0)
FNF:1
FNH:0
FNDA:0,(anonymous_0)
DA:19,0
DA:20,0
LF:2
LH:0
BRF:0
BRH:0
end_of_record
TN:
SF:src/hooks/useScan.ts
FN:24,(anonymous_0)
FNF:1
FNH:0
FNDA:0,(anonymous_0)
DA:24,0
DA:25,0
LF:2
LH:0
BRF:0
BRH:0
end_of_record
TN:
SF:src/lib/food-label-scanner/config/firebase.ts
FN:26,getFirebaseConfig
FN:51,initializeFirebase
FN:100,getFirebaseApp
FN:112,getFirebaseAuth
FN:146,getFirestoreInstance
FN:162,getFirebaseStorage
FN:178,isFirebaseInitialized
FNF:7
FNH:4
FNDA:15,getFirebaseConfig
FNDA:15,initializeFirebase
FNDA:0,getFirebaseApp
FNDA:9,getFirebaseAuth
FNDA:2,getFirestoreInstance
FNDA:0,getFirebaseStorage
FNDA:0,isFirebaseInitialized
DA:15,9
DA:17,9
DA:18,9
DA:19,9
DA:20,9
DA:21,9
DA:27,15
DA:38,15
DA:39,15
DA:44,0
DA:52,15
DA:53,0
DA:56,15
DA:57,15
DA:60,0
DA:61,0
DA:62,0
DA:63,0
DA:66,0
DA:67,0
DA:74,0
DA:77,0
DA:81,0
DA:82,0
DA:86,0
DA:87,0
DA:89,0
DA:92,15
DA:93,15
DA:101,0
DA:102,0
DA:106,0
DA:113,9
DA:115,9
DA:116,9
DA:120,0
DA:121,0
DA:123,0
DA:126,0
DA:128,0
DA:131,0
DA:132,0
DA:133,0
DA:135,0
DA:140,0
DA:147,2
DA:149,2
DA:150,2
DA:154,0
DA:156,0
DA:163,0
DA:165,0
DA:166,0
DA:170,0
DA:172,0
DA:179,0
LF:56
LH:20
BRDA:38,0,0,15
BRDA:38,0,1,0
BRDA:38,1,0,15
BRDA:38,1,1,0
BRDA:52,2,0,0
BRDA:52,2,1,15
BRDA:52,3,0,15
BRDA:52,3,1,0
BRDA:82,4,0,0
BRDA:82,4,1,0
BRDA:92,5,0,15
BRDA:92,5,1,0
BRDA:101,6,0,0
BRDA:101,6,1,0
BRDA:113,7,0,9
BRDA:113,7,1,0
BRDA:115,8,0,9
BRDA:115,8,1,0
BRDA:147,9,0,2
BRDA:147,9,1,0
BRDA:149,10,0,2
BRDA:149,10,1,0
BRDA:163,11,0,0
BRDA:163,11,1,0
BRDA:165,12,0,0
BRDA:165,12,1,0
BRF:26
BRH:9
end_of_record
TN:
SF:src/lib/food-label-scanner/models/AllergenInfo.ts
FN:14,(anonymous_0)
FN:25,(anonymous_1)
FN:35,(anonymous_2)
FN:44,(anonymous_3)
FN:48,(anonymous_4)
FN:52,(anonymous_5)
FN:56,(anonymous_6)
FN:61,(anonymous_7)
FN:70,(anonymous_8)
FN:75,(anonymous_9)
FN:92,(anonymous_10)
FN:105,(anonymous_11)
FN:109,(anonymous_12)
FN:121,(anonymous_13)
FN:123,(anonymous_14)
FN:130,(anonymous_15)
FN:131,(anonymous_16)
FN:134,(anonymous_17)
FN:142,(anonymous_18)
FN:143,(anonymous_19)
FN:147,(anonymous_20)
FN:151,(anonymous_21)
FN:156,(anonymous_22)
FN:160,(anonymous_23)
FN:185,(anonymous_24)
FN:200,(anonymous_25)
FN:208,(anonymous_26)
FNF:27
FNH:18
FNDA:40,(anonymous_0)
FNDA:40,(anonymous_1)
FNDA:40,(anonymous_2)
FNDA:0,(anonymous_3)
FNDA:0,(anonymous_4)
FNDA:0,(anonymous_5)
FNDA:0,(anonymous_6)
FNDA:13,(anonymous_7)
FNDA:3,(anonymous_8)
FNDA:10,(anonymous_9)
FNDA:12,(anonymous_10)
FNDA:12,(anonymous_11)
FNDA:12,(anonymous_12)
FNDA:12,(anonymous_13)
FNDA:20,(anonymous_14)
FNDA:12,(anonymous_15)
FNDA:31,(anonymous_16)
FNDA:0,(anonymous_17)
FNDA:0,(anonymous_18)
FNDA:0,(anonymous_19)
FNDA:2,(anonymous_20)
FNDA:6,(anonymous_21)
FNDA:28,(anonymous_22)
FNDA:5,(anonymous_23)
FNDA:1,(anonymous_24)
FNDA:0,(anonymous_25)
FNDA:0,(anonymous_26)
DA:19,40
DA:20,40
DA:21,40
DA:26,40
DA:27,0
DA:29,40
DA:30,0
DA:32,40
DA:36,40
DA:37,40
DA:38,0
DA:40,40
DA:45,0
DA:49,0
DA:53,0
DA:57,0
DA:62,13
DA:67,13
DA:71,3
DA:76,10
DA:77,0
DA:80,10
DA:82,10
DA:83,12
DA:84,7
DA:88,3
DA:93,12
DA:94,12
DA:96,12
DA:98,12
DA:99,12
DA:102,0
DA:106,12
DA:110,12
DA:122,12
DA:123,20
DA:124,12
DA:127,0
DA:131,31
DA:135,0
DA:136,0
DA:139,0
DA:140,0
DA:142,0
DA:143,0
DA:148,2
DA:152,6
DA:156,28
DA:161,5
DA:163,5
DA:164,4
DA:166,1
DA:167,1
DA:169,0
DA:170,0
DA:172,0
DA:173,0
DA:175,0
DA:176,0
DA:178,0
DA:179,0
DA:182,0
DA:186,1
DA:188,1
DA:189,3
DA:190,3
DA:191,1
DA:193,3
DA:196,1
DA:201,0
DA:209,0
LF:71
LH:44
BRDA:16,0,0,0
BRDA:17,1,0,40
BRDA:26,2,0,0
BRDA:26,2,1,40
BRDA:26,3,0,40
BRDA:26,3,1,40
BRDA:29,4,0,0
BRDA:29,4,1,40
BRDA:37,5,0,0
BRDA:37,5,1,40
BRDA:57,6,0,0
BRDA:57,6,1,0
BRDA:76,7,0,0
BRDA:76,7,1,10
BRDA:76,8,0,10
BRDA:76,8,1,10
BRDA:83,9,0,7
BRDA:83,9,1,5
BRDA:98,10,0,12
BRDA:98,10,1,0
BRDA:123,11,0,12
BRDA:123,11,1,5
BRDA:123,12,0,17
BRDA:123,12,1,5
BRDA:135,13,0,0
BRDA:135,13,1,0
BRDA:135,14,0,0
BRDA:135,14,1,0
BRDA:142,15,0,0
BRDA:142,15,1,0
BRDA:163,16,0,4
BRDA:163,16,1,1
BRDA:163,17,0,5
BRDA:163,17,1,3
BRDA:163,17,2,3
BRDA:163,17,3,2
BRDA:166,18,0,1
BRDA:166,18,1,0
BRDA:166,19,0,1
BRDA:166,19,1,0
BRDA:166,19,2,0
BRDA:166,19,3,0
BRDA:169,20,0,0
BRDA:169,20,1,0
BRDA:169,21,0,0
BRDA:169,21,1,0
BRDA:169,21,2,0
BRDA:169,21,3,0
BRDA:172,22,0,0
BRDA:172,22,1,0
BRDA:172,23,0,0
BRDA:172,23,1,0
BRDA:175,24,0,0
BRDA:175,24,1,0
BRDA:178,25,0,0
BRDA:178,25,1,0
BRDA:178,26,0,0
BRDA:178,26,1,0
BRDA:190,27,0,1
BRDA:190,27,1,2
BRF:60
BRH:26
end_of_record
TN:
SF:src/lib/food-label-scanner/models/AlternativeSuggestion.ts
FN:23,(anonymous_0)
FN:38,(anonymous_1)
FN:45,(anonymous_2)
FN:55,(anonymous_3)
FN:65,(anonymous_4)
FN:66,(anonymous_5)
FN:90,(anonymous_6)
FN:99,(anonymous_7)
FN:109,(anonymous_8)
FN:127,(anonymous_9)
FN:128,(anonymous_10)
FN:133,(anonymous_11)
FN:141,(anonymous_12)
FN:155,(anonymous_13)
FN:159,(anonymous_14)
FN:163,(anonymous_15)
FN:171,(anonymous_16)
FN:207,(anonymous_17)
FN:212,(anonymous_18)
FN:228,(anonymous_19)
FN:229,(anonymous_20)
FN:235,(anonymous_21)
FN:240,(anonymous_22)
FN:248,(anonymous_23)
FN:270,(anonymous_24)
FN:280,(anonymous_25)
FNF:26
FNH:23
FNDA:21,(anonymous_0)
FNDA:21,(anonymous_1)
FNDA:21,(anonymous_2)
FNDA:21,(anonymous_3)
FNDA:21,(anonymous_4)
FNDA:126,(anonymous_5)
FNDA:2,(anonymous_6)
FNDA:10,(anonymous_7)
FNDA:0,(anonymous_8)
FNDA:1,(anonymous_9)
FNDA:2,(anonymous_10)
FNDA:3,(anonymous_11)
FNDA:6,(anonymous_12)
FNDA:1,(anonymous_13)
FNDA:3,(anonymous_14)
FNDA:4,(anonymous_15)
FNDA:2,(anonymous_16)
FNDA:15,(anonymous_17)
FNDA:1,(anonymous_18)
FNDA:5,(anonymous_19)
FNDA:4,(anonymous_20)
FNDA:2,(anonymous_21)
FNDA:1,(anonymous_22)
FNDA:1,(anonymous_23)
FNDA:0,(anonymous_24)
FNDA:0,(anonymous_25)
DA:30,21
DA:31,21
DA:32,21
DA:33,21
DA:34,21
DA:39,21
DA:40,0
DA:42,21
DA:46,21
DA:47,0
DA:49,21
DA:50,0
DA:52,21
DA:56,21
DA:57,0
DA:59,21
DA:60,0
DA:62,21
DA:66,21
DA:70,126
DA:71,0
DA:73,126
DA:74,126
DA:75,0
DA:79,21
DA:80,21
DA:81,21
DA:82,21
DA:83,21
DA:84,21
DA:86,21
DA:91,2
DA:100,10
DA:101,10
DA:102,10
DA:103,10
DA:104,10
DA:105,10
DA:106,10
DA:110,0
DA:111,0
DA:112,0
DA:114,0
DA:115,0
DA:117,0
DA:118,0
DA:120,0
DA:121,0
DA:123,0
DA:128,1
DA:129,2
DA:137,3
DA:138,0
DA:141,3
DA:142,6
DA:143,6
DA:147,6
DA:148,2
DA:150,4
DA:159,3
DA:164,4
DA:165,4
DA:167,4
DA:168,4
DA:173,2
DA:207,15
DA:209,2
DA:213,1
DA:219,1
DA:223,1
DA:227,1
DA:228,5
DA:229,4
DA:231,1
DA:237,2
DA:241,1
DA:242,1
DA:244,1
DA:245,0
DA:249,1
DA:252,1
DA:253,0
DA:257,1
DA:258,0
DA:262,1
DA:263,0
DA:266,1
DA:271,0
DA:281,0
LF:89
LH:65
BRDA:28,0,0,17
BRDA:39,1,0,0
BRDA:39,1,1,21
BRDA:39,2,0,21
BRDA:39,2,1,21
BRDA:46,3,0,0
BRDA:46,3,1,21
BRDA:46,4,0,21
BRDA:46,4,1,21
BRDA:49,5,0,0
BRDA:49,5,1,21
BRDA:56,6,0,0
BRDA:56,6,1,21
BRDA:56,7,0,21
BRDA:56,7,1,21
BRDA:59,8,0,0
BRDA:59,8,1,21
BRDA:70,9,0,0
BRDA:70,9,1,126
BRDA:70,10,0,126
BRDA:70,10,1,126
BRDA:74,11,0,0
BRDA:74,11,1,126
BRDA:92,12,0,2
BRDA:92,12,1,1
BRDA:92,12,2,1
BRDA:92,12,3,1
BRDA:101,13,0,10
BRDA:101,13,1,0
BRDA:102,14,0,7
BRDA:102,14,1,3
BRDA:103,15,0,0
BRDA:103,15,1,10
BRDA:104,16,0,3
BRDA:104,16,1,7
BRDA:105,17,0,0
BRDA:105,17,1,10
BRDA:111,18,0,0
BRDA:111,18,1,0
BRDA:114,19,0,0
BRDA:114,19,1,0
BRDA:117,20,0,0
BRDA:117,20,1,0
BRDA:120,21,0,0
BRDA:120,21,1,0
BRDA:123,22,0,0
BRDA:123,22,1,0
BRDA:137,23,0,0
BRDA:137,23,1,3
BRDA:147,24,0,2
BRDA:147,24,1,4
BRDA:148,25,0,1
BRDA:148,25,1,1
BRDA:150,26,0,1
BRDA:150,26,1,3
BRDA:165,27,0,0
BRDA:165,27,1,4
BRDA:176,28,0,2
BRDA:176,28,1,0
BRDA:182,29,0,0
BRDA:182,29,1,2
BRDA:182,30,0,2
BRDA:182,30,1,0
BRDA:188,31,0,2
BRDA:188,31,1,0
BRDA:194,32,0,2
BRDA:194,32,1,0
BRDA:200,33,0,0
BRDA:200,33,1,2
BRDA:200,34,0,2
BRDA:200,34,1,0
BRDA:202,35,0,0
BRDA:202,35,1,2
BRDA:219,36,0,0
BRDA:219,36,1,1
BRDA:223,37,0,1
BRDA:223,37,1,0
BRDA:224,38,0,1
BRDA:224,38,1,0
BRDA:237,39,0,2
BRDA:237,39,1,1
BRDA:244,40,0,1
BRDA:244,40,1,0
BRDA:244,41,0,1
BRDA:244,41,1,0
BRDA:252,42,0,0
BRDA:252,42,1,1
BRDA:257,43,0,0
BRDA:257,43,1,1
BRDA:262,44,0,0
BRDA:262,44,1,1
BRF:91
BRH:53
end_of_record
TN:
SF:src/lib/food-label-scanner/models/FoodScan.ts
FN:43,(anonymous_0)
FN:74,(anonymous_1)
FN:84,(anonymous_2)
FN:91,(anonymous_3)
FN:112,(anonymous_4)
FN:129,(anonymous_5)
FN:136,(anonymous_6)
FN:145,(anonymous_7)
FN:152,(anonymous_8)
FN:163,(anonymous_9)
FN:173,(anonymous_10)
FN:180,(anonymous_11)
FN:181,(anonymous_12)
FN:184,(anonymous_13)
FN:185,(anonymous_14)
FN:189,(anonymous_15)
FN:203,(anonymous_16)
FN:210,(anonymous_17)
FN:211,(anonymous_18)
FN:217,(anonymous_19)
FN:218,(anonymous_20)
FN:223,(anonymous_21)
FN:224,(anonymous_22)
FN:229,(anonymous_23)
FN:239,(anonymous_24)
FN:250,(anonymous_25)
FN:269,(anonymous_26)
FN:301,(anonymous_27)
FN:326,(anonymous_28)
FN:357,(anonymous_29)
FN:372,(anonymous_30)
FN:373,(anonymous_31)
FN:381,(anonymous_32)
FN:401,(anonymous_33)
FN:402,(anonymous_34)
FNF:35
FNH:27
FNDA:26,(anonymous_0)
FNDA:26,(anonymous_1)
FNDA:25,(anonymous_2)
FNDA:0,(anonymous_3)
FNDA:25,(anonymous_4)
FNDA:24,(anonymous_5)
FNDA:24,(anonymous_6)
FNDA:9,(anonymous_7)
FNDA:9,(anonymous_8)
FNDA:1,(anonymous_9)
FNDA:0,(anonymous_10)
FNDA:3,(anonymous_11)
FNDA:2,(anonymous_12)
FNDA:1,(anonymous_13)
FNDA:2,(anonymous_14)
FNDA:2,(anonymous_15)
FNDA:1,(anonymous_16)
FNDA:3,(anonymous_17)
FNDA:5,(anonymous_18)
FNDA:2,(anonymous_19)
FNDA:2,(anonymous_20)
FNDA:2,(anonymous_21)
FNDA:4,(anonymous_22)
FNDA:1,(anonymous_23)
FNDA:1,(anonymous_24)
FNDA:3,(anonymous_25)
FNDA:1,(anonymous_26)
FNDA:2,(anonymous_27)
FNDA:1,(anonymous_28)
FNDA:0,(anonymous_29)
FNDA:0,(anonymous_30)
FNDA:0,(anonymous_31)
FNDA:0,(anonymous_32)
FNDA:0,(anonymous_33)
FNDA:0,(anonymous_34)
DA:58,26
DA:59,25
DA:60,25
DA:61,25
DA:62,24
DA:63,24
DA:64,24
DA:65,24
DA:66,24
DA:67,24
DA:68,24
DA:69,24
DA:70,24
DA:75,26
DA:76,0
DA:78,26
DA:79,1
DA:81,25
DA:85,25
DA:86,0
DA:88,25
DA:93,0
DA:94,0
DA:98,0
DA:99,0
DA:103,0
DA:104,0
DA:105,0
DA:108,0
DA:113,25
DA:114,0
DA:116,25
DA:117,25
DA:118,1
DA:120,24
DA:121,0
DA:123,24
DA:124,0
DA:126,24
DA:130,24
DA:131,0
DA:133,24
DA:137,24
DA:138,24
DA:139,0
DA:141,24
DA:146,9
DA:147,0
DA:149,9
DA:153,9
DA:154,0
DA:156,9
DA:157,9
DA:158,9
DA:159,9
DA:160,9
DA:164,1
DA:165,1
DA:170,1
DA:174,0
DA:175,0
DA:177,0
DA:181,3
DA:185,2
DA:190,2
DA:191,0
DA:194,2
DA:197,2
DA:198,2
DA:200,2
DA:204,1
DA:205,0
DA:207,1
DA:211,3
DA:212,5
DA:218,2
DA:219,2
DA:224,2
DA:225,4
DA:230,1
DA:231,0
DA:234,1
DA:237,1
DA:238,1
DA:239,1
DA:240,1
DA:243,1
DA:246,1
DA:251,3
DA:252,0
DA:255,3
DA:257,1
DA:259,1
DA:261,1
DA:263,0
DA:265,0
DA:270,1
DA:271,0
DA:274,1
DA:277,1
DA:278,1
DA:279,1
DA:280,1
DA:282,1
DA:283,1
DA:284,1
DA:285,1
DA:288,1
DA:289,1
DA:293,1
DA:294,1
DA:297,1
DA:302,2
DA:303,0
DA:307,2
DA:308,2
DA:309,1
DA:313,1
DA:314,0
DA:318,1
DA:319,1
DA:320,0
DA:323,1
DA:327,1
DA:328,0
DA:331,1
DA:334,1
DA:335,1
DA:336,0
DA:337,0
DA:340,1
DA:341,1
DA:345,1
DA:346,1
DA:350,1
DA:351,1
DA:353,1
DA:358,0
DA:372,0
DA:373,0
DA:382,0
DA:383,0
DA:384,0
DA:386,0
DA:401,0
DA:402,0
LF:146
LH:104
BRDA:48,0,0,19
BRDA:49,1,0,19
BRDA:60,2,0,25
BRDA:60,2,1,0
BRDA:65,3,0,24
BRDA:65,3,1,24
BRDA:66,4,0,24
BRDA:66,4,1,24
BRDA:67,5,0,24
BRDA:67,5,1,24
BRDA:68,6,0,24
BRDA:68,6,1,24
BRDA:69,7,0,24
BRDA:69,7,1,24
BRDA:70,8,0,24
BRDA:70,8,1,24
BRDA:75,9,0,0
BRDA:75,9,1,26
BRDA:75,10,0,26
BRDA:75,10,1,26
BRDA:78,11,0,1
BRDA:78,11,1,25
BRDA:85,12,0,0
BRDA:85,12,1,25
BRDA:85,13,0,25
BRDA:85,13,1,25
BRDA:93,14,0,0
BRDA:93,14,1,0
BRDA:93,15,0,0
BRDA:93,15,1,0
BRDA:98,16,0,0
BRDA:98,16,1,0
BRDA:98,17,0,0
BRDA:98,17,1,0
BRDA:113,18,0,0
BRDA:113,18,1,25
BRDA:117,19,0,1
BRDA:117,19,1,24
BRDA:120,20,0,0
BRDA:120,20,1,24
BRDA:120,21,0,24
BRDA:120,21,1,1
BRDA:123,22,0,0
BRDA:123,22,1,24
BRDA:123,23,0,24
BRDA:123,23,1,24
BRDA:130,24,0,0
BRDA:130,24,1,24
BRDA:130,25,0,24
BRDA:130,25,1,0
BRDA:138,26,0,0
BRDA:138,26,1,24
BRDA:146,27,0,0
BRDA:146,27,1,9
BRDA:153,28,0,0
BRDA:153,28,1,9
BRDA:174,29,0,0
BRDA:174,29,1,0
BRDA:190,30,0,0
BRDA:190,30,1,2
BRDA:204,31,0,0
BRDA:204,31,1,1
BRDA:230,32,0,0
BRDA:230,32,1,1
BRDA:237,33,0,1
BRDA:237,33,1,0
BRDA:251,34,0,0
BRDA:251,34,1,3
BRDA:255,35,0,1
BRDA:255,35,1,1
BRDA:255,35,2,1
BRDA:255,35,3,0
BRDA:255,35,4,0
BRDA:257,36,0,1
BRDA:257,36,1,1
BRDA:270,37,0,0
BRDA:270,37,1,1
BRDA:282,38,0,1
BRDA:282,38,1,0
BRDA:283,39,0,1
BRDA:283,39,1,0
BRDA:284,40,0,1
BRDA:284,40,1,0
BRDA:285,41,0,1
BRDA:285,41,1,0
BRDA:288,42,0,1
BRDA:288,42,1,0
BRDA:288,43,0,1
BRDA:288,43,1,1
BRDA:293,44,0,1
BRDA:293,44,1,0
BRDA:293,45,0,1
BRDA:293,45,1,1
BRDA:302,46,0,0
BRDA:302,46,1,2
BRDA:302,47,0,2
BRDA:302,47,1,2
BRDA:308,48,0,1
BRDA:308,48,1,1
BRDA:313,49,0,0
BRDA:313,49,1,1
BRDA:319,50,0,0
BRDA:319,50,1,1
BRDA:327,51,0,0
BRDA:327,51,1,1
BRDA:327,52,0,1
BRDA:327,52,1,1
BRDA:335,53,0,1
BRDA:335,53,1,0
BRDA:336,54,0,0
BRDA:336,54,1,0
BRDA:337,55,0,0
BRDA:337,55,1,0
BRDA:340,56,0,1
BRDA:340,56,1,0
BRDA:345,57,0,1
BRDA:345,57,1,0
BRDA:363,58,0,0
BRDA:363,58,1,0
BRDA:370,59,0,0
BRDA:370,59,1,0
BRDA:371,60,0,0
BRDA:371,60,1,0
BRDA:373,61,0,0
BRDA:373,61,1,0
BRDA:374,62,0,0
BRDA:374,62,1,0
BRDA:389,63,0,0
BRDA:389,63,1,0
BRDA:392,64,0,0
BRDA:392,64,1,0
BRDA:398,65,0,0
BRDA:398,65,1,0
BRDA:399,66,0,0
BRDA:399,66,1,0
BRDA:400,67,0,0
BRDA:400,67,1,0
BRDA:401,68,0,0
BRDA:401,68,1,0
BRDA:402,69,0,0
BRDA:402,69,1,0
BRDA:403,70,0,0
BRDA:403,70,1,0
BRDA:406,71,0,0
BRDA:406,71,1,0
BRF:145
BRH:71
end_of_record
TN:
SF:src/lib/food-label-scanner/models/NutritionInfo.ts
FN:41,(anonymous_0)
FN:60,(anonymous_1)
FN:70,(anonymous_2)
FN:77,(anonymous_3)
FN:87,(anonymous_4)
FN:88,(anonymous_5)
FN:107,(anonymous_6)
FN:111,(anonymous_7)
FN:125,(anonymous_8)
FN:129,(anonymous_9)
FN:144,(anonymous_10)
FN:148,(anonymous_11)
FN:152,(anonymous_12)
FN:156,(anonymous_13)
FN:160,(anonymous_14)
FN:166,(anonymous_15)
FN:172,(anonymous_16)
FN:179,(anonymous_17)
FN:201,(anonymous_18)
FN:215,(anonymous_19)
FN:228,(anonymous_20)
FN:244,(anonymous_21)
FN:250,(anonymous_22)
FN:265,(anonymous_23)
FN:274,(anonymous_24)
FN:283,(anonymous_25)
FN:299,(anonymous_26)
FN:307,(anonymous_27)
FN:314,(anonymous_28)
FN:324,(anonymous_29)
FN:328,(anonymous_30)
FN:352,(anonymous_31)
FN:357,(anonymous_32)
FN:362,(anonymous_33)
FN:368,(anonymous_34)
FN:380,(anonymous_35)
FNF:36
FNH:32
FNDA:35,(anonymous_0)
FNDA:35,(anonymous_1)
FNDA:35,(anonymous_2)
FNDA:35,(anonymous_3)
FNDA:34,(anonymous_4)
FNDA:272,(anonymous_5)
FNDA:34,(anonymous_6)
FNDA:0,(anonymous_7)
FNDA:34,(anonymous_8)
FNDA:0,(anonymous_9)
FNDA:23,(anonymous_10)
FNDA:3,(anonymous_11)
FNDA:4,(anonymous_12)
FNDA:3,(anonymous_13)
FNDA:5,(anonymous_14)
FNDA:5,(anonymous_15)
FNDA:11,(anonymous_16)
FNDA:29,(anonymous_17)
FNDA:1,(anonymous_18)
FNDA:1,(anonymous_19)
FNDA:11,(anonymous_20)
FNDA:11,(anonymous_21)
FNDA:11,(anonymous_22)
FNDA:11,(anonymous_23)
FNDA:11,(anonymous_24)
FNDA:11,(anonymous_25)
FNDA:11,(anonymous_26)
FNDA:11,(anonymous_27)
FNDA:11,(anonymous_28)
FNDA:7,(anonymous_29)
FNDA:5,(anonymous_30)
FNDA:2,(anonymous_31)
FNDA:3,(anonymous_32)
FNDA:2,(anonymous_33)
FNDA:0,(anonymous_34)
FNDA:0,(anonymous_35)
DA:50,35
DA:51,35
DA:52,35
DA:53,35
DA:54,34
DA:55,34
DA:56,34
DA:61,35
DA:62,0
DA:64,35
DA:65,0
DA:67,35
DA:71,35
DA:72,0
DA:74,35
DA:78,35
DA:79,0
DA:81,35
DA:82,1
DA:84,34
DA:88,34
DA:89,272
DA:90,0
DA:92,272
DA:95,34
DA:108,34
DA:109,0
DA:111,34
DA:112,0
DA:113,0
DA:115,0
DA:116,0
DA:118,0
DA:119,0
DA:121,0
DA:126,34
DA:127,0
DA:129,34
DA:130,0
DA:131,0
DA:133,0
DA:134,0
DA:136,0
DA:137,0
DA:139,0
DA:145,23
DA:149,3
DA:153,4
DA:157,3
DA:162,5
DA:163,5
DA:168,5
DA:169,5
DA:174,11
DA:175,11
DA:180,29
DA:187,29
DA:188,29
DA:190,29
DA:198,29
DA:202,1
DA:216,1
DA:217,1
DA:218,0
DA:220,1
DA:229,11
DA:231,11
DA:232,11
DA:233,11
DA:234,11
DA:235,11
DA:236,11
DA:237,11
DA:238,11
DA:240,11
DA:245,11
DA:246,11
DA:247,9
DA:251,11
DA:252,11
DA:254,11
DA:255,11
DA:257,11
DA:258,8
DA:260,11
DA:262,11
DA:266,11
DA:267,11
DA:268,8
DA:269,8
DA:270,8
DA:271,5
DA:275,11
DA:276,11
DA:277,9
DA:278,8
DA:279,7
DA:280,4
DA:284,11
DA:286,11
DA:287,4
DA:288,7
DA:289,5
DA:292,11
DA:293,1
DA:296,11
DA:300,11
DA:302,1
DA:303,1
DA:304,1
DA:308,11
DA:309,11
DA:310,11
DA:311,11
DA:315,11
DA:316,11
DA:318,11
DA:319,11
DA:320,11
DA:325,7
DA:329,5
DA:331,5
DA:332,3
DA:334,5
DA:335,3
DA:337,5
DA:338,3
DA:340,5
DA:341,5
DA:342,0
DA:344,5
DA:345,1
DA:348,5
DA:353,2
DA:354,2
DA:358,3
DA:359,3
DA:363,2
DA:364,2
DA:369,0
DA:381,0
LF:141
LH:116
BRDA:46,0,0,33
BRDA:47,1,0,33
BRDA:48,2,0,33
BRDA:61,3,0,0
BRDA:61,3,1,35
BRDA:61,4,0,35
BRDA:61,4,1,35
BRDA:64,5,0,0
BRDA:64,5,1,35
BRDA:71,6,0,0
BRDA:71,6,1,35
BRDA:71,7,0,35
BRDA:71,7,1,35
BRDA:78,8,0,0
BRDA:78,8,1,35
BRDA:81,9,0,1
BRDA:81,9,1,34
BRDA:89,10,0,0
BRDA:89,10,1,272
BRDA:108,11,0,0
BRDA:108,11,1,34
BRDA:112,12,0,0
BRDA:112,12,1,0
BRDA:112,13,0,0
BRDA:112,13,1,0
BRDA:115,14,0,0
BRDA:115,14,1,0
BRDA:118,15,0,0
BRDA:118,15,1,0
BRDA:118,16,0,0
BRDA:118,16,1,0
BRDA:126,17,0,0
BRDA:126,17,1,34
BRDA:130,18,0,0
BRDA:130,18,1,0
BRDA:130,19,0,0
BRDA:130,19,1,0
BRDA:133,20,0,0
BRDA:133,20,1,0
BRDA:136,21,0,0
BRDA:136,21,1,0
BRDA:136,22,0,0
BRDA:136,22,1,0
BRDA:188,23,0,0
BRDA:188,23,1,29
BRDA:190,24,0,2
BRDA:190,24,1,27
BRDA:192,25,0,13
BRDA:192,25,1,14
BRDA:194,26,0,2
BRDA:194,26,1,12
BRDA:217,27,0,0
BRDA:217,27,1,1
BRDA:245,28,0,0
BRDA:245,28,1,11
BRDA:246,29,0,2
BRDA:246,29,1,9
BRDA:252,30,0,0
BRDA:252,30,1,11
BRDA:257,31,0,3
BRDA:257,31,1,8
BRDA:258,32,0,1
BRDA:258,32,1,7
BRDA:260,33,0,1
BRDA:260,33,1,10
BRDA:267,34,0,3
BRDA:267,34,1,8
BRDA:268,35,0,0
BRDA:268,35,1,8
BRDA:269,36,0,0
BRDA:269,36,1,8
BRDA:270,37,0,3
BRDA:270,37,1,5
BRDA:276,38,0,2
BRDA:276,38,1,9
BRDA:277,39,0,1
BRDA:277,39,1,8
BRDA:278,40,0,1
BRDA:278,40,1,7
BRDA:279,41,0,3
BRDA:279,41,1,4
BRDA:286,42,0,4
BRDA:286,42,1,7
BRDA:288,43,0,5
BRDA:288,43,1,2
BRDA:292,44,0,1
BRDA:292,44,1,10
BRDA:300,45,0,10
BRDA:300,45,1,1
BRDA:303,46,0,1
BRDA:303,46,1,0
BRDA:309,47,0,0
BRDA:309,47,1,11
BRDA:310,48,0,0
BRDA:310,48,1,11
BRDA:316,49,0,0
BRDA:316,49,1,11
BRDA:319,50,0,0
BRDA:319,50,1,11
BRDA:331,51,0,3
BRDA:331,51,1,2
BRDA:334,52,0,3
BRDA:334,52,1,2
BRDA:337,53,0,3
BRDA:337,53,1,2
BRDA:341,54,0,0
BRDA:341,54,1,5
BRDA:344,55,0,1
BRDA:344,55,1,4
BRF:109
BRH:70
end_of_record
TN:
SF:src/lib/food-label-scanner/models/User.ts
FN:32,(anonymous_0)
FN:65,(anonymous_1)
FN:70,(anonymous_2)
FN:75,(anonymous_3)
FN:80,(anonymous_4)
FN:85,(anonymous_5)
FN:89,(anonymous_6)
FN:93,(anonymous_7)
FN:97,(anonymous_8)
FN:102,(anonymous_9)
FN:109,(anonymous_10)
FN:110,(anonymous_11)
FN:114,(anonymous_12)
FN:132,(anonymous_13)
FN:149,(anonymous_14)
FNF:15
FNH:15
FNDA:36,(anonymous_0)
FNDA:36,(anonymous_1)
FNDA:36,(anonymous_2)
FNDA:35,(anonymous_3)
FNDA:35,(anonymous_4)
FNDA:33,(anonymous_5)
FNDA:1,(anonymous_6)
FNDA:1,(anonymous_7)
FNDA:1,(anonymous_8)
FNDA:3,(anonymous_9)
FNDA:1,(anonymous_10)
FNDA:1,(anonymous_11)
FNDA:1,(anonymous_12)
FNDA:1,(anonymous_13)
FNDA:1,(anonymous_14)
DA:43,36
DA:44,36
DA:45,35
DA:46,34
DA:47,33
DA:48,33
DA:49,33
DA:50,33
DA:57,33
DA:66,36
DA:67,36
DA:71,36
DA:72,36
DA:76,35
DA:77,35
DA:81,35
DA:82,35
DA:86,33
DA:87,0
DA:89,33
DA:94,1
DA:98,1
DA:99,1
DA:103,3
DA:104,2
DA:105,2
DA:110,1
DA:111,1
DA:115,1
DA:116,1
DA:117,1
DA:119,1
DA:120,1
DA:122,1
DA:123,0
DA:125,1
DA:126,0
DA:127,0
DA:133,1
DA:150,1
LF:40
LH:36
BRDA:36,0,0,14
BRDA:37,1,0,30
BRDA:48,2,0,33
BRDA:48,2,1,32
BRDA:49,3,0,33
BRDA:49,3,1,32
BRDA:52,4,0,33
BRDA:52,4,1,32
BRDA:53,5,0,33
BRDA:53,5,1,32
BRDA:58,6,0,33
BRDA:58,6,1,32
BRDA:59,7,0,33
BRDA:59,7,1,33
BRDA:86,8,0,0
BRDA:86,8,1,33
BRDA:89,9,0,1
BRDA:89,9,1,1
BRDA:103,10,0,2
BRDA:103,10,1,1
BRDA:115,11,0,1
BRDA:115,11,1,0
BRDA:119,12,0,1
BRDA:119,12,1,0
BRDA:122,13,0,0
BRDA:122,13,1,1
BRDA:125,14,0,0
BRDA:125,14,1,1
BRDA:144,15,0,1
BRDA:144,15,1,1
BRDA:156,16,0,1
BRDA:156,16,1,0
BRDA:157,17,0,1
BRDA:157,17,1,0
BRF:34
BRH:27
end_of_record
TN:
SF:src/lib/food-label-scanner/models/index.ts
FNF:0
FNH:0
LF:0
LH:0
BRF:0
BRH:0
end_of_record
TN:
SF:src/lib/food-label-scanner/services/ai/AIService.ts
FN:46,(anonymous_0)
FN:66,(anonymous_1)
FN:71,(anonymous_2)
FN:87,(anonymous_3)
FN:92,(anonymous_4)
FN:105,(anonymous_5)
FN:110,(anonymous_6)
FN:118,(anonymous_7)
FN:140,(anonymous_8)
FN:149,(anonymous_9)
FN:180,(anonymous_10)
FN:191,(anonymous_11)
FN:224,(anonymous_12)
FN:265,(anonymous_13)
FN:287,(anonymous_14)
FN:298,(anonymous_15)
FN:319,(anonymous_16)
FN:467,(anonymous_17)
FN:472,(anonymous_18)
FN:497,(anonymous_19)
FN:606,(anonymous_20)
FN:607,(anonymous_21)
FN:612,(anonymous_22)
FN:613,(anonymous_23)
FNF:24
FNH:8
FNDA:7,(anonymous_0)
FNDA:3,(anonymous_1)
FNDA:2,(anonymous_2)
FNDA:0,(anonymous_3)
FNDA:0,(anonymous_4)
FNDA:0,(anonymous_5)
FNDA:0,(anonymous_6)
FNDA:2,(anonymous_7)
FNDA:0,(anonymous_8)
FNDA:0,(anonymous_9)
FNDA:0,(anonymous_10)
FNDA:0,(anonymous_11)
FNDA:0,(anonymous_12)
FNDA:2,(anonymous_13)
FNDA:3,(anonymous_14)
FNDA:2,(anonymous_15)
FNDA:2,(anonymous_16)
FNDA:0,(anonymous_17)
FNDA:0,(anonymous_18)
FNDA:0,(anonymous_19)
FNDA:0,(anonymous_20)
FNDA:0,(anonymous_21)
FNDA:0,(anonymous_22)
FNDA:0,(anonymous_23)
DA:41,7
DA:42,7
DA:49,7
DA:50,7
DA:53,7
DA:57,7
DA:67,3
DA:69,2
DA:70,2
DA:71,2
DA:75,2
DA:77,0
DA:78,0
DA:80,0
DA:88,0
DA:90,0
DA:91,0
DA:92,0
DA:96,0
DA:98,0
DA:109,0
DA:110,0
DA:122,2
DA:125,2
DA:128,2
DA:129,0
DA:131,0
DA:137,2
DA:140,2
DA:141,0
DA:149,2
DA:150,0
DA:157,2
DA:184,0
DA:197,0
DA:200,0
DA:201,0
DA:218,0
DA:228,0
DA:266,2
DA:267,0
DA:268,0
DA:272,2
DA:273,2
DA:275,2
DA:276,0
DA:282,0
DA:288,3
DA:289,0
DA:292,3
DA:293,3
DA:294,1
DA:302,2
DA:304,2
DA:305,2
DA:306,2
DA:308,0
DA:310,0
DA:311,0
DA:316,0
DA:321,2
DA:322,2
DA:339,0
DA:341,0
DA:345,0
DA:352,0
DA:372,0
DA:377,0
DA:378,0
DA:385,0
DA:388,0
DA:390,0
DA:392,0
DA:393,0
DA:396,0
DA:398,0
DA:402,0
DA:404,0
DA:406,0
DA:408,0
DA:409,0
DA:411,0
DA:414,0
DA:415,0
DA:418,0
DA:419,0
DA:420,0
DA:421,0
DA:422,0
DA:423,0
DA:424,0
DA:425,0
DA:426,0
DA:427,0
DA:428,0
DA:431,0
DA:432,0
DA:437,0
DA:439,0
DA:444,0
DA:447,0
DA:451,0
DA:456,0
DA:466,0
DA:467,0
DA:468,0
DA:471,0
DA:472,0
DA:473,0
DA:478,0
DA:479,0
DA:480,0
DA:484,0
DA:485,0
DA:488,0
DA:490,0
DA:491,0
DA:493,0
DA:499,0
DA:500,0
DA:509,0
DA:511,0
DA:515,0
DA:521,0
DA:541,0
DA:542,0
DA:549,0
DA:552,0
DA:553,0
DA:554,0
DA:555,0
DA:558,0
DA:559,0
DA:562,0
DA:563,0
DA:564,0
DA:566,0
DA:567,0
DA:568,0
DA:570,0
DA:571,0
DA:572,0
DA:573,0
DA:574,0
DA:575,0
DA:576,0
DA:577,0
DA:578,0
DA:579,0
DA:580,0
DA:583,0
DA:584,0
DA:589,0
DA:591,0
DA:594,0
DA:598,0
DA:601,0
DA:602,0
DA:607,0
DA:608,0
DA:613,0
DA:617,4
LF:162
LH:33
BRDA:49,0,0,7
BRDA:49,0,1,7
BRDA:50,1,0,7
BRDA:50,1,1,7
BRDA:77,2,0,0
BRDA:77,2,1,0
BRDA:125,3,0,2
BRDA:125,3,1,0
BRDA:125,3,2,0
BRDA:128,4,0,0
BRDA:128,4,1,2
BRDA:128,5,0,2
BRDA:128,5,1,2
BRDA:128,5,2,2
BRDA:131,6,0,0
BRDA:131,6,1,0
BRDA:137,7,0,2
BRDA:137,7,1,0
BRDA:140,8,0,2
BRDA:140,8,1,2
BRDA:141,9,0,0
BRDA:141,9,1,0
BRDA:141,9,2,0
BRDA:141,9,3,0
BRDA:141,9,4,0
BRDA:141,9,5,0
BRDA:141,9,6,0
BRDA:141,9,7,0
BRDA:149,10,0,2
BRDA:149,10,1,2
BRDA:150,11,0,0
BRDA:150,11,1,0
BRDA:150,11,2,0
BRDA:150,11,3,0
BRDA:150,11,4,0
BRDA:150,11,5,0
BRDA:150,11,6,0
BRDA:150,11,7,0
BRDA:159,12,0,2
BRDA:159,12,1,0
BRDA:161,13,0,2
BRDA:161,13,1,0
BRDA:173,14,0,2
BRDA:173,14,1,2
BRDA:182,15,0,0
BRDA:193,16,0,0
BRDA:200,17,0,0
BRDA:200,17,1,0
BRDA:235,18,0,0
BRDA:235,18,1,0
BRDA:236,19,0,0
BRDA:236,19,1,0
BRDA:237,20,0,0
BRDA:237,20,1,0
BRDA:237,21,0,0
BRDA:237,21,1,0
BRDA:240,22,0,0
BRDA:240,22,1,0
BRDA:241,23,0,0
BRDA:241,23,1,0
BRDA:242,24,0,0
BRDA:242,24,1,0
BRDA:242,25,0,0
BRDA:242,25,1,0
BRDA:245,26,0,0
BRDA:245,26,1,0
BRDA:246,27,0,0
BRDA:246,27,1,0
BRDA:247,28,0,0
BRDA:247,28,1,0
BRDA:247,29,0,0
BRDA:247,29,1,0
BRDA:250,30,0,0
BRDA:250,30,1,0
BRDA:251,31,0,0
BRDA:251,31,1,0
BRDA:252,32,0,0
BRDA:252,32,1,0
BRDA:252,33,0,0
BRDA:252,33,1,0
BRDA:255,34,0,0
BRDA:255,34,1,0
BRDA:256,35,0,0
BRDA:256,35,1,0
BRDA:257,36,0,0
BRDA:257,36,1,0
BRDA:257,37,0,0
BRDA:257,37,1,0
BRDA:266,38,0,0
BRDA:266,38,1,2
BRDA:266,39,0,2
BRDA:266,39,1,2
BRDA:272,40,0,2
BRDA:272,40,1,0
BRDA:273,41,0,2
BRDA:273,41,1,0
BRDA:275,42,0,0
BRDA:275,42,1,2
BRDA:275,43,0,2
BRDA:275,43,1,0
BRDA:288,44,0,0
BRDA:288,44,1,3
BRDA:288,45,0,3
BRDA:288,45,1,3
BRDA:293,46,0,1
BRDA:293,46,1,2
BRDA:310,47,0,0
BRDA:310,47,1,0
BRDA:316,48,0,0
BRDA:316,48,1,0
BRDA:321,49,0,2
BRDA:321,49,1,0
BRDA:341,50,0,0
BRDA:341,50,1,0
BRDA:348,51,0,0
BRDA:348,51,1,0
BRDA:377,52,0,0
BRDA:377,52,1,0
BRDA:388,53,0,0
BRDA:388,53,1,0
BRDA:406,54,0,0
BRDA:406,54,1,0
BRDA:408,55,0,0
BRDA:408,55,1,0
BRDA:414,56,0,0
BRDA:414,56,1,0
BRDA:415,57,0,0
BRDA:415,57,1,0
BRDA:418,58,0,0
BRDA:418,58,1,0
BRDA:420,59,0,0
BRDA:420,59,1,0
BRDA:424,60,0,0
BRDA:424,60,1,0
BRDA:425,61,0,0
BRDA:425,61,1,0
BRDA:426,62,0,0
BRDA:426,62,1,0
BRDA:426,63,0,0
BRDA:426,63,1,0
BRDA:431,64,0,0
BRDA:431,64,1,0
BRDA:461,65,0,0
BRDA:461,65,1,0
BRDA:462,66,0,0
BRDA:462,66,1,0
BRDA:466,67,0,0
BRDA:466,67,1,0
BRDA:466,68,0,0
BRDA:466,68,1,0
BRDA:468,69,0,0
BRDA:468,69,1,0
BRDA:468,69,2,0
BRDA:468,69,3,0
BRDA:471,70,0,0
BRDA:471,70,1,0
BRDA:471,71,0,0
BRDA:471,71,1,0
BRDA:473,72,0,0
BRDA:473,72,1,0
BRDA:473,72,2,0
BRDA:473,72,3,0
BRDA:478,73,0,0
BRDA:478,73,1,0
BRDA:478,74,0,0
BRDA:478,74,1,0
BRDA:484,75,0,0
BRDA:484,75,1,0
BRDA:484,76,0,0
BRDA:484,76,1,0
BRDA:484,76,2,0
BRDA:490,77,0,0
BRDA:490,77,1,0
BRDA:499,78,0,0
BRDA:499,78,1,0
BRDA:511,79,0,0
BRDA:511,79,1,0
BRDA:541,80,0,0
BRDA:541,80,1,0
BRDA:552,81,0,0
BRDA:552,81,1,0
BRDA:563,82,0,0
BRDA:563,82,1,0
BRDA:567,83,0,0
BRDA:567,83,1,0
BRDA:568,84,0,0
BRDA:568,84,1,0
BRDA:570,85,0,0
BRDA:570,85,1,0
BRDA:572,86,0,0
BRDA:572,86,1,0
BRDA:576,87,0,0
BRDA:576,87,1,0
BRDA:577,88,0,0
BRDA:577,88,1,0
BRDA:578,89,0,0
BRDA:578,89,1,0
BRDA:578,90,0,0
BRDA:578,90,1,0
BRDA:583,91,0,0
BRDA:583,91,1,0
BRDA:598,92,0,0
BRDA:598,92,1,0
BRF:203
BRH:31
end_of_record
TN:
SF:src/lib/food-label-scanner/services/ai/VercelAIGatewayProvider.ts
FN:21,createAIGatewayModel
FN:34,callAIGateway
FN:44,(anonymous_2)
FN:46,(anonymous_3)
FN:81,(anonymous_4)
FNF:5
FNH:1
FNDA:14,createAIGatewayModel
FNDA:0,callAIGateway
FNDA:0,(anonymous_2)
FNDA:0,(anonymous_3)
FNDA:0,(anonymous_4)
DA:25,14
DA:39,0
DA:44,0
DA:45,0
DA:47,0
DA:49,0
DA:56,0
DA:60,0
DA:66,0
DA:80,0
DA:81,0
DA:82,0
DA:89,0
DA:90,0
DA:92,0
DA:93,0
DA:96,0
LF:17
LH:1
BRDA:37,0,0,0
BRDA:39,1,0,0
BRDA:39,1,1,0
BRDA:45,2,0,0
BRDA:45,2,1,0
BRDA:47,3,0,0
BRDA:47,3,1,0
BRDA:80,4,0,0
BRDA:80,4,1,0
BRDA:83,5,0,0
BRDA:83,5,1,0
BRDA:83,5,2,0
BRDA:90,6,0,0
BRDA:90,6,1,0
BRDA:92,7,0,0
BRDA:92,7,1,0
BRF:16
BRH:0
end_of_record
TN:
SF:src/lib/food-label-scanner/services/api/AuthService.ts
FN:26,(anonymous_0)
FN:31,(anonymous_1)
FN:35,(anonymous_2)
FN:49,(anonymous_3)
FN:64,(anonymous_4)
FN:110,(anonymous_5)
FN:140,(anonymous_6)
FN:150,(anonymous_7)
FNF:8
FNH:6
FNDA:9,(anonymous_0)
FNDA:14,(anonymous_1)
FNDA:21,(anonymous_2)
FNDA:0,(anonymous_3)
FNDA:13,(anonymous_4)
FNDA:8,(anonymous_5)
FNDA:3,(anonymous_6)
FNDA:0,(anonymous_7)
DA:27,9
DA:32,14
DA:36,21
DA:37,0
DA:39,21
DA:40,21
DA:41,0
DA:43,21
DA:44,0
DA:46,21
DA:50,0
DA:51,0
DA:53,0
DA:69,13
DA:71,13
DA:72,9
DA:74,8
DA:75,2
DA:79,6
DA:80,2
DA:81,0
DA:86,0
DA:89,0
DA:99,0
DA:101,0
DA:103,13
DA:111,8
DA:113,8
DA:115,8
DA:116,0
DA:119,8
DA:120,4
DA:121,0
DA:126,0
DA:128,0
DA:129,0
DA:131,0
DA:133,8
DA:141,3
DA:142,3
DA:143,0
DA:145,3
DA:151,0
DA:153,0
DA:154,0
DA:160,0
DA:163,0
DA:164,0
DA:168,0
DA:169,0
DA:170,0
DA:173,0
DA:174,0
DA:175,0
DA:176,0
DA:180,0
DA:184,5
LF:57
LH:25
BRDA:36,0,0,0
BRDA:36,0,1,21
BRDA:40,1,0,0
BRDA:40,1,1,21
BRDA:43,2,0,0
BRDA:43,2,1,21
BRDA:43,3,0,21
BRDA:43,3,1,21
BRDA:51,4,0,0
BRDA:51,4,1,0
BRDA:74,5,0,2
BRDA:74,5,1,6
BRDA:74,6,0,8
BRDA:74,6,1,8
BRDA:115,7,0,0
BRDA:115,7,1,8
BRDA:153,8,0,0
BRDA:153,8,1,0
BRDA:156,9,0,0
BRDA:156,9,1,0
BRDA:157,10,0,0
BRDA:157,10,1,0
BRDA:163,11,0,0
BRDA:163,11,1,0
BRDA:168,12,0,0
BRDA:168,12,1,0
BRDA:168,13,0,0
BRDA:168,13,1,0
BRF:28
BRH:10
end_of_record
TN:
SF:src/lib/food-label-scanner/services/api/ScanService.ts
FN:28,(anonymous_0)
FN:35,(anonymous_1)
FN:67,(anonymous_2)
FN:82,(anonymous_3)
FN:90,(anonymous_4)
FN:102,(anonymous_5)
FN:111,(anonymous_6)
FN:128,(anonymous_7)
FN:139,(anonymous_8)
FN:154,(anonymous_9)
FN:172,(anonymous_10)
FN:180,(anonymous_11)
FN:189,(anonymous_12)
FN:193,(anonymous_13)
FN:203,(anonymous_14)
FN:207,(anonymous_15)
FN:212,(anonymous_16)
FN:217,(anonymous_17)
FNF:18
FNH:16
FNDA:21,(anonymous_0)
FNDA:16,(anonymous_1)
FNDA:3,(anonymous_2)
FNDA:5,(anonymous_3)
FNDA:3,(anonymous_4)
FNDA:1,(anonymous_5)
FNDA:7,(anonymous_6)
FNDA:8,(anonymous_7)
FNDA:7,(anonymous_8)
FNDA:2,(anonymous_9)
FNDA:0,(anonymous_10)
FNDA:2,(anonymous_11)
FNDA:5,(anonymous_12)
FNDA:5,(anonymous_13)
FNDA:0,(anonymous_14)
FNDA:13,(anonymous_15)
FNDA:7,(anonymous_16)
FNDA:5,(anonymous_17)
DA:25,25
DA:29,21
DA:39,16
DA:41,5
DA:42,5
DA:44,5
DA:46,5
DA:62,5
DA:63,3
DA:67,3
DA:68,3
DA:72,3
DA:83,5
DA:84,2
DA:95,3
DA:96,2
DA:103,1
DA:104,1
DA:112,7
DA:113,7
DA:115,2
DA:117,2
DA:118,0
DA:119,0
DA:121,2
DA:122,1
DA:123,1
DA:129,8
DA:130,8
DA:131,1
DA:134,7
DA:135,2
DA:140,7
DA:141,7
DA:142,4
DA:145,3
DA:146,1
DA:149,2
DA:150,2
DA:151,2
DA:159,2
DA:160,2
DA:164,0
DA:169,0
DA:177,0
DA:181,2
DA:190,5
DA:194,5
DA:204,0
DA:208,13
DA:209,13
DA:213,7
DA:214,7
DA:218,5
DA:219,4
DA:221,1
DA:222,1
DA:224,0
DA:228,4
LF:59
LH:52
BRDA:92,0,0,0
BRDA:93,1,0,0
BRDA:130,2,0,1
BRDA:130,2,1,7
BRDA:134,3,0,2
BRDA:134,3,1,5
BRDA:141,4,0,4
BRDA:141,4,1,3
BRDA:145,5,0,1
BRDA:145,5,1,2
BRDA:159,6,0,2
BRDA:159,6,1,0
BRDA:183,7,0,2
BRDA:183,7,1,0
BRDA:208,8,0,13
BRDA:208,8,1,3
BRDA:214,9,0,7
BRDA:214,9,1,2
BRDA:218,10,0,4
BRDA:218,10,1,1
BRDA:218,11,0,5
BRDA:218,11,1,1
BRDA:221,12,0,1
BRDA:221,12,1,0
BRDA:221,13,0,1
BRDA:221,13,1,0
BRF:26
BRH:20
end_of_record
TN:
SF:src/lib/food-label-scanner/services/cache/CacheService.ts
FN:23,(anonymous_0)
FN:57,(anonymous_1)
FN:83,(anonymous_2)
FN:96,(anonymous_3)
FN:100,(anonymous_4)
FN:111,(anonymous_5)
FN:118,(anonymous_6)
FN:122,(anonymous_7)
FN:132,(anonymous_8)
FNF:9
FNH:8
FNDA:5,(anonymous_0)
FNDA:115,(anonymous_1)
FNDA:1,(anonymous_2)
FNDA:6,(anonymous_3)
FNDA:0,(anonymous_4)
FNDA:2,(anonymous_5)
FNDA:115,(anonymous_6)
FNDA:990,(anonymous_7)
FNDA:1,(anonymous_8)
DA:16,7
DA:17,7
DA:18,7
DA:25,5
DA:26,5
DA:27,1
DA:28,1
DA:32,4
DA:33,4
DA:34,4
DA:35,0
DA:36,0
DA:37,0
DA:39,0
DA:40,0
DA:43,0
DA:47,0
DA:50,4
DA:51,4
DA:62,115
DA:69,115
DA:72,115
DA:73,115
DA:74,115
DA:76,0
DA:84,1
DA:85,1
DA:86,1
DA:87,1
DA:89,0
DA:97,6
DA:98,6
DA:99,6
DA:100,6
DA:101,6
DA:102,6
DA:104,0
DA:112,2
DA:120,115
DA:121,10
DA:122,990
DA:123,10
DA:126,115
DA:137,1
DA:145,7
LF:45
LH:35
BRDA:26,0,0,1
BRDA:26,0,1,4
BRDA:26,1,0,5
BRDA:26,1,1,2
BRDA:34,2,0,0
BRDA:34,2,1,4
BRDA:36,3,0,0
BRDA:36,3,1,0
BRDA:60,4,0,113
BRDA:120,5,0,10
BRDA:120,5,1,105
BRF:11
BRH:8
end_of_record
TN:
SF:src/lib/food-label-scanner/services/controllers/AlternativeController.ts
FN:19,(anonymous_0)
FNF:1
FNH:1
FNDA:7,(anonymous_0)
DA:22,7
DA:23,7
DA:24,1
DA:27,6
DA:32,4
DA:34,2
LF:6
LH:6
BRDA:23,0,0,1
BRDA:23,0,1,6
BRDA:29,1,0,6
BRDA:29,1,1,0
BRF:4
BRH:3
end_of_record
TN:
SF:src/lib/food-label-scanner/services/controllers/AuthController.ts
FN:25,(anonymous_0)
FN:54,(anonymous_1)
FN:77,(anonymous_2)
FNF:3
FNH:3
FNDA:7,(anonymous_0)
FNDA:4,(anonymous_1)
FNDA:2,(anonymous_2)
DA:26,7
DA:28,7
DA:29,6
DA:32,6
DA:33,2
DA:36,4
DA:43,2
DA:45,2
DA:47,3
DA:55,4
DA:57,4
DA:59,4
DA:60,0
DA:63,4
DA:66,2
DA:68,2
DA:70,2
DA:78,2
DA:79,2
DA:82,2
DA:84,2
DA:86,0
LF:22
LH:20
BRDA:32,0,0,2
BRDA:32,0,1,4
BRDA:32,1,0,6
BRDA:32,1,1,6
BRDA:59,2,0,0
BRDA:59,2,1,4
BRF:6
BRH:5
end_of_record
TN:
SF:src/lib/food-label-scanner/services/controllers/BaseController.ts
FN:28,(anonymous_0)
FN:36,(anonymous_1)
FN:63,(anonymous_2)
FN:74,(anonymous_3)
FN:88,(anonymous_4)
FNF:5
FNH:4
FNDA:14,(anonymous_0)
FNDA:7,(anonymous_1)
FNDA:10,(anonymous_2)
FNDA:0,(anonymous_3)
FNDA:3,(anonymous_4)
DA:23,19
DA:29,14
DA:41,7
DA:48,7
DA:64,10
DA:75,0
DA:89,3
LF:7
LH:6
BRDA:45,0,0,7
BRDA:45,0,1,7
BRDA:55,1,0,7
BRDA:55,1,1,7
BRDA:67,2,0,10
BRDA:67,2,1,2
BRF:6
BRH:6
end_of_record
TN:
SF:src/lib/food-label-scanner/services/controllers/ScanController.ts
FN:27,(anonymous_0)
FN:67,(anonymous_1)
FN:93,(anonymous_2)
FN:126,(anonymous_3)
FN:151,(anonymous_4)
FNF:5
FNH:0
FNDA:0,(anonymous_0)
FNDA:0,(anonymous_1)
FNDA:0,(anonymous_2)
FNDA:0,(anonymous_3)
FNDA:0,(anonymous_4)
DA:30,0
DA:32,0
DA:35,0
DA:36,0
DA:42,0
DA:43,0
DA:47,0
DA:48,0
DA:51,0
DA:56,0
DA:58,0
DA:60,0
DA:68,0
DA:70,0
DA:73,0
DA:75,0
DA:77,0
DA:78,0
DA:82,0
DA:84,0
DA:86,0
DA:96,0
DA:98,0
DA:101,0
DA:102,0
DA:108,0
DA:109,0
DA:111,0
DA:117,0
DA:119,0
DA:127,0
DA:129,0
DA:132,0
DA:135,0
DA:136,0
DA:137,0
DA:140,0
DA:142,0
DA:144,0
DA:152,0
DA:153,0
DA:155,0
DA:157,0
LF:43
LH:0
BRDA:35,0,0,0
BRDA:35,0,1,0
BRDA:43,1,0,0
BRDA:43,1,1,0
BRDA:47,2,0,0
BRDA:47,2,1,0
BRDA:47,3,0,0
BRDA:47,3,1,0
BRDA:77,4,0,0
BRDA:77,4,1,0
BRDA:101,5,0,0
BRDA:101,5,1,0
BRDA:108,6,0,0
BRDA:108,6,1,0
BRDA:109,7,0,0
BRDA:109,7,1,0
BRDA:136,8,0,0
BRDA:136,8,1,0
BRF:18
BRH:0
end_of_record
TN:
SF:src/lib/food-label-scanner/services/database/FirestoreService.ts
FN:35,(anonymous_0)
FN:43,(anonymous_1)
FN:50,(anonymous_2)
FN:69,(anonymous_3)
FN:96,(anonymous_4)
FN:108,(anonymous_5)
FN:132,(anonymous_6)
FN:149,(anonymous_7)
FN:150,(anonymous_8)
FN:158,(anonymous_9)
FN:186,(anonymous_10)
FN:203,(anonymous_11)
FN:239,(anonymous_12)
FN:253,(anonymous_13)
FN:263,(anonymous_14)
FN:270,(anonymous_15)
FN:271,(anonymous_16)
FNF:17
FNH:3
FNDA:13,(anonymous_0)
FNDA:2,(anonymous_1)
FNDA:2,(anonymous_2)
FNDA:0,(anonymous_3)
FNDA:0,(anonymous_4)
FNDA:0,(anonymous_5)
FNDA:0,(anonymous_6)
FNDA:0,(anonymous_7)
FNDA:0,(anonymous_8)
FNDA:0,(anonymous_9)
FNDA:0,(anonymous_10)
FNDA:0,(anonymous_11)
FNDA:0,(anonymous_12)
FNDA:0,(anonymous_13)
FNDA:0,(anonymous_14)
FNDA:0,(anonymous_15)
FNDA:0,(anonymous_16)
DA:37,13
DA:44,2
DA:51,2
DA:52,0
DA:53,0
DA:71,0
DA:72,0
DA:73,0
DA:74,0
DA:75,0
DA:78,0
DA:79,0
DA:80,0
DA:82,0
DA:83,0
DA:86,0
DA:87,0
DA:90,0
DA:92,0
DA:97,0
DA:109,0
DA:110,0
DA:111,0
DA:125,0
DA:126,0
DA:133,0
DA:134,0
DA:135,0
DA:149,0
DA:150,0
DA:160,0
DA:161,0
DA:162,0
DA:163,0
DA:164,0
DA:167,0
DA:168,0
DA:169,0
DA:171,0
DA:172,0
DA:175,0
DA:176,0
DA:179,0
DA:180,0
DA:182,0
DA:187,0
DA:209,0
DA:210,0
DA:213,0
DA:222,0
DA:224,0
DA:225,0
DA:233,0
DA:234,0
DA:235,0
DA:237,0
DA:239,0
DA:240,0
DA:241,0
DA:245,0
DA:246,0
DA:249,0
DA:250,0
DA:254,0
DA:255,0
DA:256,0
DA:259,0
DA:260,0
DA:264,0
DA:265,0
DA:266,0
DA:270,0
DA:271,0
DA:279,0
DA:280,0
DA:285,6
LF:76
LH:4
BRDA:64,0,0,0
BRDA:64,0,1,0
BRDA:73,1,0,0
BRDA:73,1,1,0
BRDA:82,2,0,0
BRDA:82,2,1,0
BRDA:103,3,0,0
BRDA:103,3,1,0
BRDA:120,4,0,0
BRDA:120,4,1,0
BRDA:140,5,0,0
BRDA:140,5,1,0
BRDA:147,6,0,0
BRDA:147,6,1,0
BRDA:148,7,0,0
BRDA:148,7,1,0
BRDA:150,8,0,0
BRDA:150,8,1,0
BRDA:151,9,0,0
BRDA:151,9,1,0
BRDA:162,10,0,0
BRDA:162,10,1,0
BRDA:171,11,0,0
BRDA:171,11,1,0
BRDA:179,12,0,0
BRDA:179,12,1,0
BRDA:189,13,0,0
BRDA:189,13,1,0
BRDA:191,14,0,0
BRDA:191,14,1,0
BRDA:196,15,0,0
BRDA:196,15,1,0
BRDA:205,16,0,0
BRDA:206,17,0,0
BRDA:222,18,0,0
BRDA:222,18,1,0
BRDA:245,19,0,0
BRDA:245,19,1,0
BRDA:268,20,0,0
BRDA:268,20,1,0
BRDA:269,21,0,0
BRDA:269,21,1,0
BRDA:271,22,0,0
BRDA:271,22,1,0
BRDA:272,23,0,0
BRDA:272,23,1,0
BRF:46
BRH:0
end_of_record
TN:
SF:src/lib/food-label-scanner/services/security/RoleBasedAccess.ts
FN:57,(anonymous_0)
FN:72,(anonymous_1)
FN:79,(anonymous_2)
FN:87,(anonymous_3)
FN:95,(anonymous_4)
FN:96,(anonymous_5)
FN:102,(anonymous_6)
FN:103,(anonymous_7)
FN:109,(anonymous_8)
FN:116,(anonymous_9)
FN:124,(anonymous_10)
FN:133,(anonymous_11)
FNF:12
FNH:5
FNDA:17,(anonymous_0)
FNDA:10,(anonymous_1)
FNDA:10,(anonymous_2)
FNDA:4,(anonymous_3)
FNDA:0,(anonymous_4)
FNDA:0,(anonymous_5)
FNDA:0,(anonymous_6)
FNDA:0,(anonymous_7)
FNDA:0,(anonymous_8)
FNDA:0,(anonymous_9)
FNDA:2,(anonymous_10)
FNDA:0,(anonymous_11)
DA:25,1
DA:60,17
DA:61,4
DA:63,13
DA:64,1
DA:66,12
DA:73,10
DA:80,10
DA:81,10
DA:88,4
DA:89,4
DA:96,0
DA:103,0
DA:110,0
DA:117,0
DA:118,0
DA:125,2
DA:126,1
DA:134,0
DA:135,0
DA:140,1
LF:21
LH:14
BRDA:60,0,0,4
BRDA:60,0,1,13
BRDA:63,1,0,1
BRDA:63,1,1,12
BRDA:73,2,0,10
BRDA:73,2,1,0
BRDA:125,3,0,1
BRDA:125,3,1,1
BRDA:134,4,0,0
BRDA:134,4,1,0
BRF:10
BRH:7
end_of_record
TN:
SF:src/lib/food-label-scanner/services/security/SecurityMiddleware.ts
FN:21,(anonymous_0)
FN:48,(anonymous_1)
FN:61,(anonymous_2)
FN:78,(anonymous_3)
FN:95,(anonymous_4)
FN:108,(anonymous_5)
FN:123,(anonymous_6)
FN:134,(anonymous_7)
FNF:8
FNH:3
FNDA:5,(anonymous_0)
FNDA:2,(anonymous_1)
FNDA:0,(anonymous_2)
FNDA:0,(anonymous_3)
FNDA:0,(anonymous_4)
FNDA:0,(anonymous_5)
FNDA:0,(anonymous_6)
FNDA:2,(anonymous_7)
DA:22,5
DA:24,5
DA:25,1
DA:29,4
DA:30,4
DA:31,0
DA:34,4
DA:35,4
DA:37,4
DA:49,2
DA:51,2
DA:52,1
DA:55,1
DA:64,0
DA:66,0
DA:67,0
DA:72,0
DA:81,0
DA:83,0
DA:84,0
DA:89,0
DA:96,0
DA:98,0
DA:99,0
DA:102,0
DA:109,0
DA:111,0
DA:112,0
DA:117,0
DA:124,0
DA:125,0
DA:127,0
DA:135,2
DA:138,2
DA:139,1
DA:143,1
DA:144,1
DA:147,0
DA:151,1
LF:39
LH:18
BRDA:24,0,0,1
BRDA:24,0,1,4
BRDA:30,1,0,0
BRDA:30,1,1,4
BRDA:51,2,0,1
BRDA:51,2,1,1
BRDA:66,3,0,0
BRDA:66,3,1,0
BRDA:83,4,0,0
BRDA:83,4,1,0
BRDA:98,5,0,0
BRDA:98,5,1,0
BRDA:111,6,0,0
BRDA:111,6,1,0
BRDA:138,7,0,1
BRDA:138,7,1,1
BRDA:143,8,0,1
BRDA:143,8,1,0
BRF:18
BRH:8
end_of_record
TN:
SF:src/lib/food-label-scanner/services/security/SessionManager.ts
FN:26,(anonymous_0)
FN:60,(anonymous_1)
FN:67,(anonymous_2)
FN:74,(anonymous_3)
FN:90,(anonymous_4)
FN:117,(anonymous_5)
FN:124,(anonymous_6)
FN:131,(anonymous_7)
FN:150,(anonymous_8)
FN:160,(anonymous_9)
FN:167,(anonymous_10)
FNF:11
FNH:6
FNDA:6,(anonymous_0)
FNDA:5,(anonymous_1)
FNDA:0,(anonymous_2)
FNDA:0,(anonymous_3)
FNDA:1,(anonymous_4)
FNDA:10,(anonymous_5)
FNDA:0,(anonymous_6)
FNDA:0,(anonymous_7)
FNDA:0,(anonymous_8)
FNDA:2,(anonymous_9)
FNDA:5,(anonymous_10)
DA:19,2
DA:20,2
DA:21,2
DA:27,6
DA:29,6
DA:30,6
DA:31,6
DA:34,0
DA:35,0
DA:36,0
DA:38,0
DA:39,0
DA:42,0
DA:49,0
DA:50,0
DA:52,0
DA:53,0
DA:61,5
DA:68,0
DA:75,0
DA:76,0
DA:80,0
DA:81,0
DA:84,0
DA:91,1
DA:93,1
DA:94,1
DA:95,1
DA:98,0
DA:99,0
DA:100,0
DA:106,0
DA:107,0
DA:109,0
DA:110,0
DA:118,10
DA:127,0
DA:129,0
DA:132,0
DA:133,0
DA:134,0
DA:135,0
DA:137,0
DA:140,0
DA:141,0
DA:151,0
DA:152,0
DA:153,0
DA:161,2
DA:168,5
DA:169,0
DA:172,5
DA:173,1
DA:174,1
DA:175,1
DA:177,0
DA:181,4
DA:185,2
LF:58
LH:21
BRDA:29,0,0,6
BRDA:29,0,1,0
BRDA:38,1,0,0
BRDA:38,1,1,0
BRDA:45,2,0,0
BRDA:45,2,1,0
BRDA:68,3,0,0
BRDA:68,3,1,0
BRDA:75,4,0,0
BRDA:75,4,1,0
BRDA:80,5,0,0
BRDA:80,5,1,0
BRDA:93,6,0,1
BRDA:93,6,1,0
BRDA:132,7,0,0
BRDA:132,7,1,0
BRDA:151,8,0,0
BRDA:151,8,1,0
BRDA:168,9,0,0
BRDA:168,9,1,5
BRDA:172,10,0,1
BRDA:172,10,1,4
BRF:22
BRH:5
end_of_record
TN:
SF:src/lib/food-label-scanner/services/storage/StorageService.ts
FN:17,(anonymous_0)
FN:24,(anonymous_1)
FN:31,(anonymous_2)
FN:60,(anonymous_3)
FN:68,(anonymous_4)
FN:89,(anonymous_5)
FN:97,(anonymous_6)
FN:108,(anonymous_7)
FN:123,(anonymous_8)
FN:134,(anonymous_9)
FN:147,(anonymous_10)
FN:159,(anonymous_11)
FNF:12
FNH:9
FNDA:2,(anonymous_0)
FNDA:0,(anonymous_1)
FNDA:2,(anonymous_2)
FNDA:2,(anonymous_3)
FNDA:2,(anonymous_4)
FNDA:1,(anonymous_5)
FNDA:1,(anonymous_6)
FNDA:1,(anonymous_7)
FNDA:2,(anonymous_8)
FNDA:0,(anonymous_9)
FNDA:0,(anonymous_10)
FNDA:1,(anonymous_11)
DA:12,12
DA:18,2
DA:25,0
DA:36,2
DA:38,1
DA:39,1
DA:40,0
DA:41,0
DA:43,0
DA:44,0
DA:45,0
DA:47,0
DA:48,0
DA:50,1
DA:51,0
DA:53,1
DA:61,2
DA:62,2
DA:69,2
DA:70,1
DA:73,1
DA:74,1
DA:77,0
DA:78,0
DA:79,0
DA:80,0
DA:82,1
DA:91,1
DA:102,1
DA:111,1
DA:113,1
DA:114,1
DA:119,0
DA:124,2
DA:125,0
DA:128,2
DA:129,2
DA:130,1
DA:136,0
DA:137,0
DA:138,0
DA:140,0
DA:141,0
DA:144,0
DA:149,0
DA:150,0
DA:151,0
DA:155,0
DA:156,0
DA:160,1
DA:161,1
DA:165,1
LF:52
LH:26
BRDA:50,0,0,0
BRDA:50,0,1,1
BRDA:69,1,0,1
BRDA:69,1,1,1
BRDA:69,2,0,2
BRDA:69,2,1,2
BRDA:99,3,0,0
BRDA:113,4,0,1
BRDA:113,4,1,0
BRDA:124,5,0,0
BRDA:124,5,1,2
BRDA:124,6,0,2
BRDA:124,6,1,2
BRDA:129,7,0,1
BRDA:129,7,1,1
BRDA:150,8,0,0
BRDA:150,8,1,0
BRDA:160,9,0,1
BRDA:160,9,1,1
BRF:19
BRH:13
end_of_record
TN:
SF:src/lib/food-label-scanner/utils/businessRules.ts
FN:14,(anonymous_0)
FN:28,(anonymous_1)
FN:58,(anonymous_2)
FN:80,(anonymous_3)
FN:99,(anonymous_4)
FN:120,(anonymous_5)
FNF:6
FNH:5
FNDA:2,(anonymous_0)
FNDA:1,(anonymous_1)
FNDA:2,(anonymous_2)
FNDA:2,(anonymous_3)
FNDA:2,(anonymous_4)
FNDA:0,(anonymous_5)
DA:15,2
DA:16,2
DA:18,2
DA:19,1
DA:29,1
DA:30,0
DA:33,1
DA:34,1
DA:35,0
DA:38,1
DA:39,0
DA:42,1
DA:43,0
DA:46,1
DA:47,0
DA:50,1
DA:51,0
DA:62,2
DA:69,2
DA:70,2
DA:71,1
DA:85,2
DA:86,0
DA:89,2
DA:90,1
DA:104,2
DA:105,1
DA:108,1
DA:109,0
DA:112,1
DA:113,0
DA:121,0
DA:122,0
LF:33
LH:22
BRDA:18,0,0,1
BRDA:18,0,1,1
BRDA:29,1,0,0
BRDA:29,1,1,1
BRDA:29,2,0,1
BRDA:29,2,1,1
BRDA:34,3,0,0
BRDA:34,3,1,1
BRDA:34,4,0,1
BRDA:34,4,1,1
BRDA:38,5,0,0
BRDA:38,5,1,1
BRDA:38,6,0,1
BRDA:38,6,1,1
BRDA:42,7,0,0
BRDA:42,7,1,1
BRDA:42,8,0,1
BRDA:42,8,1,1
BRDA:46,9,0,0
BRDA:46,9,1,1
BRDA:46,10,0,1
BRDA:46,10,1,1
BRDA:50,11,0,0
BRDA:50,11,1,1
BRDA:50,12,0,1
BRDA:50,12,1,1
BRDA:69,13,0,2
BRDA:69,13,1,0
BRDA:70,14,0,1
BRDA:70,14,1,1
BRDA:83,15,0,0
BRDA:85,16,0,0
BRDA:85,16,1,2
BRDA:89,17,0,1
BRDA:89,17,1,1
BRDA:102,18,0,2
BRDA:104,19,0,1
BRDA:104,19,1,1
BRDA:108,20,0,0
BRDA:108,20,1,1
BRDA:112,21,0,0
BRDA:112,21,1,1
BRDA:121,22,0,0
BRDA:121,22,1,0
BRDA:121,23,0,0
BRDA:121,23,1,0
BRF:46
BRH:31
end_of_record
TN:
SF:src/lib/food-label-scanner/utils/errorRecovery.ts
FN:20,(anonymous_0)
FN:67,(anonymous_1)
FN:107,(anonymous_2)
FN:108,(anonymous_3)
FN:114,(anonymous_4)
FN:119,(anonymous_5)
FN:128,(anonymous_6)
FN:136,(anonymous_7)
FNF:8
FNH:6
FNDA:4,(anonymous_0)
FNDA:4,(anonymous_1)
FNDA:0,(anonymous_2)
FNDA:0,(anonymous_3)
FNDA:1,(anonymous_4)
FNDA:1,(anonymous_5)
FNDA:1,(anonymous_6)
FNDA:3,(anonymous_7)
DA:29,4
DA:31,4
DA:33,4
DA:34,4
DA:35,4
DA:37,4
DA:40,4
DA:41,4
DA:45,0
DA:46,0
DA:50,0
DA:52,0
DA:57,0
DA:61,0
DA:71,4
DA:72,0
DA:76,4
DA:83,4
DA:87,0
DA:91,4
DA:92,0
DA:93,0
DA:97,4
DA:98,1
DA:101,3
DA:108,0
DA:119,1
DA:120,1
DA:121,1
DA:132,1
DA:133,1
DA:134,1
DA:136,1
DA:138,3
DA:139,1
DA:140,1
DA:141,0
DA:142,0
DA:143,0
DA:148,3
DA:149,1
DA:152,2
DA:153,2
DA:155,0
DA:156,0
DA:158,2
DA:159,2
DA:161,2
DA:162,1
DA:163,1
DA:169,2
LF:51
LH:35
BRDA:22,0,0,0
BRDA:25,1,0,0
BRDA:26,2,0,0
BRDA:27,3,0,4
BRDA:28,4,0,4
BRDA:40,5,0,4
BRDA:40,5,1,0
BRDA:45,6,0,0
BRDA:45,6,1,0
BRDA:54,7,0,0
BRDA:54,7,1,0
BRDA:61,8,0,0
BRDA:61,8,1,0
BRDA:71,9,0,0
BRDA:71,9,1,4
BRDA:83,10,0,0
BRDA:83,10,1,4
BRDA:84,11,0,4
BRDA:84,11,1,1
BRDA:91,12,0,0
BRDA:91,12,1,4
BRDA:92,13,0,0
BRDA:92,13,1,0
BRDA:97,14,0,1
BRDA:97,14,1,3
BRDA:97,15,0,4
BRDA:97,15,1,1
BRDA:98,16,0,1
BRDA:98,16,1,0
BRDA:129,17,0,0
BRDA:130,18,0,0
BRDA:138,19,0,1
BRDA:138,19,1,2
BRDA:138,20,0,3
BRDA:138,20,1,1
BRDA:140,21,0,0
BRDA:140,21,1,1
BRDA:148,22,0,1
BRDA:148,22,1,2
BRDA:161,23,0,1
BRDA:161,23,1,1
BRDA:165,24,0,1
BRDA:165,24,1,0
BRF:43
BRH:23
end_of_record
TN:
SF:src/lib/food-label-scanner/utils/errors.ts
FN:10,(anonymous_0)
FN:30,(anonymous_1)
FN:37,(anonymous_2)
FN:44,(anonymous_3)
FN:51,(anonymous_4)
FN:58,(anonymous_5)
FN:65,(anonymous_6)
FN:71,(anonymous_7)
FN:93,(anonymous_8)
FNF:9
FNH:7
FNDA:54,(anonymous_0)
FNDA:17,(anonymous_1)
FNDA:1,(anonymous_2)
FNDA:0,(anonymous_3)
FNDA:0,(anonymous_4)
FNDA:3,(anonymous_5)
FNDA:5,(anonymous_6)
FNDA:34,(anonymous_7)
FNDA:8,(anonymous_8)
DA:12,54
DA:13,54
DA:16,54
DA:17,54
DA:20,54
DA:21,54
DA:22,54
DA:25,54
DA:31,17
DA:32,17
DA:38,1
DA:39,1
DA:45,0
DA:46,0
DA:52,0
DA:53,0
DA:59,3
DA:60,3
DA:66,5
DA:67,5
DA:71,10
DA:72,34
DA:73,6
DA:75,28
DA:77,28
DA:78,28
DA:82,0
DA:83,0
DA:84,0
DA:87,0
DA:93,10
DA:99,8
DA:102,8
DA:103,8
DA:115,8
LF:35
LH:27
BRDA:12,0,0,54
BRDA:12,0,1,0
BRDA:16,1,0,54
BRDA:16,1,1,0
BRDA:21,2,0,54
BRDA:21,2,1,0
BRDA:22,3,0,54
BRDA:22,3,1,0
BRDA:37,4,0,0
BRDA:44,5,0,0
BRDA:51,6,0,0
BRDA:58,7,0,0
BRDA:65,8,0,0
BRDA:72,9,0,6
BRDA:72,9,1,28
BRDA:75,10,0,28
BRDA:75,10,1,0
BRDA:77,11,0,28
BRDA:77,11,1,0
BRDA:77,11,2,0
BRDA:82,12,0,0
BRDA:82,12,1,0
BRDA:82,13,0,0
BRDA:82,13,1,0
BRDA:82,13,2,0
BRDA:83,14,0,0
BRDA:83,14,1,0
BRDA:105,15,0,8
BRDA:105,15,1,0
BRF:29
BRH:9
end_of_record
TN:
SF:src/lib/food-label-scanner/utils/logger.ts
FN:29,(anonymous_0)
FN:39,(anonymous_1)
FN:49,(anonymous_2)
FN:56,(anonymous_3)
FN:63,(anonymous_4)
FN:70,(anonymous_5)
FN:105,(anonymous_6)
FN:135,(anonymous_7)
FN:147,(anonymous_8)
FN:159,(anonymous_9)
FN:161,(anonymous_10)
FN:169,(anonymous_11)
FN:171,(anonymous_12)
FN:178,(anonymous_13)
FN:185,(anonymous_14)
FNF:15
FNH:12
FNDA:9,(anonymous_0)
FNDA:9,(anonymous_1)
FNDA:122,(anonymous_2)
FNDA:8,(anonymous_3)
FNDA:0,(anonymous_4)
FNDA:12,(anonymous_5)
FNDA:130,(anonymous_6)
FNDA:19,(anonymous_7)
FNDA:12,(anonymous_8)
FNDA:5,(anonymous_9)
FNDA:4,(anonymous_10)
FNDA:0,(anonymous_11)
FNDA:0,(anonymous_12)
FNDA:5,(anonymous_13)
FNDA:5,(anonymous_14)
DA:26,9
DA:27,9
DA:30,9
DA:34,9
DA:35,0
DA:40,9
DA:41,9
DA:43,9
DA:50,122
DA:57,8
DA:64,0
DA:77,12
DA:91,12
DA:94,12
DA:95,0
DA:99,12
DA:111,130
DA:112,123
DA:115,7
DA:123,7
DA:126,7
DA:127,0
DA:128,0
DA:136,19
DA:139,19
DA:140,0
DA:150,12
DA:160,5
DA:161,4
DA:170,0
DA:171,0
DA:179,5
DA:186,5
DA:190,9
LF:34
LH:26
BRDA:34,0,0,0
BRDA:34,0,1,9
BRDA:40,1,0,9
BRDA:40,1,1,0
BRDA:94,2,0,0
BRDA:94,2,1,12
BRDA:111,3,0,123
BRDA:111,3,1,7
BRDA:126,4,0,0
BRDA:126,4,1,7
BRDA:128,5,0,0
BRDA:128,5,1,0
BRDA:139,6,0,0
BRDA:139,6,1,19
BRDA:150,7,0,0
BRDA:150,7,1,12
BRDA:159,8,0,2
BRDA:171,9,0,0
BRDA:171,9,1,0
BRF:19
BRH:9
end_of_record
TN:
SF:src/lib/food-label-scanner/utils/nutritionCalculations.ts
FN:39,calculateDailyValue
FN:48,calculateHealthScore
FN:99,calculateMacronutrientRatios
FN:115,calculateCaloriesFromMacros
FN:126,calculateCaloriePercentages
FN:148,isCompatibleWithDiet
FN:179,detectNutritionWarnings
FNF:7
FNH:7
FNDA:11,calculateDailyValue
FNDA:2,calculateHealthScore
FNDA:1,calculateMacronutrientRatios
FNDA:1,calculateCaloriesFromMacros
FNDA:4,calculateCaloriePercentages
FNDA:3,isCompatibleWithDiet
FNDA:4,detectNutritionWarnings
DA:25,1
DA:40,11
DA:41,11
DA:42,11
DA:49,2
DA:52,2
DA:53,2
DA:56,2
DA:57,2
DA:58,2
DA:61,2
DA:62,2
DA:63,1
DA:64,1
DA:67,2
DA:68,2
DA:69,1
DA:70,1
DA:73,2
DA:74,2
DA:75,2
DA:76,2
DA:79,2
DA:80,1
DA:81,1
DA:85,2
DA:86,2
DA:87,2
DA:90,2
DA:91,2
DA:93,2
DA:100,1
DA:101,1
DA:102,0
DA:105,1
DA:116,1
DA:117,1
DA:118,1
DA:120,1
DA:130,4
DA:131,0
DA:134,4
DA:135,4
DA:136,4
DA:138,4
DA:152,3
DA:154,3
DA:157,1
DA:161,1
DA:165,1
DA:169,0
DA:172,0
DA:180,4
DA:183,4
DA:184,2
DA:188,4
DA:189,2
DA:193,4
DA:194,2
DA:198,4
DA:199,1
DA:203,4
DA:204,0
DA:207,4
LF:64
LH:59
BRDA:41,0,0,0
BRDA:41,0,1,11
BRDA:41,1,0,11
BRDA:41,1,1,11
BRDA:52,2,0,0
BRDA:52,2,1,2
BRDA:53,3,0,1
BRDA:53,3,1,1
BRDA:57,4,0,1
BRDA:57,4,1,1
BRDA:58,5,0,1
BRDA:58,5,1,1
BRDA:62,6,0,1
BRDA:62,6,1,1
BRDA:63,7,0,0
BRDA:63,7,1,1
BRDA:64,8,0,0
BRDA:64,8,1,1
BRDA:68,9,0,1
BRDA:68,9,1,1
BRDA:69,10,0,0
BRDA:69,10,1,1
BRDA:70,11,0,0
BRDA:70,11,1,1
BRDA:74,12,0,0
BRDA:74,12,1,2
BRDA:75,13,0,1
BRDA:75,13,1,1
BRDA:76,14,0,1
BRDA:76,14,1,1
BRDA:79,15,0,1
BRDA:79,15,1,1
BRDA:81,16,0,1
BRDA:81,16,1,0
BRDA:86,17,0,0
BRDA:86,17,1,2
BRDA:87,18,0,1
BRDA:87,18,1,1
BRDA:91,19,0,0
BRDA:91,19,1,2
BRDA:101,20,0,0
BRDA:101,20,1,1
BRDA:130,21,0,0
BRDA:130,21,1,4
BRDA:154,22,0,1
BRDA:154,22,1,1
BRDA:154,22,2,1
BRDA:154,22,3,0
BRDA:154,22,4,0
BRDA:157,23,0,1
BRDA:157,23,1,1
BRDA:183,24,0,2
BRDA:183,24,1,2
BRDA:183,25,0,4
BRDA:183,25,1,2
BRDA:188,26,0,2
BRDA:188,26,1,2
BRDA:188,27,0,4
BRDA:188,27,1,2
BRDA:193,28,0,2
BRDA:193,28,1,2
BRDA:193,29,0,4
BRDA:193,29,1,2
BRDA:198,30,0,1
BRDA:198,30,1,3
BRDA:198,31,0,4
BRDA:198,31,1,1
BRDA:203,32,0,0
BRDA:203,32,1,4
BRDA:203,33,0,4
BRDA:203,33,1,4
BRF:71
BRH:56
end_of_record
TN:
SF:src/lib/food-label-scanner/utils/sanitization.ts
FN:12,(anonymous_0)
FN:34,(anonymous_1)
FN:48,(anonymous_2)
FN:64,(anonymous_3)
FN:81,(anonymous_4)
FN:100,(anonymous_5)
FN:115,(anonymous_6)
FN:136,(anonymous_7)
FN:155,(anonymous_8)
FNF:9
FNH:6
FNDA:38,(anonymous_0)
FNDA:14,(anonymous_1)
FNDA:8,(anonymous_2)
FNDA:0,(anonymous_3)
FNDA:0,(anonymous_4)
FNDA:2,(anonymous_5)
FNDA:2,(anonymous_6)
FNDA:4,(anonymous_7)
FNDA:0,(anonymous_8)
DA:8,4
DA:13,38
DA:14,0
DA:18,38
DA:21,38
DA:24,38
DA:25,0
DA:28,38
DA:35,14
DA:36,14
DA:38,14
DA:39,2
DA:42,12
DA:49,8
DA:52,8
DA:54,8
DA:55,1
DA:58,7
DA:65,0
DA:68,0
DA:69,0
DA:70,0
DA:71,0
DA:75,0
DA:82,0
DA:85,0
DA:86,0
DA:88,0
DA:89,0
DA:91,0
DA:93,0
DA:101,2
DA:104,2
DA:105,2
DA:106,1
DA:109,1
DA:116,2
DA:118,2
DA:119,0
DA:122,2
DA:123,0
DA:126,2
DA:127,1
DA:130,1
DA:137,4
DA:138,0
DA:141,4
DA:143,4
DA:144,7
DA:146,7
DA:147,5
DA:148,2
DA:149,0
DA:150,2
DA:151,0
DA:152,2
DA:153,0
DA:154,2
DA:155,0
DA:156,0
DA:158,2
DA:159,2
DA:163,4
LF:63
LH:40
BRDA:12,0,0,7
BRDA:13,1,0,0
BRDA:13,1,1,38
BRDA:24,2,0,0
BRDA:24,2,1,38
BRDA:38,3,0,2
BRDA:38,3,1,12
BRDA:54,4,0,1
BRDA:54,4,1,7
BRDA:70,5,0,0
BRDA:70,5,1,0
BRDA:88,6,0,0
BRDA:88,6,1,0
BRDA:105,7,0,1
BRDA:105,7,1,1
BRDA:118,8,0,0
BRDA:118,8,1,2
BRDA:118,9,0,2
BRDA:118,9,1,2
BRDA:122,10,0,0
BRDA:122,10,1,2
BRDA:122,11,0,2
BRDA:122,11,1,2
BRDA:126,12,0,1
BRDA:126,12,1,1
BRDA:126,13,0,2
BRDA:126,13,1,2
BRDA:136,14,0,2
BRDA:137,15,0,0
BRDA:137,15,1,4
BRDA:146,16,0,5
BRDA:146,16,1,2
BRDA:148,17,0,0
BRDA:148,17,1,2
BRDA:150,18,0,0
BRDA:150,18,1,2
BRDA:152,19,0,0
BRDA:152,19,1,2
BRDA:152,20,0,2
BRDA:152,20,1,2
BRDA:154,21,0,0
BRDA:154,21,1,2
BRDA:156,22,0,0
BRDA:156,22,1,0
BRDA:158,23,0,2
BRDA:158,23,1,0
BRF:46
BRH:30
end_of_record
TN:
SF:src/lib/food-label-scanner/utils/schemaValidation.ts
FN:21,(anonymous_0)
FN:56,(anonymous_1)
FN:74,(anonymous_2)
FN:88,(anonymous_3)
FN:89,(anonymous_4)
FN:99,(anonymous_5)
FN:104,(anonymous_6)
FN:114,(anonymous_7)
FN:119,(anonymous_8)
FN:129,(anonymous_9)
FN:130,(anonymous_10)
FN:141,(anonymous_11)
FN:145,(anonymous_12)
FNF:13
FNH:11
FNDA:5,(anonymous_0)
FNDA:2,(anonymous_1)
FNDA:3,(anonymous_2)
FNDA:2,(anonymous_3)
FNDA:0,(anonymous_4)
FNDA:5,(anonymous_5)
FNDA:4,(anonymous_6)
FNDA:1,(anonymous_7)
FNDA:1,(anonymous_8)
FNDA:4,(anonymous_9)
FNDA:4,(anonymous_10)
FNDA:1,(anonymous_11)
FNDA:0,(anonymous_12)
DA:25,5
DA:26,0
DA:29,5
DA:31,5
DA:32,9
DA:34,9
DA:35,9
DA:36,9
DA:37,3
DA:41,6
DA:43,3
DA:44,0
DA:46,3
DA:50,2
DA:62,2
DA:63,0
DA:66,2
DA:67,1
DA:70,1
DA:71,0
DA:74,1
DA:75,3
DA:76,3
DA:78,0
DA:89,2
DA:90,0
DA:92,2
DA:93,2
DA:104,5
DA:105,4
DA:107,5
DA:108,5
DA:119,1
DA:120,1
DA:122,1
DA:123,1
DA:130,4
DA:131,4
DA:132,4
DA:134,4
DA:135,4
DA:145,1
DA:146,0
DA:148,1
DA:149,1
DA:156,1
LF:46
LH:39
BRDA:25,0,0,0
BRDA:25,0,1,5
BRDA:25,1,0,5
BRDA:25,1,1,5
BRDA:25,1,2,5
BRDA:36,2,0,3
BRDA:36,2,1,6
BRDA:38,3,0,3
BRDA:38,3,1,0
BRDA:43,4,0,0
BRDA:43,4,1,3
BRDA:62,5,0,0
BRDA:62,5,1,2
BRDA:66,6,0,1
BRDA:66,6,1,1
BRDA:66,7,0,2
BRDA:66,7,1,1
BRDA:70,8,0,0
BRDA:70,8,1,1
BRDA:70,9,0,1
BRDA:70,9,1,0
BRDA:90,10,0,0
BRDA:90,10,1,0
BRDA:90,10,2,0
BRDA:92,11,0,2
BRDA:92,11,1,0
BRDA:105,12,0,4
BRDA:105,12,1,4
BRDA:105,12,2,3
BRDA:107,13,0,5
BRDA:107,13,1,0
BRDA:120,14,0,1
BRDA:120,14,1,1
BRDA:120,14,2,1
BRDA:122,15,0,1
BRDA:122,15,1,0
BRDA:132,16,0,4
BRDA:132,16,1,4
BRDA:134,17,0,4
BRDA:134,17,1,0
BRDA:148,18,0,1
BRDA:148,18,1,0
BRF:42
BRH:28
end_of_record
TN:
SF:src/lib/food-label-scanner/utils/validation.ts
FN:7,(anonymous_0)
FN:14,(anonymous_1)
FN:22,(anonymous_2)
FN:32,(anonymous_3)
FN:45,(anonymous_4)
FN:52,(anonymous_5)
FN:62,(anonymous_6)
FNF:7
FNH:5
FNDA:8,(anonymous_0)
FNDA:57,(anonymous_1)
FNDA:36,(anonymous_2)
FNDA:44,(anonymous_3)
FNDA:35,(anonymous_4)
FNDA:0,(anonymous_5)
FNDA:0,(anonymous_6)
DA:8,8
DA:9,8
DA:13,10
DA:15,57
DA:16,57
DA:17,5
DA:19,52
DA:23,36
DA:24,0
DA:26,36
DA:27,0
DA:29,36
DA:33,44
DA:34,0
DA:36,44
DA:37,2
DA:39,42
DA:40,0
DA:42,42
DA:46,35
DA:47,1
DA:49,34
DA:53,0
DA:54,0
DA:56,0
DA:57,0
DA:59,0
DA:63,0
DA:64,0
DA:66,0
LF:30
LH:18
BRDA:16,0,0,5
BRDA:16,0,1,52
BRDA:16,1,0,57
BRDA:16,1,1,57
BRDA:23,2,0,0
BRDA:23,2,1,36
BRDA:23,3,0,36
BRDA:23,3,1,36
BRDA:26,4,0,0
BRDA:26,4,1,36
BRDA:33,5,0,0
BRDA:33,5,1,44
BRDA:33,6,0,44
BRDA:33,6,1,44
BRDA:36,7,0,2
BRDA:36,7,1,42
BRDA:39,8,0,0
BRDA:39,8,1,42
BRDA:46,9,0,1
BRDA:46,9,1,34
BRDA:46,10,0,35
BRDA:46,10,1,3
BRDA:53,11,0,0
BRDA:53,11,1,0
BRDA:53,12,0,0
BRDA:53,12,1,0
BRDA:56,13,0,0
BRDA:56,13,1,0
BRDA:63,14,0,0
BRDA:63,14,1,0
BRF:30
BRH:18
end_of_record
TN:
SF:src/utils/responsive.ts
FN:12,(anonymous_0)
FN:31,(anonymous_1)
FN:49,(anonymous_2)
FN:64,(anonymous_3)
FN:67,(anonymous_4)
FN:70,(anonymous_5)
FN:75,(anonymous_6)
FNF:7
FNH:0
FNDA:0,(anonymous_0)
FNDA:0,(anonymous_1)
FNDA:0,(anonymous_2)
FNDA:0,(anonymous_3)
FNDA:0,(anonymous_4)
FNDA:0,(anonymous_5)
FNDA:0,(anonymous_6)
DA:12,0
DA:17,0
DA:19,0
DA:20,0
DA:22,0
DA:23,0
DA:25,0
DA:31,0
DA:32,0
DA:34,0
DA:35,0
DA:37,0
DA:38,0
DA:40,0
DA:41,0
DA:43,0
DA:49,0
DA:50,0
DA:52,0
DA:53,0
DA:55,0
DA:56,0
DA:58,0
DA:64,0
DA:65,0
DA:67,0
DA:68,0
DA:71,0
DA:75,0
DA:78,0
LF:30
LH:0
BRDA:19,0,0,0
BRDA:19,0,1,0
BRDA:19,1,0,0
BRDA:19,1,1,0
BRDA:22,2,0,0
BRDA:22,2,1,0
BRDA:22,3,0,0
BRDA:22,3,1,0
BRDA:34,4,0,0
BRDA:34,4,1,0
BRDA:37,5,0,0
BRDA:37,5,1,0
BRDA:40,6,0,0
BRDA:40,6,1,0
BRDA:52,7,0,0
BRDA:52,7,1,0
BRDA:55,8,0,0
BRDA:55,8,1,0
BRF:18
BRH:0
end_of_record
